# Options
batch_size = 32
device = cuda
epochs_per_decoder = 200
experiment_folder = ../experiment/ensemble_3_v3
latent_dim = 2
mode = train
num_curves = 25
num_decoders = 3
num_reruns = 10
num_t = 50
samples = samples.png
# Options
batch_size = 32
device = cuda
epochs_per_decoder = 200
experiment_folder = ../experiment/ensemble_3_v3
latent_dim = 2
mode = geodesics
num_curves = 25
num_decoders = 3
num_reruns = 10
num_t = 50
samples = samples.png
Iteration 10: energy = 2545.8840
Iteration 20: energy = 2428.6685
Iteration 30: energy = 2351.4856
Iteration 40: energy = 2308.7908
Iteration 50: energy = 2298.9802
Iteration 60: energy = 2277.0200
Iteration 70: energy = 2266.6001
Iteration 80: energy = 2228.0071
Iteration 90: energy = 2212.2974
Iteration 100: energy = 2183.5486
Iteration 110: energy = 2168.3188
Iteration 120: energy = 2148.8530
Iteration 130: energy = 2143.8589
Iteration 140: energy = 2135.0559
Iteration 150: energy = 2130.5806
Iteration 160: energy = 2124.0132
Iteration 170: energy = 2121.1257
Iteration 180: energy = 2118.2412
Iteration 190: energy = 2111.8389
Iteration 200: energy = 2109.4114
Iteration 210: energy = 2105.1135
Iteration 220: energy = 2097.9180
Iteration 230: energy = 2091.3833
Iteration 240: energy = 2082.0134
Iteration 250: energy = 2075.4871
Iteration 260: energy = 2062.4709
Iteration 270: energy = 2051.1040
Iteration 280: energy = 2032.9460
Iteration 290: energy = 2023.7111
Iteration 300: energy = 2015.6919
Iteration 310: energy = 2004.9595
Iteration 320: energy = 1994.1309
Iteration 330: energy = 1985.9409
Iteration 340: energy = 1979.1403
Iteration 350: energy = 1970.5282
Iteration 360: energy = 1963.3810
Iteration 370: energy = 1952.1097
Iteration 380: energy = 1948.9567
Iteration 390: energy = 1942.0931
Iteration 400: energy = 1931.4144
Iteration 410: energy = 1927.4221
Iteration 420: energy = 1918.9148
Iteration 430: energy = 1909.6859
Iteration 440: energy = 1900.3540
Iteration 450: energy = 1894.4771
Iteration 460: energy = 1890.1639
Iteration 470: energy = 1888.1656
Iteration 480: energy = 1883.5009
Iteration 490: energy = 1880.5640
Iteration 500: energy = 1879.5913
Iteration 510: energy = 1878.5532
Iteration 520: energy = 1878.0287
Iteration 530: energy = 1876.6812
Iteration 540: energy = 1875.9152
Iteration 550: energy = 1875.4038
Iteration 560: energy = 1875.3120
Iteration 570: energy = 1875.0752
Iteration 10: energy = 1778.4030
Iteration 20: energy = 1767.2048
Iteration 30: energy = 1753.8838
Iteration 40: energy = 1748.0985
Iteration 50: energy = 1741.5541
Iteration 60: energy = 1739.8411
Iteration 70: energy = 1736.3040
Iteration 80: energy = 1733.3252
Iteration 90: energy = 1731.7441
Iteration 100: energy = 1730.9229
Iteration 110: energy = 1730.0768
Iteration 120: energy = 1729.6415
Iteration 130: energy = 1729.3745
Iteration 140: energy = 1728.6451
Iteration 150: energy = 1728.2263
Iteration 160: energy = 1727.4612
Iteration 170: energy = 1726.0861
Iteration 180: energy = 1723.7290
Iteration 190: energy = 1721.4172
Iteration 200: energy = 1719.4099
Iteration 210: energy = 1717.1699
Iteration 220: energy = 1711.7661
Iteration 230: energy = 1710.2457
Iteration 240: energy = 1705.4312
Iteration 250: energy = 1701.6033
Iteration 260: energy = 1699.0950
Iteration 270: energy = 1696.1737
Iteration 280: energy = 1694.8358
Iteration 290: energy = 1692.3916
Iteration 300: energy = 1691.6123
Iteration 310: energy = 1690.9481
Iteration 320: energy = 1690.8292
Iteration 330: energy = 1690.1632
Iteration 340: energy = 1689.7657
Iteration 350: energy = 1689.6047
Iteration 360: energy = 1689.5437
Iteration 370: energy = 1689.1262
Iteration 380: energy = 1689.0273
Iteration 390: energy = 1688.6333
Iteration 400: energy = 1688.3555
Iteration 410: energy = 1688.0839
Iteration 420: energy = 1688.0081
Iteration 430: energy = 1687.8246
Iteration 440: energy = 1687.5630
Iteration 450: energy = 1687.4932
Iteration 460: energy = 1687.2949
Iteration 470: energy = 1687.2935
Iteration 480: energy = 1687.0378
Iteration 10: energy = 4023.9985
Iteration 20: energy = 3887.2410
Iteration 30: energy = 3771.2783
Iteration 40: energy = 3613.0664
Iteration 50: energy = 3540.3396
Iteration 60: energy = 3493.8569
Iteration 70: energy = 3469.1462
Iteration 80: energy = 3461.8496
Iteration 90: energy = 3445.1511
Iteration 100: energy = 3442.5999
Iteration 110: energy = 3438.6711
Iteration 120: energy = 3435.0557
Iteration 130: energy = 3433.6677
Iteration 140: energy = 3432.1853
Iteration 150: energy = 3430.5935
Iteration 160: energy = 3429.4041
Iteration 170: energy = 3428.2058
Iteration 180: energy = 3426.4790
Iteration 190: energy = 3423.5652
Iteration 200: energy = 3416.7041
Iteration 210: energy = 3411.9844
Iteration 220: energy = 3401.2554
Iteration 230: energy = 3396.7278
Iteration 240: energy = 3395.0242
Iteration 250: energy = 3390.6028
Iteration 260: energy = 3386.4795
Iteration 270: energy = 3382.4238
Iteration 280: energy = 3377.0312
Iteration 290: energy = 3372.8523
Iteration 300: energy = 3369.6953
Iteration 310: energy = 3365.3481
Iteration 320: energy = 3360.3416
Iteration 330: energy = 3356.0398
Iteration 340: energy = 3354.3389
Iteration 350: energy = 3351.3855
Iteration 360: energy = 3349.2451
Iteration 370: energy = 3345.3384
Iteration 380: energy = 3344.0566
Iteration 390: energy = 3344.0349
Iteration 400: energy = 3342.8167
Iteration 410: energy = 3341.9365
Iteration 420: energy = 3340.9431
Iteration 430: energy = 3340.1936
Iteration 440: energy = 3339.1108
Iteration 450: energy = 3338.3484
Iteration 460: energy = 3338.1516
Iteration 470: energy = 3337.4111
Iteration 480: energy = 3337.4016
Iteration 490: energy = 3337.1257
Iteration 500: energy = 3336.8604
Iteration 510: energy = 3336.5593
Iteration 520: energy = 3336.3777
Iteration 530: energy = 3336.1165
Iteration 540: energy = 3335.8647
Iteration 550: energy = 3335.6311
Iteration 10: energy = 4500.9053
Iteration 20: energy = 4439.6284
Iteration 30: energy = 4329.6519
Iteration 40: energy = 4220.7495
Iteration 50: energy = 4119.0137
Iteration 60: energy = 4055.1587
Iteration 70: energy = 3948.1338
Iteration 80: energy = 3890.5735
Iteration 90: energy = 3850.5220
Iteration 100: energy = 3823.1433
Iteration 110: energy = 3778.6731
Iteration 120: energy = 3762.1875
Iteration 130: energy = 3744.4932
Iteration 140: energy = 3724.9314
Iteration 150: energy = 3711.6177
Iteration 160: energy = 3698.9094
Iteration 170: energy = 3679.3740
Iteration 180: energy = 3659.6443
Iteration 190: energy = 3633.1758
Iteration 200: energy = 3612.2449
Iteration 210: energy = 3582.7026
Iteration 220: energy = 3557.5488
Iteration 230: energy = 3537.0049
Iteration 240: energy = 3513.9312
Iteration 250: energy = 3499.9158
Iteration 260: energy = 3490.8311
Iteration 270: energy = 3479.4160
Iteration 280: energy = 3472.4832
Iteration 290: energy = 3465.3557
Iteration 300: energy = 3457.5913
Iteration 310: energy = 3454.1538
Iteration 320: energy = 3448.4307
Iteration 330: energy = 3445.2007
Iteration 340: energy = 3440.0535
Iteration 350: energy = 3438.7900
Iteration 360: energy = 3435.3623
Iteration 370: energy = 3434.9744
Iteration 380: energy = 3432.8462
Iteration 390: energy = 3431.7031
Iteration 400: energy = 3431.5715
Iteration 410: energy = 3431.2593
Iteration 420: energy = 3430.9463
Iteration 430: energy = 3430.9448
Iteration 440: energy = 3430.7388
Iteration 450: energy = 3430.6375
Iteration 460: energy = 3430.6340
Iteration 10: energy = 4537.5967
Iteration 20: energy = 4468.0308
Iteration 30: energy = 4351.2515
Iteration 40: energy = 4269.2271
Iteration 50: energy = 4206.9746
Iteration 60: energy = 4148.2461
Iteration 70: energy = 4111.7690
Iteration 80: energy = 4095.2327
Iteration 90: energy = 4085.3687
Iteration 100: energy = 4076.3264
Iteration 110: energy = 4066.6743
Iteration 120: energy = 4063.9587
Iteration 130: energy = 4056.9243
Iteration 140: energy = 4055.9521
Iteration 150: energy = 4051.7368
Iteration 160: energy = 4048.4116
Iteration 170: energy = 4046.4778
Iteration 180: energy = 4046.0454
Iteration 190: energy = 4045.7671
Iteration 200: energy = 4045.1626
Iteration 210: energy = 4044.6929
Iteration 220: energy = 4044.1768
Iteration 230: energy = 4043.6360
Iteration 240: energy = 4043.4565
Iteration 250: energy = 4043.2769
Iteration 260: energy = 4042.7810
Iteration 270: energy = 4042.0859
Iteration 280: energy = 4042.0327
Iteration 290: energy = 4042.0293
Iteration 300: energy = 4041.9910
Iteration 310: energy = 4040.8069
Iteration 320: energy = 4040.4648
Iteration 330: energy = 4039.9800
Iteration 10: energy = 1810.1155
Iteration 20: energy = 1788.1948
Iteration 30: energy = 1784.0597
Iteration 40: energy = 1777.5347
Iteration 50: energy = 1772.1198
Iteration 60: energy = 1770.4901
Iteration 70: energy = 1769.4495
Iteration 80: energy = 1767.8779
Iteration 90: energy = 1766.4192
Iteration 100: energy = 1765.5964
Iteration 110: energy = 1764.4476
Iteration 120: energy = 1763.4685
Iteration 130: energy = 1762.6509
Iteration 140: energy = 1761.8992
Iteration 150: energy = 1761.0203
Iteration 160: energy = 1760.8192
Iteration 170: energy = 1760.1002
Iteration 180: energy = 1759.8281
Iteration 190: energy = 1759.7357
Iteration 200: energy = 1759.6241
Iteration 210: energy = 1759.4425
Iteration 220: energy = 1759.3652
Iteration 230: energy = 1759.2610
Iteration 10: energy = 4255.6392
Iteration 20: energy = 4197.1357
Iteration 30: energy = 4147.2598
Iteration 40: energy = 4059.9834
Iteration 50: energy = 4018.2766
Iteration 60: energy = 3996.2319
Iteration 70: energy = 3983.9805
Iteration 80: energy = 3980.2261
Iteration 90: energy = 3976.0564
Iteration 100: energy = 3973.6409
Iteration 110: energy = 3972.5449
Iteration 120: energy = 3972.5347
Iteration 130: energy = 3971.3257
Iteration 140: energy = 3970.3335
Iteration 150: energy = 3970.3323
Iteration 160: energy = 3969.9563
Iteration 170: energy = 3969.9497
Iteration 180: energy = 3969.7314
Iteration 190: energy = 3969.1541
Iteration 200: energy = 3968.5378
Iteration 10: energy = 4309.9443
Iteration 20: energy = 4233.7500
Iteration 30: energy = 4148.8022
Iteration 40: energy = 4014.6096
Iteration 50: energy = 3942.0693
Iteration 60: energy = 3899.6587
Iteration 70: energy = 3807.0618
Iteration 80: energy = 3745.2976
Iteration 90: energy = 3688.9751
Iteration 100: energy = 3632.8999
Iteration 110: energy = 3601.1277
Iteration 120: energy = 3586.8137
Iteration 130: energy = 3578.9875
Iteration 140: energy = 3569.5359
Iteration 150: energy = 3564.2422
Iteration 160: energy = 3553.8765
Iteration 170: energy = 3541.5542
Iteration 180: energy = 3535.1270
Iteration 190: energy = 3530.6426
Iteration 200: energy = 3522.5540
Iteration 210: energy = 3517.8176
Iteration 220: energy = 3514.7080
Iteration 230: energy = 3511.5291
Iteration 240: energy = 3509.2700
Iteration 250: energy = 3508.6934
Iteration 260: energy = 3506.3943
Iteration 270: energy = 3504.5039
Iteration 280: energy = 3503.7847
Iteration 290: energy = 3503.4714
Iteration 300: energy = 3502.7581
Iteration 10: energy = 4169.7827
Iteration 20: energy = 4157.9180
Iteration 30: energy = 4117.4014
Iteration 40: energy = 4091.7346
Iteration 50: energy = 4066.7275
Iteration 60: energy = 4044.7783
Iteration 70: energy = 4031.4060
Iteration 80: energy = 4023.1506
Iteration 90: energy = 4013.1951
Iteration 100: energy = 4001.1501
Iteration 110: energy = 3990.8032
Iteration 120: energy = 3980.0903
Iteration 130: energy = 3961.2554
Iteration 140: energy = 3952.5627
Iteration 150: energy = 3934.2869
Iteration 160: energy = 3930.2173
Iteration 170: energy = 3920.2358
Iteration 180: energy = 3911.8821
Iteration 190: energy = 3899.8252
Iteration 200: energy = 3891.8193
Iteration 210: energy = 3883.3101
Iteration 220: energy = 3878.8223
Iteration 230: energy = 3873.9468
Iteration 240: energy = 3870.5127
Iteration 250: energy = 3869.6152
Iteration 260: energy = 3867.5747
Iteration 270: energy = 3865.9883
Iteration 280: energy = 3864.0015
Iteration 290: energy = 3861.5752
Iteration 300: energy = 3861.3008
Iteration 310: energy = 3861.1003
Iteration 320: energy = 3860.5125
Iteration 330: energy = 3860.4045
Iteration 340: energy = 3859.8706
Iteration 350: energy = 3859.7004
Iteration 360: energy = 3859.4746
Iteration 370: energy = 3859.3003
Iteration 380: energy = 3858.9641
Iteration 390: energy = 3858.7654
Iteration 400: energy = 3858.6167
Iteration 410: energy = 3858.0205
Iteration 420: energy = 3857.8357
Iteration 430: energy = 3857.7493
Iteration 440: energy = 3857.7458
Iteration 450: energy = 3857.5200
Iteration 460: energy = 3857.0935
Iteration 470: energy = 3856.8145
Iteration 10: energy = 889.2302
Iteration 20: energy = 876.8553
Iteration 30: energy = 870.1653
Iteration 40: energy = 863.8321
Iteration 50: energy = 860.9267
Iteration 60: energy = 859.7419
Iteration 70: energy = 858.6484
Iteration 80: energy = 858.3831
Iteration 90: energy = 857.9093
Iteration 100: energy = 857.4629
Iteration 110: energy = 857.2057
Iteration 120: energy = 856.7637
Iteration 130: energy = 856.7125
Iteration 140: energy = 856.5331
Iteration 150: energy = 856.2917
Iteration 160: energy = 856.2085
Iteration 170: energy = 856.0524
Iteration 180: energy = 856.0090
Iteration 190: energy = 855.9660
Iteration 200: energy = 855.9645
Iteration 210: energy = 855.9408
Iteration 220: energy = 855.8655
Iteration 230: energy = 855.8538
Iteration 10: energy = 811.7087
Iteration 20: energy = 792.5520
Iteration 30: energy = 776.7658
Iteration 40: energy = 773.4849
Iteration 50: energy = 769.2661
Iteration 60: energy = 765.4945
Iteration 70: energy = 762.3538
Iteration 80: energy = 759.5461
Iteration 90: energy = 758.5020
Iteration 100: energy = 756.7175
Iteration 110: energy = 755.5630
Iteration 120: energy = 753.7740
Iteration 130: energy = 752.9781
Iteration 140: energy = 750.9680
Iteration 150: energy = 749.8052
Iteration 160: energy = 748.2274
Iteration 170: energy = 747.2699
Iteration 180: energy = 746.5913
Iteration 190: energy = 746.1492
Iteration 200: energy = 745.5901
Iteration 210: energy = 745.1596
Iteration 220: energy = 745.1326
Iteration 230: energy = 744.9163
Iteration 240: energy = 744.7408
Iteration 250: energy = 744.5685
Iteration 260: energy = 744.4714
Iteration 270: energy = 744.4463
Iteration 280: energy = 744.4040
Iteration 290: energy = 744.3680
Iteration 10: energy = 1793.2750
Iteration 20: energy = 1724.5996
Iteration 30: energy = 1707.7303
Iteration 40: energy = 1696.9320
Iteration 50: energy = 1693.2512
Iteration 60: energy = 1689.6731
Iteration 70: energy = 1687.9746
Iteration 80: energy = 1686.5464
Iteration 90: energy = 1685.6404
Iteration 100: energy = 1684.9178
Iteration 110: energy = 1683.6189
Iteration 120: energy = 1683.0631
Iteration 130: energy = 1682.2334
Iteration 140: energy = 1682.2163
Iteration 150: energy = 1681.6169
Iteration 160: energy = 1681.3090
Iteration 170: energy = 1681.0099
Iteration 180: energy = 1680.7991
Iteration 190: energy = 1680.7947
Iteration 200: energy = 1680.5996
Iteration 210: energy = 1680.5851
Iteration 10: energy = 3546.6858
Iteration 20: energy = 3411.8926
Iteration 30: energy = 3368.4136
Iteration 40: energy = 3318.1602
Iteration 50: energy = 3274.9595
Iteration 60: energy = 3232.1743
Iteration 70: energy = 3205.0278
Iteration 80: energy = 3189.0579
Iteration 90: energy = 3165.3308
Iteration 100: energy = 3143.5698
Iteration 110: energy = 3120.6548
Iteration 120: energy = 3106.9688
Iteration 130: energy = 3095.5972
Iteration 140: energy = 3089.8384
Iteration 150: energy = 3086.6975
Iteration 160: energy = 3076.7783
Iteration 170: energy = 3068.8699
Iteration 180: energy = 3063.8311
Iteration 190: energy = 3061.2046
Iteration 200: energy = 3059.2341
Iteration 210: energy = 3058.5125
Iteration 220: energy = 3057.4819
Iteration 230: energy = 3057.3232
Iteration 240: energy = 3056.6829
Iteration 250: energy = 3056.1560
Iteration 260: energy = 3055.6353
Iteration 10: energy = 4167.7847
Iteration 20: energy = 4107.3301
Iteration 30: energy = 4005.4565
Iteration 40: energy = 3915.2908
Iteration 50: energy = 3852.0305
Iteration 60: energy = 3834.6409
Iteration 70: energy = 3805.8037
Iteration 80: energy = 3795.8118
Iteration 90: energy = 3790.1760
Iteration 100: energy = 3784.6252
Iteration 110: energy = 3779.0317
Iteration 120: energy = 3776.9797
Iteration 130: energy = 3775.5342
Iteration 140: energy = 3773.6553
Iteration 150: energy = 3771.9524
Iteration 160: energy = 3769.5435
Iteration 170: energy = 3766.7927
Iteration 180: energy = 3765.6860
Iteration 190: energy = 3764.0300
Iteration 200: energy = 3762.0510
Iteration 210: energy = 3759.9744
Iteration 220: energy = 3757.5364
Iteration 230: energy = 3756.0132
Iteration 240: energy = 3755.0659
Iteration 250: energy = 3752.4773
Iteration 260: energy = 3751.1001
Iteration 270: energy = 3748.9509
Iteration 280: energy = 3746.7700
Iteration 290: energy = 3741.6709
Iteration 300: energy = 3738.4648
Iteration 310: energy = 3733.7124
Iteration 320: energy = 3729.7439
Iteration 330: energy = 3723.5513
Iteration 340: energy = 3720.4326
Iteration 350: energy = 3716.6958
Iteration 360: energy = 3713.2766
Iteration 370: energy = 3711.1465
Iteration 380: energy = 3709.5586
Iteration 390: energy = 3704.5132
Iteration 400: energy = 3701.9180
Iteration 410: energy = 3699.6941
Iteration 420: energy = 3696.7158
Iteration 430: energy = 3692.6975
Iteration 440: energy = 3690.9873
Iteration 450: energy = 3689.0579
Iteration 460: energy = 3687.3257
Iteration 470: energy = 3684.5908
Iteration 480: energy = 3682.5007
Iteration 490: energy = 3681.9451
Iteration 500: energy = 3680.8242
Iteration 510: energy = 3679.5798
Iteration 520: energy = 3678.4050
Iteration 530: energy = 3677.7378
Iteration 540: energy = 3677.2141
Iteration 550: energy = 3677.2075
Iteration 560: energy = 3676.9993
Iteration 570: energy = 3676.9990
Iteration 580: energy = 3676.9951
Iteration 590: energy = 3676.6265
Iteration 600: energy = 3676.1128
Iteration 610: energy = 3675.9917
Iteration 620: energy = 3675.4016
Iteration 630: energy = 3674.9316
Iteration 10: energy = 2194.9272
Iteration 20: energy = 1946.7762
Iteration 30: energy = 1922.1909
Iteration 40: energy = 1862.8645
Iteration 50: energy = 1831.8062
Iteration 60: energy = 1816.7844
Iteration 70: energy = 1804.8652
Iteration 80: energy = 1793.7141
Iteration 90: energy = 1783.6379
Iteration 100: energy = 1760.9528
Iteration 110: energy = 1729.8868
Iteration 120: energy = 1712.3800
Iteration 130: energy = 1684.1722
Iteration 140: energy = 1662.1401
Iteration 150: energy = 1640.4142
Iteration 160: energy = 1622.2990
Iteration 170: energy = 1606.3060
Iteration 180: energy = 1587.1257
Iteration 190: energy = 1557.8783
Iteration 200: energy = 1540.5420
Iteration 210: energy = 1513.1868
Iteration 220: energy = 1493.4125
Iteration 230: energy = 1463.1377
Iteration 240: energy = 1455.2410
Iteration 250: energy = 1440.6501
Iteration 260: energy = 1432.4116
Iteration 270: energy = 1422.8773
Iteration 280: energy = 1421.1035
Iteration 290: energy = 1419.4962
Iteration 300: energy = 1419.3330
Iteration 310: energy = 1419.0823
Iteration 320: energy = 1418.9259
Iteration 330: energy = 1418.7228
Iteration 340: energy = 1418.6952
Iteration 350: energy = 1418.6274
Iteration 360: energy = 1418.4487
Iteration 370: energy = 1418.3483
Iteration 10: energy = 1783.6270
Iteration 20: energy = 1772.8363
Iteration 30: energy = 1770.5845
Iteration 40: energy = 1766.6304
Iteration 50: energy = 1764.8119
Iteration 60: energy = 1762.2247
Iteration 70: energy = 1760.8175
Iteration 80: energy = 1760.0588
Iteration 90: energy = 1759.5507
Iteration 100: energy = 1758.8202
Iteration 110: energy = 1758.5087
Iteration 120: energy = 1757.6519
Iteration 130: energy = 1756.7999
Iteration 140: energy = 1756.0900
Iteration 150: energy = 1755.2988
Iteration 160: energy = 1753.3541
Iteration 170: energy = 1751.2401
Iteration 180: energy = 1747.7484
Iteration 190: energy = 1746.3575
Iteration 200: energy = 1744.4749
Iteration 210: energy = 1742.5143
Iteration 220: energy = 1741.6340
Iteration 230: energy = 1741.3354
Iteration 240: energy = 1741.0699
Iteration 250: energy = 1740.8555
Iteration 260: energy = 1740.4106
Iteration 270: energy = 1740.1167
Iteration 280: energy = 1740.0663
Iteration 290: energy = 1739.8610
Iteration 300: energy = 1739.8600
Iteration 310: energy = 1739.8033
Iteration 320: energy = 1739.7546
Iteration 330: energy = 1739.6725
Iteration 10: energy = 2892.5562
Iteration 20: energy = 2701.7537
Iteration 30: energy = 2582.4783
Iteration 40: energy = 2482.0898
Iteration 50: energy = 2306.3269
Iteration 60: energy = 2245.7603
Iteration 70: energy = 2204.1682
Iteration 80: energy = 2136.7175
Iteration 90: energy = 2093.0996
Iteration 100: energy = 2055.5815
Iteration 110: energy = 2010.5446
Iteration 120: energy = 2003.5485
Iteration 130: energy = 1992.3021
Iteration 140: energy = 1989.6030
Iteration 150: energy = 1986.0585
Iteration 160: energy = 1985.2847
Iteration 170: energy = 1984.5435
Iteration 180: energy = 1983.6167
Iteration 190: energy = 1983.2825
Iteration 200: energy = 1983.0675
Iteration 210: energy = 1982.9679
Iteration 10: energy = 4801.6987
Iteration 20: energy = 4648.4590
Iteration 30: energy = 4411.6064
Iteration 40: energy = 4299.6748
Iteration 50: energy = 4185.8994
Iteration 60: energy = 4156.7173
Iteration 70: energy = 4113.5488
Iteration 80: energy = 4089.7080
Iteration 90: energy = 4078.3706
Iteration 100: energy = 4058.7478
Iteration 110: energy = 4032.1431
Iteration 120: energy = 4021.8120
Iteration 130: energy = 4016.7451
Iteration 140: energy = 4008.5720
Iteration 150: energy = 4002.4033
Iteration 160: energy = 3994.5042
Iteration 170: energy = 3984.6497
Iteration 180: energy = 3973.4443
Iteration 190: energy = 3957.0984
Iteration 200: energy = 3945.6570
Iteration 210: energy = 3938.5964
Iteration 220: energy = 3920.1892
Iteration 230: energy = 3909.3560
Iteration 240: energy = 3892.9048
Iteration 250: energy = 3881.1528
Iteration 260: energy = 3874.1108
Iteration 270: energy = 3853.4978
Iteration 280: energy = 3840.3674
Iteration 290: energy = 3830.5142
Iteration 300: energy = 3821.1255
Iteration 310: energy = 3819.2769
Iteration 320: energy = 3815.6257
Iteration 330: energy = 3814.4309
Iteration 340: energy = 3811.4399
Iteration 350: energy = 3808.1006
Iteration 360: energy = 3806.3186
Iteration 370: energy = 3805.5454
Iteration 380: energy = 3804.6631
Iteration 390: energy = 3804.3242
Iteration 400: energy = 3804.3220
Iteration 10: energy = 2954.0044
Iteration 20: energy = 2905.8108
Iteration 30: energy = 2857.2954
Iteration 40: energy = 2821.8879
Iteration 50: energy = 2791.5911
Iteration 60: energy = 2774.1194
Iteration 70: energy = 2744.6750
Iteration 80: energy = 2728.6392
Iteration 90: energy = 2714.1770
Iteration 100: energy = 2694.2900
Iteration 110: energy = 2675.8594
Iteration 120: energy = 2668.9792
Iteration 130: energy = 2663.7344
Iteration 140: energy = 2660.7153
Iteration 150: energy = 2657.3594
Iteration 160: energy = 2655.0417
Iteration 170: energy = 2650.8708
Iteration 180: energy = 2646.9470
Iteration 190: energy = 2643.1152
Iteration 200: energy = 2638.9714
Iteration 210: energy = 2636.3252
Iteration 220: energy = 2636.0652
Iteration 230: energy = 2635.7302
Iteration 240: energy = 2635.4866
Iteration 250: energy = 2635.0078
Iteration 260: energy = 2634.8804
Iteration 270: energy = 2634.5676
Iteration 280: energy = 2634.5647
Iteration 10: energy = 3656.1326
Iteration 20: energy = 3548.5015
Iteration 30: energy = 3449.0996
Iteration 40: energy = 3394.1184
Iteration 50: energy = 3343.1877
Iteration 60: energy = 3269.3650
Iteration 70: energy = 3186.6289
Iteration 80: energy = 3143.2090
Iteration 90: energy = 3124.7424
Iteration 100: energy = 3103.4248
Iteration 110: energy = 3084.4714
Iteration 120: energy = 3068.1819
Iteration 130: energy = 3060.5823
Iteration 140: energy = 3037.7422
Iteration 150: energy = 3027.8286
Iteration 160: energy = 3016.6201
Iteration 170: energy = 3007.8904
Iteration 180: energy = 2999.8506
Iteration 190: energy = 2994.9500
Iteration 200: energy = 2990.6521
Iteration 210: energy = 2984.7207
Iteration 220: energy = 2982.4480
Iteration 230: energy = 2977.1865
Iteration 240: energy = 2974.8167
Iteration 250: energy = 2972.6003
Iteration 260: energy = 2971.1387
Iteration 270: energy = 2969.6858
Iteration 280: energy = 2966.8594
Iteration 290: energy = 2964.0559
Iteration 300: energy = 2962.2178
Iteration 310: energy = 2955.8037
Iteration 320: energy = 2953.0239
Iteration 330: energy = 2946.1360
Iteration 340: energy = 2941.7178
Iteration 350: energy = 2939.5564
Iteration 360: energy = 2936.4502
Iteration 370: energy = 2934.3784
Iteration 380: energy = 2930.6577
Iteration 390: energy = 2928.9358
Iteration 400: energy = 2927.9333
Iteration 410: energy = 2926.1484
Iteration 420: energy = 2923.0054
Iteration 430: energy = 2921.2168
Iteration 440: energy = 2919.2500
Iteration 450: energy = 2916.3459
Iteration 460: energy = 2914.7559
Iteration 470: energy = 2910.0730
Iteration 480: energy = 2905.6113
Iteration 490: energy = 2899.0745
Iteration 500: energy = 2880.0181
Iteration 510: energy = 2865.1460
Iteration 520: energy = 2849.7661
Iteration 530: energy = 2824.2783
Iteration 540: energy = 2804.2834
Iteration 550: energy = 2798.2283
Iteration 560: energy = 2791.3547
Iteration 570: energy = 2787.5093
Iteration 580: energy = 2783.7571
Iteration 590: energy = 2782.0562
Iteration 600: energy = 2780.1218
Iteration 610: energy = 2776.8223
Iteration 620: energy = 2774.9045
Iteration 630: energy = 2772.6458
Iteration 640: energy = 2772.1738
Iteration 650: energy = 2771.6985
Iteration 660: energy = 2771.6975
Iteration 670: energy = 2771.3501
Iteration 680: energy = 2771.2749
Iteration 690: energy = 2771.2732
Iteration 700: energy = 2770.9719
Iteration 710: energy = 2770.9688
Iteration 720: energy = 2770.7659
Iteration 10: energy = 4141.2866
Iteration 20: energy = 4112.3506
Iteration 30: energy = 4041.2720
Iteration 40: energy = 3960.6921
Iteration 50: energy = 3913.5808
Iteration 60: energy = 3882.8201
Iteration 70: energy = 3868.8362
Iteration 80: energy = 3857.4150
Iteration 90: energy = 3849.4683
Iteration 100: energy = 3839.2925
Iteration 110: energy = 3836.3613
Iteration 120: energy = 3835.9333
Iteration 130: energy = 3834.4089
Iteration 140: energy = 3834.4062
Iteration 150: energy = 3834.3965
Iteration 160: energy = 3832.9385
Iteration 170: energy = 3832.4241
Iteration 180: energy = 3832.0049
Iteration 190: energy = 3831.6257
Iteration 200: energy = 3831.0898
Iteration 10: energy = 4440.3208
Iteration 20: energy = 4256.1631
Iteration 30: energy = 4088.6306
Iteration 40: energy = 3872.3701
Iteration 50: energy = 3777.5349
Iteration 60: energy = 3684.9963
Iteration 70: energy = 3606.4419
Iteration 80: energy = 3553.2212
Iteration 90: energy = 3516.9644
Iteration 100: energy = 3496.4829
Iteration 110: energy = 3461.4890
Iteration 120: energy = 3444.5503
Iteration 130: energy = 3396.6057
Iteration 140: energy = 3375.1582
Iteration 150: energy = 3359.4731
Iteration 160: energy = 3341.6118
Iteration 170: energy = 3315.2317
Iteration 180: energy = 3291.1094
Iteration 190: energy = 3270.5894
Iteration 200: energy = 3249.3232
Iteration 210: energy = 3244.3352
Iteration 220: energy = 3219.1086
Iteration 230: energy = 3202.5134
Iteration 240: energy = 3185.4727
Iteration 250: energy = 3173.2817
Iteration 260: energy = 3159.8896
Iteration 270: energy = 3153.8176
Iteration 280: energy = 3145.9978
Iteration 290: energy = 3139.2656
Iteration 300: energy = 3130.5454
Iteration 310: energy = 3128.4307
Iteration 320: energy = 3123.9475
Iteration 330: energy = 3119.6509
Iteration 340: energy = 3116.8286
Iteration 350: energy = 3116.2075
Iteration 360: energy = 3115.2166
Iteration 370: energy = 3114.6123
Iteration 380: energy = 3113.7830
Iteration 390: energy = 3113.2012
Iteration 400: energy = 3111.1521
Iteration 410: energy = 3111.1470
Iteration 420: energy = 3110.4053
Iteration 430: energy = 3109.8728
Iteration 440: energy = 3109.3726
Iteration 450: energy = 3109.3474
Iteration 460: energy = 3108.5969
Iteration 470: energy = 3108.1147
Iteration 480: energy = 3107.9087
Iteration 490: energy = 3107.4290
Iteration 10: energy = 3819.2395
Iteration 20: energy = 3718.5249
Iteration 30: energy = 3665.1414
Iteration 40: energy = 3517.3062
Iteration 50: energy = 3434.0332
Iteration 60: energy = 3396.2449
Iteration 70: energy = 3366.8918
Iteration 80: energy = 3340.4204
Iteration 90: energy = 3304.0583
Iteration 100: energy = 3268.4250
Iteration 110: energy = 3234.2847
Iteration 120: energy = 3216.7903
Iteration 130: energy = 3205.0811
Iteration 140: energy = 3177.7175
Iteration 150: energy = 3150.5034
Iteration 160: energy = 3127.2854
Iteration 170: energy = 3094.4463
Iteration 180: energy = 3072.3364
Iteration 190: energy = 3032.9106
Iteration 200: energy = 3017.3267
Iteration 210: energy = 2984.7595
Iteration 220: energy = 2971.9868
Iteration 230: energy = 2949.0469
Iteration 240: energy = 2925.7690
Iteration 250: energy = 2909.9771
Iteration 260: energy = 2902.3999
Iteration 270: energy = 2896.1963
Iteration 280: energy = 2892.0476
Iteration 290: energy = 2890.5950
Iteration 300: energy = 2889.1035
Iteration 310: energy = 2888.3660
Iteration 320: energy = 2887.9705
Iteration 330: energy = 2887.2976
Iteration 340: energy = 2886.7610
Iteration 350: energy = 2886.3452
Iteration 360: energy = 2885.5264
Iteration 370: energy = 2885.2356
Iteration 380: energy = 2885.1707
Iteration 10: energy = 1029.9532
Iteration 20: energy = 879.5078
Iteration 30: energy = 826.2136
Iteration 40: energy = 804.0236
Iteration 50: energy = 794.9341
Iteration 60: energy = 787.0210
Iteration 70: energy = 781.8754
Iteration 80: energy = 779.1667
Iteration 90: energy = 776.2422
Iteration 100: energy = 773.2903
Iteration 110: energy = 772.5065
Iteration 120: energy = 771.7737
Iteration 130: energy = 770.4750
Iteration 140: energy = 770.1129
Iteration 150: energy = 770.1029
Iteration 160: energy = 769.7170
Iteration 170: energy = 769.5955
Iteration 180: energy = 769.5103
Iteration 190: energy = 769.4885
Iteration 200: energy = 769.4879
Iteration 10: energy = 2025.4244
Iteration 20: energy = 1999.3859
Iteration 30: energy = 1951.8927
Iteration 40: energy = 1945.3820
Iteration 50: energy = 1937.8564
Iteration 60: energy = 1931.6160
Iteration 70: energy = 1928.0321
Iteration 80: energy = 1918.6338
Iteration 90: energy = 1911.5615
Iteration 100: energy = 1903.8374
Iteration 110: energy = 1897.7062
Iteration 120: energy = 1895.0758
Iteration 130: energy = 1894.6835
Iteration 140: energy = 1894.0331
Iteration 150: energy = 1893.6974
Iteration 160: energy = 1893.3859
Iteration 170: energy = 1892.7958
Iteration 180: energy = 1892.7362
Iteration 190: energy = 1892.2543
Iteration 200: energy = 1892.0328
Iteration 210: energy = 1891.5574
Iteration 220: energy = 1891.4587
Iteration 230: energy = 1891.1663
Initial geodesic lengths: [tensor(46.8404, device='cuda:0'), tensor(36.3192, device='cuda:0'), tensor(58.1336, device='cuda:0'), tensor(62.7644, device='cuda:0'), tensor(64.5507, device='cuda:0'), tensor(37.7879, device='cuda:0'), tensor(61.2018, device='cuda:0'), tensor(61.8370, device='cuda:0'), tensor(60.4661, device='cuda:0'), tensor(26.0466, device='cuda:0'), tensor(25.5767, device='cuda:0'), tensor(36.2882, device='cuda:0'), tensor(55.6922, device='cuda:0'), tensor(60.3832, device='cuda:0'), tensor(44.2156, device='cuda:0'), tensor(37.1590, device='cuda:0'), tensor(50.5469, device='cuda:0'), tensor(64.0832, device='cuda:0'), tensor(52.2792, device='cuda:0'), tensor(55.2363, device='cuda:0'), tensor(60.0244, device='cuda:0'), tensor(62.7264, device='cuda:0'), tensor(55.3657, device='cuda:0'), tensor(28.5850, device='cuda:0'), tensor(40.9619, device='cuda:0')]
Optimized geodesic lengths: [tensor(34.6039, device='cuda:0'), tensor(35.3948, device='cuda:0'), tensor(49.6804, device='cuda:0'), tensor(55.0913, device='cuda:0'), tensor(58.5220, device='cuda:0'), tensor(37.0079, device='cuda:0'), tensor(57.7942, device='cuda:0'), tensor(54.9971, device='cuda:0'), tensor(56.2401, device='cuda:0'), tensor(25.3277, device='cuda:0'), tensor(23.7331, device='cuda:0'), tensor(34.5763, device='cuda:0'), tensor(51.1461, device='cuda:0'), tensor(53.6582, device='cuda:0'), tensor(31.0565, device='cuda:0'), tensor(36.7920, device='cuda:0'), tensor(36.4337, device='cuda:0'), tensor(56.2360, device='cuda:0'), tensor(47.7758, device='cuda:0'), tensor(44.0647, device='cuda:0'), tensor(56.2808, device='cuda:0'), tensor(51.7023, device='cuda:0'), tensor(46.5937, device='cuda:0'), tensor(24.0732, device='cuda:0'), tensor(38.8237, device='cuda:0')]

------------------------------------------------------------
Sender: LSF System <lsfadmin@hpc.dtu.dk>
Subject: Job 24552803: <ensemble_3_v3> in cluster <dcc> Done

Job <ensemble_3_v3> was submitted from host <n-62-12-19> by user <s185927> in cluster <dcc> at Tue Apr  1 12:59:50 2025
Job was executed on host(s) <4*n-62-20-15>, in queue <gpuv100>, as user <s185927> in cluster <dcc> at Tue Apr  1 13:01:36 2025
</zhome/e3/3/139772> was used as the home directory.
</zhome/e3/3/139772/Desktop/AML/AML/github-project-2/AML-Project-2/src> was used as the working directory.
Started at Tue Apr  1 13:01:36 2025
Terminated at Tue Apr  1 13:33:35 2025
Results reported at Tue Apr  1 13:33:35 2025

Your job looked like:

------------------------------------------------------------
# LSBATCH: User input
#!/bin/bash
#BSUB -J ensemble_3_v3
#BSUB -q gpuv100
#BSUB -n 4
#BSUB -gpu "num=1:mode=exclusive_process"
#BSUB -W 5:00
#BSUB -R "rusage[mem=5GB]"
#BSUB -u lassesofus@gmail.com
#BSUB -o %J.out
#BSUB -e %J.err

module load cuda/11.8

source /zhome/e3/3/139772/Desktop/AML/aml_new/bin/activate

python ensemble_vae.py --mode train --device cuda --experiment-folder ../experiment/ensemble_3_v3 --num-decoders 3 --num-t 50 --num-curves 25
python ensemble_vae.py --mode geodesics --device cuda --experiment-folder ../experiment/ensemble_3_v3 --num-decoders 3 --num-t 50 --num-curves 25
------------------------------------------------------------

Successfully completed.

Resource usage summary:

    CPU time :                                   1909.91 sec.
    Max Memory :                                 693 MB
    Average Memory :                             677.06 MB
    Total Requested Memory :                     20480.00 MB
    Delta Memory :                               19787.00 MB
    Max Swap :                                   -
    Max Processes :                              4
    Max Threads :                                9
    Run time :                                   1920 sec.
    Turnaround time :                            2025 sec.

The output (if any) is above this job summary.



PS:

Read file <24552803.err> for stderr output of this job.

