# Options
batch_size = 32
device = cuda
epochs_per_decoder = 200
experiment_folder = ../experiment/run2
latent_dim = 2
mode = geodesics
num_curves = 25
num_decoders = 1
num_reruns = 10
num_t = 50
samples = samples.png
Iteration 10: energy = 220.5301
Iteration 20: energy = 218.4301
Iteration 30: energy = 215.6175
Iteration 40: energy = 212.9755
Iteration 50: energy = 209.9650
Iteration 60: energy = 208.5524
Iteration 70: energy = 207.5488
Iteration 80: energy = 207.0118
Iteration 90: energy = 206.5650
Iteration 100: energy = 206.0276
Iteration 110: energy = 205.7507
Iteration 120: energy = 205.3232
Iteration 130: energy = 205.2026
Iteration 140: energy = 204.8386
Iteration 150: energy = 204.6934
Iteration 160: energy = 204.5511
Iteration 170: energy = 204.4783
Iteration 180: energy = 204.3531
Iteration 190: energy = 204.2465
Iteration 200: energy = 204.2060
Iteration 210: energy = 204.1047
Iteration 220: energy = 204.0624
Iteration 230: energy = 203.9512
Iteration 240: energy = 203.8260
Iteration 250: energy = 203.7297
Iteration 260: energy = 203.6533
Iteration 270: energy = 203.5633
Iteration 280: energy = 203.5018
Iteration 290: energy = 203.4431
Iteration 300: energy = 203.3941
Iteration 310: energy = 203.3734
Iteration 320: energy = 203.3345
Iteration 330: energy = 203.3295
Iteration 340: energy = 203.3238
Iteration 350: energy = 203.3165
Iteration 360: energy = 203.3121
Iteration 370: energy = 203.2888
Iteration 10: energy = 31.0654
Iteration 20: energy = 31.0101
Iteration 30: energy = 30.9996
Iteration 40: energy = 30.9737
Iteration 50: energy = 30.9386
Iteration 60: energy = 30.9288
Iteration 70: energy = 30.9206
Iteration 80: energy = 30.9060
Iteration 90: energy = 30.8993
Iteration 100: energy = 30.8928
Iteration 110: energy = 30.8858
Iteration 120: energy = 30.8819
Iteration 130: energy = 30.8765
Iteration 140: energy = 30.8724
Iteration 150: energy = 30.8684
Iteration 160: energy = 30.8640
Iteration 170: energy = 30.8626
Iteration 180: energy = 30.8617
Iteration 190: energy = 30.8596
Iteration 200: energy = 30.8581
Iteration 10: energy = 819.2704
Iteration 20: energy = 811.9946
Iteration 30: energy = 805.8624
Iteration 40: energy = 802.9187
Iteration 50: energy = 798.7170
Iteration 60: energy = 796.4182
Iteration 70: energy = 793.6805
Iteration 80: energy = 791.2722
Iteration 90: energy = 787.6381
Iteration 100: energy = 786.5780
Iteration 110: energy = 784.4771
Iteration 120: energy = 782.6278
Iteration 130: energy = 781.2796
Iteration 140: energy = 779.4775
Iteration 150: energy = 778.7745
Iteration 160: energy = 777.8309
Iteration 170: energy = 777.1324
Iteration 180: energy = 776.7838
Iteration 190: energy = 776.1227
Iteration 200: energy = 775.5863
Iteration 210: energy = 775.2881
Iteration 220: energy = 774.6711
Iteration 230: energy = 773.8923
Iteration 240: energy = 773.6302
Iteration 250: energy = 772.9713
Iteration 260: energy = 772.7270
Iteration 270: energy = 772.5505
Iteration 280: energy = 772.3804
Iteration 290: energy = 772.0888
Iteration 300: energy = 771.9865
Iteration 310: energy = 771.7675
Iteration 320: energy = 771.6544
Iteration 330: energy = 771.5493
Iteration 340: energy = 771.4938
Iteration 10: energy = 1054.8748
Iteration 20: energy = 1043.0513
Iteration 30: energy = 1040.2776
Iteration 40: energy = 1033.4757
Iteration 50: energy = 1028.0582
Iteration 60: energy = 1024.7935
Iteration 70: energy = 1022.2799
Iteration 80: energy = 1020.6284
Iteration 90: energy = 1018.8658
Iteration 100: energy = 1017.1530
Iteration 110: energy = 1015.2258
Iteration 120: energy = 1014.2235
Iteration 130: energy = 1013.6129
Iteration 140: energy = 1012.9835
Iteration 150: energy = 1012.2387
Iteration 160: energy = 1011.7827
Iteration 170: energy = 1011.5995
Iteration 180: energy = 1011.4651
Iteration 190: energy = 1011.3093
Iteration 200: energy = 1011.0786
Iteration 210: energy = 1011.0497
Iteration 220: energy = 1010.9085
Iteration 230: energy = 1010.9036
Iteration 240: energy = 1010.7583
Iteration 250: energy = 1010.6422
Iteration 260: energy = 1010.5793
Iteration 270: energy = 1010.4561
Iteration 280: energy = 1010.4360
Iteration 290: energy = 1010.3455
Iteration 300: energy = 1010.3124
Iteration 310: energy = 1010.2657
Iteration 320: energy = 1010.2040
Iteration 330: energy = 1010.1523
Iteration 340: energy = 1010.1465
Iteration 10: energy = 699.5635
Iteration 20: energy = 692.0980
Iteration 30: energy = 685.1832
Iteration 40: energy = 681.2792
Iteration 50: energy = 678.4846
Iteration 60: energy = 674.8950
Iteration 70: energy = 671.1706
Iteration 80: energy = 668.7920
Iteration 90: energy = 666.9440
Iteration 100: energy = 666.0844
Iteration 110: energy = 664.2327
Iteration 120: energy = 663.4208
Iteration 130: energy = 661.8701
Iteration 140: energy = 661.2829
Iteration 150: energy = 660.9753
Iteration 160: energy = 660.6196
Iteration 170: energy = 660.1895
Iteration 180: energy = 659.8253
Iteration 190: energy = 659.3468
Iteration 200: energy = 658.7674
Iteration 210: energy = 658.6246
Iteration 220: energy = 658.4745
Iteration 230: energy = 658.3647
Iteration 240: energy = 658.2501
Iteration 250: energy = 658.1316
Iteration 260: energy = 657.9841
Iteration 270: energy = 657.9366
Iteration 280: energy = 657.9081
Iteration 290: energy = 657.7835
Iteration 300: energy = 657.6486
Iteration 310: energy = 657.6254
Iteration 320: energy = 657.5543
Iteration 330: energy = 657.5313
Iteration 340: energy = 657.4120
Iteration 350: energy = 657.3320
Iteration 360: energy = 657.2725
Iteration 370: energy = 657.2485
Iteration 380: energy = 657.2245
Iteration 390: energy = 657.1080
Iteration 10: energy = 73.4143
Iteration 20: energy = 73.1835
Iteration 30: energy = 72.7566
Iteration 40: energy = 72.5375
Iteration 50: energy = 72.1311
Iteration 60: energy = 71.9908
Iteration 70: energy = 71.7912
Iteration 80: energy = 71.7229
Iteration 90: energy = 71.5758
Iteration 100: energy = 71.4956
Iteration 110: energy = 71.4123
Iteration 120: energy = 71.3336
Iteration 130: energy = 71.2642
Iteration 140: energy = 71.1639
Iteration 150: energy = 71.0835
Iteration 160: energy = 70.9571
Iteration 170: energy = 70.8715
Iteration 180: energy = 70.8000
Iteration 190: energy = 70.7749
Iteration 200: energy = 70.7325
Iteration 210: energy = 70.7280
Iteration 220: energy = 70.7181
Iteration 230: energy = 70.7003
Iteration 240: energy = 70.6938
Iteration 250: energy = 70.6893
Iteration 260: energy = 70.6820
Iteration 270: energy = 70.6778
Iteration 280: energy = 70.6778
Iteration 290: energy = 70.6777
Iteration 300: energy = 70.6766
Iteration 10: energy = 1338.3477
Iteration 20: energy = 1320.2498
Iteration 30: energy = 1290.4688
Iteration 40: energy = 1277.8324
Iteration 50: energy = 1254.4901
Iteration 60: energy = 1246.8149
Iteration 70: energy = 1229.8333
Iteration 80: energy = 1218.2620
Iteration 90: energy = 1215.3359
Iteration 100: energy = 1205.6801
Iteration 110: energy = 1200.9331
Iteration 120: energy = 1190.7861
Iteration 130: energy = 1182.3680
Iteration 140: energy = 1177.7455
Iteration 150: energy = 1175.0604
Iteration 160: energy = 1172.1543
Iteration 170: energy = 1167.5453
Iteration 180: energy = 1165.9719
Iteration 190: energy = 1162.9541
Iteration 200: energy = 1158.7704
Iteration 210: energy = 1157.4337
Iteration 220: energy = 1155.8444
Iteration 230: energy = 1154.6885
Iteration 240: energy = 1152.8431
Iteration 250: energy = 1151.8308
Iteration 260: energy = 1149.4303
Iteration 270: energy = 1148.3169
Iteration 280: energy = 1144.4006
Iteration 290: energy = 1143.2296
Iteration 300: energy = 1140.7175
Iteration 310: energy = 1138.1014
Iteration 320: energy = 1134.7350
Iteration 330: energy = 1132.6902
Iteration 340: energy = 1129.9941
Iteration 350: energy = 1128.7700
Iteration 360: energy = 1128.2567
Iteration 370: energy = 1127.5793
Iteration 380: energy = 1127.4513
Iteration 390: energy = 1126.8317
Iteration 400: energy = 1126.2106
Iteration 410: energy = 1125.2968
Iteration 420: energy = 1124.6593
Iteration 430: energy = 1124.3477
Iteration 440: energy = 1124.0643
Iteration 450: energy = 1123.7529
Iteration 460: energy = 1123.6158
Iteration 470: energy = 1123.2709
Iteration 480: energy = 1123.1047
Iteration 490: energy = 1122.9288
Iteration 500: energy = 1122.6643
Iteration 510: energy = 1122.4987
Iteration 520: energy = 1122.3356
Iteration 530: energy = 1122.3090
Iteration 540: energy = 1122.1808
Iteration 550: energy = 1122.0215
Iteration 560: energy = 1121.7616
Iteration 570: energy = 1121.5574
Iteration 580: energy = 1121.4487
Iteration 590: energy = 1121.1942
Iteration 600: energy = 1120.8639
Iteration 610: energy = 1120.3947
Iteration 620: energy = 1119.9818
Iteration 630: energy = 1119.5507
Iteration 640: energy = 1119.2335
Iteration 650: energy = 1119.0775
Iteration 660: energy = 1118.9838
Iteration 670: energy = 1118.9456
Iteration 680: energy = 1118.8500
Iteration 690: energy = 1118.8494
Iteration 700: energy = 1118.8022
Iteration 10: energy = 877.5248
Iteration 20: energy = 870.7997
Iteration 30: energy = 866.3944
Iteration 40: energy = 859.1057
Iteration 50: energy = 853.9081
Iteration 60: energy = 852.2285
Iteration 70: energy = 848.4840
Iteration 80: energy = 844.7533
Iteration 90: energy = 841.4062
Iteration 100: energy = 838.9833
Iteration 110: energy = 835.7286
Iteration 120: energy = 834.8121
Iteration 130: energy = 834.2396
Iteration 140: energy = 833.5237
Iteration 150: energy = 833.0958
Iteration 160: energy = 832.8778
Iteration 170: energy = 832.6433
Iteration 180: energy = 832.0770
Iteration 190: energy = 831.6859
Iteration 200: energy = 831.4919
Iteration 210: energy = 831.0612
Iteration 220: energy = 830.8826
Iteration 230: energy = 830.5456
Iteration 240: energy = 830.3496
Iteration 250: energy = 830.1088
Iteration 260: energy = 829.8016
Iteration 270: energy = 829.5522
Iteration 280: energy = 829.4753
Iteration 290: energy = 829.2019
Iteration 300: energy = 829.0612
Iteration 310: energy = 828.8090
Iteration 320: energy = 828.6955
Iteration 330: energy = 828.3885
Iteration 340: energy = 828.1937
Iteration 350: energy = 828.1694
Iteration 360: energy = 828.1023
Iteration 370: energy = 827.9458
Iteration 380: energy = 827.8538
Iteration 390: energy = 827.7359
Iteration 400: energy = 827.6564
Iteration 410: energy = 827.6234
Iteration 420: energy = 827.5330
Iteration 430: energy = 827.4477
Iteration 440: energy = 827.4467
Iteration 450: energy = 827.3746
Iteration 460: energy = 827.2809
Iteration 470: energy = 827.2300
Iteration 480: energy = 827.2276
Iteration 490: energy = 827.1081
Iteration 500: energy = 827.0065
Iteration 10: energy = 1012.0684
Iteration 20: energy = 997.7979
Iteration 30: energy = 995.6506
Iteration 40: energy = 989.3122
Iteration 50: energy = 983.9781
Iteration 60: energy = 982.1316
Iteration 70: energy = 978.6095
Iteration 80: energy = 975.7650
Iteration 90: energy = 971.2587
Iteration 100: energy = 965.7606
Iteration 110: energy = 961.7991
Iteration 120: energy = 959.2433
Iteration 130: energy = 955.4252
Iteration 140: energy = 952.0948
Iteration 150: energy = 948.0792
Iteration 160: energy = 945.4556
Iteration 170: energy = 939.6364
Iteration 180: energy = 937.0369
Iteration 190: energy = 934.7389
Iteration 200: energy = 933.4100
Iteration 210: energy = 932.2874
Iteration 220: energy = 930.1463
Iteration 230: energy = 929.4828
Iteration 240: energy = 928.6489
Iteration 250: energy = 927.4685
Iteration 260: energy = 926.8815
Iteration 270: energy = 926.1678
Iteration 280: energy = 925.6594
Iteration 290: energy = 924.8711
Iteration 300: energy = 924.4706
Iteration 310: energy = 924.2328
Iteration 320: energy = 923.6776
Iteration 330: energy = 923.4009
Iteration 340: energy = 922.9226
Iteration 350: energy = 922.5806
Iteration 360: energy = 921.9335
Iteration 370: energy = 921.5798
Iteration 380: energy = 921.3066
Iteration 390: energy = 920.9740
Iteration 400: energy = 920.7024
Iteration 410: energy = 920.6663
Iteration 420: energy = 920.5983
Iteration 430: energy = 920.5399
Iteration 440: energy = 920.4973
Iteration 450: energy = 920.4125
Iteration 460: energy = 920.4119
Iteration 470: energy = 920.3488
Iteration 480: energy = 920.2225
Iteration 490: energy = 920.1534
Iteration 500: energy = 920.0173
Iteration 510: energy = 919.9080
Iteration 520: energy = 919.6495
Iteration 530: energy = 919.4517
Iteration 540: energy = 919.2369
Iteration 550: energy = 919.0568
Iteration 560: energy = 918.8734
Iteration 570: energy = 918.8282
Iteration 580: energy = 918.7552
Iteration 590: energy = 918.6252
Iteration 600: energy = 918.5391
Iteration 610: energy = 918.5374
Iteration 620: energy = 918.4899
Iteration 630: energy = 918.4720
Iteration 640: energy = 918.3954
Iteration 650: energy = 918.3727
Iteration 660: energy = 918.2844
Iteration 670: energy = 918.2728
Iteration 680: energy = 918.2009
Iteration 690: energy = 918.1744
Iteration 700: energy = 918.1411
Iteration 710: energy = 918.0845
Iteration 720: energy = 918.0399
Iteration 730: energy = 918.0077
Iteration 740: energy = 917.9440
Iteration 750: energy = 917.9333
Iteration 10: energy = 20.7738
Iteration 20: energy = 20.7070
Iteration 30: energy = 20.6542
Iteration 40: energy = 20.5752
Iteration 50: energy = 20.5046
Iteration 60: energy = 20.4824
Iteration 70: energy = 20.4451
Iteration 80: energy = 20.4217
Iteration 90: energy = 20.4064
Iteration 100: energy = 20.3859
Iteration 110: energy = 20.3659
Iteration 120: energy = 20.3443
Iteration 130: energy = 20.3428
Iteration 140: energy = 20.3350
Iteration 150: energy = 20.3308
Iteration 160: energy = 20.3273
Iteration 170: energy = 20.3261
Iteration 180: energy = 20.3247
Iteration 190: energy = 20.3212
Iteration 200: energy = 20.3199
Iteration 210: energy = 20.3173
Iteration 220: energy = 20.3150
Iteration 230: energy = 20.3141
Iteration 240: energy = 20.3135
Iteration 250: energy = 20.3127
Iteration 260: energy = 20.3124
Iteration 270: energy = 20.3123
Iteration 10: energy = 30.5197
Iteration 20: energy = 30.4530
Iteration 30: energy = 30.4309
Iteration 40: energy = 30.4040
Iteration 50: energy = 30.3632
Iteration 60: energy = 30.2952
Iteration 70: energy = 30.2767
Iteration 80: energy = 30.2583
Iteration 90: energy = 30.2196
Iteration 100: energy = 30.2006
Iteration 110: energy = 30.1684
Iteration 120: energy = 30.1552
Iteration 130: energy = 30.1245
Iteration 140: energy = 30.1136
Iteration 150: energy = 30.0944
Iteration 160: energy = 30.0870
Iteration 170: energy = 30.0800
Iteration 180: energy = 30.0732
Iteration 190: energy = 30.0699
Iteration 200: energy = 30.0684
Iteration 210: energy = 30.0665
Iteration 220: energy = 30.0659
Iteration 230: energy = 30.0640
Iteration 240: energy = 30.0630
Iteration 10: energy = 3.9660
Iteration 20: energy = 3.9592
Iteration 30: energy = 3.9522
Iteration 40: energy = 3.9459
Iteration 50: energy = 3.9377
Iteration 60: energy = 3.9337
Iteration 70: energy = 3.9321
Iteration 80: energy = 3.9300
Iteration 90: energy = 3.9292
Iteration 100: energy = 3.9276
Iteration 110: energy = 3.9262
Iteration 120: energy = 3.9254
Iteration 130: energy = 3.9252
Iteration 140: energy = 3.9247
Iteration 150: energy = 3.9239
Iteration 160: energy = 3.9239
Iteration 170: energy = 3.9238
Iteration 180: energy = 3.9238
Iteration 10: energy = 761.6583
Iteration 20: energy = 755.7776
Iteration 30: energy = 752.5002
Iteration 40: energy = 751.0891
Iteration 50: energy = 749.6551
Iteration 60: energy = 747.9758
Iteration 70: energy = 747.0965
Iteration 80: energy = 746.4117
Iteration 90: energy = 745.6860
Iteration 100: energy = 744.2874
Iteration 110: energy = 743.6158
Iteration 120: energy = 743.1049
Iteration 130: energy = 742.8248
Iteration 140: energy = 742.5746
Iteration 150: energy = 742.1433
Iteration 160: energy = 741.8278
Iteration 170: energy = 741.6066
Iteration 180: energy = 741.4526
Iteration 190: energy = 741.2352
Iteration 200: energy = 741.0768
Iteration 210: energy = 740.9417
Iteration 220: energy = 740.7754
Iteration 230: energy = 740.5573
Iteration 240: energy = 740.3895
Iteration 250: energy = 740.2818
Iteration 260: energy = 740.1511
Iteration 270: energy = 739.9269
Iteration 280: energy = 739.7651
Iteration 290: energy = 739.6228
Iteration 300: energy = 739.6226
Iteration 10: energy = 1139.5818
Iteration 20: energy = 1122.9036
Iteration 30: energy = 1118.9396
Iteration 40: energy = 1108.8542
Iteration 50: energy = 1105.5322
Iteration 60: energy = 1101.5682
Iteration 70: energy = 1096.2927
Iteration 80: energy = 1091.3040
Iteration 90: energy = 1087.2278
Iteration 100: energy = 1084.1714
Iteration 110: energy = 1081.8381
Iteration 120: energy = 1079.6289
Iteration 130: energy = 1078.0895
Iteration 140: energy = 1077.2030
Iteration 150: energy = 1075.7897
Iteration 160: energy = 1075.2178
Iteration 170: energy = 1074.9292
Iteration 180: energy = 1074.5801
Iteration 190: energy = 1073.9305
Iteration 200: energy = 1073.7642
Iteration 210: energy = 1073.5148
Iteration 220: energy = 1073.3324
Iteration 230: energy = 1073.2506
Iteration 240: energy = 1072.8138
Iteration 250: energy = 1072.4485
Iteration 260: energy = 1072.3134
Iteration 270: energy = 1071.8488
Iteration 280: energy = 1071.7329
Iteration 290: energy = 1071.4928
Iteration 10: energy = 204.9272
Iteration 20: energy = 204.0201
Iteration 30: energy = 203.1083
Iteration 40: energy = 201.9656
Iteration 50: energy = 200.9235
Iteration 60: energy = 199.2333
Iteration 70: energy = 197.7691
Iteration 80: energy = 197.2661
Iteration 90: energy = 196.6152
Iteration 100: energy = 195.7198
Iteration 110: energy = 194.8981
Iteration 120: energy = 194.5029
Iteration 130: energy = 194.3232
Iteration 140: energy = 193.9833
Iteration 150: energy = 193.8183
Iteration 160: energy = 193.6205
Iteration 170: energy = 193.4177
Iteration 180: energy = 193.1970
Iteration 190: energy = 193.1497
Iteration 200: energy = 193.1148
Iteration 210: energy = 193.0854
Iteration 220: energy = 193.0588
Iteration 230: energy = 193.0388
Iteration 240: energy = 193.0179
Iteration 250: energy = 192.9973
Iteration 260: energy = 192.9941
Iteration 270: energy = 192.9666
Iteration 280: energy = 192.9500
Iteration 290: energy = 192.9288
Iteration 300: energy = 192.9123
Iteration 310: energy = 192.8866
Iteration 320: energy = 192.8247
Iteration 330: energy = 192.7956
Iteration 340: energy = 192.7546
Iteration 350: energy = 192.7317
Iteration 360: energy = 192.7240
Iteration 370: energy = 192.7203
Iteration 380: energy = 192.7087
Iteration 390: energy = 192.6991
Iteration 400: energy = 192.6910
Iteration 410: energy = 192.6909
Iteration 420: energy = 192.6881
Iteration 430: energy = 192.6861
Iteration 440: energy = 192.6833
Iteration 450: energy = 192.6768
Iteration 10: energy = 69.8526
Iteration 20: energy = 69.7996
Iteration 30: energy = 69.7756
Iteration 40: energy = 69.7363
Iteration 50: energy = 69.7055
Iteration 60: energy = 69.6579
Iteration 70: energy = 69.5975
Iteration 80: energy = 69.5632
Iteration 90: energy = 69.5010
Iteration 100: energy = 69.4596
Iteration 110: energy = 69.4388
Iteration 120: energy = 69.3840
Iteration 130: energy = 69.3564
Iteration 140: energy = 69.3369
Iteration 150: energy = 69.3249
Iteration 160: energy = 69.3189
Iteration 170: energy = 69.3159
Iteration 180: energy = 69.3086
Iteration 190: energy = 69.3059
Iteration 200: energy = 69.3028
Iteration 210: energy = 69.3022
Iteration 10: energy = 152.2075
Iteration 20: energy = 151.9409
Iteration 30: energy = 151.6625
Iteration 40: energy = 151.3264
Iteration 50: energy = 150.6888
Iteration 60: energy = 149.9032
Iteration 70: energy = 149.6182
Iteration 80: energy = 148.9173
Iteration 90: energy = 147.7110
Iteration 100: energy = 147.0924
Iteration 110: energy = 146.2186
Iteration 120: energy = 145.8294
Iteration 130: energy = 145.2006
Iteration 140: energy = 144.9449
Iteration 150: energy = 144.7574
Iteration 160: energy = 144.5180
Iteration 170: energy = 144.3933
Iteration 180: energy = 144.2073
Iteration 190: energy = 144.1024
Iteration 200: energy = 143.9066
Iteration 210: energy = 143.8065
Iteration 220: energy = 143.7322
Iteration 230: energy = 143.7218
Iteration 240: energy = 143.7040
Iteration 250: energy = 143.6914
Iteration 260: energy = 143.6860
Iteration 270: energy = 143.6692
Iteration 280: energy = 143.6545
Iteration 290: energy = 143.6438
Iteration 300: energy = 143.6437
Iteration 310: energy = 143.6237
Iteration 320: energy = 143.6230
Iteration 330: energy = 143.6099
Iteration 340: energy = 143.6080
Iteration 350: energy = 143.5926
Iteration 10: energy = 1268.3805
Iteration 20: energy = 1265.4948
Iteration 30: energy = 1257.1971
Iteration 40: energy = 1250.6736
Iteration 50: energy = 1237.6960
Iteration 60: energy = 1233.9443
Iteration 70: energy = 1230.3497
Iteration 80: energy = 1225.7046
Iteration 90: energy = 1221.8180
Iteration 100: energy = 1214.5070
Iteration 110: energy = 1210.3956
Iteration 120: energy = 1205.4463
Iteration 130: energy = 1202.3417
Iteration 140: energy = 1198.3237
Iteration 150: energy = 1195.1018
Iteration 160: energy = 1188.7186
Iteration 170: energy = 1185.1282
Iteration 180: energy = 1180.2465
Iteration 190: energy = 1178.9034
Iteration 200: energy = 1175.5540
Iteration 210: energy = 1172.2723
Iteration 220: energy = 1171.9008
Iteration 230: energy = 1170.6953
Iteration 240: energy = 1170.3879
Iteration 250: energy = 1169.9408
Iteration 260: energy = 1169.8309
Iteration 270: energy = 1169.5913
Iteration 280: energy = 1169.5524
Iteration 290: energy = 1169.3800
Iteration 300: energy = 1169.3257
Iteration 310: energy = 1169.1589
Iteration 320: energy = 1168.9823
Iteration 330: energy = 1168.7643
Iteration 340: energy = 1168.7633
Iteration 350: energy = 1168.5441
Iteration 360: energy = 1168.4141
Iteration 370: energy = 1168.2717
Iteration 380: energy = 1168.0027
Iteration 390: energy = 1167.7058
Iteration 400: energy = 1167.3831
Iteration 410: energy = 1167.2625
Iteration 420: energy = 1167.0107
Iteration 430: energy = 1166.9558
Iteration 440: energy = 1166.8705
Iteration 450: energy = 1166.7448
Iteration 460: energy = 1166.6608
Iteration 470: energy = 1166.6449
Iteration 10: energy = 35.8799
Iteration 20: energy = 35.8082
Iteration 30: energy = 35.7705
Iteration 40: energy = 35.7303
Iteration 50: energy = 35.6670
Iteration 60: energy = 35.5850
Iteration 70: energy = 35.5680
Iteration 80: energy = 35.5382
Iteration 90: energy = 35.5188
Iteration 100: energy = 35.5030
Iteration 110: energy = 35.4689
Iteration 120: energy = 35.4471
Iteration 130: energy = 35.4213
Iteration 140: energy = 35.4108
Iteration 150: energy = 35.4025
Iteration 160: energy = 35.3976
Iteration 170: energy = 35.3921
Iteration 180: energy = 35.3835
Iteration 190: energy = 35.3805
Iteration 200: energy = 35.3763
Iteration 210: energy = 35.3722
Iteration 220: energy = 35.3700
Iteration 230: energy = 35.3661
Iteration 240: energy = 35.3633
Iteration 250: energy = 35.3633
Iteration 260: energy = 35.3625
Iteration 270: energy = 35.3619
Iteration 280: energy = 35.3606
Iteration 290: energy = 35.3606
Iteration 10: energy = 656.5045
Iteration 20: energy = 653.0154
Iteration 30: energy = 642.5209
Iteration 40: energy = 635.7559
Iteration 50: energy = 629.8973
Iteration 60: energy = 628.1416
Iteration 70: energy = 625.5374
Iteration 80: energy = 623.8522
Iteration 90: energy = 623.1554
Iteration 100: energy = 622.1500
Iteration 110: energy = 621.2924
Iteration 120: energy = 620.0137
Iteration 130: energy = 619.8126
Iteration 140: energy = 619.2372
Iteration 150: energy = 618.6312
Iteration 160: energy = 618.2180
Iteration 170: energy = 617.7252
Iteration 180: energy = 617.5310
Iteration 190: energy = 617.4145
Iteration 200: energy = 617.1060
Iteration 210: energy = 616.8432
Iteration 220: energy = 616.6771
Iteration 230: energy = 616.5627
Iteration 240: energy = 616.4548
Iteration 250: energy = 616.4166
Iteration 260: energy = 616.3809
Iteration 270: energy = 616.3286
Iteration 280: energy = 616.2637
Iteration 290: energy = 616.2084
Iteration 300: energy = 616.1505
Iteration 10: energy = 1497.9100
Iteration 20: energy = 1483.3755
Iteration 30: energy = 1469.5071
Iteration 40: energy = 1459.7357
Iteration 50: energy = 1448.4930
Iteration 60: energy = 1431.2998
Iteration 70: energy = 1425.4075
Iteration 80: energy = 1407.1234
Iteration 90: energy = 1402.1438
Iteration 100: energy = 1392.3356
Iteration 110: energy = 1386.9625
Iteration 120: energy = 1381.2938
Iteration 130: energy = 1379.6877
Iteration 140: energy = 1375.6451
Iteration 150: energy = 1373.4003
Iteration 160: energy = 1371.4077
Iteration 170: energy = 1370.3296
Iteration 180: energy = 1369.9181
Iteration 190: energy = 1369.4736
Iteration 200: energy = 1369.3214
Iteration 210: energy = 1368.9236
Iteration 220: energy = 1368.2971
Iteration 230: energy = 1368.1630
Iteration 240: energy = 1367.8281
Iteration 250: energy = 1367.1262
Iteration 260: energy = 1366.3741
Iteration 270: energy = 1365.7168
Iteration 280: energy = 1365.4160
Iteration 290: energy = 1364.8170
Iteration 300: energy = 1364.3116
Iteration 310: energy = 1364.0437
Iteration 320: energy = 1363.7628
Iteration 330: energy = 1363.5328
Iteration 340: energy = 1363.3965
Iteration 350: energy = 1363.2074
Iteration 360: energy = 1362.9164
Iteration 370: energy = 1362.4030
Iteration 380: energy = 1361.7975
Iteration 390: energy = 1361.7136
Iteration 400: energy = 1361.5427
Iteration 410: energy = 1361.3665
Iteration 420: energy = 1361.2773
Iteration 430: energy = 1361.1648
Iteration 440: energy = 1360.9250
Iteration 450: energy = 1360.9189
Iteration 460: energy = 1360.7504
Iteration 470: energy = 1360.5278
Iteration 480: energy = 1360.2832
Iteration 490: energy = 1359.8524
Iteration 500: energy = 1358.9583
Iteration 510: energy = 1356.2979
Iteration 520: energy = 1348.4595
Iteration 530: energy = 1337.8992
Iteration 540: energy = 1321.7407
Iteration 550: energy = 1315.8599
Iteration 560: energy = 1309.6069
Iteration 570: energy = 1304.3212
Iteration 580: energy = 1297.8668
Iteration 590: energy = 1295.3795
Iteration 600: energy = 1293.2269
Iteration 610: energy = 1289.6658
Iteration 620: energy = 1287.2836
Iteration 630: energy = 1285.0055
Iteration 640: energy = 1282.7540
Iteration 650: energy = 1280.9658
Iteration 660: energy = 1278.6343
Iteration 670: energy = 1276.4183
Iteration 680: energy = 1275.0394
Iteration 690: energy = 1273.5928
Iteration 700: energy = 1272.6299
Iteration 710: energy = 1270.4277
Iteration 720: energy = 1268.6547
Iteration 730: energy = 1265.6383
Iteration 740: energy = 1265.1855
Iteration 750: energy = 1263.9188
Iteration 760: energy = 1262.6423
Iteration 770: energy = 1261.7395
Iteration 780: energy = 1260.9484
Iteration 790: energy = 1259.5537
Iteration 800: energy = 1259.0299
Iteration 810: energy = 1258.5760
Iteration 820: energy = 1257.9496
Iteration 830: energy = 1257.7961
Iteration 840: energy = 1257.6528
Iteration 850: energy = 1257.3768
Iteration 860: energy = 1257.3196
Iteration 870: energy = 1257.1859
Iteration 880: energy = 1256.9757
Iteration 890: energy = 1256.7394
Iteration 900: energy = 1256.4954
Iteration 910: energy = 1256.3015
Iteration 920: energy = 1256.0959
Iteration 930: energy = 1255.9733
Iteration 940: energy = 1255.8827
Iteration 950: energy = 1255.7023
Iteration 960: energy = 1255.6530
Iteration 970: energy = 1255.6506
Iteration 980: energy = 1255.5791
Iteration 990: energy = 1255.4873
Iteration 1000: energy = 1255.4868
Iteration 10: energy = 827.9780
Iteration 20: energy = 818.5321
Iteration 30: energy = 812.5610
Iteration 40: energy = 807.9655
Iteration 50: energy = 803.6169
Iteration 60: energy = 799.5081
Iteration 70: energy = 795.5109
Iteration 80: energy = 792.0683
Iteration 90: energy = 787.7924
Iteration 100: energy = 785.7974
Iteration 110: energy = 781.8824
Iteration 120: energy = 779.5849
Iteration 130: energy = 777.7274
Iteration 140: energy = 775.6014
Iteration 150: energy = 773.7380
Iteration 160: energy = 772.4455
Iteration 170: energy = 770.3231
Iteration 180: energy = 769.9219
Iteration 190: energy = 767.9666
Iteration 200: energy = 766.5552
Iteration 210: energy = 763.9603
Iteration 220: energy = 756.9540
Iteration 230: energy = 750.9946
Iteration 240: energy = 746.3498
Iteration 250: energy = 744.1195
Iteration 260: energy = 741.5727
Iteration 270: energy = 738.7281
Iteration 280: energy = 736.8784
Iteration 290: energy = 735.5279
Iteration 300: energy = 734.2319
Iteration 310: energy = 733.6845
Iteration 320: energy = 732.3851
Iteration 330: energy = 731.9769
Iteration 340: energy = 730.9604
Iteration 350: energy = 730.2277
Iteration 360: energy = 729.3466
Iteration 370: energy = 728.5443
Iteration 380: energy = 728.2479
Iteration 390: energy = 727.6752
Iteration 400: energy = 727.4716
Iteration 410: energy = 727.0034
Iteration 420: energy = 726.6739
Iteration 430: energy = 726.2842
Iteration 440: energy = 725.8083
Iteration 450: energy = 725.1730
Iteration 460: energy = 724.6772
Iteration 470: energy = 724.1801
Iteration 480: energy = 723.2769
Iteration 490: energy = 722.7969
Iteration 500: energy = 722.4547
Iteration 510: energy = 722.2482
Iteration 520: energy = 721.9976
Iteration 530: energy = 721.7953
Iteration 540: energy = 721.7439
Iteration 550: energy = 721.4937
Iteration 560: energy = 721.3421
Iteration 570: energy = 721.2682
Iteration 580: energy = 721.2456
Iteration 590: energy = 721.1278
Iteration 600: energy = 721.0536
Iteration 610: energy = 721.0036
Iteration 620: energy = 721.0032
Iteration 630: energy = 720.9818
Iteration 640: energy = 720.9671
Iteration 650: energy = 720.9591
Iteration 660: energy = 720.9260
Iteration 10: energy = 101.9178
Iteration 20: energy = 101.8652
Iteration 30: energy = 101.7519
Iteration 40: energy = 101.5919
Iteration 50: energy = 101.4664
Iteration 60: energy = 101.2743
Iteration 70: energy = 101.1677
Iteration 80: energy = 101.0339
Iteration 90: energy = 100.9983
Iteration 100: energy = 100.9381
Iteration 110: energy = 100.8744
Iteration 120: energy = 100.8559
Iteration 130: energy = 100.8341
Iteration 140: energy = 100.8195
Iteration 150: energy = 100.7950
Iteration 160: energy = 100.7772
Iteration 170: energy = 100.7686
Iteration 180: energy = 100.7504
Iteration 190: energy = 100.7342
Iteration 200: energy = 100.7331
Iteration 210: energy = 100.7249
Iteration 220: energy = 100.7223
Iteration 230: energy = 100.7121
Iteration 240: energy = 100.7096
Iteration 250: energy = 100.7016
Iteration 260: energy = 100.6972
Iteration 10: energy = 3.6351
Iteration 20: energy = 3.6341
Iteration 30: energy = 3.6337
Iteration 40: energy = 3.6331
Iteration 50: energy = 3.6327
Iteration 60: energy = 3.6324
Iteration 70: energy = 3.6323
Iteration 80: energy = 3.6320
Iteration 90: energy = 3.6316
Iteration 100: energy = 3.6314
Iteration 110: energy = 3.6313
Iteration 120: energy = 3.6310
Iteration 130: energy = 3.6305
Iteration 140: energy = 3.6303
Iteration 150: energy = 3.6303
Iteration 160: energy = 3.6297
Iteration 170: energy = 3.6294
Iteration 180: energy = 3.6292
Iteration 190: energy = 3.6286
Iteration 200: energy = 3.6285
Iteration 210: energy = 3.6283
Iteration 220: energy = 3.6282
Iteration 230: energy = 3.6281
Iteration 240: energy = 3.6279
Iteration 250: energy = 3.6278
Iteration 10: energy = 58.8124
Iteration 20: energy = 58.6733
Iteration 30: energy = 58.6218
Iteration 40: energy = 58.5836
Iteration 50: energy = 58.4784
Iteration 60: energy = 58.3977
Iteration 70: energy = 58.3445
Iteration 80: energy = 58.2861
Iteration 90: energy = 58.2664
Iteration 100: energy = 58.2603
Iteration 110: energy = 58.2436
Iteration 120: energy = 58.2292
Iteration 130: energy = 58.2190
Iteration 140: energy = 58.2097
Iteration 150: energy = 58.2044
Iteration 160: energy = 58.1953
Iteration 170: energy = 58.1857
Iteration 180: energy = 58.1748
Iteration 190: energy = 58.1602
Iteration 200: energy = 58.1347
Iteration 210: energy = 58.1062
Iteration 220: energy = 58.0879
Iteration 230: energy = 58.0810
Iteration 240: energy = 58.0747
Iteration 250: energy = 58.0710
Initial geodesic lengths: [14.702346801757812, 5.556020736694336, 28.026002883911133, 32.16804122924805, 25.824951171875, 8.4605712890625, 35.49021911621094, 29.35038185119629, 30.776100158691406, 4.511054992675781, 5.500093460083008, 1.9812774658203125, 27.281373977661133, 33.35996627807617, 14.297357559204102, 8.326942443847656, 12.3139009475708, 34.431556701660156, 5.958377361297607, 25.3863468170166, 37.007102966308594, 28.089508056640625, 10.06059741973877, 1.9065088033676147, 7.638612747192383]
Optimized geodesic lengths: [14.25784683227539, 5.554592609405518, 27.77421760559082, 31.774757385253906, 25.632038116455078, 8.406868934631348, 33.440128326416016, 28.749271392822266, 30.293384552001953, 4.506722450256348, 5.482235908508301, 1.980730414390564, 27.194255828857422, 32.725379943847656, 13.877689361572266, 8.324671745300293, 11.976844787597656, 34.15491485595703, 5.94564962387085, 24.821231842041016, 35.425689697265625, 26.842411041259766, 10.0339994430542, 1.9046074151992798, 7.6199750900268555]

------------------------------------------------------------
Sender: LSF System <lsfadmin@hpc.dtu.dk>
Subject: Job 24549600: <geodesics> in cluster <dcc> Done

Job <geodesics> was submitted from host <n-62-12-19> by user <s185927> in cluster <dcc> at Tue Apr  1 09:41:23 2025
Job was executed on host(s) <4*n-62-11-14>, in queue <gpuv100>, as user <s185927> in cluster <dcc> at Tue Apr  1 09:45:56 2025
</zhome/e3/3/139772> was used as the home directory.
</zhome/e3/3/139772/Desktop/AML/AML/github-project-2/AML-Project-2/src> was used as the working directory.
Started at Tue Apr  1 09:45:56 2025
Terminated at Tue Apr  1 09:47:03 2025
Results reported at Tue Apr  1 09:47:03 2025

Your job looked like:

------------------------------------------------------------
# LSBATCH: User input
#!/bin/bash
#BSUB -J geodesics
#BSUB -q gpuv100
#BSUB -n 4
#BSUB -gpu "num=1:mode=exclusive_process"
#BSUB -W 5:00
#BSUB -R "rusage[mem=5GB]"
#BSUB -u lassesofus@gmail.com
#BSUB -o %J.out
#BSUB -e %J.err

module load cuda/11.8

source /zhome/e3/3/139772/Desktop/AML/aml_new/bin/activate

#python ensemble_vae.py --mode train --device cuda --experiment-folder ../experiment/ensemble_3_v2 --num-decoders 3 --num-t 50
python ensemble_vae.py --mode geodesics --device cuda --experiment-folder ../experiment/run2 --num-decoders 1 --num-t 50
------------------------------------------------------------

Successfully completed.

Resource usage summary:

    CPU time :                                   62.71 sec.
    Max Memory :                                 590 MB
    Average Memory :                             590.00 MB
    Total Requested Memory :                     20480.00 MB
    Delta Memory :                               19890.00 MB
    Max Swap :                                   -
    Max Processes :                              4
    Max Threads :                                9
    Run time :                                   68 sec.
    Turnaround time :                            340 sec.

The output (if any) is above this job summary.



PS:

Read file <24549600.err> for stderr output of this job.

