# Options
batch_size = 32
device = cuda
epochs_per_decoder = 200
experiment_folder = ../experiment/run2
latent_dim = 2
mode = geodesics
num_curves = 25
num_decoders = 1
num_reruns = 10
num_t = 50
samples = samples.png
Iteration 10: energy = 218.9332
Iteration 20: energy = 215.3606
Iteration 30: energy = 211.3209
Iteration 40: energy = 208.2646
Iteration 50: energy = 207.1891
Iteration 60: energy = 206.5308
Iteration 70: energy = 205.9954
Iteration 80: energy = 205.4700
Iteration 90: energy = 205.0459
Iteration 100: energy = 204.6524
Iteration 110: energy = 204.4663
Iteration 120: energy = 204.3237
Iteration 130: energy = 204.1803
Iteration 140: energy = 204.0740
Iteration 150: energy = 203.9966
Iteration 160: energy = 203.8510
Iteration 170: energy = 203.7411
Iteration 180: energy = 203.5779
Iteration 190: energy = 203.4300
Iteration 200: energy = 203.3463
Iteration 210: energy = 203.3020
Iteration 220: energy = 203.2833
Iteration 230: energy = 203.2726
Iteration 240: energy = 203.2636
Iteration 250: energy = 203.2568
Iteration 260: energy = 203.2455
Iteration 270: energy = 203.2362
Iteration 280: energy = 203.2291
Iteration 290: energy = 203.2222
Iteration 300: energy = 203.2152
Iteration 310: energy = 203.2080
Iteration 320: energy = 203.2041
Iteration 330: energy = 203.1986
Iteration 340: energy = 203.1949
Iteration 350: energy = 203.1915
Iteration 360: energy = 203.1889
Iteration 370: energy = 203.1864
Iteration 380: energy = 203.1842
Iteration 390: energy = 203.1827
Iteration 400: energy = 203.1818
Iteration 10: energy = 31.0255
Iteration 20: energy = 30.9886
Iteration 30: energy = 30.9623
Iteration 40: energy = 30.9424
Iteration 50: energy = 30.9194
Iteration 60: energy = 30.9087
Iteration 70: energy = 30.8927
Iteration 80: energy = 30.8807
Iteration 90: energy = 30.8734
Iteration 100: energy = 30.8674
Iteration 110: energy = 30.8612
Iteration 120: energy = 30.8581
Iteration 130: energy = 30.8559
Iteration 140: energy = 30.8552
Iteration 150: energy = 30.8541
Iteration 160: energy = 30.8537
Iteration 170: energy = 30.8534
Iteration 180: energy = 30.8534
Iteration 190: energy = 30.8534
Iteration 10: energy = 816.1626
Iteration 20: energy = 806.8287
Iteration 30: energy = 799.5331
Iteration 40: energy = 796.3987
Iteration 50: energy = 790.8633
Iteration 60: energy = 786.8477
Iteration 70: energy = 783.7855
Iteration 80: energy = 781.4038
Iteration 90: energy = 778.4686
Iteration 100: energy = 777.9225
Iteration 110: energy = 776.7126
Iteration 120: energy = 775.8196
Iteration 130: energy = 774.8801
Iteration 140: energy = 774.0579
Iteration 150: energy = 773.2073
Iteration 160: energy = 772.7737
Iteration 170: energy = 772.3247
Iteration 180: energy = 772.0460
Iteration 190: energy = 771.8486
Iteration 200: energy = 771.6955
Iteration 210: energy = 771.5592
Iteration 220: energy = 771.4424
Iteration 230: energy = 771.3722
Iteration 240: energy = 771.3326
Iteration 250: energy = 771.3033
Iteration 260: energy = 771.2776
Iteration 270: energy = 771.2499
Iteration 280: energy = 771.2252
Iteration 290: energy = 771.2039
Iteration 300: energy = 771.1788
Iteration 310: energy = 771.1626
Iteration 320: energy = 771.1486
Iteration 330: energy = 771.1330
Iteration 340: energy = 771.1327
Iteration 350: energy = 771.1248
Iteration 360: energy = 771.1147
Iteration 10: energy = 1055.4326
Iteration 20: energy = 1037.6350
Iteration 30: energy = 1028.1866
Iteration 40: energy = 1022.9807
Iteration 50: energy = 1020.1586
Iteration 60: energy = 1016.9327
Iteration 70: energy = 1014.6551
Iteration 80: energy = 1013.0747
Iteration 90: energy = 1012.2406
Iteration 100: energy = 1011.8895
Iteration 110: energy = 1011.4649
Iteration 120: energy = 1011.1550
Iteration 130: energy = 1010.9866
Iteration 140: energy = 1010.8416
Iteration 150: energy = 1010.6928
Iteration 160: energy = 1010.5027
Iteration 170: energy = 1010.4236
Iteration 180: energy = 1010.3301
Iteration 190: energy = 1010.2510
Iteration 200: energy = 1010.1973
Iteration 210: energy = 1010.1198
Iteration 220: energy = 1009.9911
Iteration 230: energy = 1009.8107
Iteration 240: energy = 1009.7318
Iteration 250: energy = 1009.7075
Iteration 260: energy = 1009.6951
Iteration 270: energy = 1009.6842
Iteration 280: energy = 1009.6817
Iteration 290: energy = 1009.6801
Iteration 300: energy = 1009.6725
Iteration 10: energy = 696.2534
Iteration 20: energy = 687.2330
Iteration 30: energy = 678.6503
Iteration 40: energy = 674.6219
Iteration 50: energy = 672.3298
Iteration 60: energy = 667.8721
Iteration 70: energy = 664.9850
Iteration 80: energy = 662.6748
Iteration 90: energy = 661.4577
Iteration 100: energy = 660.6962
Iteration 110: energy = 660.3000
Iteration 120: energy = 659.6681
Iteration 130: energy = 659.0274
Iteration 140: energy = 658.6830
Iteration 150: energy = 658.3804
Iteration 160: energy = 658.1542
Iteration 170: energy = 657.9747
Iteration 180: energy = 657.8518
Iteration 190: energy = 657.7150
Iteration 200: energy = 657.5070
Iteration 210: energy = 657.3518
Iteration 220: energy = 657.2302
Iteration 230: energy = 657.1347
Iteration 240: energy = 657.0686
Iteration 250: energy = 657.0253
Iteration 260: energy = 656.9792
Iteration 270: energy = 656.9418
Iteration 280: energy = 656.9171
Iteration 290: energy = 656.8744
Iteration 300: energy = 656.8484
Iteration 310: energy = 656.8099
Iteration 320: energy = 656.7778
Iteration 330: energy = 656.7524
Iteration 340: energy = 656.7327
Iteration 350: energy = 656.7161
Iteration 360: energy = 656.6798
Iteration 370: energy = 656.5977
Iteration 380: energy = 656.4843
Iteration 390: energy = 656.4251
Iteration 400: energy = 656.3774
Iteration 410: energy = 656.3251
Iteration 420: energy = 656.2540
Iteration 430: energy = 656.2073
Iteration 440: energy = 656.1782
Iteration 450: energy = 656.1579
Iteration 460: energy = 656.1369
Iteration 470: energy = 656.1232
Iteration 480: energy = 656.1193
Iteration 490: energy = 656.1137
Iteration 500: energy = 656.1038
Iteration 510: energy = 656.0931
Iteration 520: energy = 656.0905
Iteration 530: energy = 656.0788
Iteration 540: energy = 656.0787
Iteration 550: energy = 656.0733
Iteration 10: energy = 73.3510
Iteration 20: energy = 72.7715
Iteration 30: energy = 72.1601
Iteration 40: energy = 71.8620
Iteration 50: energy = 71.7084
Iteration 60: energy = 71.5736
Iteration 70: energy = 71.3726
Iteration 80: energy = 71.2768
Iteration 90: energy = 71.0803
Iteration 100: energy = 70.8818
Iteration 110: energy = 70.8102
Iteration 120: energy = 70.7767
Iteration 130: energy = 70.7373
Iteration 140: energy = 70.7046
Iteration 150: energy = 70.6891
Iteration 160: energy = 70.6798
Iteration 170: energy = 70.6766
Iteration 180: energy = 70.6740
Iteration 190: energy = 70.6735
Iteration 200: energy = 70.6730
Iteration 210: energy = 70.6724
Iteration 10: energy = 1342.3213
Iteration 20: energy = 1287.4830
Iteration 30: energy = 1259.8245
Iteration 40: energy = 1239.9996
Iteration 50: energy = 1224.2690
Iteration 60: energy = 1209.5604
Iteration 70: energy = 1194.6702
Iteration 80: energy = 1183.7969
Iteration 90: energy = 1176.8101
Iteration 100: energy = 1171.9685
Iteration 110: energy = 1167.9426
Iteration 120: energy = 1162.8854
Iteration 130: energy = 1159.6671
Iteration 140: energy = 1154.9546
Iteration 150: energy = 1152.2133
Iteration 160: energy = 1148.6439
Iteration 170: energy = 1145.5485
Iteration 180: energy = 1140.2623
Iteration 190: energy = 1136.2991
Iteration 200: energy = 1132.1270
Iteration 210: energy = 1129.8832
Iteration 220: energy = 1128.5573
Iteration 230: energy = 1127.8030
Iteration 240: energy = 1126.6123
Iteration 250: energy = 1125.9172
Iteration 260: energy = 1125.2239
Iteration 270: energy = 1124.6036
Iteration 280: energy = 1124.1174
Iteration 290: energy = 1123.5378
Iteration 300: energy = 1123.0673
Iteration 310: energy = 1122.5511
Iteration 320: energy = 1122.3052
Iteration 330: energy = 1122.0426
Iteration 340: energy = 1121.7593
Iteration 350: energy = 1121.5663
Iteration 360: energy = 1121.2710
Iteration 370: energy = 1120.9330
Iteration 380: energy = 1120.5004
Iteration 390: energy = 1119.9238
Iteration 400: energy = 1119.4622
Iteration 410: energy = 1119.1294
Iteration 420: energy = 1118.9287
Iteration 430: energy = 1118.7643
Iteration 440: energy = 1118.6666
Iteration 450: energy = 1118.5170
Iteration 460: energy = 1118.4551
Iteration 470: energy = 1118.3984
Iteration 480: energy = 1118.3556
Iteration 490: energy = 1118.2861
Iteration 500: energy = 1118.2318
Iteration 510: energy = 1118.1940
Iteration 520: energy = 1118.1696
Iteration 530: energy = 1118.1501
Iteration 540: energy = 1118.1375
Iteration 550: energy = 1118.1373
Iteration 560: energy = 1118.1316
Iteration 570: energy = 1118.1311
Iteration 580: energy = 1118.1255
Iteration 590: energy = 1118.1250
Iteration 600: energy = 1118.1223
Iteration 610: energy = 1118.1195
Iteration 620: energy = 1118.1141
Iteration 630: energy = 1118.1129
Iteration 640: energy = 1118.1080
Iteration 10: energy = 873.3300
Iteration 20: energy = 864.5275
Iteration 30: energy = 855.9523
Iteration 40: energy = 851.0100
Iteration 50: energy = 843.5275
Iteration 60: energy = 839.0321
Iteration 70: energy = 835.6484
Iteration 80: energy = 834.0378
Iteration 90: energy = 833.3349
Iteration 100: energy = 832.8371
Iteration 110: energy = 832.2477
Iteration 120: energy = 831.6400
Iteration 130: energy = 831.2111
Iteration 140: energy = 830.6739
Iteration 150: energy = 830.3414
Iteration 160: energy = 829.8382
Iteration 170: energy = 829.4939
Iteration 180: energy = 829.0485
Iteration 190: energy = 828.6767
Iteration 200: energy = 828.4324
Iteration 210: energy = 828.1797
Iteration 220: energy = 827.9492
Iteration 230: energy = 827.7929
Iteration 240: energy = 827.6600
Iteration 250: energy = 827.5146
Iteration 260: energy = 827.3946
Iteration 270: energy = 827.1574
Iteration 280: energy = 826.9882
Iteration 290: energy = 826.8941
Iteration 300: energy = 826.7250
Iteration 310: energy = 826.5516
Iteration 320: energy = 826.4023
Iteration 330: energy = 826.1351
Iteration 340: energy = 825.7015
Iteration 350: energy = 825.2989
Iteration 360: energy = 825.0035
Iteration 370: energy = 824.6950
Iteration 380: energy = 824.4493
Iteration 390: energy = 824.2686
Iteration 400: energy = 824.1370
Iteration 410: energy = 824.0348
Iteration 420: energy = 823.9702
Iteration 430: energy = 823.8509
Iteration 440: energy = 823.7698
Iteration 450: energy = 823.7040
Iteration 460: energy = 823.6732
Iteration 470: energy = 823.6552
Iteration 480: energy = 823.6353
Iteration 490: energy = 823.6238
Iteration 500: energy = 823.6133
Iteration 510: energy = 823.6099
Iteration 10: energy = 1008.7238
Iteration 20: energy = 993.2482
Iteration 30: energy = 986.8250
Iteration 40: energy = 981.2235
Iteration 50: energy = 973.8944
Iteration 60: energy = 966.7518
Iteration 70: energy = 959.0823
Iteration 80: energy = 952.8777
Iteration 90: energy = 946.1332
Iteration 100: energy = 939.5096
Iteration 110: energy = 936.0234
Iteration 120: energy = 932.0835
Iteration 130: energy = 929.7150
Iteration 140: energy = 928.1498
Iteration 150: energy = 926.8131
Iteration 160: energy = 926.2067
Iteration 170: energy = 925.3448
Iteration 180: energy = 924.5508
Iteration 190: energy = 923.9272
Iteration 200: energy = 923.1783
Iteration 210: energy = 922.2961
Iteration 220: energy = 921.4197
Iteration 230: energy = 920.9876
Iteration 240: energy = 920.7390
Iteration 250: energy = 920.5858
Iteration 260: energy = 920.4091
Iteration 270: energy = 920.2038
Iteration 280: energy = 919.8603
Iteration 290: energy = 919.3722
Iteration 300: energy = 919.0341
Iteration 310: energy = 918.8351
Iteration 320: energy = 918.6388
Iteration 330: energy = 918.4101
Iteration 340: energy = 918.2461
Iteration 350: energy = 918.1261
Iteration 360: energy = 918.0031
Iteration 370: energy = 917.9152
Iteration 380: energy = 917.8367
Iteration 390: energy = 917.7599
Iteration 400: energy = 917.7250
Iteration 410: energy = 917.6794
Iteration 420: energy = 917.6164
Iteration 430: energy = 917.5762
Iteration 440: energy = 917.5339
Iteration 450: energy = 917.5098
Iteration 460: energy = 917.5032
Iteration 470: energy = 917.4991
Iteration 480: energy = 917.4906
Iteration 490: energy = 917.4814
Iteration 500: energy = 917.4702
Iteration 510: energy = 917.4675
Iteration 520: energy = 917.4631
Iteration 530: energy = 917.4568
Iteration 540: energy = 917.4551
Iteration 550: energy = 917.4501
Iteration 560: energy = 917.4471
Iteration 10: energy = 20.7238
Iteration 20: energy = 20.6426
Iteration 30: energy = 20.5375
Iteration 40: energy = 20.4691
Iteration 50: energy = 20.4372
Iteration 60: energy = 20.3989
Iteration 70: energy = 20.3688
Iteration 80: energy = 20.3442
Iteration 90: energy = 20.3321
Iteration 100: energy = 20.3258
Iteration 110: energy = 20.3221
Iteration 120: energy = 20.3182
Iteration 130: energy = 20.3147
Iteration 140: energy = 20.3124
Iteration 150: energy = 20.3111
Iteration 160: energy = 20.3105
Iteration 170: energy = 20.3103
Iteration 180: energy = 20.3101
Iteration 190: energy = 20.3100
Iteration 200: energy = 20.3100
Iteration 210: energy = 20.3099
Iteration 10: energy = 30.5284
Iteration 20: energy = 30.4426
Iteration 30: energy = 30.3733
Iteration 40: energy = 30.3014
Iteration 50: energy = 30.2468
Iteration 60: energy = 30.1839
Iteration 70: energy = 30.1267
Iteration 80: energy = 30.0995
Iteration 90: energy = 30.0801
Iteration 100: energy = 30.0711
Iteration 110: energy = 30.0679
Iteration 120: energy = 30.0654
Iteration 130: energy = 30.0635
Iteration 140: energy = 30.0612
Iteration 150: energy = 30.0594
Iteration 160: energy = 30.0568
Iteration 170: energy = 30.0557
Iteration 180: energy = 30.0552
Iteration 190: energy = 30.0551
Iteration 200: energy = 30.0550
Iteration 210: energy = 30.0550
Iteration 220: energy = 30.0549
Iteration 230: energy = 30.0548
Iteration 240: energy = 30.0547
Iteration 10: energy = 3.9605
Iteration 20: energy = 3.9499
Iteration 30: energy = 3.9425
Iteration 40: energy = 3.9364
Iteration 50: energy = 3.9321
Iteration 60: energy = 3.9296
Iteration 70: energy = 3.9272
Iteration 80: energy = 3.9254
Iteration 90: energy = 3.9244
Iteration 100: energy = 3.9239
Iteration 110: energy = 3.9235
Iteration 120: energy = 3.9233
Iteration 130: energy = 3.9231
Iteration 140: energy = 3.9230
Iteration 150: energy = 3.9228
Iteration 160: energy = 3.9227
Iteration 170: energy = 3.9225
Iteration 180: energy = 3.9223
Iteration 190: energy = 3.9222
Iteration 200: energy = 3.9222
Iteration 210: energy = 3.9221
Iteration 220: energy = 3.9221
Iteration 230: energy = 3.9221
Iteration 240: energy = 3.9221
Iteration 250: energy = 3.9221
Iteration 260: energy = 3.9221
Iteration 270: energy = 3.9221
Iteration 280: energy = 3.9221
Iteration 290: energy = 3.9220
Iteration 300: energy = 3.9220
Iteration 10: energy = 755.9315
Iteration 20: energy = 752.7500
Iteration 30: energy = 749.5747
Iteration 40: energy = 747.3031
Iteration 50: energy = 744.9076
Iteration 60: energy = 743.5681
Iteration 70: energy = 743.0480
Iteration 80: energy = 742.4730
Iteration 90: energy = 741.9399
Iteration 100: energy = 741.3558
Iteration 110: energy = 740.9386
Iteration 120: energy = 740.6783
Iteration 130: energy = 740.4637
Iteration 140: energy = 740.2588
Iteration 150: energy = 740.0265
Iteration 160: energy = 739.8760
Iteration 170: energy = 739.7388
Iteration 180: energy = 739.5938
Iteration 190: energy = 739.4819
Iteration 200: energy = 739.4003
Iteration 210: energy = 739.3513
Iteration 220: energy = 739.3089
Iteration 230: energy = 739.2640
Iteration 240: energy = 739.2381
Iteration 250: energy = 739.2093
Iteration 260: energy = 739.2026
Iteration 10: energy = 1136.0175
Iteration 20: energy = 1119.1779
Iteration 30: energy = 1107.8702
Iteration 40: energy = 1097.2854
Iteration 50: energy = 1088.5939
Iteration 60: energy = 1084.7021
Iteration 70: energy = 1081.2191
Iteration 80: energy = 1078.3726
Iteration 90: energy = 1076.5217
Iteration 100: energy = 1075.1720
Iteration 110: energy = 1074.3650
Iteration 120: energy = 1073.6914
Iteration 130: energy = 1073.3984
Iteration 140: energy = 1072.9442
Iteration 150: energy = 1072.5393
Iteration 160: energy = 1072.0341
Iteration 170: energy = 1071.6951
Iteration 180: energy = 1071.5786
Iteration 190: energy = 1071.3345
Iteration 200: energy = 1070.9724
Iteration 210: energy = 1070.5267
Iteration 220: energy = 1070.1041
Iteration 230: energy = 1069.7870
Iteration 240: energy = 1069.4946
Iteration 250: energy = 1069.1548
Iteration 260: energy = 1068.8330
Iteration 270: energy = 1068.5688
Iteration 280: energy = 1068.4519
Iteration 290: energy = 1068.4076
Iteration 300: energy = 1068.3522
Iteration 310: energy = 1068.2800
Iteration 320: energy = 1068.2123
Iteration 330: energy = 1068.1724
Iteration 340: energy = 1068.1077
Iteration 350: energy = 1068.0820
Iteration 360: energy = 1068.0553
Iteration 370: energy = 1068.0339
Iteration 380: energy = 1068.0295
Iteration 390: energy = 1068.0048
Iteration 400: energy = 1067.9802
Iteration 410: energy = 1067.9597
Iteration 420: energy = 1067.9397
Iteration 430: energy = 1067.9358
Iteration 440: energy = 1067.9231
Iteration 450: energy = 1067.9153
Iteration 460: energy = 1067.9126
Iteration 470: energy = 1067.9053
Iteration 480: energy = 1067.8997
Iteration 490: energy = 1067.8925
Iteration 500: energy = 1067.8898
Iteration 510: energy = 1067.8839
Iteration 520: energy = 1067.8790
Iteration 530: energy = 1067.8751
Iteration 10: energy = 204.6187
Iteration 20: energy = 203.2678
Iteration 30: energy = 201.1756
Iteration 40: energy = 199.0743
Iteration 50: energy = 197.5834
Iteration 60: energy = 196.4131
Iteration 70: energy = 195.6240
Iteration 80: energy = 194.9527
Iteration 90: energy = 194.3818
Iteration 100: energy = 194.1299
Iteration 110: energy = 193.6711
Iteration 120: energy = 193.3769
Iteration 130: energy = 193.1793
Iteration 140: energy = 193.1104
Iteration 150: energy = 193.0659
Iteration 160: energy = 193.0223
Iteration 170: energy = 192.9840
Iteration 180: energy = 192.9640
Iteration 190: energy = 192.9142
Iteration 200: energy = 192.8701
Iteration 210: energy = 192.8246
Iteration 220: energy = 192.7784
Iteration 230: energy = 192.7291
Iteration 240: energy = 192.7081
Iteration 250: energy = 192.6988
Iteration 260: energy = 192.6908
Iteration 270: energy = 192.6844
Iteration 280: energy = 192.6799
Iteration 290: energy = 192.6788
Iteration 300: energy = 192.6749
Iteration 310: energy = 192.6739
Iteration 320: energy = 192.6687
Iteration 330: energy = 192.6654
Iteration 340: energy = 192.6611
Iteration 350: energy = 192.6583
Iteration 360: energy = 192.6554
Iteration 370: energy = 192.6519
Iteration 380: energy = 192.6476
Iteration 390: energy = 192.6422
Iteration 400: energy = 192.6363
Iteration 410: energy = 192.6246
Iteration 420: energy = 192.6175
Iteration 430: energy = 192.6102
Iteration 440: energy = 192.6063
Iteration 450: energy = 192.6004
Iteration 460: energy = 192.5966
Iteration 470: energy = 192.5909
Iteration 480: energy = 192.5879
Iteration 490: energy = 192.5869
Iteration 500: energy = 192.5867
Iteration 510: energy = 192.5867
Iteration 10: energy = 69.8110
Iteration 20: energy = 69.7688
Iteration 30: energy = 69.7209
Iteration 40: energy = 69.6591
Iteration 50: energy = 69.5755
Iteration 60: energy = 69.5076
Iteration 70: energy = 69.4388
Iteration 80: energy = 69.3870
Iteration 90: energy = 69.3334
Iteration 100: energy = 69.3136
Iteration 110: energy = 69.3042
Iteration 120: energy = 69.3009
Iteration 130: energy = 69.2984
Iteration 140: energy = 69.2962
Iteration 150: energy = 69.2931
Iteration 160: energy = 69.2922
Iteration 170: energy = 69.2910
Iteration 180: energy = 69.2901
Iteration 190: energy = 69.2900
Iteration 200: energy = 69.2900
Iteration 10: energy = 151.9893
Iteration 20: energy = 151.6407
Iteration 30: energy = 150.8618
Iteration 40: energy = 150.1131
Iteration 50: energy = 149.5140
Iteration 60: energy = 148.3518
Iteration 70: energy = 146.5153
Iteration 80: energy = 145.4688
Iteration 90: energy = 144.9054
Iteration 100: energy = 144.6254
Iteration 110: energy = 144.2615
Iteration 120: energy = 144.1253
Iteration 130: energy = 143.9654
Iteration 140: energy = 143.7379
Iteration 150: energy = 143.6955
Iteration 160: energy = 143.6748
Iteration 170: energy = 143.6529
Iteration 180: energy = 143.6399
Iteration 190: energy = 143.6218
Iteration 200: energy = 143.5957
Iteration 210: energy = 143.5709
Iteration 220: energy = 143.5383
Iteration 230: energy = 143.5126
Iteration 240: energy = 143.4960
Iteration 250: energy = 143.4755
Iteration 260: energy = 143.4646
Iteration 270: energy = 143.4582
Iteration 280: energy = 143.4508
Iteration 290: energy = 143.4456
Iteration 300: energy = 143.4405
Iteration 310: energy = 143.4366
Iteration 320: energy = 143.4346
Iteration 330: energy = 143.4332
Iteration 340: energy = 143.4325
Iteration 10: energy = 1266.6687
Iteration 20: energy = 1259.6968
Iteration 30: energy = 1248.7639
Iteration 40: energy = 1233.7775
Iteration 50: energy = 1229.0079
Iteration 60: energy = 1221.0804
Iteration 70: energy = 1212.1266
Iteration 80: energy = 1207.5815
Iteration 90: energy = 1200.7245
Iteration 100: energy = 1192.5474
Iteration 110: energy = 1185.3934
Iteration 120: energy = 1179.5905
Iteration 130: energy = 1175.0585
Iteration 140: energy = 1171.8508
Iteration 150: energy = 1170.3809
Iteration 160: energy = 1169.9438
Iteration 170: energy = 1169.7252
Iteration 180: energy = 1169.5303
Iteration 190: energy = 1169.2053
Iteration 200: energy = 1168.9651
Iteration 210: energy = 1168.6411
Iteration 220: energy = 1168.3483
Iteration 230: energy = 1167.8164
Iteration 240: energy = 1167.4215
Iteration 250: energy = 1167.0696
Iteration 260: energy = 1166.7169
Iteration 270: energy = 1166.6256
Iteration 280: energy = 1166.5818
Iteration 290: energy = 1166.5555
Iteration 300: energy = 1166.5286
Iteration 310: energy = 1166.5164
Iteration 320: energy = 1166.4993
Iteration 330: energy = 1166.4893
Iteration 340: energy = 1166.4692
Iteration 350: energy = 1166.4658
Iteration 360: energy = 1166.4622
Iteration 370: energy = 1166.4562
Iteration 380: energy = 1166.4554
Iteration 390: energy = 1166.4504
Iteration 400: energy = 1166.4489
Iteration 410: energy = 1166.4470
Iteration 420: energy = 1166.4377
Iteration 430: energy = 1166.4375
Iteration 440: energy = 1166.4370
Iteration 450: energy = 1166.4360
Iteration 460: energy = 1166.4343
Iteration 10: energy = 35.8615
Iteration 20: energy = 35.7730
Iteration 30: energy = 35.6975
Iteration 40: energy = 35.6269
Iteration 50: energy = 35.5486
Iteration 60: energy = 35.5206
Iteration 70: energy = 35.4715
Iteration 80: energy = 35.4281
Iteration 90: energy = 35.4036
Iteration 100: energy = 35.3912
Iteration 110: energy = 35.3808
Iteration 120: energy = 35.3677
Iteration 130: energy = 35.3616
Iteration 140: energy = 35.3585
Iteration 150: energy = 35.3559
Iteration 160: energy = 35.3538
Iteration 170: energy = 35.3508
Iteration 180: energy = 35.3475
Iteration 190: energy = 35.3418
Iteration 200: energy = 35.3373
Iteration 210: energy = 35.3337
Iteration 220: energy = 35.3318
Iteration 230: energy = 35.3303
Iteration 240: energy = 35.3292
Iteration 250: energy = 35.3277
Iteration 260: energy = 35.3263
Iteration 270: energy = 35.3254
Iteration 280: energy = 35.3244
Iteration 290: energy = 35.3239
Iteration 300: energy = 35.3234
Iteration 310: energy = 35.3232
Iteration 320: energy = 35.3227
Iteration 330: energy = 35.3225
Iteration 340: energy = 35.3219
Iteration 350: energy = 35.3217
Iteration 360: energy = 35.3208
Iteration 370: energy = 35.3207
Iteration 380: energy = 35.3201
Iteration 390: energy = 35.3196
Iteration 400: energy = 35.3192
Iteration 410: energy = 35.3189
Iteration 420: energy = 35.3187
Iteration 430: energy = 35.3186
Iteration 440: energy = 35.3184
Iteration 10: energy = 654.8772
Iteration 20: energy = 642.4149
Iteration 30: energy = 633.5222
Iteration 40: energy = 626.4327
Iteration 50: energy = 624.4586
Iteration 60: energy = 622.9893
Iteration 70: energy = 620.7996
Iteration 80: energy = 620.0297
Iteration 90: energy = 619.2004
Iteration 100: energy = 618.2490
Iteration 110: energy = 617.7576
Iteration 120: energy = 617.3197
Iteration 130: energy = 617.1495
Iteration 140: energy = 616.7919
Iteration 150: energy = 616.5569
Iteration 160: energy = 616.4489
Iteration 170: energy = 616.3721
Iteration 180: energy = 616.2576
Iteration 190: energy = 616.2000
Iteration 200: energy = 616.1434
Iteration 210: energy = 616.1238
Iteration 220: energy = 616.1135
Iteration 230: energy = 616.1077
Iteration 240: energy = 616.0989
Iteration 250: energy = 616.0934
Iteration 260: energy = 616.0892
Iteration 10: energy = 1487.0306
Iteration 20: energy = 1467.1746
Iteration 30: energy = 1455.5371
Iteration 40: energy = 1434.7704
Iteration 50: energy = 1416.3666
Iteration 60: energy = 1400.5317
Iteration 70: energy = 1386.0563
Iteration 80: energy = 1380.4066
Iteration 90: energy = 1376.6965
Iteration 100: energy = 1373.1941
Iteration 110: energy = 1370.7173
Iteration 120: energy = 1369.7806
Iteration 130: energy = 1369.0078
Iteration 140: energy = 1368.0399
Iteration 150: energy = 1367.4707
Iteration 160: energy = 1366.8032
Iteration 170: energy = 1365.3204
Iteration 180: energy = 1364.3282
Iteration 190: energy = 1363.8944
Iteration 200: energy = 1363.2749
Iteration 210: energy = 1362.9604
Iteration 220: energy = 1362.4694
Iteration 230: energy = 1361.9612
Iteration 240: energy = 1361.5927
Iteration 250: energy = 1361.2261
Iteration 260: energy = 1360.8334
Iteration 270: energy = 1360.2281
Iteration 280: energy = 1358.4436
Iteration 290: energy = 1350.0826
Iteration 300: energy = 1334.5249
Iteration 310: energy = 1315.1940
Iteration 320: energy = 1300.9598
Iteration 330: energy = 1293.8748
Iteration 340: energy = 1291.1152
Iteration 350: energy = 1287.8254
Iteration 360: energy = 1284.9154
Iteration 370: energy = 1280.0442
Iteration 380: energy = 1277.4053
Iteration 390: energy = 1272.7623
Iteration 400: energy = 1269.4896
Iteration 410: energy = 1266.3707
Iteration 420: energy = 1264.1479
Iteration 430: energy = 1262.6285
Iteration 440: energy = 1260.3235
Iteration 450: energy = 1258.9165
Iteration 460: energy = 1257.5287
Iteration 470: energy = 1256.7699
Iteration 480: energy = 1256.2626
Iteration 490: energy = 1255.8474
Iteration 500: energy = 1255.6346
Iteration 510: energy = 1255.5649
Iteration 520: energy = 1255.4702
Iteration 530: energy = 1255.4071
Iteration 540: energy = 1255.3269
Iteration 550: energy = 1255.2990
Iteration 560: energy = 1255.2271
Iteration 570: energy = 1255.2225
Iteration 580: energy = 1255.1609
Iteration 590: energy = 1255.1042
Iteration 600: energy = 1255.0670
Iteration 610: energy = 1255.0352
Iteration 620: energy = 1255.0051
Iteration 630: energy = 1254.9902
Iteration 640: energy = 1254.9880
Iteration 650: energy = 1254.9694
Iteration 660: energy = 1254.9631
Iteration 670: energy = 1254.9574
Iteration 10: energy = 822.2535
Iteration 20: energy = 813.0170
Iteration 30: energy = 806.3625
Iteration 40: energy = 796.2126
Iteration 50: energy = 789.7725
Iteration 60: energy = 783.7970
Iteration 70: energy = 779.7329
Iteration 80: energy = 776.8298
Iteration 90: energy = 775.2613
Iteration 100: energy = 773.7714
Iteration 110: energy = 771.5334
Iteration 120: energy = 769.2600
Iteration 130: energy = 767.4300
Iteration 140: energy = 762.4828
Iteration 150: energy = 752.5001
Iteration 160: energy = 745.7897
Iteration 170: energy = 740.8980
Iteration 180: energy = 736.6743
Iteration 190: energy = 734.3619
Iteration 200: energy = 732.8667
Iteration 210: energy = 731.5157
Iteration 220: energy = 730.2112
Iteration 230: energy = 729.1453
Iteration 240: energy = 728.1758
Iteration 250: energy = 727.7574
Iteration 260: energy = 726.7666
Iteration 270: energy = 726.1356
Iteration 280: energy = 725.7031
Iteration 290: energy = 724.8768
Iteration 300: energy = 724.0656
Iteration 310: energy = 723.1060
Iteration 320: energy = 722.4101
Iteration 330: energy = 722.1039
Iteration 340: energy = 721.8718
Iteration 350: energy = 721.6035
Iteration 360: energy = 721.2903
Iteration 370: energy = 721.1617
Iteration 380: energy = 721.0494
Iteration 390: energy = 720.9662
Iteration 400: energy = 720.9161
Iteration 410: energy = 720.8830
Iteration 420: energy = 720.8416
Iteration 430: energy = 720.8073
Iteration 440: energy = 720.7662
Iteration 450: energy = 720.7419
Iteration 460: energy = 720.7227
Iteration 470: energy = 720.6984
Iteration 480: energy = 720.6832
Iteration 490: energy = 720.6782
Iteration 500: energy = 720.6682
Iteration 510: energy = 720.6609
Iteration 520: energy = 720.6509
Iteration 530: energy = 720.6337
Iteration 540: energy = 720.6229
Iteration 550: energy = 720.6118
Iteration 560: energy = 720.6052
Iteration 570: energy = 720.5848
Iteration 580: energy = 720.5815
Iteration 590: energy = 720.5726
Iteration 600: energy = 720.5659
Iteration 610: energy = 720.5626
Iteration 620: energy = 720.5566
Iteration 10: energy = 101.8413
Iteration 20: energy = 101.7476
Iteration 30: energy = 101.5038
Iteration 40: energy = 101.2497
Iteration 50: energy = 101.1186
Iteration 60: energy = 100.9528
Iteration 70: energy = 100.8477
Iteration 80: energy = 100.7841
Iteration 90: energy = 100.7455
Iteration 100: energy = 100.7292
Iteration 110: energy = 100.7191
Iteration 120: energy = 100.7025
Iteration 130: energy = 100.6958
Iteration 140: energy = 100.6897
Iteration 150: energy = 100.6850
Iteration 160: energy = 100.6797
Iteration 170: energy = 100.6741
Iteration 180: energy = 100.6699
Iteration 190: energy = 100.6661
Iteration 200: energy = 100.6590
Iteration 210: energy = 100.6536
Iteration 220: energy = 100.6476
Iteration 230: energy = 100.6428
Iteration 240: energy = 100.6390
Iteration 250: energy = 100.6381
Iteration 260: energy = 100.6372
Iteration 270: energy = 100.6365
Iteration 280: energy = 100.6362
Iteration 290: energy = 100.6360
Iteration 300: energy = 100.6359
Iteration 310: energy = 100.6357
Iteration 320: energy = 100.6349
Iteration 10: energy = 3.6348
Iteration 20: energy = 3.6334
Iteration 30: energy = 3.6322
Iteration 40: energy = 3.6312
Iteration 50: energy = 3.6307
Iteration 60: energy = 3.6298
Iteration 70: energy = 3.6291
Iteration 80: energy = 3.6286
Iteration 90: energy = 3.6282
Iteration 100: energy = 3.6278
Iteration 110: energy = 3.6275
Iteration 120: energy = 3.6272
Iteration 130: energy = 3.6271
Iteration 140: energy = 3.6268
Iteration 150: energy = 3.6266
Iteration 160: energy = 3.6266
Iteration 170: energy = 3.6265
Iteration 180: energy = 3.6264
Iteration 190: energy = 3.6263
Iteration 200: energy = 3.6262
Iteration 210: energy = 3.6262
Iteration 220: energy = 3.6262
Iteration 10: energy = 58.6986
Iteration 20: energy = 58.5540
Iteration 30: energy = 58.3946
Iteration 40: energy = 58.3045
Iteration 50: energy = 58.2594
Iteration 60: energy = 58.2366
Iteration 70: energy = 58.2209
Iteration 80: energy = 58.2062
Iteration 90: energy = 58.1909
Iteration 100: energy = 58.1707
Iteration 110: energy = 58.1324
Iteration 120: energy = 58.0925
Iteration 130: energy = 58.0741
Iteration 140: energy = 58.0685
Iteration 150: energy = 58.0661
Iteration 160: energy = 58.0652
Iteration 170: energy = 58.0647
Iteration 180: energy = 58.0644
Iteration 190: energy = 58.0632
Iteration 200: energy = 58.0625
Iteration 210: energy = 58.0623
Initial geodesic lengths: [14.702346801757812, 5.556020736694336, 28.026002883911133, 32.16804122924805, 25.824951171875, 8.4605712890625, 35.49021911621094, 29.35038185119629, 30.776100158691406, 4.511054992675781, 5.500093460083008, 1.9812772274017334, 27.281375885009766, 33.35996627807617, 14.297357559204102, 8.326942443847656, 12.3139009475708, 34.431556701660156, 5.958377838134766, 25.3863468170166, 37.007102966308594, 28.089508056640625, 10.06059741973877, 1.9065088033676147, 7.638612270355225]
Optimized geodesic lengths: [14.254093170166016, 5.554570198059082, 27.76865005493164, 31.774057388305664, 25.613662719726562, 8.406658172607422, 33.4368896484375, 28.696910858154297, 30.28917694091797, 4.50665283203125, 5.482172012329102, 1.9804062843322754, 27.187416076660156, 32.67771530151367, 13.87749195098877, 8.324045181274414, 11.976287841796875, 34.152801513671875, 5.942901611328125, 24.820358276367188, 35.42243194580078, 26.84197235107422, 10.031682014465332, 1.9042332172393799, 7.619755268096924]

------------------------------------------------------------
Sender: LSF System <lsfadmin@hpc.dtu.dk>
Subject: Job 24548326: <ensemblev100> in cluster <dcc> Done

Job <ensemblev100> was submitted from host <n-62-12-19> by user <s185927> in cluster <dcc> at Mon Mar 31 20:47:53 2025
Job was executed on host(s) <4*n-62-11-15>, in queue <gpuv100>, as user <s185927> in cluster <dcc> at Mon Mar 31 20:47:54 2025
</zhome/e3/3/139772> was used as the home directory.
</zhome/e3/3/139772/Desktop/AML/AML/github-project-2/AML-Project-2/src> was used as the working directory.
Started at Mon Mar 31 20:47:54 2025
Terminated at Mon Mar 31 20:48:49 2025
Results reported at Mon Mar 31 20:48:49 2025

Your job looked like:

------------------------------------------------------------
# LSBATCH: User input
#!/bin/bash
#BSUB -J ensemblev100
#BSUB -q gpuv100
#BSUB -n 4
#BSUB -gpu "num=1:mode=exclusive_process"
#BSUB -W 5:00
#BSUB -R "rusage[mem=5GB]"
#BSUB -u lassesofus@gmail.com
#BSUB -o %J.out
#BSUB -e %J.err

module load cuda/11.8

source /zhome/e3/3/139772/Desktop/AML/aml_new/bin/activate

#python ensemble_vae.py --mode train --device cuda --experiment-folder ../experiment/ensemble_3 --num-decoders 3
python ensemble_vae.py --mode geodesics --device cuda --experiment-folder ../experiment/run2 --num-decoders 1 --num-t 50
------------------------------------------------------------

Successfully completed.

Resource usage summary:

    CPU time :                                   47.37 sec.
    Max Memory :                                 600 MB
    Average Memory :                             600.00 MB
    Total Requested Memory :                     20480.00 MB
    Delta Memory :                               19880.00 MB
    Max Swap :                                   -
    Max Processes :                              4
    Max Threads :                                9
    Run time :                                   55 sec.
    Turnaround time :                            56 sec.

The output (if any) is above this job summary.



PS:

Read file <24548326.err> for stderr output of this job.

