# Options
batch_size = 32
device = cuda
epochs_per_decoder = 200
experiment_folder = ../experiment/ensemble_3
latent_dim = 2
mode = geodesics
num_curves = 25
num_decoders = 3
num_reruns = 10
num_t = 50
samples = samples.png
Iteration 10: energy = 2173.3828
Iteration 20: energy = 2014.2349
Iteration 30: energy = 1863.6184
Iteration 40: energy = 1794.9216
Iteration 50: energy = 1760.6273
Iteration 60: energy = 1751.2968
Iteration 70: energy = 1745.5364
Iteration 80: energy = 1743.8059
Iteration 90: energy = 1742.7059
Iteration 100: energy = 1741.9210
Iteration 110: energy = 1741.0970
Iteration 120: energy = 1740.6080
Iteration 130: energy = 1740.1119
Iteration 140: energy = 1739.7631
Iteration 150: energy = 1739.4478
Iteration 160: energy = 1738.9923
Iteration 170: energy = 1738.6770
Iteration 180: energy = 1738.1470
Iteration 190: energy = 1737.8767
Iteration 200: energy = 1737.4623
Iteration 210: energy = 1737.2189
Iteration 220: energy = 1736.8615
Iteration 230: energy = 1736.5211
Iteration 240: energy = 1735.9730
Iteration 250: energy = 1735.6622
Iteration 260: energy = 1735.0609
Iteration 270: energy = 1734.8629
Iteration 280: energy = 1734.0433
Iteration 290: energy = 1733.9277
Iteration 300: energy = 1733.2869
Iteration 310: energy = 1733.0370
Iteration 320: energy = 1732.8840
Iteration 330: energy = 1732.5002
Iteration 340: energy = 1732.4165
Iteration 350: energy = 1732.2826
Iteration 360: energy = 1732.2153
Iteration 370: energy = 1732.2133
Iteration 380: energy = 1732.1963
Iteration 390: energy = 1732.1205
Iteration 400: energy = 1731.9542
Iteration 410: energy = 1731.8674
Iteration 420: energy = 1731.8322
Iteration 10: energy = 4709.9707
Iteration 20: energy = 4593.9385
Iteration 30: energy = 4562.4834
Iteration 40: energy = 4544.9082
Iteration 50: energy = 4537.4502
Iteration 60: energy = 4532.0986
Iteration 70: energy = 4528.9229
Iteration 80: energy = 4527.3975
Iteration 90: energy = 4527.3867
Iteration 100: energy = 4526.0464
Iteration 110: energy = 4524.5596
Iteration 120: energy = 4524.2495
Iteration 130: energy = 4522.3457
Iteration 140: energy = 4521.9624
Iteration 150: energy = 4521.7622
Iteration 160: energy = 4521.7515
Iteration 10: energy = 3334.0740
Iteration 20: energy = 3259.3948
Iteration 30: energy = 3054.0610
Iteration 40: energy = 2922.2971
Iteration 50: energy = 2829.0686
Iteration 60: energy = 2721.6685
Iteration 70: energy = 2653.6738
Iteration 80: energy = 2585.8562
Iteration 90: energy = 2527.2490
Iteration 100: energy = 2485.4958
Iteration 110: energy = 2446.8721
Iteration 120: energy = 2399.9890
Iteration 130: energy = 2365.3828
Iteration 140: energy = 2345.5710
Iteration 150: energy = 2317.0774
Iteration 160: energy = 2308.6482
Iteration 170: energy = 2301.0259
Iteration 180: energy = 2298.2666
Iteration 190: energy = 2295.8230
Iteration 200: energy = 2295.1118
Iteration 210: energy = 2294.5940
Iteration 220: energy = 2293.9602
Iteration 230: energy = 2292.5403
Iteration 240: energy = 2291.5583
Iteration 250: energy = 2291.1919
Iteration 260: energy = 2290.5010
Iteration 270: energy = 2290.0588
Iteration 280: energy = 2289.9558
Iteration 290: energy = 2289.9539
Iteration 300: energy = 2289.5645
Iteration 310: energy = 2289.5408
Iteration 10: energy = 3673.0090
Iteration 20: energy = 3595.1987
Iteration 30: energy = 3565.9099
Iteration 40: energy = 3463.0020
Iteration 50: energy = 3415.6577
Iteration 60: energy = 3341.8896
Iteration 70: energy = 3283.3774
Iteration 80: energy = 3232.1853
Iteration 90: energy = 3193.1257
Iteration 100: energy = 3112.6030
Iteration 110: energy = 3090.1687
Iteration 120: energy = 3032.4744
Iteration 130: energy = 2980.6809
Iteration 140: energy = 2962.4036
Iteration 150: energy = 2932.2363
Iteration 160: energy = 2905.3906
Iteration 170: energy = 2828.7632
Iteration 180: energy = 2792.4277
Iteration 190: energy = 2758.6448
Iteration 200: energy = 2716.1316
Iteration 210: energy = 2680.3970
Iteration 220: energy = 2651.0105
Iteration 230: energy = 2626.0039
Iteration 240: energy = 2604.7661
Iteration 250: energy = 2590.7478
Iteration 260: energy = 2569.3093
Iteration 270: energy = 2563.6331
Iteration 280: energy = 2561.1191
Iteration 290: energy = 2559.6406
Iteration 300: energy = 2558.8789
Iteration 310: energy = 2558.5583
Iteration 320: energy = 2558.3254
Iteration 330: energy = 2558.2368
Iteration 10: energy = 4877.0854
Iteration 20: energy = 4681.4058
Iteration 30: energy = 4381.4341
Iteration 40: energy = 4143.7949
Iteration 50: energy = 3970.1614
Iteration 60: energy = 3679.4673
Iteration 70: energy = 3442.9709
Iteration 80: energy = 3227.9407
Iteration 90: energy = 3073.7573
Iteration 100: energy = 2972.8140
Iteration 110: energy = 2954.1282
Iteration 120: energy = 2926.1394
Iteration 130: energy = 2898.1172
Iteration 140: energy = 2871.1812
Iteration 150: energy = 2848.2488
Iteration 160: energy = 2824.3438
Iteration 170: energy = 2818.0312
Iteration 180: energy = 2813.8589
Iteration 190: energy = 2811.4241
Iteration 200: energy = 2810.5198
Iteration 210: energy = 2809.6055
Iteration 220: energy = 2809.2485
Iteration 230: energy = 2808.8596
Iteration 240: energy = 2808.7034
Iteration 250: energy = 2808.3386
Iteration 260: energy = 2808.1157
Iteration 270: energy = 2807.9167
Iteration 280: energy = 2807.7559
Iteration 290: energy = 2807.6716
Iteration 300: energy = 2807.5449
Iteration 310: energy = 2807.5044
Iteration 320: energy = 2807.2993
Iteration 10: energy = 4944.1050
Iteration 20: energy = 4781.3965
Iteration 30: energy = 4752.7373
Iteration 40: energy = 4670.5195
Iteration 50: energy = 4653.7651
Iteration 60: energy = 4625.7295
Iteration 70: energy = 4619.5894
Iteration 80: energy = 4615.7739
Iteration 90: energy = 4611.7593
Iteration 100: energy = 4608.9536
Iteration 110: energy = 4607.5776
Iteration 120: energy = 4606.8325
Iteration 10: energy = 3850.9014
Iteration 20: energy = 3585.0713
Iteration 30: energy = 3450.9453
Iteration 40: energy = 3374.2527
Iteration 50: energy = 3308.1548
Iteration 60: energy = 3221.7502
Iteration 70: energy = 3133.1521
Iteration 80: energy = 3021.8005
Iteration 90: energy = 2991.7002
Iteration 100: energy = 2939.8506
Iteration 110: energy = 2868.5911
Iteration 120: energy = 2840.5967
Iteration 130: energy = 2775.0981
Iteration 140: energy = 2749.6440
Iteration 150: energy = 2686.8232
Iteration 160: energy = 2661.5596
Iteration 170: energy = 2608.8608
Iteration 180: energy = 2564.9717
Iteration 190: energy = 2530.5776
Iteration 200: energy = 2487.8162
Iteration 210: energy = 2454.1133
Iteration 220: energy = 2430.7744
Iteration 230: energy = 2409.7830
Iteration 240: energy = 2400.7188
Iteration 250: energy = 2394.3215
Iteration 260: energy = 2391.8386
Iteration 270: energy = 2391.1494
Iteration 280: energy = 2390.1343
Iteration 290: energy = 2390.1313
Iteration 300: energy = 2389.8992
Iteration 310: energy = 2389.8083
Iteration 320: energy = 2389.7166
Iteration 330: energy = 2389.7126
Iteration 10: energy = 3155.9460
Iteration 20: energy = 3004.2058
Iteration 30: energy = 2835.8611
Iteration 40: energy = 2596.5649
Iteration 50: energy = 2421.3149
Iteration 60: energy = 2361.0535
Iteration 70: energy = 2272.1968
Iteration 80: energy = 2203.1873
Iteration 90: energy = 2176.8643
Iteration 100: energy = 2144.7471
Iteration 110: energy = 2137.5510
Iteration 120: energy = 2126.9766
Iteration 130: energy = 2117.5959
Iteration 140: energy = 2113.5618
Iteration 150: energy = 2109.3621
Iteration 160: energy = 2107.2827
Iteration 170: energy = 2105.7456
Iteration 180: energy = 2103.2632
Iteration 190: energy = 2098.6382
Iteration 200: energy = 2098.5464
Iteration 210: energy = 2097.2065
Iteration 220: energy = 2096.2021
Iteration 230: energy = 2095.7656
Iteration 10: energy = 4546.5605
Iteration 20: energy = 4293.5098
Iteration 30: energy = 4190.0166
Iteration 40: energy = 4128.6670
Iteration 50: energy = 4075.3506
Iteration 60: energy = 4003.1785
Iteration 70: energy = 3935.6472
Iteration 80: energy = 3868.4792
Iteration 90: energy = 3813.8420
Iteration 100: energy = 3746.7876
Iteration 110: energy = 3685.3284
Iteration 120: energy = 3661.9990
Iteration 130: energy = 3608.4487
Iteration 140: energy = 3580.7944
Iteration 150: energy = 3539.8762
Iteration 160: energy = 3514.6091
Iteration 170: energy = 3464.6526
Iteration 180: energy = 3406.1313
Iteration 190: energy = 3371.1704
Iteration 200: energy = 3328.3198
Iteration 210: energy = 3301.7197
Iteration 220: energy = 3235.0181
Iteration 230: energy = 3203.4175
Iteration 240: energy = 3145.9370
Iteration 250: energy = 3119.8718
Iteration 260: energy = 3073.7231
Iteration 270: energy = 3036.6204
Iteration 280: energy = 2981.7395
Iteration 290: energy = 2946.2275
Iteration 300: energy = 2884.1541
Iteration 310: energy = 2845.7795
Iteration 320: energy = 2822.4639
Iteration 330: energy = 2783.6577
Iteration 340: energy = 2745.5452
Iteration 350: energy = 2736.1348
Iteration 360: energy = 2706.5513
Iteration 370: energy = 2701.0847
Iteration 380: energy = 2693.7861
Iteration 390: energy = 2691.9011
Iteration 400: energy = 2691.2117
Iteration 410: energy = 2690.8838
Iteration 420: energy = 2690.8152
Iteration 10: energy = 1561.2535
Iteration 20: energy = 1501.9368
Iteration 30: energy = 1485.9749
Iteration 40: energy = 1480.3015
Iteration 50: energy = 1479.0035
Iteration 60: energy = 1478.0168
Iteration 70: energy = 1477.7352
Iteration 80: energy = 1477.4058
Iteration 90: energy = 1477.2324
Iteration 100: energy = 1477.0573
Iteration 110: energy = 1476.9545
Iteration 120: energy = 1476.8688
Iteration 130: energy = 1476.8633
Iteration 140: energy = 1476.7531
Iteration 10: energy = 1789.4581
Iteration 20: energy = 1576.8767
Iteration 30: energy = 1555.9607
Iteration 40: energy = 1551.7695
Iteration 50: energy = 1550.0262
Iteration 60: energy = 1548.4933
Iteration 70: energy = 1547.0540
Iteration 80: energy = 1544.9219
Iteration 90: energy = 1543.8203
Iteration 100: energy = 1543.1968
Iteration 110: energy = 1542.9294
Iteration 120: energy = 1542.5817
Iteration 130: energy = 1542.0419
Iteration 140: energy = 1541.6844
Iteration 150: energy = 1541.3539
Iteration 160: energy = 1540.5784
Iteration 170: energy = 1539.7352
Iteration 180: energy = 1539.3357
Iteration 190: energy = 1538.2327
Iteration 200: energy = 1537.0830
Iteration 210: energy = 1536.5756
Iteration 220: energy = 1535.2319
Iteration 230: energy = 1534.3396
Iteration 240: energy = 1532.9456
Iteration 250: energy = 1531.9926
Iteration 260: energy = 1530.6837
Iteration 270: energy = 1529.5199
Iteration 280: energy = 1528.6230
Iteration 290: energy = 1528.3706
Iteration 300: energy = 1527.7582
Iteration 310: energy = 1527.3828
Iteration 320: energy = 1527.2068
Iteration 330: energy = 1527.1049
Iteration 340: energy = 1526.9464
Iteration 350: energy = 1526.9446
Iteration 360: energy = 1526.8390
Iteration 10: energy = 5780.5137
Iteration 20: energy = 5482.8149
Iteration 30: energy = 4963.6606
Iteration 40: energy = 4807.5322
Iteration 50: energy = 4793.9194
Iteration 60: energy = 4778.2456
Iteration 70: energy = 4769.0815
Iteration 80: energy = 4762.1318
Iteration 90: energy = 4759.4233
Iteration 100: energy = 4756.0278
Iteration 110: energy = 4754.4292
Iteration 120: energy = 4753.2529
Iteration 130: energy = 4753.2217
Iteration 140: energy = 4752.6274
Iteration 150: energy = 4752.1865
Iteration 160: energy = 4751.9585
Iteration 10: energy = 4335.7866
Iteration 20: energy = 3984.4016
Iteration 30: energy = 3862.2512
Iteration 40: energy = 3672.6934
Iteration 50: energy = 3452.1716
Iteration 60: energy = 3346.5005
Iteration 70: energy = 3148.4612
Iteration 80: energy = 2745.5876
Iteration 90: energy = 2668.7959
Iteration 100: energy = 2532.7200
Iteration 110: energy = 2484.0957
Iteration 120: energy = 2462.0017
Iteration 130: energy = 2408.7676
Iteration 140: energy = 2388.1152
Iteration 150: energy = 2368.8669
Iteration 160: energy = 2352.5771
Iteration 170: energy = 2347.2341
Iteration 180: energy = 2344.4824
Iteration 190: energy = 2343.5510
Iteration 200: energy = 2342.8784
Iteration 210: energy = 2342.6802
Iteration 220: energy = 2342.5022
Iteration 230: energy = 2342.3027
Iteration 240: energy = 2342.2422
Iteration 250: energy = 2342.1338
Iteration 260: energy = 2342.1328
Iteration 270: energy = 2342.1326
Iteration 10: energy = 3942.8813
Iteration 20: energy = 3797.2051
Iteration 30: energy = 3689.2678
Iteration 40: energy = 3623.6465
Iteration 50: energy = 3546.2661
Iteration 60: energy = 3469.5579
Iteration 70: energy = 3410.2161
Iteration 80: energy = 3342.3301
Iteration 90: energy = 3306.4224
Iteration 100: energy = 3248.3916
Iteration 110: energy = 3231.1667
Iteration 120: energy = 3194.2773
Iteration 130: energy = 3161.0024
Iteration 140: energy = 3118.1514
Iteration 150: energy = 3058.3628
Iteration 160: energy = 3026.8921
Iteration 170: energy = 2974.4502
Iteration 180: energy = 2947.3035
Iteration 190: energy = 2892.8704
Iteration 200: energy = 2860.9956
Iteration 210: energy = 2807.0320
Iteration 220: energy = 2772.9541
Iteration 230: energy = 2725.9189
Iteration 240: energy = 2675.3096
Iteration 250: energy = 2658.5750
Iteration 260: energy = 2628.0811
Iteration 270: energy = 2602.6548
Iteration 280: energy = 2586.9016
Iteration 290: energy = 2573.2693
Iteration 300: energy = 2567.6387
Iteration 310: energy = 2563.3149
Iteration 320: energy = 2561.4026
Iteration 330: energy = 2560.5164
Iteration 340: energy = 2559.9451
Iteration 10: energy = 2262.7305
Iteration 20: energy = 2065.9900
Iteration 30: energy = 1895.7980
Iteration 40: energy = 1845.8042
Iteration 50: energy = 1795.0399
Iteration 60: energy = 1772.2683
Iteration 70: energy = 1768.1587
Iteration 80: energy = 1762.9147
Iteration 90: energy = 1759.8976
Iteration 100: energy = 1758.7239
Iteration 110: energy = 1757.7439
Iteration 120: energy = 1757.4949
Iteration 10: energy = 5047.6450
Iteration 20: energy = 4872.2490
Iteration 30: energy = 4798.3535
Iteration 40: energy = 4756.9702
Iteration 50: energy = 4730.5371
Iteration 60: energy = 4709.2812
Iteration 70: energy = 4701.9814
Iteration 80: energy = 4697.9233
Iteration 90: energy = 4696.2207
Iteration 100: energy = 4695.0571
Iteration 110: energy = 4693.3428
Iteration 120: energy = 4692.3994
Iteration 130: energy = 4691.9531
Iteration 140: energy = 4691.4473
Iteration 150: energy = 4689.5010
Iteration 160: energy = 4688.0078
Iteration 170: energy = 4686.5537
Iteration 180: energy = 4686.5332
Iteration 190: energy = 4686.0391
Iteration 200: energy = 4685.4600
Iteration 10: energy = 1771.2596
Iteration 20: energy = 1701.3271
Iteration 30: energy = 1654.2850
Iteration 40: energy = 1635.8307
Iteration 50: energy = 1630.3236
Iteration 60: energy = 1629.2246
Iteration 70: energy = 1628.0758
Iteration 80: energy = 1627.0815
Iteration 90: energy = 1625.5818
Iteration 100: energy = 1624.9865
Iteration 110: energy = 1624.0475
Iteration 120: energy = 1622.9429
Iteration 130: energy = 1622.7118
Iteration 140: energy = 1622.4779
Iteration 150: energy = 1622.2458
Iteration 160: energy = 1622.1456
Iteration 170: energy = 1621.8584
Iteration 180: energy = 1621.7190
Iteration 190: energy = 1621.0422
Iteration 200: energy = 1620.2644
Iteration 210: energy = 1620.0552
Iteration 220: energy = 1618.3932
Iteration 230: energy = 1618.0258
Iteration 240: energy = 1616.2571
Iteration 250: energy = 1614.1774
Iteration 260: energy = 1613.1216
Iteration 270: energy = 1612.3434
Iteration 280: energy = 1609.9821
Iteration 290: energy = 1608.2815
Iteration 300: energy = 1607.2341
Iteration 310: energy = 1606.0829
Iteration 320: energy = 1604.1727
Iteration 330: energy = 1602.5612
Iteration 340: energy = 1601.2362
Iteration 350: energy = 1600.1484
Iteration 360: energy = 1597.6433
Iteration 370: energy = 1596.8497
Iteration 380: energy = 1595.7003
Iteration 390: energy = 1594.4891
Iteration 400: energy = 1593.1954
Iteration 410: energy = 1592.7618
Iteration 420: energy = 1592.0000
Iteration 430: energy = 1591.1213
Iteration 440: energy = 1591.1196
Iteration 450: energy = 1591.0320
Iteration 460: energy = 1591.0306
Iteration 10: energy = 4000.7295
Iteration 20: energy = 3618.7603
Iteration 30: energy = 3416.3955
Iteration 40: energy = 3214.9358
Iteration 50: energy = 3109.3362
Iteration 60: energy = 2961.3564
Iteration 70: energy = 2895.0281
Iteration 80: energy = 2787.3037
Iteration 90: energy = 2730.3164
Iteration 100: energy = 2670.5229
Iteration 110: energy = 2617.8296
Iteration 120: energy = 2564.7898
Iteration 130: energy = 2523.2683
Iteration 140: energy = 2484.7622
Iteration 150: energy = 2440.1555
Iteration 160: energy = 2409.1204
Iteration 170: energy = 2376.8137
Iteration 180: energy = 2366.7153
Iteration 190: energy = 2356.7424
Iteration 200: energy = 2355.1846
Iteration 210: energy = 2352.2600
Iteration 220: energy = 2351.3169
Iteration 230: energy = 2350.5017
Iteration 240: energy = 2349.7878
Iteration 250: energy = 2349.7083
Iteration 260: energy = 2349.2634
Iteration 270: energy = 2349.0002
Iteration 10: energy = 4467.0137
Iteration 20: energy = 4161.1162
Iteration 30: energy = 3597.8184
Iteration 40: energy = 2918.3911
Iteration 50: energy = 2717.4426
Iteration 60: energy = 2638.4824
Iteration 70: energy = 2606.5586
Iteration 80: energy = 2550.2949
Iteration 90: energy = 2526.3120
Iteration 100: energy = 2520.2319
Iteration 110: energy = 2506.3420
Iteration 120: energy = 2501.0151
Iteration 130: energy = 2499.3682
Iteration 140: energy = 2496.9382
Iteration 150: energy = 2494.5444
Iteration 160: energy = 2492.6936
Iteration 170: energy = 2492.6174
Iteration 180: energy = 2491.2983
Iteration 190: energy = 2490.1011
Iteration 200: energy = 2490.0840
Iteration 210: energy = 2489.3987
Iteration 220: energy = 2488.4536
Iteration 230: energy = 2487.5864
Iteration 240: energy = 2486.6746
Iteration 250: energy = 2485.3381
Iteration 260: energy = 2483.6953
Iteration 270: energy = 2480.1990
Iteration 280: energy = 2476.3223
Iteration 290: energy = 2474.1768
Iteration 300: energy = 2470.2390
Iteration 310: energy = 2468.0630
Iteration 320: energy = 2465.4749
Iteration 330: energy = 2465.2783
Iteration 340: energy = 2464.2683
Iteration 350: energy = 2464.0764
Iteration 360: energy = 2463.8679
Iteration 10: energy = 2969.7166
Iteration 20: energy = 2886.0156
Iteration 30: energy = 2724.0857
Iteration 40: energy = 2635.4978
Iteration 50: energy = 2524.2837
Iteration 60: energy = 2376.3599
Iteration 70: energy = 2326.3052
Iteration 80: energy = 2229.0845
Iteration 90: energy = 2205.3569
Iteration 100: energy = 2175.7783
Iteration 110: energy = 2153.3599
Iteration 120: energy = 2134.7563
Iteration 130: energy = 2127.4744
Iteration 140: energy = 2121.9167
Iteration 150: energy = 2119.7864
Iteration 160: energy = 2118.8845
Iteration 170: energy = 2118.0696
Iteration 180: energy = 2117.9028
Iteration 190: energy = 2117.6919
Iteration 200: energy = 2117.6909
Iteration 210: energy = 2117.6875
Iteration 220: energy = 2117.6118
Iteration 10: energy = 4340.1191
Iteration 20: energy = 4219.2153
Iteration 30: energy = 4052.9031
Iteration 40: energy = 4000.4512
Iteration 50: energy = 3937.3542
Iteration 60: energy = 3884.1453
Iteration 70: energy = 3815.8257
Iteration 80: energy = 3750.7617
Iteration 90: energy = 3694.7227
Iteration 100: energy = 3675.6768
Iteration 110: energy = 3611.8142
Iteration 120: energy = 3580.3352
Iteration 130: energy = 3520.9534
Iteration 140: energy = 3471.5249
Iteration 150: energy = 3421.7087
Iteration 160: energy = 3371.8179
Iteration 170: energy = 3336.0947
Iteration 180: energy = 3276.1836
Iteration 190: energy = 3233.2783
Iteration 200: energy = 3157.1196
Iteration 210: energy = 3124.5735
Iteration 220: energy = 3087.2676
Iteration 230: energy = 3044.9258
Iteration 240: energy = 2978.1440
Iteration 250: energy = 2959.0759
Iteration 260: energy = 2924.0176
Iteration 270: energy = 2901.2480
Iteration 280: energy = 2864.7773
Iteration 290: energy = 2850.5244
Iteration 300: energy = 2838.5337
Iteration 310: energy = 2831.5989
Iteration 320: energy = 2827.7224
Iteration 330: energy = 2825.9990
Iteration 340: energy = 2825.3508
Iteration 350: energy = 2825.0903
Iteration 360: energy = 2824.8794
Iteration 370: energy = 2824.7976
Iteration 380: energy = 2824.7449
Iteration 390: energy = 2824.6829
Iteration 10: energy = 4269.8008
Iteration 20: energy = 4076.8867
Iteration 30: energy = 3851.6514
Iteration 40: energy = 3751.9919
Iteration 50: energy = 3620.0466
Iteration 60: energy = 3511.1145
Iteration 70: energy = 3371.1116
Iteration 80: energy = 3250.0686
Iteration 90: energy = 3166.8481
Iteration 100: energy = 3086.9302
Iteration 110: energy = 3011.0549
Iteration 120: energy = 2979.7107
Iteration 130: energy = 2924.4128
Iteration 140: energy = 2890.1965
Iteration 150: energy = 2845.1719
Iteration 160: energy = 2819.1487
Iteration 170: energy = 2786.7703
Iteration 180: energy = 2760.4182
Iteration 190: energy = 2742.0056
Iteration 200: energy = 2731.5024
Iteration 210: energy = 2724.3970
Iteration 220: energy = 2722.0664
Iteration 230: energy = 2720.7749
Iteration 240: energy = 2720.4478
Iteration 250: energy = 2720.4446
Iteration 260: energy = 2720.2771
Iteration 10: energy = 4827.8818
Iteration 20: energy = 4501.5757
Iteration 30: energy = 4351.7427
Iteration 40: energy = 4257.2778
Iteration 50: energy = 4142.4409
Iteration 60: energy = 4007.9426
Iteration 70: energy = 3878.4253
Iteration 80: energy = 3783.8296
Iteration 90: energy = 3594.3413
Iteration 100: energy = 3480.4512
Iteration 110: energy = 3456.9524
Iteration 120: energy = 3401.3921
Iteration 130: energy = 3373.9629
Iteration 140: energy = 3299.6892
Iteration 150: energy = 3238.7844
Iteration 160: energy = 3126.8865
Iteration 170: energy = 3091.7212
Iteration 180: energy = 3012.3494
Iteration 190: energy = 2953.1077
Iteration 200: energy = 2910.1338
Iteration 210: energy = 2861.9072
Iteration 220: energy = 2813.3921
Iteration 230: energy = 2760.4358
Iteration 240: energy = 2709.0620
Iteration 250: energy = 2638.5322
Iteration 260: energy = 2610.6650
Iteration 270: energy = 2562.7666
Iteration 280: energy = 2540.9761
Iteration 290: energy = 2524.3213
Iteration 300: energy = 2517.3191
Iteration 310: energy = 2511.5464
Iteration 320: energy = 2510.2771
Iteration 330: energy = 2508.9072
Iteration 340: energy = 2507.9541
Iteration 350: energy = 2507.5166
Iteration 360: energy = 2507.5088
Iteration 370: energy = 2507.1138
Iteration 10: energy = 3444.9192
Iteration 20: energy = 2227.8296
Iteration 30: energy = 1885.3051
Iteration 40: energy = 1814.5419
Iteration 50: energy = 1786.8164
Iteration 60: energy = 1773.7272
Iteration 70: energy = 1763.9343
Iteration 80: energy = 1761.0693
Iteration 90: energy = 1760.0582
Iteration 100: energy = 1759.6716
Iteration 110: energy = 1759.4144
Iteration 120: energy = 1759.2981
Iteration 10: energy = 3452.2400
Iteration 20: energy = 2766.3452
Iteration 30: energy = 2429.3154
Iteration 40: energy = 2145.9521
Iteration 50: energy = 2072.5457
Iteration 60: energy = 2060.6931
Iteration 70: energy = 2049.6265
Iteration 80: energy = 2042.8217
Iteration 90: energy = 2041.4238
Iteration 100: energy = 2037.8184
Iteration 110: energy = 2036.8070
Iteration 120: energy = 2036.5171
Iteration 130: energy = 2036.0842
Iteration 140: energy = 2036.0840
Initial geodesic lengths: [tensor(40.7794, device='cuda:0'), tensor(58.2542, device='cuda:0'), tensor(50.3394, device='cuda:0'), tensor(53.4162, device='cuda:0'), tensor(61.7199, device='cuda:0'), tensor(60.3420, device='cuda:0'), tensor(56.9992, device='cuda:0'), tensor(48.6411, device='cuda:0'), tensor(61.1955, device='cuda:0'), tensor(35.0223, device='cuda:0'), tensor(36.9710, device='cuda:0'), tensor(68.7290, device='cuda:0'), tensor(60.5248, device='cuda:0'), tensor(56.0477, device='cuda:0'), tensor(42.0657, device='cuda:0'), tensor(60.8105, device='cuda:0'), tensor(37.0195, device='cuda:0'), tensor(55.1257, device='cuda:0'), tensor(57.4281, device='cuda:0'), tensor(48.4427, device='cuda:0'), tensor(58.2543, device='cuda:0'), tensor(56.9092, device='cuda:0'), tensor(59.7598, device='cuda:0'), tensor(53.9431, device='cuda:0'), tensor(51.2791, device='cuda:0')]
Optimized geodesic lengths: [tensor(36.0880, device='cuda:0'), tensor(56.0015, device='cuda:0'), tensor(40.2584, device='cuda:0'), tensor(42.4648, device='cuda:0'), tensor(44.4683, device='cuda:0'), tensor(56.7473, device='cuda:0'), tensor(41.1702, device='cuda:0'), tensor(38.5510, device='cuda:0'), tensor(43.7667, device='cuda:0'), tensor(32.2949, device='cuda:0'), tensor(33.5771, device='cuda:0'), tensor(57.7668, device='cuda:0'), tensor(40.6715, device='cuda:0'), tensor(42.1767, device='cuda:0'), tensor(36.0330, device='cuda:0'), tensor(57.4261, device='cuda:0'), tensor(34.0991, device='cuda:0'), tensor(40.4157, device='cuda:0'), tensor(42.4384, device='cuda:0'), tensor(38.8071, device='cuda:0'), tensor(43.7056, device='cuda:0'), tensor(42.9887, device='cuda:0'), tensor(42.1713, device='cuda:0'), tensor(35.2858, device='cuda:0'), tensor(38.3960, device='cuda:0')]

------------------------------------------------------------
Sender: LSF System <lsfadmin@hpc.dtu.dk>
Subject: Job 24548625: <ensemblev100> in cluster <dcc> Done

Job <ensemblev100> was submitted from host <n-62-12-19> by user <s185927> in cluster <dcc> at Mon Mar 31 21:53:22 2025
Job was executed on host(s) <4*n-62-11-16>, in queue <gpuv100>, as user <s185927> in cluster <dcc> at Mon Mar 31 21:56:02 2025
</zhome/e3/3/139772> was used as the home directory.
</zhome/e3/3/139772/Desktop/AML/AML/github-project-2/AML-Project-2/src> was used as the working directory.
Started at Mon Mar 31 21:56:02 2025
Terminated at Mon Mar 31 22:16:36 2025
Results reported at Mon Mar 31 22:16:36 2025

Your job looked like:

------------------------------------------------------------
# LSBATCH: User input
#!/bin/bash
#BSUB -J ensemblev100
#BSUB -q gpuv100
#BSUB -n 4
#BSUB -gpu "num=1:mode=exclusive_process"
#BSUB -W 5:00
#BSUB -R "rusage[mem=5GB]"
#BSUB -u lassesofus@gmail.com
#BSUB -o %J.out
#BSUB -e %J.err

module load cuda/11.8

source /zhome/e3/3/139772/Desktop/AML/aml_new/bin/activate

#python ensemble_vae.py --mode train --device cuda --experiment-folder ../experiment/ensemble_3 --num-decoders 3 --num-t 50
python ensemble_vae.py --mode geodesics --device cuda --experiment-folder ../experiment/ensemble_3 --num-decoders 3 --num-t 50
------------------------------------------------------------

Successfully completed.

Resource usage summary:

    CPU time :                                   1227.05 sec.
    Max Memory :                                 731 MB
    Average Memory :                             686.67 MB
    Total Requested Memory :                     20480.00 MB
    Delta Memory :                               19749.00 MB
    Max Swap :                                   -
    Max Processes :                              4
    Max Threads :                                9
    Run time :                                   1234 sec.
    Turnaround time :                            1394 sec.

The output (if any) is above this job summary.



PS:

Read file <24548625.err> for stderr output of this job.

