# Options
batch_size = 32
device = cuda
epochs_per_decoder = 200
experiment_folder = ../experiment/run6
latent_dim = 2
mode = geodesics
num_curves = 25
num_decoders = 1
num_reruns = 10
num_t = 50
samples = samples.png
Iteration 10: energy = 321.7800
Iteration 20: energy = 313.2686
Iteration 30: energy = 310.1763
Iteration 40: energy = 304.6017
Iteration 50: energy = 299.1134
Iteration 60: energy = 294.8997
Iteration 70: energy = 290.9498
Iteration 80: energy = 285.8560
Iteration 90: energy = 282.7684
Iteration 100: energy = 281.3719
Iteration 110: energy = 279.9239
Iteration 120: energy = 278.9126
Iteration 130: energy = 278.2534
Iteration 140: energy = 277.3211
Iteration 150: energy = 276.5051
Iteration 160: energy = 275.5694
Iteration 170: energy = 274.8469
Iteration 180: energy = 274.1934
Iteration 190: energy = 273.9077
Iteration 200: energy = 273.7207
Iteration 210: energy = 273.5786
Iteration 220: energy = 273.3705
Iteration 230: energy = 273.2944
Iteration 240: energy = 273.2188
Iteration 250: energy = 273.0703
Iteration 260: energy = 272.9772
Iteration 270: energy = 272.9411
Iteration 280: energy = 272.9003
Iteration 290: energy = 272.8738
Iteration 300: energy = 272.8643
Iteration 310: energy = 272.8233
Iteration 320: energy = 272.8041
Iteration 330: energy = 272.7822
Iteration 340: energy = 272.7194
Iteration 350: energy = 272.6783
Iteration 360: energy = 272.6101
Iteration 370: energy = 272.5381
Iteration 380: energy = 272.4548
Iteration 390: energy = 272.4546
Iteration 400: energy = 272.4510
Iteration 410: energy = 272.4167
Iteration 420: energy = 272.4014
Iteration 430: energy = 272.3994
Iteration 440: energy = 272.3824
Iteration 10: energy = 43.8813
Iteration 20: energy = 43.8589
Iteration 30: energy = 43.8490
Iteration 40: energy = 43.8433
Iteration 50: energy = 43.8363
Iteration 60: energy = 43.8297
Iteration 70: energy = 43.8224
Iteration 80: energy = 43.8100
Iteration 90: energy = 43.8057
Iteration 100: energy = 43.7961
Iteration 110: energy = 43.7887
Iteration 120: energy = 43.7808
Iteration 130: energy = 43.7744
Iteration 140: energy = 43.7692
Iteration 150: energy = 43.7659
Iteration 160: energy = 43.7622
Iteration 170: energy = 43.7577
Iteration 180: energy = 43.7522
Iteration 190: energy = 43.7485
Iteration 200: energy = 43.7454
Iteration 210: energy = 43.7421
Iteration 220: energy = 43.7407
Iteration 230: energy = 43.7394
Iteration 240: energy = 43.7390
Iteration 10: energy = 256.8542
Iteration 20: energy = 252.4147
Iteration 30: energy = 250.7013
Iteration 40: energy = 248.3496
Iteration 50: energy = 244.9805
Iteration 60: energy = 240.8476
Iteration 70: energy = 238.6364
Iteration 80: energy = 236.1744
Iteration 90: energy = 234.2456
Iteration 100: energy = 232.0534
Iteration 110: energy = 229.7697
Iteration 120: energy = 228.3894
Iteration 130: energy = 227.3050
Iteration 140: energy = 225.4959
Iteration 150: energy = 224.6291
Iteration 160: energy = 223.1540
Iteration 170: energy = 222.1751
Iteration 180: energy = 220.6729
Iteration 190: energy = 219.8539
Iteration 200: energy = 219.1656
Iteration 210: energy = 218.8071
Iteration 220: energy = 218.4597
Iteration 230: energy = 218.4064
Iteration 240: energy = 218.3573
Iteration 250: energy = 218.2781
Iteration 260: energy = 218.2073
Iteration 270: energy = 218.1698
Iteration 280: energy = 218.1231
Iteration 290: energy = 218.0404
Iteration 300: energy = 217.9939
Iteration 310: energy = 217.9291
Iteration 320: energy = 217.8978
Iteration 330: energy = 217.8914
Iteration 340: energy = 217.8737
Iteration 350: energy = 217.8617
Iteration 360: energy = 217.8595
Iteration 370: energy = 217.8542
Iteration 10: energy = 667.3666
Iteration 20: energy = 655.4362
Iteration 30: energy = 649.8441
Iteration 40: energy = 640.8370
Iteration 50: energy = 633.0522
Iteration 60: energy = 625.1440
Iteration 70: energy = 615.3754
Iteration 80: energy = 613.7660
Iteration 90: energy = 608.5956
Iteration 100: energy = 605.3411
Iteration 110: energy = 600.0693
Iteration 120: energy = 597.9248
Iteration 130: energy = 595.2318
Iteration 140: energy = 594.0270
Iteration 150: energy = 592.2164
Iteration 160: energy = 590.8409
Iteration 170: energy = 590.1066
Iteration 180: energy = 589.5450
Iteration 190: energy = 589.0208
Iteration 200: energy = 588.6412
Iteration 210: energy = 588.4520
Iteration 220: energy = 588.3280
Iteration 230: energy = 588.2509
Iteration 240: energy = 588.1786
Iteration 250: energy = 588.0567
Iteration 260: energy = 587.9184
Iteration 270: energy = 587.8539
Iteration 280: energy = 587.8239
Iteration 290: energy = 587.7383
Iteration 300: energy = 587.7191
Iteration 310: energy = 587.6763
Iteration 320: energy = 587.6634
Iteration 330: energy = 587.6458
Iteration 10: energy = 395.6868
Iteration 20: energy = 389.4639
Iteration 30: energy = 386.9255
Iteration 40: energy = 384.0959
Iteration 50: energy = 382.7986
Iteration 60: energy = 380.4554
Iteration 70: energy = 378.9297
Iteration 80: energy = 377.2590
Iteration 90: energy = 374.6998
Iteration 100: energy = 372.5049
Iteration 110: energy = 370.5757
Iteration 120: energy = 368.4228
Iteration 130: energy = 367.8071
Iteration 140: energy = 365.6043
Iteration 150: energy = 363.7458
Iteration 160: energy = 359.4924
Iteration 170: energy = 351.1820
Iteration 180: energy = 344.8015
Iteration 190: energy = 340.9763
Iteration 200: energy = 338.6322
Iteration 210: energy = 336.1866
Iteration 220: energy = 334.6624
Iteration 230: energy = 333.4950
Iteration 240: energy = 332.1743
Iteration 250: energy = 331.1385
Iteration 260: energy = 330.8357
Iteration 270: energy = 330.0988
Iteration 280: energy = 329.8044
Iteration 290: energy = 329.4605
Iteration 300: energy = 329.2672
Iteration 310: energy = 329.0784
Iteration 320: energy = 328.8904
Iteration 330: energy = 328.6931
Iteration 340: energy = 328.5603
Iteration 350: energy = 328.4330
Iteration 360: energy = 328.3812
Iteration 370: energy = 328.2629
Iteration 380: energy = 328.2025
Iteration 390: energy = 328.1236
Iteration 400: energy = 328.0968
Iteration 410: energy = 328.0937
Iteration 420: energy = 328.0667
Iteration 430: energy = 328.0666
Iteration 440: energy = 328.0615
Iteration 10: energy = 97.8899
Iteration 20: energy = 97.5404
Iteration 30: energy = 96.9745
Iteration 40: energy = 96.0922
Iteration 50: energy = 94.7083
Iteration 60: energy = 94.3220
Iteration 70: energy = 93.7607
Iteration 80: energy = 93.5833
Iteration 90: energy = 93.3519
Iteration 100: energy = 93.2139
Iteration 110: energy = 92.8710
Iteration 120: energy = 92.7522
Iteration 130: energy = 92.5068
Iteration 140: energy = 92.2355
Iteration 150: energy = 91.9504
Iteration 160: energy = 91.6728
Iteration 170: energy = 91.4833
Iteration 180: energy = 91.3273
Iteration 190: energy = 91.0256
Iteration 200: energy = 90.8481
Iteration 210: energy = 90.7413
Iteration 220: energy = 90.5911
Iteration 230: energy = 90.4891
Iteration 240: energy = 90.4629
Iteration 250: energy = 90.4034
Iteration 260: energy = 90.3804
Iteration 270: energy = 90.3584
Iteration 280: energy = 90.3511
Iteration 290: energy = 90.3435
Iteration 300: energy = 90.3347
Iteration 310: energy = 90.3270
Iteration 320: energy = 90.3224
Iteration 330: energy = 90.3112
Iteration 340: energy = 90.3090
Iteration 350: energy = 90.2978
Iteration 360: energy = 90.2915
Iteration 370: energy = 90.2896
Iteration 380: energy = 90.2861
Iteration 390: energy = 90.2839
Iteration 400: energy = 90.2821
Iteration 410: energy = 90.2792
Iteration 420: energy = 90.2770
Iteration 10: energy = 646.4474
Iteration 20: energy = 638.9020
Iteration 30: energy = 630.7556
Iteration 40: energy = 627.5965
Iteration 50: energy = 621.7112
Iteration 60: energy = 618.1202
Iteration 70: energy = 614.2109
Iteration 80: energy = 609.8157
Iteration 90: energy = 604.7974
Iteration 100: energy = 601.8439
Iteration 110: energy = 599.3380
Iteration 120: energy = 598.1475
Iteration 130: energy = 597.3008
Iteration 140: energy = 596.9495
Iteration 150: energy = 596.5376
Iteration 160: energy = 596.2182
Iteration 170: energy = 595.3566
Iteration 180: energy = 594.9387
Iteration 190: energy = 594.2564
Iteration 200: energy = 593.6655
Iteration 210: energy = 592.3828
Iteration 220: energy = 592.0741
Iteration 230: energy = 591.5303
Iteration 240: energy = 590.8851
Iteration 250: energy = 590.5545
Iteration 260: energy = 590.3699
Iteration 270: energy = 589.8569
Iteration 280: energy = 589.6362
Iteration 290: energy = 589.2454
Iteration 300: energy = 589.0165
Iteration 310: energy = 588.8464
Iteration 320: energy = 588.6533
Iteration 330: energy = 588.5826
Iteration 340: energy = 588.3485
Iteration 350: energy = 588.1992
Iteration 360: energy = 588.1526
Iteration 370: energy = 588.0836
Iteration 380: energy = 588.0438
Iteration 390: energy = 588.0308
Iteration 400: energy = 588.0154
Iteration 10: energy = 445.3168
Iteration 20: energy = 442.0781
Iteration 30: energy = 441.0075
Iteration 40: energy = 437.7626
Iteration 50: energy = 435.1850
Iteration 60: energy = 432.4099
Iteration 70: energy = 428.3456
Iteration 80: energy = 423.8016
Iteration 90: energy = 419.5089
Iteration 100: energy = 409.0468
Iteration 110: energy = 398.8991
Iteration 120: energy = 389.9677
Iteration 130: energy = 383.4633
Iteration 140: energy = 380.0551
Iteration 150: energy = 372.9328
Iteration 160: energy = 368.4948
Iteration 170: energy = 365.1262
Iteration 180: energy = 361.2866
Iteration 190: energy = 360.5056
Iteration 200: energy = 359.8617
Iteration 210: energy = 359.5854
Iteration 220: energy = 359.3794
Iteration 230: energy = 359.1611
Iteration 240: energy = 358.9978
Iteration 250: energy = 358.8446
Iteration 260: energy = 358.7484
Iteration 270: energy = 358.6733
Iteration 280: energy = 358.6475
Iteration 290: energy = 358.6149
Iteration 300: energy = 358.6008
Iteration 310: energy = 358.5921
Iteration 320: energy = 358.5812
Iteration 330: energy = 358.5714
Iteration 10: energy = 801.4059
Iteration 20: energy = 791.2944
Iteration 30: energy = 782.2719
Iteration 40: energy = 773.7203
Iteration 50: energy = 764.4195
Iteration 60: energy = 757.3311
Iteration 70: energy = 750.4897
Iteration 80: energy = 747.4436
Iteration 90: energy = 743.1291
Iteration 100: energy = 738.1349
Iteration 110: energy = 736.9011
Iteration 120: energy = 732.3398
Iteration 130: energy = 729.8744
Iteration 140: energy = 727.1928
Iteration 150: energy = 725.5220
Iteration 160: energy = 723.0626
Iteration 170: energy = 719.9676
Iteration 180: energy = 715.9621
Iteration 190: energy = 711.8976
Iteration 200: energy = 709.9791
Iteration 210: energy = 708.4543
Iteration 220: energy = 708.1486
Iteration 230: energy = 707.3414
Iteration 240: energy = 706.6925
Iteration 250: energy = 706.0901
Iteration 260: energy = 705.7988
Iteration 270: energy = 705.1615
Iteration 280: energy = 704.7979
Iteration 290: energy = 704.5858
Iteration 300: energy = 704.2819
Iteration 310: energy = 703.7772
Iteration 320: energy = 703.6781
Iteration 330: energy = 703.6031
Iteration 340: energy = 703.5721
Iteration 350: energy = 703.5529
Iteration 360: energy = 703.5227
Iteration 370: energy = 703.5226
Iteration 380: energy = 703.5167
Iteration 390: energy = 703.4853
Iteration 400: energy = 703.4815
Iteration 10: energy = 16.5504
Iteration 20: energy = 16.5439
Iteration 30: energy = 16.5411
Iteration 40: energy = 16.5348
Iteration 50: energy = 16.5310
Iteration 60: energy = 16.5246
Iteration 70: energy = 16.5213
Iteration 80: energy = 16.5176
Iteration 90: energy = 16.5113
Iteration 100: energy = 16.5080
Iteration 110: energy = 16.5060
Iteration 120: energy = 16.5026
Iteration 130: energy = 16.4991
Iteration 140: energy = 16.4980
Iteration 150: energy = 16.4963
Iteration 160: energy = 16.4945
Iteration 170: energy = 16.4926
Iteration 180: energy = 16.4910
Iteration 190: energy = 16.4897
Iteration 200: energy = 16.4889
Iteration 210: energy = 16.4882
Iteration 220: energy = 16.4879
Iteration 230: energy = 16.4870
Iteration 240: energy = 16.4870
Iteration 250: energy = 16.4870
Iteration 260: energy = 16.4869
Iteration 270: energy = 16.4866
Iteration 280: energy = 16.4862
Iteration 10: energy = 34.0360
Iteration 20: energy = 34.0280
Iteration 30: energy = 34.0274
Iteration 40: energy = 34.0265
Iteration 50: energy = 34.0252
Iteration 60: energy = 34.0234
Iteration 70: energy = 34.0213
Iteration 80: energy = 34.0193
Iteration 90: energy = 34.0178
Iteration 100: energy = 34.0119
Iteration 110: energy = 34.0052
Iteration 120: energy = 33.9934
Iteration 130: energy = 33.9840
Iteration 140: energy = 33.9698
Iteration 150: energy = 33.9617
Iteration 160: energy = 33.9577
Iteration 170: energy = 33.9555
Iteration 180: energy = 33.9538
Iteration 190: energy = 33.9531
Iteration 200: energy = 33.9523
Iteration 210: energy = 33.9482
Iteration 220: energy = 33.9477
Iteration 230: energy = 33.9473
Iteration 240: energy = 33.9448
Iteration 250: energy = 33.9444
Iteration 260: energy = 33.9433
Iteration 270: energy = 33.9420
Iteration 10: energy = 2.2178
Iteration 20: energy = 2.2173
Iteration 30: energy = 2.2173
Iteration 40: energy = 2.2171
Iteration 50: energy = 2.2169
Iteration 60: energy = 2.2168
Iteration 70: energy = 2.2166
Iteration 80: energy = 2.2166
Iteration 90: energy = 2.2165
Iteration 10: energy = 846.1105
Iteration 20: energy = 834.2222
Iteration 30: energy = 829.4546
Iteration 40: energy = 814.1766
Iteration 50: energy = 805.1769
Iteration 60: energy = 800.2811
Iteration 70: energy = 793.5988
Iteration 80: energy = 788.0256
Iteration 90: energy = 784.2858
Iteration 100: energy = 781.4888
Iteration 110: energy = 780.1559
Iteration 120: energy = 776.7421
Iteration 130: energy = 775.8038
Iteration 140: energy = 774.9037
Iteration 150: energy = 774.4697
Iteration 160: energy = 774.2140
Iteration 170: energy = 773.6140
Iteration 180: energy = 773.3375
Iteration 190: energy = 772.6057
Iteration 200: energy = 772.0352
Iteration 210: energy = 771.4865
Iteration 220: energy = 771.1913
Iteration 230: energy = 770.7340
Iteration 240: energy = 770.6296
Iteration 250: energy = 770.4559
Iteration 260: energy = 770.2810
Iteration 270: energy = 770.1415
Iteration 280: energy = 769.9255
Iteration 290: energy = 769.6573
Iteration 300: energy = 769.3289
Iteration 310: energy = 768.8556
Iteration 320: energy = 768.6262
Iteration 330: energy = 768.4272
Iteration 340: energy = 768.2005
Iteration 350: energy = 767.9957
Iteration 360: energy = 767.8594
Iteration 370: energy = 767.6682
Iteration 380: energy = 767.5928
Iteration 390: energy = 767.5327
Iteration 400: energy = 767.3993
Iteration 410: energy = 767.1758
Iteration 420: energy = 767.0355
Iteration 430: energy = 767.0129
Iteration 440: energy = 766.9561
Iteration 450: energy = 766.9560
Iteration 460: energy = 766.9557
Iteration 470: energy = 766.9379
Iteration 480: energy = 766.9142
Iteration 10: energy = 610.3636
Iteration 20: energy = 605.9452
Iteration 30: energy = 601.9011
Iteration 40: energy = 599.5184
Iteration 50: energy = 597.4885
Iteration 60: energy = 595.6590
Iteration 70: energy = 594.2301
Iteration 80: energy = 591.9943
Iteration 90: energy = 590.5566
Iteration 100: energy = 589.0040
Iteration 110: energy = 588.4855
Iteration 120: energy = 587.3190
Iteration 130: energy = 586.7495
Iteration 140: energy = 586.6035
Iteration 150: energy = 586.2306
Iteration 160: energy = 585.7170
Iteration 170: energy = 585.4791
Iteration 180: energy = 585.1617
Iteration 190: energy = 585.0378
Iteration 200: energy = 584.9011
Iteration 210: energy = 584.7349
Iteration 220: energy = 584.6784
Iteration 230: energy = 584.6478
Iteration 240: energy = 584.6291
Iteration 250: energy = 584.6287
Iteration 260: energy = 584.6021
Iteration 270: energy = 584.5522
Iteration 280: energy = 584.5375
Iteration 290: energy = 584.5289
Iteration 300: energy = 584.5138
Iteration 310: energy = 584.5020
Iteration 320: energy = 584.4923
Iteration 330: energy = 584.4852
Iteration 340: energy = 584.4641
Iteration 10: energy = 157.5165
Iteration 20: energy = 155.7251
Iteration 30: energy = 155.0647
Iteration 40: energy = 153.7590
Iteration 50: energy = 153.0324
Iteration 60: energy = 152.2112
Iteration 70: energy = 151.4653
Iteration 80: energy = 150.4368
Iteration 90: energy = 149.5327
Iteration 100: energy = 148.8777
Iteration 110: energy = 148.2405
Iteration 120: energy = 147.7695
Iteration 130: energy = 147.4978
Iteration 140: energy = 147.0350
Iteration 150: energy = 146.7598
Iteration 160: energy = 146.5113
Iteration 170: energy = 146.3461
Iteration 180: energy = 146.1730
Iteration 190: energy = 146.0533
Iteration 200: energy = 145.9440
Iteration 210: energy = 145.8723
Iteration 220: energy = 145.7981
Iteration 230: energy = 145.7001
Iteration 240: energy = 145.6611
Iteration 250: energy = 145.5931
Iteration 260: energy = 145.5635
Iteration 270: energy = 145.5155
Iteration 280: energy = 145.4964
Iteration 290: energy = 145.4478
Iteration 300: energy = 145.3966
Iteration 310: energy = 145.3704
Iteration 320: energy = 145.3332
Iteration 330: energy = 145.2954
Iteration 340: energy = 145.2780
Iteration 350: energy = 145.2711
Iteration 360: energy = 145.2598
Iteration 370: energy = 145.2451
Iteration 380: energy = 145.2421
Iteration 390: energy = 145.2394
Iteration 400: energy = 145.2315
Iteration 410: energy = 145.2167
Iteration 420: energy = 145.2128
Iteration 430: energy = 145.2047
Iteration 440: energy = 145.2019
Iteration 450: energy = 145.2001
Iteration 460: energy = 145.1940
Iteration 470: energy = 145.1781
Iteration 480: energy = 145.1780
Iteration 490: energy = 145.1749
Iteration 500: energy = 145.1722
Iteration 510: energy = 145.1714
Iteration 520: energy = 145.1681
Iteration 530: energy = 145.1611
Iteration 540: energy = 145.1578
Iteration 550: energy = 145.1476
Iteration 560: energy = 145.1462
Iteration 10: energy = 97.2009
Iteration 20: energy = 96.9138
Iteration 30: energy = 96.8193
Iteration 40: energy = 96.7933
Iteration 50: energy = 96.7337
Iteration 60: energy = 96.6967
Iteration 70: energy = 96.5804
Iteration 80: energy = 96.4458
Iteration 90: energy = 96.3790
Iteration 100: energy = 96.2962
Iteration 110: energy = 96.2211
Iteration 120: energy = 96.1711
Iteration 130: energy = 96.1454
Iteration 140: energy = 96.1044
Iteration 150: energy = 96.0689
Iteration 160: energy = 96.0522
Iteration 170: energy = 96.0218
Iteration 180: energy = 96.0059
Iteration 190: energy = 96.0039
Iteration 200: energy = 96.0018
Iteration 210: energy = 95.9954
Iteration 220: energy = 95.9886
Iteration 230: energy = 95.9846
Iteration 240: energy = 95.9809
Iteration 250: energy = 95.9735
Iteration 260: energy = 95.9734
Iteration 270: energy = 95.9711
Iteration 280: energy = 95.9681
Iteration 10: energy = 59.5930
Iteration 20: energy = 59.1296
Iteration 30: energy = 58.6474
Iteration 40: energy = 58.3437
Iteration 50: energy = 58.0490
Iteration 60: energy = 57.6268
Iteration 70: energy = 57.3849
Iteration 80: energy = 56.9443
Iteration 90: energy = 56.7848
Iteration 100: energy = 56.6479
Iteration 110: energy = 56.5005
Iteration 120: energy = 56.3391
Iteration 130: energy = 56.2496
Iteration 140: energy = 56.1053
Iteration 150: energy = 56.0704
Iteration 160: energy = 56.0333
Iteration 170: energy = 55.9898
Iteration 180: energy = 55.9557
Iteration 190: energy = 55.9148
Iteration 200: energy = 55.9076
Iteration 210: energy = 55.8860
Iteration 220: energy = 55.8780
Iteration 230: energy = 55.8586
Iteration 240: energy = 55.8510
Iteration 250: energy = 55.8460
Iteration 10: energy = 549.3635
Iteration 20: energy = 547.7388
Iteration 30: energy = 544.1035
Iteration 40: energy = 542.5122
Iteration 50: energy = 540.2759
Iteration 60: energy = 535.7866
Iteration 70: energy = 530.5905
Iteration 80: energy = 524.3536
Iteration 90: energy = 522.3702
Iteration 100: energy = 519.7642
Iteration 110: energy = 517.4557
Iteration 120: energy = 515.8819
Iteration 130: energy = 514.3781
Iteration 140: energy = 512.0245
Iteration 150: energy = 509.8306
Iteration 160: energy = 507.2455
Iteration 170: energy = 506.3302
Iteration 180: energy = 505.0354
Iteration 190: energy = 503.7091
Iteration 200: energy = 501.9230
Iteration 210: energy = 500.4872
Iteration 220: energy = 498.9115
Iteration 230: energy = 498.3851
Iteration 240: energy = 496.9688
Iteration 250: energy = 495.2177
Iteration 260: energy = 494.2792
Iteration 270: energy = 492.6818
Iteration 280: energy = 490.6972
Iteration 290: energy = 490.1924
Iteration 300: energy = 489.7647
Iteration 310: energy = 489.5468
Iteration 320: energy = 489.3529
Iteration 330: energy = 489.0570
Iteration 340: energy = 488.7956
Iteration 350: energy = 488.6927
Iteration 360: energy = 488.6146
Iteration 370: energy = 488.5314
Iteration 380: energy = 488.5220
Iteration 390: energy = 488.4836
Iteration 400: energy = 488.4218
Iteration 410: energy = 488.4012
Iteration 420: energy = 488.3198
Iteration 430: energy = 488.3056
Iteration 10: energy = 364.3437
Iteration 20: energy = 357.9992
Iteration 30: energy = 353.4818
Iteration 40: energy = 349.4190
Iteration 50: energy = 342.0902
Iteration 60: energy = 336.5226
Iteration 70: energy = 329.4109
Iteration 80: energy = 327.1591
Iteration 90: energy = 325.4444
Iteration 100: energy = 323.8053
Iteration 110: energy = 323.3582
Iteration 120: energy = 322.8159
Iteration 130: energy = 322.2735
Iteration 140: energy = 322.1435
Iteration 150: energy = 321.4629
Iteration 160: energy = 320.6511
Iteration 170: energy = 320.3114
Iteration 180: energy = 319.6764
Iteration 190: energy = 319.3755
Iteration 200: energy = 319.1016
Iteration 210: energy = 318.6007
Iteration 220: energy = 318.0306
Iteration 230: energy = 317.8022
Iteration 240: energy = 317.5145
Iteration 250: energy = 317.4139
Iteration 260: energy = 317.2488
Iteration 270: energy = 317.1573
Iteration 280: energy = 317.0087
Iteration 290: energy = 316.9531
Iteration 300: energy = 316.9363
Iteration 310: energy = 316.8948
Iteration 320: energy = 316.8557
Iteration 330: energy = 316.8173
Iteration 340: energy = 316.7805
Iteration 350: energy = 316.7700
Iteration 360: energy = 316.7663
Iteration 370: energy = 316.7349
Iteration 380: energy = 316.7122
Iteration 390: energy = 316.7041
Iteration 400: energy = 316.6852
Iteration 410: energy = 316.6704
Iteration 420: energy = 316.6333
Iteration 430: energy = 316.6049
Iteration 440: energy = 316.5625
Iteration 450: energy = 316.5198
Iteration 460: energy = 316.4733
Iteration 470: energy = 316.4136
Iteration 480: energy = 316.3692
Iteration 490: energy = 316.3397
Iteration 500: energy = 316.3203
Iteration 510: energy = 316.3141
Iteration 520: energy = 316.2763
Iteration 530: energy = 316.2594
Iteration 540: energy = 316.2569
Iteration 10: energy = 592.2731
Iteration 20: energy = 583.6932
Iteration 30: energy = 568.5506
Iteration 40: energy = 558.8708
Iteration 50: energy = 546.5342
Iteration 60: energy = 537.7457
Iteration 70: energy = 532.4176
Iteration 80: energy = 529.1602
Iteration 90: energy = 526.7539
Iteration 100: energy = 522.9068
Iteration 110: energy = 521.4615
Iteration 120: energy = 519.6296
Iteration 130: energy = 518.9389
Iteration 140: energy = 517.8116
Iteration 150: energy = 516.4332
Iteration 160: energy = 514.9711
Iteration 170: energy = 514.1022
Iteration 180: energy = 513.1830
Iteration 190: energy = 511.9333
Iteration 200: energy = 510.6621
Iteration 210: energy = 508.5117
Iteration 220: energy = 507.5509
Iteration 230: energy = 506.1614
Iteration 240: energy = 504.8072
Iteration 250: energy = 503.3547
Iteration 260: energy = 501.0723
Iteration 270: energy = 498.2711
Iteration 280: energy = 493.6776
Iteration 290: energy = 491.1960
Iteration 300: energy = 490.2554
Iteration 310: energy = 489.8565
Iteration 320: energy = 489.0043
Iteration 330: energy = 488.2063
Iteration 340: energy = 487.7231
Iteration 350: energy = 486.8533
Iteration 360: energy = 486.4783
Iteration 370: energy = 486.1929
Iteration 380: energy = 485.2458
Iteration 390: energy = 484.8835
Iteration 400: energy = 484.0804
Iteration 410: energy = 482.9868
Iteration 420: energy = 482.5273
Iteration 430: energy = 482.0772
Iteration 440: energy = 481.5131
Iteration 450: energy = 481.3590
Iteration 460: energy = 481.0637
Iteration 470: energy = 480.8779
Iteration 480: energy = 480.7448
Iteration 490: energy = 480.5334
Iteration 500: energy = 480.4991
Iteration 510: energy = 480.3925
Iteration 520: energy = 480.2996
Iteration 530: energy = 480.2011
Iteration 540: energy = 479.9975
Iteration 550: energy = 479.9572
Iteration 560: energy = 479.8153
Iteration 570: energy = 479.7721
Iteration 580: energy = 479.7198
Iteration 590: energy = 479.6691
Iteration 600: energy = 479.5898
Iteration 610: energy = 479.5705
Iteration 620: energy = 479.5327
Iteration 630: energy = 479.4823
Iteration 640: energy = 479.4445
Iteration 650: energy = 479.4076
Iteration 660: energy = 479.3900
Iteration 670: energy = 479.3555
Iteration 680: energy = 479.3396
Iteration 690: energy = 479.3395
Iteration 10: energy = 441.9567
Iteration 20: energy = 435.0647
Iteration 30: energy = 432.5212
Iteration 40: energy = 425.3294
Iteration 50: energy = 422.8728
Iteration 60: energy = 418.1564
Iteration 70: energy = 416.5099
Iteration 80: energy = 410.9227
Iteration 90: energy = 407.4711
Iteration 100: energy = 404.6654
Iteration 110: energy = 402.5885
Iteration 120: energy = 401.5385
Iteration 130: energy = 400.1953
Iteration 140: energy = 399.0258
Iteration 150: energy = 396.6791
Iteration 160: energy = 393.8924
Iteration 170: energy = 392.0203
Iteration 180: energy = 388.4932
Iteration 190: energy = 386.7239
Iteration 200: energy = 384.6638
Iteration 210: energy = 382.2373
Iteration 220: energy = 381.2523
Iteration 230: energy = 379.2570
Iteration 240: energy = 378.1614
Iteration 250: energy = 376.8149
Iteration 260: energy = 376.3368
Iteration 270: energy = 375.6153
Iteration 280: energy = 375.2077
Iteration 290: energy = 375.0377
Iteration 300: energy = 374.9847
Iteration 310: energy = 374.8711
Iteration 320: energy = 374.7947
Iteration 330: energy = 374.7632
Iteration 340: energy = 374.7565
Iteration 350: energy = 374.7089
Iteration 360: energy = 374.7059
Iteration 370: energy = 374.6572
Iteration 380: energy = 374.6472
Iteration 390: energy = 374.6350
Iteration 400: energy = 374.6125
Iteration 410: energy = 374.6125
Iteration 10: energy = 645.7188
Iteration 20: energy = 629.6471
Iteration 30: energy = 619.5215
Iteration 40: energy = 611.8994
Iteration 50: energy = 591.1836
Iteration 60: energy = 584.0656
Iteration 70: energy = 577.0797
Iteration 80: energy = 573.8345
Iteration 90: energy = 570.0831
Iteration 100: energy = 565.7612
Iteration 110: energy = 564.2990
Iteration 120: energy = 562.9923
Iteration 130: energy = 562.4782
Iteration 140: energy = 562.0056
Iteration 150: energy = 561.7103
Iteration 160: energy = 561.2833
Iteration 170: energy = 560.9572
Iteration 180: energy = 560.6924
Iteration 190: energy = 560.3364
Iteration 200: energy = 559.8931
Iteration 210: energy = 559.5979
Iteration 220: energy = 559.3236
Iteration 230: energy = 559.1068
Iteration 240: energy = 558.8954
Iteration 250: energy = 558.8419
Iteration 260: energy = 558.8179
Iteration 270: energy = 558.7671
Iteration 280: energy = 558.7451
Iteration 290: energy = 558.6913
Iteration 300: energy = 558.6807
Iteration 310: energy = 558.6190
Iteration 10: energy = 55.0108
Iteration 20: energy = 54.9044
Iteration 30: energy = 54.8349
Iteration 40: energy = 54.7285
Iteration 50: energy = 54.6956
Iteration 60: energy = 54.6227
Iteration 70: energy = 54.5776
Iteration 80: energy = 54.5338
Iteration 90: energy = 54.5025
Iteration 100: energy = 54.4732
Iteration 110: energy = 54.4147
Iteration 120: energy = 54.4007
Iteration 130: energy = 54.3679
Iteration 140: energy = 54.3222
Iteration 150: energy = 54.3016
Iteration 160: energy = 54.2615
Iteration 170: energy = 54.2295
Iteration 180: energy = 54.2222
Iteration 190: energy = 54.1912
Iteration 200: energy = 54.1675
Iteration 210: energy = 54.1597
Iteration 220: energy = 54.1459
Iteration 230: energy = 54.1236
Iteration 240: energy = 54.1129
Iteration 250: energy = 54.0927
Iteration 260: energy = 54.0830
Iteration 270: energy = 54.0737
Iteration 280: energy = 54.0578
Iteration 290: energy = 54.0518
Iteration 300: energy = 54.0456
Iteration 310: energy = 54.0414
Iteration 320: energy = 54.0350
Iteration 10: energy = 8.9013
Iteration 20: energy = 8.8993
Iteration 30: energy = 8.8972
Iteration 40: energy = 8.8955
Iteration 50: energy = 8.8955
Iteration 60: energy = 8.8939
Iteration 70: energy = 8.8923
Iteration 80: energy = 8.8904
Iteration 90: energy = 8.8881
Iteration 100: energy = 8.8838
Iteration 110: energy = 8.8782
Iteration 120: energy = 8.8743
Iteration 130: energy = 8.8680
Iteration 140: energy = 8.8650
Iteration 150: energy = 8.8618
Iteration 160: energy = 8.8595
Iteration 170: energy = 8.8590
Iteration 180: energy = 8.8585
Iteration 190: energy = 8.8584
Iteration 200: energy = 8.8584
Iteration 210: energy = 8.8580
Iteration 220: energy = 8.8576
Iteration 230: energy = 8.8575
Iteration 10: energy = 195.8489
Iteration 20: energy = 195.1031
Iteration 30: energy = 194.6776
Iteration 40: energy = 194.2954
Iteration 50: energy = 193.5712
Iteration 60: energy = 193.2786
Iteration 70: energy = 192.8065
Iteration 80: energy = 192.4675
Iteration 90: energy = 191.9771
Iteration 100: energy = 191.6785
Iteration 110: energy = 191.0436
Iteration 120: energy = 190.8385
Iteration 130: energy = 190.4245
Iteration 140: energy = 190.3151
Iteration 150: energy = 190.0580
Iteration 160: energy = 189.8016
Iteration 170: energy = 189.4098
Iteration 180: energy = 188.9853
Iteration 190: energy = 188.8882
Iteration 200: energy = 188.6107
Iteration 210: energy = 188.4148
Iteration 220: energy = 188.1596
Iteration 230: energy = 187.8712
Iteration 240: energy = 187.7211
Iteration 250: energy = 187.5847
Iteration 260: energy = 187.4281
Iteration 270: energy = 187.2962
Iteration 280: energy = 187.2046
Iteration 290: energy = 187.1601
Iteration 300: energy = 187.0713
Iteration 310: energy = 186.9948
Iteration 320: energy = 186.9215
Iteration 330: energy = 186.8616
Iteration 340: energy = 186.7886
Iteration 350: energy = 186.7553
Iteration 360: energy = 186.7029
Iteration 370: energy = 186.6701
Iteration 380: energy = 186.6459
Iteration 390: energy = 186.6128
Iteration 400: energy = 186.5819
Iteration 410: energy = 186.5555
Iteration 420: energy = 186.5302
Iteration 430: energy = 186.5029
Iteration 440: energy = 186.4845
Iteration 450: energy = 186.4818
Iteration 460: energy = 186.4648
Iteration 470: energy = 186.4641
Iteration 480: energy = 186.4486
Iteration 490: energy = 186.4366
Iteration 500: energy = 186.4285
Iteration 510: energy = 186.4196
Initial geodesic lengths: [17.826187133789062, 6.614449501037598, 16.039945602416992, 25.831785202026367, 19.72406005859375, 9.599750518798828, 24.740936279296875, 20.865280151367188, 27.514644622802734, 4.06845760345459, 5.8339338302612305, 1.488696575164795, 28.00324058532715, 24.323383331298828, 12.601114273071289, 9.804433822631836, 7.761157035827637, 22.58993148803711, 19.065998077392578, 23.2413330078125, 21.002235412597656, 24.983680725097656, 7.396717071533203, 2.97988224029541, 13.93063735961914]
Optimized geodesic lengths: [16.501728057861328, 6.613272190093994, 14.759209632873535, 24.240585327148438, 18.111034393310547, 9.50094223022461, 24.246849060058594, 18.934232711791992, 26.521574020385742, 4.060090065002441, 5.825739860534668, 1.4886974096298218, 27.690650939941406, 24.1751708984375, 12.045191764831543, 9.796213150024414, 7.469021797180176, 22.094356536865234, 17.78118133544922, 21.893423080444336, 19.353271484375, 23.63311004638672, 7.3506975173950195, 2.975526809692383, 13.652971267700195]

------------------------------------------------------------
Sender: LSF System <lsfadmin@hpc.dtu.dk>
Subject: Job 24549706: <geodesics_run6> in cluster <dcc> Done

Job <geodesics_run6> was submitted from host <n-62-12-19> by user <s185927> in cluster <dcc> at Tue Apr  1 10:10:53 2025
Job was executed on host(s) <4*n-62-20-14>, in queue <gpuv100>, as user <s185927> in cluster <dcc> at Tue Apr  1 10:13:03 2025
</zhome/e3/3/139772> was used as the home directory.
</zhome/e3/3/139772/Desktop/AML/AML/github-project-2/AML-Project-2/src> was used as the working directory.
Started at Tue Apr  1 10:13:03 2025
Terminated at Tue Apr  1 10:13:55 2025
Results reported at Tue Apr  1 10:13:55 2025

Your job looked like:

------------------------------------------------------------
# LSBATCH: User input
#!/bin/bash
#BSUB -J geodesics_run6
#BSUB -q gpuv100
#BSUB -n 4
#BSUB -gpu "num=1:mode=exclusive_process"
#BSUB -W 5:00
#BSUB -R "rusage[mem=5GB]"
#BSUB -u lassesofus@gmail.com
#BSUB -o %J.out
#BSUB -e %J.err

module load cuda/11.8

source /zhome/e3/3/139772/Desktop/AML/aml_new/bin/activate

#python ensemble_vae.py --mode train --device cuda --experiment-folder ../experiment/ensemble_3_v2 --num-decoders 3 --num-t 50
python ensemble_vae.py --mode geodesics --device cuda --experiment-folder ../experiment/run6 --num-decoders 1 --num-t 50
------------------------------------------------------------

Successfully completed.

Resource usage summary:

    CPU time :                                   49.37 sec.
    Max Memory :                                 588 MB
    Average Memory :                             588.00 MB
    Total Requested Memory :                     20480.00 MB
    Delta Memory :                               19892.00 MB
    Max Swap :                                   -
    Max Processes :                              4
    Max Threads :                                9
    Run time :                                   52 sec.
    Turnaround time :                            182 sec.

The output (if any) is above this job summary.



PS:

Read file <24549706.err> for stderr output of this job.

