# Options
batch_size = 32
device = cuda
epochs_per_decoder = 200
experiment_folder = ../experiment/ensemble_2
latent_dim = 2
mode = train
num_curves = 25
num_decoders = 2
num_reruns = 10
num_t = 50
samples = samples.png
# Options
batch_size = 32
device = cuda
epochs_per_decoder = 200
experiment_folder = ../experiment/ensemble_2
latent_dim = 2
mode = geodesics
num_curves = 25
num_decoders = 2
num_reruns = 10
num_t = 50
samples = samples.png
Iteration 10: energy = 1608.7810
Iteration 20: energy = 1581.1440
Iteration 30: energy = 1557.8091
Iteration 40: energy = 1531.6608
Iteration 50: energy = 1508.4536
Iteration 60: energy = 1483.3619
Iteration 70: energy = 1457.1165
Iteration 80: energy = 1437.4282
Iteration 90: energy = 1421.4489
Iteration 100: energy = 1407.0144
Iteration 110: energy = 1390.0509
Iteration 120: energy = 1380.9062
Iteration 130: energy = 1374.3879
Iteration 140: energy = 1370.5774
Iteration 150: energy = 1365.3143
Iteration 160: energy = 1362.8572
Iteration 170: energy = 1359.6743
Iteration 180: energy = 1353.8940
Iteration 190: energy = 1338.0299
Iteration 200: energy = 1327.3063
Iteration 210: energy = 1303.9045
Iteration 220: energy = 1291.7295
Iteration 230: energy = 1281.6355
Iteration 240: energy = 1270.4481
Iteration 250: energy = 1265.9882
Iteration 260: energy = 1254.0081
Iteration 270: energy = 1249.4811
Iteration 280: energy = 1246.7062
Iteration 290: energy = 1244.7246
Iteration 300: energy = 1244.1927
Iteration 310: energy = 1243.5798
Iteration 320: energy = 1243.3966
Iteration 330: energy = 1243.1866
Iteration 340: energy = 1242.8828
Iteration 350: energy = 1242.8228
Iteration 360: energy = 1242.7645
Iteration 370: energy = 1242.7451
Iteration 380: energy = 1242.6774
Iteration 390: energy = 1242.5797
Iteration 400: energy = 1242.5796
Iteration 410: energy = 1242.5785
Iteration 10: energy = 1630.4102
Iteration 20: energy = 1565.8063
Iteration 30: energy = 1545.9136
Iteration 40: energy = 1534.2120
Iteration 50: energy = 1519.6390
Iteration 60: energy = 1509.6204
Iteration 70: energy = 1498.4146
Iteration 80: energy = 1488.5446
Iteration 90: energy = 1479.8628
Iteration 100: energy = 1473.1163
Iteration 110: energy = 1465.4768
Iteration 120: energy = 1459.9058
Iteration 130: energy = 1456.0522
Iteration 140: energy = 1450.4878
Iteration 150: energy = 1447.4463
Iteration 160: energy = 1445.7351
Iteration 170: energy = 1444.5223
Iteration 180: energy = 1443.5297
Iteration 190: energy = 1443.1669
Iteration 200: energy = 1442.7747
Iteration 210: energy = 1442.5312
Iteration 220: energy = 1442.3831
Iteration 10: energy = 3054.1252
Iteration 20: energy = 3026.9272
Iteration 30: energy = 2995.6606
Iteration 40: energy = 2965.7100
Iteration 50: energy = 2953.0295
Iteration 60: energy = 2923.1772
Iteration 70: energy = 2914.8982
Iteration 80: energy = 2912.2659
Iteration 90: energy = 2906.6455
Iteration 100: energy = 2899.8499
Iteration 110: energy = 2898.2559
Iteration 120: energy = 2891.2654
Iteration 130: energy = 2887.3123
Iteration 140: energy = 2882.5750
Iteration 150: energy = 2878.8440
Iteration 160: energy = 2875.6865
Iteration 170: energy = 2873.4631
Iteration 180: energy = 2870.8911
Iteration 190: energy = 2869.9922
Iteration 200: energy = 2868.5935
Iteration 210: energy = 2867.7058
Iteration 220: energy = 2867.3420
Iteration 230: energy = 2866.9250
Iteration 240: energy = 2866.9194
Iteration 10: energy = 3337.0408
Iteration 20: energy = 3229.2209
Iteration 30: energy = 3164.2632
Iteration 40: energy = 3122.1299
Iteration 50: energy = 3097.3215
Iteration 60: energy = 3067.8867
Iteration 70: energy = 3044.6572
Iteration 80: energy = 3027.0071
Iteration 90: energy = 2986.3118
Iteration 100: energy = 2963.9490
Iteration 110: energy = 2936.7732
Iteration 120: energy = 2923.8328
Iteration 130: energy = 2917.0771
Iteration 140: energy = 2906.5508
Iteration 150: energy = 2899.4192
Iteration 160: energy = 2889.7883
Iteration 170: energy = 2878.2756
Iteration 180: energy = 2871.1123
Iteration 190: energy = 2865.3677
Iteration 200: energy = 2863.4609
Iteration 210: energy = 2857.9636
Iteration 220: energy = 2854.4194
Iteration 230: energy = 2850.3972
Iteration 240: energy = 2847.8457
Iteration 250: energy = 2846.6875
Iteration 260: energy = 2845.5188
Iteration 270: energy = 2844.6829
Iteration 280: energy = 2843.7295
Iteration 290: energy = 2843.2346
Iteration 300: energy = 2842.8411
Iteration 310: energy = 2842.6892
Iteration 320: energy = 2842.0840
Iteration 330: energy = 2842.0032
Iteration 340: energy = 2841.6892
Iteration 350: energy = 2841.6890
Iteration 360: energy = 2841.6064
Iteration 10: energy = 3647.1794
Iteration 20: energy = 3595.5051
Iteration 30: energy = 3530.6384
Iteration 40: energy = 3466.9468
Iteration 50: energy = 3428.2417
Iteration 60: energy = 3380.5867
Iteration 70: energy = 3360.1130
Iteration 80: energy = 3323.2869
Iteration 90: energy = 3302.1191
Iteration 100: energy = 3297.9836
Iteration 110: energy = 3287.9714
Iteration 120: energy = 3284.7053
Iteration 130: energy = 3276.1821
Iteration 140: energy = 3270.3701
Iteration 150: energy = 3266.1667
Iteration 160: energy = 3261.4531
Iteration 170: energy = 3258.8340
Iteration 180: energy = 3255.4004
Iteration 190: energy = 3239.7876
Iteration 200: energy = 3229.6792
Iteration 210: energy = 3192.3979
Iteration 220: energy = 3169.1733
Iteration 230: energy = 3161.2598
Iteration 240: energy = 3152.4585
Iteration 250: energy = 3148.9646
Iteration 260: energy = 3145.4087
Iteration 270: energy = 3142.3640
Iteration 280: energy = 3140.1768
Iteration 290: energy = 3138.2170
Iteration 300: energy = 3137.5176
Iteration 310: energy = 3136.7891
Iteration 320: energy = 3136.1995
Iteration 330: energy = 3136.0757
Iteration 340: energy = 3135.9502
Iteration 350: energy = 3135.9268
Iteration 360: energy = 3135.6453
Iteration 370: energy = 3135.4768
Iteration 380: energy = 3135.4749
Iteration 390: energy = 3135.4709
Iteration 400: energy = 3135.2483
Iteration 410: energy = 3134.5759
Iteration 420: energy = 3134.5718
Iteration 430: energy = 3133.7529
Iteration 440: energy = 3133.7388
Iteration 450: energy = 3133.3535
Iteration 460: energy = 3133.1357
Iteration 470: energy = 3132.5557
Iteration 480: energy = 3132.0471
Iteration 490: energy = 3131.7380
Iteration 500: energy = 3131.1995
Iteration 510: energy = 3130.0281
Iteration 520: energy = 3129.2319
Iteration 530: energy = 3128.0835
Iteration 540: energy = 3127.3896
Iteration 550: energy = 3125.5640
Iteration 560: energy = 3124.3535
Iteration 570: energy = 3123.5261
Iteration 580: energy = 3122.6951
Iteration 590: energy = 3122.3806
Iteration 600: energy = 3121.8423
Iteration 610: energy = 3120.7100
Iteration 620: energy = 3120.1387
Iteration 630: energy = 3119.5872
Iteration 640: energy = 3118.6567
Iteration 650: energy = 3118.3179
Iteration 660: energy = 3117.1470
Iteration 670: energy = 3116.1555
Iteration 680: energy = 3116.1028
Iteration 690: energy = 3115.4509
Iteration 700: energy = 3114.7461
Iteration 710: energy = 3114.6323
Iteration 720: energy = 3114.4028
Iteration 730: energy = 3114.1077
Iteration 740: energy = 3113.7703
Iteration 750: energy = 3113.5530
Iteration 760: energy = 3112.7183
Iteration 770: energy = 3112.5427
Iteration 780: energy = 3112.4028
Iteration 790: energy = 3111.9939
Iteration 800: energy = 3111.9365
Iteration 810: energy = 3111.9285
Iteration 820: energy = 3111.6294
Iteration 10: energy = 1704.1118
Iteration 20: energy = 1677.0704
Iteration 30: energy = 1660.0063
Iteration 40: energy = 1653.4583
Iteration 50: energy = 1649.8470
Iteration 60: energy = 1641.1831
Iteration 70: energy = 1635.5356
Iteration 80: energy = 1630.8569
Iteration 90: energy = 1627.3618
Iteration 100: energy = 1622.7546
Iteration 110: energy = 1620.7095
Iteration 120: energy = 1619.5547
Iteration 130: energy = 1618.6825
Iteration 140: energy = 1617.6989
Iteration 150: energy = 1616.0808
Iteration 160: energy = 1614.5182
Iteration 170: energy = 1611.6384
Iteration 180: energy = 1605.6346
Iteration 190: energy = 1601.5701
Iteration 200: energy = 1594.7495
Iteration 210: energy = 1593.7584
Iteration 220: energy = 1591.2894
Iteration 230: energy = 1588.4880
Iteration 240: energy = 1587.4319
Iteration 250: energy = 1583.2745
Iteration 260: energy = 1578.6877
Iteration 270: energy = 1570.0144
Iteration 280: energy = 1567.7904
Iteration 290: energy = 1564.2517
Iteration 300: energy = 1560.1946
Iteration 310: energy = 1558.3315
Iteration 320: energy = 1553.6161
Iteration 330: energy = 1550.7155
Iteration 340: energy = 1549.9166
Iteration 350: energy = 1549.0620
Iteration 360: energy = 1548.4347
Iteration 370: energy = 1547.5461
Iteration 380: energy = 1547.3569
Iteration 390: energy = 1547.1428
Iteration 400: energy = 1546.9587
Iteration 410: energy = 1546.9215
Iteration 10: energy = 3652.6721
Iteration 20: energy = 3610.0947
Iteration 30: energy = 3565.7341
Iteration 40: energy = 3555.2651
Iteration 50: energy = 3532.7351
Iteration 60: energy = 3518.8137
Iteration 70: energy = 3515.8555
Iteration 80: energy = 3511.5396
Iteration 90: energy = 3508.3718
Iteration 100: energy = 3505.2227
Iteration 110: energy = 3502.8491
Iteration 120: energy = 3498.8015
Iteration 130: energy = 3497.5972
Iteration 140: energy = 3494.6362
Iteration 150: energy = 3491.6997
Iteration 160: energy = 3489.6743
Iteration 170: energy = 3489.0129
Iteration 180: energy = 3487.8362
Iteration 190: energy = 3486.9683
Iteration 200: energy = 3485.9946
Iteration 210: energy = 3484.6938
Iteration 220: energy = 3484.0493
Iteration 230: energy = 3483.4443
Iteration 240: energy = 3483.3958
Iteration 250: energy = 3483.3694
Iteration 260: energy = 3483.1582
Iteration 270: energy = 3482.9929
Iteration 280: energy = 3482.8625
Iteration 290: energy = 3482.8613
Iteration 10: energy = 3678.2947
Iteration 20: energy = 3622.2583
Iteration 30: energy = 3488.7886
Iteration 40: energy = 3440.4099
Iteration 50: energy = 3331.4536
Iteration 60: energy = 3274.2214
Iteration 70: energy = 3233.9607
Iteration 80: energy = 3163.8616
Iteration 90: energy = 3111.9141
Iteration 100: energy = 3026.3337
Iteration 110: energy = 2977.4287
Iteration 120: energy = 2930.8772
Iteration 130: energy = 2914.1284
Iteration 140: energy = 2886.9253
Iteration 150: energy = 2865.4597
Iteration 160: energy = 2850.6091
Iteration 170: energy = 2840.7856
Iteration 180: energy = 2838.3374
Iteration 190: energy = 2836.0471
Iteration 200: energy = 2832.9512
Iteration 210: energy = 2832.3730
Iteration 220: energy = 2831.3628
Iteration 230: energy = 2831.2500
Iteration 240: energy = 2830.9048
Iteration 250: energy = 2830.3276
Iteration 260: energy = 2830.1013
Iteration 270: energy = 2829.4006
Iteration 280: energy = 2828.7742
Iteration 290: energy = 2828.5371
Iteration 300: energy = 2827.6301
Iteration 310: energy = 2827.6274
Iteration 320: energy = 2827.2053
Iteration 330: energy = 2826.6558
Iteration 340: energy = 2826.0649
Iteration 10: energy = 3527.9805
Iteration 20: energy = 3511.1560
Iteration 30: energy = 3490.9282
Iteration 40: energy = 3467.8113
Iteration 50: energy = 3450.1104
Iteration 60: energy = 3435.7800
Iteration 70: energy = 3417.5015
Iteration 80: energy = 3396.3462
Iteration 90: energy = 3369.5378
Iteration 100: energy = 3345.9622
Iteration 110: energy = 3319.3740
Iteration 120: energy = 3303.4946
Iteration 130: energy = 3290.1704
Iteration 140: energy = 3279.4475
Iteration 150: energy = 3277.8469
Iteration 160: energy = 3275.3811
Iteration 170: energy = 3273.5085
Iteration 180: energy = 3272.3552
Iteration 190: energy = 3272.0994
Iteration 200: energy = 3271.7192
Iteration 210: energy = 3271.4761
Iteration 220: energy = 3271.0095
Iteration 230: energy = 3270.7742
Iteration 240: energy = 3270.3765
Iteration 250: energy = 3270.3179
Iteration 260: energy = 3270.3159
Iteration 270: energy = 3270.3010
Iteration 280: energy = 3269.7979
Iteration 290: energy = 3269.6675
Iteration 300: energy = 3269.5657
Iteration 310: energy = 3269.3843
Iteration 320: energy = 3268.9092
Iteration 330: energy = 3268.6096
Iteration 340: energy = 3268.6074
Iteration 350: energy = 3268.4597
Iteration 360: energy = 3267.8298
Iteration 370: energy = 3267.2798
Iteration 380: energy = 3266.4929
Iteration 390: energy = 3265.9307
Iteration 400: energy = 3265.5000
Iteration 410: energy = 3264.5984
Iteration 420: energy = 3263.9678
Iteration 430: energy = 3263.3906
Iteration 440: energy = 3263.1096
Iteration 450: energy = 3262.5029
Iteration 460: energy = 3262.3562
Iteration 470: energy = 3262.2207
Iteration 480: energy = 3261.7244
Iteration 490: energy = 3261.6387
Iteration 500: energy = 3261.4995
Iteration 510: energy = 3261.4963
Iteration 520: energy = 3261.1873
Iteration 530: energy = 3261.0459
Iteration 540: energy = 3260.9307
Iteration 550: energy = 3260.9219
Iteration 560: energy = 3260.8342
Iteration 570: energy = 3260.6868
Iteration 580: energy = 3260.6499
Iteration 590: energy = 3260.5225
Iteration 600: energy = 3260.3650
Iteration 10: energy = 957.8400
Iteration 20: energy = 843.8805
Iteration 30: energy = 824.9606
Iteration 40: energy = 807.1793
Iteration 50: energy = 786.8160
Iteration 60: energy = 771.9717
Iteration 70: energy = 761.0632
Iteration 80: energy = 752.9135
Iteration 90: energy = 745.5884
Iteration 100: energy = 736.5420
Iteration 110: energy = 729.4404
Iteration 120: energy = 728.2022
Iteration 130: energy = 724.6062
Iteration 140: energy = 722.5518
Iteration 150: energy = 721.0281
Iteration 160: energy = 719.6197
Iteration 170: energy = 718.7081
Iteration 180: energy = 718.5017
Iteration 190: energy = 718.0878
Iteration 200: energy = 717.9990
Iteration 210: energy = 717.8693
Iteration 220: energy = 717.6959
Iteration 230: energy = 717.6456
Iteration 240: energy = 717.5236
Iteration 10: energy = 612.6777
Iteration 20: energy = 595.4229
Iteration 30: energy = 588.2936
Iteration 40: energy = 578.3690
Iteration 50: energy = 573.7888
Iteration 60: energy = 569.2125
Iteration 70: energy = 566.0649
Iteration 80: energy = 564.4871
Iteration 90: energy = 562.2237
Iteration 100: energy = 561.5504
Iteration 110: energy = 559.5798
Iteration 120: energy = 557.5458
Iteration 130: energy = 555.4103
Iteration 140: energy = 553.9745
Iteration 150: energy = 553.0390
Iteration 160: energy = 552.7589
Iteration 170: energy = 552.4182
Iteration 180: energy = 552.3837
Iteration 190: energy = 552.3181
Iteration 200: energy = 552.2542
Iteration 210: energy = 552.2429
Iteration 220: energy = 552.2244
Iteration 230: energy = 552.1987
Iteration 240: energy = 552.1617
Iteration 250: energy = 552.1614
Iteration 10: energy = 1628.4460
Iteration 20: energy = 1593.5330
Iteration 30: energy = 1577.7412
Iteration 40: energy = 1568.4033
Iteration 50: energy = 1550.9525
Iteration 60: energy = 1535.8048
Iteration 70: energy = 1525.4794
Iteration 80: energy = 1519.5150
Iteration 90: energy = 1515.3728
Iteration 100: energy = 1512.5618
Iteration 110: energy = 1510.0258
Iteration 120: energy = 1509.2548
Iteration 130: energy = 1508.4252
Iteration 140: energy = 1508.1030
Iteration 150: energy = 1507.9047
Iteration 160: energy = 1507.8372
Iteration 170: energy = 1507.8354
Iteration 180: energy = 1507.7609
Iteration 10: energy = 3177.5381
Iteration 20: energy = 3101.7078
Iteration 30: energy = 3062.0356
Iteration 40: energy = 3036.8799
Iteration 50: energy = 3027.3281
Iteration 60: energy = 3015.1189
Iteration 70: energy = 3002.6372
Iteration 80: energy = 2989.9075
Iteration 90: energy = 2971.7842
Iteration 100: energy = 2966.1216
Iteration 110: energy = 2954.7830
Iteration 120: energy = 2940.6384
Iteration 130: energy = 2934.0630
Iteration 140: energy = 2917.7964
Iteration 150: energy = 2913.5352
Iteration 160: energy = 2891.6331
Iteration 170: energy = 2874.6160
Iteration 180: energy = 2846.1826
Iteration 190: energy = 2828.2292
Iteration 200: energy = 2806.9500
Iteration 210: energy = 2790.9680
Iteration 220: energy = 2776.4958
Iteration 230: energy = 2770.0322
Iteration 240: energy = 2765.1626
Iteration 250: energy = 2762.6538
Iteration 260: energy = 2761.6509
Iteration 270: energy = 2759.9541
Iteration 280: energy = 2758.7805
Iteration 290: energy = 2756.8381
Iteration 300: energy = 2755.5713
Iteration 310: energy = 2754.8892
Iteration 320: energy = 2753.8472
Iteration 330: energy = 2752.8789
Iteration 340: energy = 2752.1716
Iteration 350: energy = 2752.0315
Iteration 360: energy = 2751.4434
Iteration 370: energy = 2750.8179
Iteration 380: energy = 2750.2627
Iteration 390: energy = 2750.0205
Iteration 400: energy = 2750.0000
Iteration 410: energy = 2749.4897
Iteration 420: energy = 2749.3245
Iteration 430: energy = 2748.7822
Iteration 440: energy = 2748.7773
Iteration 450: energy = 2748.7249
Iteration 460: energy = 2748.6650
Iteration 470: energy = 2748.4248
Iteration 480: energy = 2748.3916
Iteration 490: energy = 2748.3132
Iteration 500: energy = 2748.1206
Iteration 510: energy = 2748.1160
Iteration 520: energy = 2748.0247
Iteration 530: energy = 2747.9993
Iteration 10: energy = 3462.6702
Iteration 20: energy = 3416.2236
Iteration 30: energy = 3367.0952
Iteration 40: energy = 3344.9397
Iteration 50: energy = 3301.3027
Iteration 60: energy = 3294.3574
Iteration 70: energy = 3286.2615
Iteration 80: energy = 3278.2771
Iteration 90: energy = 3274.7231
Iteration 100: energy = 3269.5422
Iteration 110: energy = 3266.3132
Iteration 120: energy = 3264.3706
Iteration 130: energy = 3263.2842
Iteration 140: energy = 3260.5281
Iteration 150: energy = 3259.6340
Iteration 160: energy = 3258.8914
Iteration 170: energy = 3257.6946
Iteration 180: energy = 3257.3281
Iteration 190: energy = 3255.8228
Iteration 200: energy = 3254.1184
Iteration 210: energy = 3253.7095
Iteration 220: energy = 3253.4011
Iteration 10: energy = 2117.6785
Iteration 20: energy = 2039.3011
Iteration 30: energy = 1978.5010
Iteration 40: energy = 1903.4912
Iteration 50: energy = 1858.8572
Iteration 60: energy = 1818.0504
Iteration 70: energy = 1798.4558
Iteration 80: energy = 1758.6998
Iteration 90: energy = 1726.0840
Iteration 100: energy = 1678.3214
Iteration 110: energy = 1637.4841
Iteration 120: energy = 1624.6471
Iteration 130: energy = 1617.6191
Iteration 140: energy = 1611.2620
Iteration 150: energy = 1602.9501
Iteration 160: energy = 1596.7983
Iteration 170: energy = 1594.1194
Iteration 180: energy = 1591.4095
Iteration 190: energy = 1587.2079
Iteration 200: energy = 1582.0605
Iteration 210: energy = 1575.0247
Iteration 220: energy = 1568.0134
Iteration 230: energy = 1558.0507
Iteration 240: energy = 1548.2799
Iteration 250: energy = 1539.4276
Iteration 260: energy = 1534.2991
Iteration 270: energy = 1525.1868
Iteration 280: energy = 1517.6327
Iteration 290: energy = 1496.4470
Iteration 300: energy = 1487.1160
Iteration 310: energy = 1481.5139
Iteration 320: energy = 1478.1958
Iteration 330: energy = 1476.4957
Iteration 340: energy = 1474.8861
Iteration 350: energy = 1473.6370
Iteration 360: energy = 1473.4218
Iteration 370: energy = 1472.7814
Iteration 380: energy = 1472.5925
Iteration 390: energy = 1472.4169
Iteration 400: energy = 1471.9646
Iteration 410: energy = 1471.7528
Iteration 420: energy = 1471.3617
Iteration 430: energy = 1471.2891
Iteration 440: energy = 1470.9023
Iteration 450: energy = 1470.7021
Iteration 460: energy = 1470.6653
Iteration 470: energy = 1470.5944
Iteration 480: energy = 1470.4084
Iteration 490: energy = 1470.2242
Iteration 500: energy = 1470.2238
Iteration 510: energy = 1470.2131
Iteration 10: energy = 1495.7264
Iteration 20: energy = 1490.7245
Iteration 30: energy = 1479.4541
Iteration 40: energy = 1477.5958
Iteration 50: energy = 1466.7062
Iteration 60: energy = 1452.9812
Iteration 70: energy = 1446.4210
Iteration 80: energy = 1440.5564
Iteration 90: energy = 1433.4258
Iteration 100: energy = 1429.5024
Iteration 110: energy = 1423.7568
Iteration 120: energy = 1415.5439
Iteration 130: energy = 1413.0828
Iteration 140: energy = 1411.0071
Iteration 150: energy = 1410.1346
Iteration 160: energy = 1408.9910
Iteration 170: energy = 1408.3160
Iteration 180: energy = 1407.9088
Iteration 190: energy = 1407.6488
Iteration 200: energy = 1407.5198
Iteration 210: energy = 1407.4493
Iteration 220: energy = 1407.3933
Iteration 230: energy = 1407.3926
Iteration 10: energy = 1483.7034
Iteration 20: energy = 1386.9753
Iteration 30: energy = 1342.7354
Iteration 40: energy = 1314.1196
Iteration 50: energy = 1282.5032
Iteration 60: energy = 1244.4420
Iteration 70: energy = 1224.6106
Iteration 80: energy = 1179.2894
Iteration 90: energy = 1152.0389
Iteration 100: energy = 1140.3440
Iteration 110: energy = 1128.6798
Iteration 120: energy = 1124.2079
Iteration 130: energy = 1121.6075
Iteration 140: energy = 1120.0122
Iteration 150: energy = 1119.0847
Iteration 160: energy = 1118.0291
Iteration 170: energy = 1117.2491
Iteration 180: energy = 1116.7443
Iteration 190: energy = 1116.3510
Iteration 200: energy = 1116.2623
Iteration 210: energy = 1116.0066
Iteration 220: energy = 1115.7736
Iteration 230: energy = 1115.5967
Iteration 240: energy = 1115.5258
Iteration 250: energy = 1115.3185
Iteration 260: energy = 1115.2584
Iteration 270: energy = 1115.2172
Iteration 10: energy = 3388.8774
Iteration 20: energy = 3302.0222
Iteration 30: energy = 3244.9885
Iteration 40: energy = 3202.7893
Iteration 50: energy = 3175.5952
Iteration 60: energy = 3144.7290
Iteration 70: energy = 3128.1780
Iteration 80: energy = 3109.9644
Iteration 90: energy = 3097.6746
Iteration 100: energy = 3085.8875
Iteration 110: energy = 3077.6721
Iteration 120: energy = 3068.4714
Iteration 130: energy = 3058.3135
Iteration 140: energy = 3054.0679
Iteration 150: energy = 3049.9944
Iteration 160: energy = 3044.2732
Iteration 170: energy = 3036.2031
Iteration 180: energy = 3027.9868
Iteration 190: energy = 3026.4277
Iteration 200: energy = 3022.2712
Iteration 210: energy = 3019.2998
Iteration 220: energy = 3015.9072
Iteration 230: energy = 3013.1099
Iteration 240: energy = 3010.8242
Iteration 250: energy = 3008.8396
Iteration 260: energy = 3006.1152
Iteration 270: energy = 3001.9026
Iteration 280: energy = 2999.7266
Iteration 290: energy = 2996.9480
Iteration 300: energy = 2994.8389
Iteration 310: energy = 2993.5864
Iteration 320: energy = 2992.0366
Iteration 330: energy = 2990.5615
Iteration 340: energy = 2988.5818
Iteration 350: energy = 2987.7078
Iteration 360: energy = 2986.7168
Iteration 370: energy = 2986.2476
Iteration 380: energy = 2985.2097
Iteration 390: energy = 2985.0005
Iteration 400: energy = 2984.9956
Iteration 410: energy = 2984.3218
Iteration 420: energy = 2984.1758
Iteration 430: energy = 2984.1736
Iteration 440: energy = 2983.9167
Iteration 450: energy = 2983.7278
Iteration 10: energy = 2647.9446
Iteration 20: energy = 2632.4075
Iteration 30: energy = 2605.6357
Iteration 40: energy = 2565.4651
Iteration 50: energy = 2521.3835
Iteration 60: energy = 2447.8328
Iteration 70: energy = 2424.7844
Iteration 80: energy = 2403.3613
Iteration 90: energy = 2387.1282
Iteration 100: energy = 2379.0149
Iteration 110: energy = 2363.3230
Iteration 120: energy = 2356.6167
Iteration 130: energy = 2350.9939
Iteration 140: energy = 2347.2102
Iteration 150: energy = 2344.3391
Iteration 160: energy = 2341.9001
Iteration 170: energy = 2339.3113
Iteration 180: energy = 2337.6851
Iteration 190: energy = 2335.5188
Iteration 200: energy = 2332.3142
Iteration 210: energy = 2331.8279
Iteration 220: energy = 2330.5994
Iteration 230: energy = 2329.7202
Iteration 240: energy = 2329.4443
Iteration 250: energy = 2328.5796
Iteration 260: energy = 2328.5562
Iteration 270: energy = 2327.6016
Iteration 280: energy = 2326.9436
Iteration 290: energy = 2326.5525
Iteration 300: energy = 2326.1489
Iteration 310: energy = 2325.2131
Iteration 320: energy = 2324.1360
Iteration 330: energy = 2323.4167
Iteration 340: energy = 2322.3584
Iteration 350: energy = 2321.5342
Iteration 360: energy = 2320.6992
Iteration 370: energy = 2319.8462
Iteration 380: energy = 2319.7659
Iteration 390: energy = 2319.6128
Iteration 400: energy = 2319.3679
Iteration 410: energy = 2319.2737
Iteration 420: energy = 2319.2722
Iteration 430: energy = 2319.0774
Iteration 440: energy = 2319.0469
Iteration 450: energy = 2318.9880
Iteration 460: energy = 2318.9170
Iteration 10: energy = 4229.1245
Iteration 20: energy = 4092.7434
Iteration 30: energy = 3986.2510
Iteration 40: energy = 3904.0310
Iteration 50: energy = 3819.3596
Iteration 60: energy = 3723.0164
Iteration 70: energy = 3596.4709
Iteration 80: energy = 3514.0706
Iteration 90: energy = 3492.1226
Iteration 100: energy = 3445.8467
Iteration 110: energy = 3418.6353
Iteration 120: energy = 3370.4141
Iteration 130: energy = 3334.7778
Iteration 140: energy = 3307.2810
Iteration 150: energy = 3272.1985
Iteration 160: energy = 3252.7271
Iteration 170: energy = 3225.5278
Iteration 180: energy = 3204.9453
Iteration 190: energy = 3183.6526
Iteration 200: energy = 3173.7646
Iteration 210: energy = 3168.8967
Iteration 220: energy = 3161.6479
Iteration 230: energy = 3151.9807
Iteration 240: energy = 3149.2913
Iteration 250: energy = 3141.1643
Iteration 260: energy = 3133.4692
Iteration 270: energy = 3129.1770
Iteration 280: energy = 3117.1716
Iteration 290: energy = 3108.0618
Iteration 300: energy = 3086.6499
Iteration 310: energy = 3063.7634
Iteration 320: energy = 3019.9294
Iteration 330: energy = 2900.0554
Iteration 340: energy = 2800.6467
Iteration 350: energy = 2717.8027
Iteration 360: energy = 2654.2371
Iteration 370: energy = 2624.2061
Iteration 380: energy = 2603.3591
Iteration 390: energy = 2588.6772
Iteration 400: energy = 2578.1436
Iteration 410: energy = 2569.5840
Iteration 420: energy = 2564.7747
Iteration 430: energy = 2561.8403
Iteration 440: energy = 2559.1750
Iteration 450: energy = 2556.8064
Iteration 460: energy = 2555.8726
Iteration 470: energy = 2554.6550
Iteration 480: energy = 2553.6199
Iteration 490: energy = 2552.9956
Iteration 500: energy = 2552.5610
Iteration 510: energy = 2551.5217
Iteration 520: energy = 2551.0215
Iteration 530: energy = 2550.1729
Iteration 540: energy = 2549.8369
Iteration 550: energy = 2549.3203
Iteration 560: energy = 2549.1912
Iteration 570: energy = 2549.0613
Iteration 580: energy = 2548.8333
Iteration 590: energy = 2548.7380
Iteration 600: energy = 2548.4780
Iteration 10: energy = 3536.8335
Iteration 20: energy = 3487.0959
Iteration 30: energy = 3431.3430
Iteration 40: energy = 3382.4773
Iteration 50: energy = 3368.0061
Iteration 60: energy = 3336.6287
Iteration 70: energy = 3320.9758
Iteration 80: energy = 3316.1655
Iteration 90: energy = 3306.8013
Iteration 100: energy = 3300.8418
Iteration 110: energy = 3298.1328
Iteration 120: energy = 3293.6162
Iteration 130: energy = 3292.9519
Iteration 140: energy = 3292.0999
Iteration 150: energy = 3291.3059
Iteration 160: energy = 3290.9866
Iteration 170: energy = 3290.7188
Iteration 180: energy = 3290.3369
Iteration 10: energy = 2938.2031
Iteration 20: energy = 2905.2686
Iteration 30: energy = 2844.9734
Iteration 40: energy = 2818.6741
Iteration 50: energy = 2792.2773
Iteration 60: energy = 2743.3113
Iteration 70: energy = 2698.1763
Iteration 80: energy = 2679.0107
Iteration 90: energy = 2634.5278
Iteration 100: energy = 2602.8018
Iteration 110: energy = 2575.8777
Iteration 120: energy = 2565.3010
Iteration 130: energy = 2559.7805
Iteration 140: energy = 2547.1902
Iteration 150: energy = 2540.7161
Iteration 160: energy = 2532.7842
Iteration 170: energy = 2530.1606
Iteration 180: energy = 2525.1421
Iteration 190: energy = 2517.7151
Iteration 200: energy = 2511.4028
Iteration 210: energy = 2505.7161
Iteration 220: energy = 2500.6743
Iteration 230: energy = 2497.2168
Iteration 240: energy = 2492.1958
Iteration 250: energy = 2487.7380
Iteration 260: energy = 2484.7544
Iteration 270: energy = 2481.0483
Iteration 280: energy = 2479.8423
Iteration 290: energy = 2478.1570
Iteration 300: energy = 2476.9036
Iteration 310: energy = 2475.4834
Iteration 320: energy = 2474.5835
Iteration 330: energy = 2473.9663
Iteration 340: energy = 2473.7144
Iteration 350: energy = 2473.4309
Iteration 360: energy = 2472.9900
Iteration 370: energy = 2472.8413
Iteration 380: energy = 2472.7205
Iteration 390: energy = 2472.2908
Iteration 400: energy = 2472.2017
Iteration 10: energy = 2377.2771
Iteration 20: energy = 2243.0413
Iteration 30: energy = 2116.4473
Iteration 40: energy = 2076.5264
Iteration 50: energy = 2051.2715
Iteration 60: energy = 2039.7014
Iteration 70: energy = 2002.5123
Iteration 80: energy = 1990.2350
Iteration 90: energy = 1975.5059
Iteration 100: energy = 1972.5828
Iteration 110: energy = 1969.3712
Iteration 120: energy = 1968.0134
Iteration 130: energy = 1967.3170
Iteration 140: energy = 1966.6456
Iteration 150: energy = 1966.2048
Iteration 160: energy = 1965.7119
Iteration 170: energy = 1965.5737
Iteration 180: energy = 1965.1788
Iteration 190: energy = 1964.9827
Iteration 200: energy = 1964.7390
Iteration 210: energy = 1964.5223
Iteration 220: energy = 1964.3759
Iteration 230: energy = 1964.2445
Iteration 240: energy = 1964.2419
Iteration 250: energy = 1964.1981
Iteration 260: energy = 1964.1953
Iteration 270: energy = 1964.1602
Iteration 280: energy = 1964.1561
Iteration 290: energy = 1964.0184
Iteration 300: energy = 1964.0178
Iteration 10: energy = 882.3989
Iteration 20: energy = 747.9685
Iteration 30: energy = 669.8846
Iteration 40: energy = 659.9222
Iteration 50: energy = 640.8497
Iteration 60: energy = 637.0865
Iteration 70: energy = 632.0650
Iteration 80: energy = 628.7490
Iteration 90: energy = 625.8505
Iteration 100: energy = 624.2012
Iteration 110: energy = 621.6287
Iteration 120: energy = 620.1245
Iteration 130: energy = 618.7605
Iteration 140: energy = 617.8811
Iteration 150: energy = 617.3757
Iteration 160: energy = 617.1152
Iteration 170: energy = 616.5961
Iteration 180: energy = 616.4304
Iteration 190: energy = 616.3161
Iteration 200: energy = 616.3148
Iteration 210: energy = 616.1909
Iteration 220: energy = 616.1224
Iteration 230: energy = 616.0127
Iteration 240: energy = 615.9551
Iteration 250: energy = 615.9018
Iteration 10: energy = 1695.9286
Iteration 20: energy = 1685.3777
Iteration 30: energy = 1673.6552
Iteration 40: energy = 1664.9539
Iteration 50: energy = 1650.2439
Iteration 60: energy = 1642.1892
Iteration 70: energy = 1633.4536
Iteration 80: energy = 1627.4617
Iteration 90: energy = 1618.2057
Iteration 100: energy = 1612.9747
Iteration 110: energy = 1608.9786
Iteration 120: energy = 1606.0720
Iteration 130: energy = 1600.1859
Iteration 140: energy = 1596.6429
Iteration 150: energy = 1589.1250
Iteration 160: energy = 1586.3662
Iteration 170: energy = 1581.3989
Iteration 180: energy = 1576.0925
Iteration 190: energy = 1574.2800
Iteration 200: energy = 1569.7914
Iteration 210: energy = 1568.6443
Iteration 220: energy = 1567.7606
Iteration 230: energy = 1566.8010
Iteration 240: energy = 1565.5879
Iteration 250: energy = 1564.8213
Iteration 260: energy = 1563.6228
Iteration 270: energy = 1562.9287
Iteration 280: energy = 1562.4784
Iteration 290: energy = 1562.2506
Iteration 300: energy = 1562.2115
Iteration 310: energy = 1562.1409
Iteration 320: energy = 1562.1384
Initial geodesic lengths: [tensor(33.7262, device='cuda:0'), tensor(31.6592, device='cuda:0'), tensor(49.3605, device='cuda:0'), tensor(53.2281, device='cuda:0'), tensor(54.3170, device='cuda:0'), tensor(33.5635, device='cuda:0'), tensor(55.5879, device='cuda:0'), tensor(55.1228, device='cuda:0'), tensor(53.9754, device='cuda:0'), tensor(24.7187, device='cuda:0'), tensor(20.2282, device='cuda:0'), tensor(30.2427, device='cuda:0'), tensor(50.5576, device='cuda:0'), tensor(53.5513, device='cuda:0'), tensor(39.5182, device='cuda:0'), tensor(31.2945, device='cuda:0'), tensor(32.6730, device='cuda:0'), tensor(53.2219, device='cuda:0'), tensor(46.3510, device='cuda:0'), tensor(58.2899, device='cuda:0'), tensor(54.4250, device='cuda:0'), tensor(50.2672, device='cuda:0'), tensor(41.6594, device='cuda:0'), tensor(25.2972, device='cuda:0'), tensor(32.8705, device='cuda:0')]
Optimized geodesic lengths: [tensor(27.6226, device='cuda:0'), tensor(29.8062, device='cuda:0'), tensor(45.8904, device='cuda:0'), tensor(49.6986, device='cuda:0'), tensor(49.3310, device='cuda:0'), tensor(31.6632, device='cuda:0'), tensor(53.3047, device='cuda:0'), tensor(49.6546, device='cuda:0'), tensor(50.9509, device='cuda:0'), tensor(21.6926, device='cuda:0'), tensor(18.7749, device='cuda:0'), tensor(29.0834, device='cuda:0'), tensor(47.4006, device='cuda:0'), tensor(50.9669, device='cuda:0'), tensor(31.7597, device='cuda:0'), tensor(29.8502, device='cuda:0'), tensor(27.0177, device='cuda:0'), tensor(50.4348, device='cuda:0'), tensor(43.9441, device='cuda:0'), tensor(44.0355, device='cuda:0'), tensor(51.0805, device='cuda:0'), tensor(45.2466, device='cuda:0'), tensor(36.2248, device='cuda:0'), tensor(19.6716, device='cuda:0'), tensor(30.9043, device='cuda:0')]

------------------------------------------------------------
Sender: LSF System <lsfadmin@hpc.dtu.dk>
Subject: Job 24549317: <ensemblev100> in cluster <dcc> Done

Job <ensemblev100> was submitted from host <gbarlogin1> by user <s185927> in cluster <dcc> at Tue Apr  1 06:05:12 2025
Job was executed on host(s) <4*n-62-20-12>, in queue <gpuv100>, as user <s185927> in cluster <dcc> at Tue Apr  1 06:17:17 2025
</zhome/e3/3/139772> was used as the home directory.
</zhome/e3/3/139772/Desktop/AML/AML/github-project-2/AML-Project-2/src> was used as the working directory.
Started at Tue Apr  1 06:17:17 2025
Terminated at Tue Apr  1 06:39:26 2025
Results reported at Tue Apr  1 06:39:26 2025

Your job looked like:

------------------------------------------------------------
# LSBATCH: User input
#!/bin/bash
#BSUB -J ensemblev100
#BSUB -q gpuv100
#BSUB -n 4
#BSUB -gpu "num=1:mode=exclusive_process"
#BSUB -W 5:00
#BSUB -R "rusage[mem=5GB]"
#BSUB -u lassesofus@gmail.com
#BSUB -o %J.out
#BSUB -e %J.err

module load cuda/11.8

source /zhome/e3/3/139772/Desktop/AML/aml_new/bin/activate

python ensemble_vae.py --mode train --device cuda --experiment-folder ../experiment/ensemble_2 --num-decoders 2 --num-t 50
python ensemble_vae.py --mode geodesics --device cuda --experiment-folder ../experiment/ensemble_2 --num-decoders 2 --num-t 50
------------------------------------------------------------

Successfully completed.

Resource usage summary:

    CPU time :                                   1305.19 sec.
    Max Memory :                                 616 MB
    Average Memory :                             616.00 MB
    Total Requested Memory :                     20480.00 MB
    Delta Memory :                               19864.00 MB
    Max Swap :                                   -
    Max Processes :                              4
    Max Threads :                                9
    Run time :                                   1200 sec.
    Turnaround time :                            2054 sec.

The output (if any) is above this job summary.



PS:

Read file <24549317.err> for stderr output of this job.

