# Options
batch_size = 32
device = cuda
epochs_per_decoder = 200
experiment_folder = ../experiment/ensemble_3_v6
latent_dim = 2
mode = train
num_curves = 25
num_decoders = 3
num_reruns = 10
num_t = 50
samples = samples.png
# Options
batch_size = 32
device = cuda
epochs_per_decoder = 200
experiment_folder = ../experiment/ensemble_3_v6
latent_dim = 2
mode = geodesics
num_curves = 25
num_decoders = 3
num_reruns = 10
num_t = 50
samples = samples.png
Iteration 10: energy = 2488.2739
Iteration 20: energy = 2477.3530
Iteration 30: energy = 2453.8572
Iteration 40: energy = 2440.9443
Iteration 50: energy = 2429.6714
Iteration 60: energy = 2405.5789
Iteration 70: energy = 2395.4534
Iteration 80: energy = 2378.3887
Iteration 90: energy = 2368.5291
Iteration 100: energy = 2360.0381
Iteration 110: energy = 2344.5273
Iteration 120: energy = 2338.5894
Iteration 130: energy = 2325.7153
Iteration 140: energy = 2318.1086
Iteration 150: energy = 2306.1687
Iteration 160: energy = 2302.6128
Iteration 170: energy = 2296.5310
Iteration 180: energy = 2291.4414
Iteration 190: energy = 2284.6519
Iteration 200: energy = 2278.4856
Iteration 210: energy = 2272.8423
Iteration 220: energy = 2262.9746
Iteration 230: energy = 2259.6326
Iteration 240: energy = 2253.1855
Iteration 250: energy = 2245.1218
Iteration 260: energy = 2223.6838
Iteration 270: energy = 2216.3118
Iteration 280: energy = 2203.3704
Iteration 290: energy = 2188.5349
Iteration 300: energy = 2179.9441
Iteration 310: energy = 2166.4202
Iteration 320: energy = 2152.9626
Iteration 330: energy = 2142.6892
Iteration 340: energy = 2138.2104
Iteration 350: energy = 2130.6086
Iteration 360: energy = 2126.2546
Iteration 370: energy = 2120.7737
Iteration 380: energy = 2117.0544
Iteration 390: energy = 2111.9548
Iteration 400: energy = 2109.1975
Iteration 410: energy = 2106.6462
Iteration 420: energy = 2105.7444
Iteration 430: energy = 2104.9619
Iteration 440: energy = 2104.7275
Iteration 450: energy = 2104.3035
Iteration 460: energy = 2104.0818
Iteration 470: energy = 2104.0752
Iteration 480: energy = 2103.8845
Iteration 490: energy = 2103.8264
Iteration 10: energy = 2105.8005
Iteration 20: energy = 2084.9268
Iteration 30: energy = 2079.5913
Iteration 40: energy = 2074.8594
Iteration 50: energy = 2071.8608
Iteration 60: energy = 2066.9783
Iteration 70: energy = 2065.4365
Iteration 80: energy = 2060.3242
Iteration 90: energy = 2056.8721
Iteration 100: energy = 2052.4248
Iteration 110: energy = 2044.8066
Iteration 120: energy = 2039.1357
Iteration 130: energy = 2035.9551
Iteration 140: energy = 2033.9951
Iteration 150: energy = 2033.9777
Iteration 160: energy = 2032.6637
Iteration 170: energy = 2031.5226
Iteration 180: energy = 2030.1960
Iteration 190: energy = 2029.3302
Iteration 200: energy = 2027.9030
Iteration 210: energy = 2026.1696
Iteration 220: energy = 2025.3197
Iteration 230: energy = 2023.7488
Iteration 240: energy = 2022.9883
Iteration 250: energy = 2022.1683
Iteration 260: energy = 2022.1655
Iteration 10: energy = 3696.1562
Iteration 20: energy = 3666.7075
Iteration 30: energy = 3632.0732
Iteration 40: energy = 3607.3379
Iteration 50: energy = 3563.0933
Iteration 60: energy = 3550.5127
Iteration 70: energy = 3530.3120
Iteration 80: energy = 3525.3364
Iteration 90: energy = 3516.9482
Iteration 100: energy = 3510.3950
Iteration 110: energy = 3504.8301
Iteration 120: energy = 3489.2410
Iteration 130: energy = 3459.4653
Iteration 140: energy = 3420.0122
Iteration 150: energy = 3402.3850
Iteration 160: energy = 3333.4053
Iteration 170: energy = 3290.7493
Iteration 180: energy = 3258.0837
Iteration 190: energy = 3230.3079
Iteration 200: energy = 3196.4016
Iteration 210: energy = 3177.8455
Iteration 220: energy = 3153.0928
Iteration 230: energy = 3140.9224
Iteration 240: energy = 3134.5886
Iteration 250: energy = 3119.8159
Iteration 260: energy = 3114.8606
Iteration 270: energy = 3110.8755
Iteration 280: energy = 3108.8506
Iteration 290: energy = 3106.5312
Iteration 300: energy = 3103.1226
Iteration 310: energy = 3101.9910
Iteration 320: energy = 3099.3770
Iteration 330: energy = 3099.0408
Iteration 340: energy = 3097.2129
Iteration 350: energy = 3095.1392
Iteration 360: energy = 3091.2671
Iteration 370: energy = 3088.9153
Iteration 380: energy = 3083.2114
Iteration 390: energy = 3081.5181
Iteration 400: energy = 3078.9856
Iteration 410: energy = 3078.3069
Iteration 420: energy = 3077.4514
Iteration 430: energy = 3077.2634
Iteration 440: energy = 3076.1863
Iteration 450: energy = 3075.2539
Iteration 460: energy = 3070.4722
Iteration 470: energy = 3064.6941
Iteration 480: energy = 3061.9968
Iteration 490: energy = 3060.1226
Iteration 500: energy = 3057.9114
Iteration 510: energy = 3056.6028
Iteration 520: energy = 3056.2722
Iteration 530: energy = 3055.6313
Iteration 540: energy = 3054.6406
Iteration 550: energy = 3054.4673
Iteration 560: energy = 3054.4458
Iteration 570: energy = 3053.7827
Iteration 580: energy = 3049.0271
Iteration 590: energy = 3043.7112
Iteration 600: energy = 3038.9221
Iteration 610: energy = 3037.8076
Iteration 620: energy = 3036.5200
Iteration 630: energy = 3036.2788
Iteration 640: energy = 3036.1167
Iteration 650: energy = 3036.0767
Iteration 660: energy = 3036.0759
Iteration 10: energy = 4085.8540
Iteration 20: energy = 4068.0928
Iteration 30: energy = 4057.3928
Iteration 40: energy = 4024.3857
Iteration 50: energy = 4014.8132
Iteration 60: energy = 4006.3420
Iteration 70: energy = 3997.9194
Iteration 80: energy = 3991.1438
Iteration 90: energy = 3986.7085
Iteration 100: energy = 3980.8022
Iteration 110: energy = 3980.3062
Iteration 120: energy = 3978.0388
Iteration 130: energy = 3976.3311
Iteration 140: energy = 3974.3535
Iteration 150: energy = 3970.4854
Iteration 160: energy = 3968.2183
Iteration 170: energy = 3962.7900
Iteration 180: energy = 3957.1411
Iteration 190: energy = 3951.6484
Iteration 200: energy = 3942.0872
Iteration 210: energy = 3937.3262
Iteration 220: energy = 3928.5732
Iteration 230: energy = 3925.0020
Iteration 240: energy = 3921.7019
Iteration 250: energy = 3912.6106
Iteration 260: energy = 3900.7839
Iteration 270: energy = 3891.9846
Iteration 280: energy = 3850.9128
Iteration 290: energy = 3817.9255
Iteration 300: energy = 3802.2061
Iteration 310: energy = 3776.0334
Iteration 320: energy = 3746.9617
Iteration 330: energy = 3723.8076
Iteration 340: energy = 3709.7283
Iteration 350: energy = 3672.4832
Iteration 360: energy = 3666.8679
Iteration 370: energy = 3641.7058
Iteration 380: energy = 3626.6975
Iteration 390: energy = 3603.7061
Iteration 400: energy = 3591.0779
Iteration 410: energy = 3581.7432
Iteration 420: energy = 3577.0293
Iteration 430: energy = 3572.6455
Iteration 440: energy = 3570.5898
Iteration 450: energy = 3566.3074
Iteration 460: energy = 3563.0889
Iteration 470: energy = 3560.6589
Iteration 480: energy = 3558.3721
Iteration 490: energy = 3555.9314
Iteration 500: energy = 3553.8772
Iteration 510: energy = 3551.9207
Iteration 520: energy = 3551.2778
Iteration 530: energy = 3551.2725
Iteration 540: energy = 3549.7563
Iteration 550: energy = 3548.0908
Iteration 560: energy = 3544.2849
Iteration 570: energy = 3540.6255
Iteration 580: energy = 3537.5083
Iteration 590: energy = 3534.7695
Iteration 10: energy = 4401.3018
Iteration 20: energy = 4334.9336
Iteration 30: energy = 4291.3213
Iteration 40: energy = 4259.6948
Iteration 50: energy = 4179.7881
Iteration 60: energy = 4084.9814
Iteration 70: energy = 4000.9026
Iteration 80: energy = 3976.7959
Iteration 90: energy = 3942.2783
Iteration 100: energy = 3915.4072
Iteration 110: energy = 3901.1169
Iteration 120: energy = 3881.9465
Iteration 130: energy = 3858.0144
Iteration 140: energy = 3840.9126
Iteration 150: energy = 3809.4888
Iteration 160: energy = 3797.9675
Iteration 170: energy = 3789.1694
Iteration 180: energy = 3781.8542
Iteration 190: energy = 3779.8823
Iteration 200: energy = 3775.4976
Iteration 210: energy = 3773.5740
Iteration 220: energy = 3771.9456
Iteration 230: energy = 3770.1787
Iteration 240: energy = 3769.3076
Iteration 250: energy = 3768.3022
Iteration 260: energy = 3767.7410
Iteration 10: energy = 2186.8577
Iteration 20: energy = 2163.0112
Iteration 30: energy = 2154.3743
Iteration 40: energy = 2145.8760
Iteration 50: energy = 2143.7368
Iteration 60: energy = 2141.0884
Iteration 70: energy = 2137.7935
Iteration 80: energy = 2135.0740
Iteration 90: energy = 2132.6567
Iteration 100: energy = 2120.4519
Iteration 110: energy = 2116.8916
Iteration 120: energy = 2103.8865
Iteration 130: energy = 2091.5054
Iteration 140: energy = 2088.0601
Iteration 150: energy = 2082.4666
Iteration 160: energy = 2080.8081
Iteration 170: energy = 2078.7837
Iteration 180: energy = 2076.8977
Iteration 190: energy = 2075.6040
Iteration 200: energy = 2074.7693
Iteration 210: energy = 2072.6838
Iteration 220: energy = 2071.9832
Iteration 230: energy = 2071.4363
Iteration 240: energy = 2071.2363
Iteration 250: energy = 2070.8447
Iteration 260: energy = 2070.1794
Iteration 270: energy = 2069.6948
Iteration 280: energy = 2069.2456
Iteration 290: energy = 2068.5437
Iteration 300: energy = 2067.7729
Iteration 310: energy = 2067.0688
Iteration 320: energy = 2066.3770
Iteration 330: energy = 2065.4539
Iteration 340: energy = 2065.0674
Iteration 350: energy = 2064.7151
Iteration 360: energy = 2064.4263
Iteration 370: energy = 2064.2295
Iteration 10: energy = 4022.3464
Iteration 20: energy = 3987.3269
Iteration 30: energy = 3936.1057
Iteration 40: energy = 3913.2703
Iteration 50: energy = 3854.9324
Iteration 60: energy = 3814.3718
Iteration 70: energy = 3777.3518
Iteration 80: energy = 3752.4944
Iteration 90: energy = 3740.6360
Iteration 100: energy = 3726.5977
Iteration 110: energy = 3715.5742
Iteration 120: energy = 3704.7627
Iteration 130: energy = 3695.0034
Iteration 140: energy = 3687.3887
Iteration 150: energy = 3685.4255
Iteration 160: energy = 3681.0847
Iteration 170: energy = 3679.8840
Iteration 180: energy = 3678.5063
Iteration 190: energy = 3677.0867
Iteration 200: energy = 3676.0579
Iteration 210: energy = 3674.6685
Iteration 220: energy = 3674.4434
Iteration 230: energy = 3670.1416
Iteration 240: energy = 3668.5195
Iteration 250: energy = 3665.8174
Iteration 260: energy = 3662.7395
Iteration 270: energy = 3660.8718
Iteration 280: energy = 3658.9851
Iteration 290: energy = 3658.2573
Iteration 300: energy = 3657.3813
Iteration 310: energy = 3656.5518
Iteration 320: energy = 3656.1057
Iteration 330: energy = 3653.9680
Iteration 340: energy = 3650.5154
Iteration 350: energy = 3648.8975
Iteration 360: energy = 3646.6226
Iteration 370: energy = 3644.2283
Iteration 380: energy = 3643.5220
Iteration 390: energy = 3642.7322
Iteration 400: energy = 3642.7292
Iteration 410: energy = 3642.1855
Iteration 420: energy = 3640.2744
Iteration 430: energy = 3637.5854
Iteration 440: energy = 3633.1260
Iteration 450: energy = 3631.9819
Iteration 460: energy = 3629.9321
Iteration 470: energy = 3629.3062
Iteration 480: energy = 3628.7314
Iteration 490: energy = 3628.2795
Iteration 500: energy = 3628.0254
Iteration 510: energy = 3627.3953
Iteration 520: energy = 3625.3738
Iteration 530: energy = 3624.3938
Iteration 540: energy = 3620.5703
Iteration 550: energy = 3617.6628
Iteration 560: energy = 3615.4460
Iteration 570: energy = 3614.5408
Iteration 580: energy = 3614.5371
Iteration 590: energy = 3614.1201
Iteration 600: energy = 3613.6978
Iteration 610: energy = 3613.6958
Iteration 620: energy = 3613.4717
Iteration 630: energy = 3612.2563
Iteration 640: energy = 3610.7422
Iteration 650: energy = 3607.3025
Iteration 660: energy = 3606.2141
Iteration 670: energy = 3605.7969
Iteration 680: energy = 3604.7158
Iteration 690: energy = 3604.2637
Iteration 700: energy = 3604.0188
Iteration 710: energy = 3603.8879
Iteration 720: energy = 3603.8860
Iteration 730: energy = 3603.6763
Iteration 740: energy = 3603.5911
Iteration 750: energy = 3603.5386
Iteration 10: energy = 3667.3074
Iteration 20: energy = 3647.3186
Iteration 30: energy = 3630.0308
Iteration 40: energy = 3605.8250
Iteration 50: energy = 3569.6797
Iteration 60: energy = 3556.6990
Iteration 70: energy = 3533.0005
Iteration 80: energy = 3518.9399
Iteration 90: energy = 3506.8965
Iteration 100: energy = 3500.2156
Iteration 110: energy = 3493.6536
Iteration 120: energy = 3475.5447
Iteration 130: energy = 3472.4238
Iteration 140: energy = 3469.0972
Iteration 150: energy = 3463.6624
Iteration 160: energy = 3458.9185
Iteration 170: energy = 3452.4373
Iteration 180: energy = 3434.6218
Iteration 190: energy = 3413.8972
Iteration 200: energy = 3373.5452
Iteration 210: energy = 3354.0254
Iteration 220: energy = 3346.1543
Iteration 230: energy = 3324.0520
Iteration 240: energy = 3318.7412
Iteration 250: energy = 3305.6575
Iteration 260: energy = 3296.4463
Iteration 270: energy = 3290.7756
Iteration 280: energy = 3288.3706
Iteration 290: energy = 3286.1890
Iteration 300: energy = 3283.6677
Iteration 310: energy = 3281.7168
Iteration 320: energy = 3276.6387
Iteration 330: energy = 3273.6572
Iteration 340: energy = 3270.6929
Iteration 350: energy = 3268.5195
Iteration 360: energy = 3267.0322
Iteration 370: energy = 3267.0269
Iteration 380: energy = 3266.1648
Iteration 390: energy = 3265.8550
Iteration 400: energy = 3265.4685
Iteration 410: energy = 3265.2283
Iteration 420: energy = 3264.9407
Iteration 430: energy = 3264.9297
Iteration 440: energy = 3264.6733
Iteration 450: energy = 3264.3730
Iteration 460: energy = 3264.0740
Iteration 470: energy = 3264.0156
Iteration 480: energy = 3263.6836
Iteration 490: energy = 3263.4731
Iteration 500: energy = 3263.3721
Iteration 510: energy = 3263.3696
Iteration 520: energy = 3263.0356
Iteration 530: energy = 3262.5466
Iteration 540: energy = 3260.0544
Iteration 550: energy = 3259.1594
Iteration 560: energy = 3257.1423
Iteration 570: energy = 3251.5068
Iteration 580: energy = 3246.2554
Iteration 590: energy = 3237.9958
Iteration 600: energy = 3228.2231
Iteration 610: energy = 3226.4705
Iteration 620: energy = 3223.8337
Iteration 630: energy = 3222.1108
Iteration 640: energy = 3220.3567
Iteration 650: energy = 3217.9587
Iteration 660: energy = 3217.3054
Iteration 670: energy = 3216.3311
Iteration 680: energy = 3215.8975
Iteration 690: energy = 3215.6921
Iteration 700: energy = 3215.6738
Iteration 710: energy = 3215.1931
Iteration 720: energy = 3214.8186
Iteration 10: energy = 3921.9094
Iteration 20: energy = 3887.8040
Iteration 30: energy = 3870.1404
Iteration 40: energy = 3852.9023
Iteration 50: energy = 3825.2422
Iteration 60: energy = 3812.2627
Iteration 70: energy = 3801.2742
Iteration 80: energy = 3795.8870
Iteration 90: energy = 3786.2205
Iteration 100: energy = 3777.1226
Iteration 110: energy = 3770.5378
Iteration 120: energy = 3767.2104
Iteration 130: energy = 3765.0613
Iteration 140: energy = 3762.1235
Iteration 150: energy = 3758.4072
Iteration 160: energy = 3754.5681
Iteration 170: energy = 3749.4114
Iteration 180: energy = 3745.1470
Iteration 190: energy = 3739.0911
Iteration 200: energy = 3737.2559
Iteration 210: energy = 3735.7478
Iteration 220: energy = 3734.5532
Iteration 230: energy = 3732.3071
Iteration 240: energy = 3729.6113
Iteration 250: energy = 3728.0518
Iteration 260: energy = 3726.8440
Iteration 270: energy = 3726.3130
Iteration 280: energy = 3725.8694
Iteration 290: energy = 3725.1716
Iteration 300: energy = 3725.0554
Iteration 310: energy = 3724.5444
Iteration 320: energy = 3724.3274
Iteration 330: energy = 3723.9409
Iteration 340: energy = 3723.9399
Iteration 350: energy = 3723.7114
Iteration 360: energy = 3723.6702
Iteration 370: energy = 3723.5208
Iteration 10: energy = 971.9561
Iteration 20: energy = 963.7817
Iteration 30: energy = 959.2127
Iteration 40: energy = 957.2700
Iteration 50: energy = 954.6102
Iteration 60: energy = 952.6072
Iteration 70: energy = 950.9983
Iteration 80: energy = 949.9735
Iteration 90: energy = 948.5660
Iteration 100: energy = 947.2186
Iteration 110: energy = 946.4104
Iteration 120: energy = 945.3462
Iteration 130: energy = 944.1857
Iteration 140: energy = 943.7935
Iteration 150: energy = 943.1814
Iteration 160: energy = 942.6927
Iteration 170: energy = 942.3008
Iteration 180: energy = 942.1647
Iteration 190: energy = 942.1150
Iteration 200: energy = 942.1140
Iteration 210: energy = 942.0454
Iteration 220: energy = 942.0173
Iteration 10: energy = 1109.8435
Iteration 20: energy = 997.5888
Iteration 30: energy = 990.7115
Iteration 40: energy = 980.8143
Iteration 50: energy = 978.5223
Iteration 60: energy = 971.5717
Iteration 70: energy = 968.1990
Iteration 80: energy = 967.3777
Iteration 90: energy = 966.4663
Iteration 100: energy = 965.4650
Iteration 110: energy = 965.2534
Iteration 120: energy = 965.1165
Iteration 130: energy = 964.7908
Iteration 140: energy = 964.7605
Iteration 150: energy = 964.6523
Iteration 160: energy = 964.5963
Iteration 170: energy = 964.5432
Iteration 10: energy = 2180.7976
Iteration 20: energy = 2157.5293
Iteration 30: energy = 2144.3853
Iteration 40: energy = 2143.3909
Iteration 50: energy = 2142.0059
Iteration 60: energy = 2139.9094
Iteration 70: energy = 2139.3997
Iteration 80: energy = 2139.1650
Iteration 90: energy = 2138.5647
Iteration 100: energy = 2138.2236
Iteration 110: energy = 2137.7727
Iteration 120: energy = 2137.5754
Iteration 130: energy = 2137.1260
Iteration 140: energy = 2136.9509
Iteration 150: energy = 2136.9504
Iteration 10: energy = 3518.2603
Iteration 20: energy = 3472.8542
Iteration 30: energy = 3433.1338
Iteration 40: energy = 3405.8931
Iteration 50: energy = 3379.1809
Iteration 60: energy = 3354.8855
Iteration 70: energy = 3333.5537
Iteration 80: energy = 3330.1467
Iteration 90: energy = 3323.0515
Iteration 100: energy = 3315.6223
Iteration 110: energy = 3312.1133
Iteration 120: energy = 3311.0085
Iteration 130: energy = 3310.7856
Iteration 140: energy = 3309.7417
Iteration 150: energy = 3309.0693
Iteration 160: energy = 3308.6465
Iteration 170: energy = 3307.9534
Iteration 180: energy = 3307.1982
Iteration 190: energy = 3306.7302
Iteration 200: energy = 3306.3682
Iteration 210: energy = 3306.2896
Iteration 220: energy = 3305.8586
Iteration 230: energy = 3305.4194
Iteration 240: energy = 3305.0142
Iteration 250: energy = 3304.8362
Iteration 260: energy = 3304.6660
Iteration 270: energy = 3304.5959
Iteration 280: energy = 3304.2109
Iteration 10: energy = 3917.7131
Iteration 20: energy = 3898.7625
Iteration 30: energy = 3864.9170
Iteration 40: energy = 3835.4214
Iteration 50: energy = 3784.3721
Iteration 60: energy = 3744.5312
Iteration 70: energy = 3711.4846
Iteration 80: energy = 3698.7373
Iteration 90: energy = 3676.9072
Iteration 100: energy = 3656.0691
Iteration 110: energy = 3634.5398
Iteration 120: energy = 3602.8938
Iteration 130: energy = 3565.2078
Iteration 140: energy = 3545.1484
Iteration 150: energy = 3535.5806
Iteration 160: energy = 3527.6169
Iteration 170: energy = 3519.1018
Iteration 180: energy = 3513.1924
Iteration 190: energy = 3509.1328
Iteration 200: energy = 3506.9470
Iteration 210: energy = 3503.7671
Iteration 220: energy = 3499.4746
Iteration 230: energy = 3497.1802
Iteration 240: energy = 3495.8469
Iteration 250: energy = 3494.9001
Iteration 260: energy = 3494.3379
Iteration 270: energy = 3492.4531
Iteration 280: energy = 3489.4429
Iteration 290: energy = 3484.5881
Iteration 300: energy = 3479.9084
Iteration 310: energy = 3475.8384
Iteration 320: energy = 3473.4653
Iteration 330: energy = 3472.1406
Iteration 340: energy = 3471.1140
Iteration 350: energy = 3474.5659
Iteration 360: energy = 3462.2280
Iteration 370: energy = 3456.5652
Iteration 380: energy = 3452.6353
Iteration 390: energy = 3451.7783
Iteration 400: energy = 3450.7285
Iteration 410: energy = 3449.5510
Iteration 420: energy = 3444.1406
Iteration 430: energy = 3442.2046
Iteration 440: energy = 3437.2856
Iteration 450: energy = 3433.7834
Iteration 460: energy = 3432.6282
Iteration 470: energy = 3431.7334
Iteration 480: energy = 3430.3047
Iteration 490: energy = 3426.2585
Iteration 500: energy = 3421.2764
Iteration 510: energy = 3418.5806
Iteration 520: energy = 3417.0784
Iteration 530: energy = 3415.7986
Iteration 540: energy = 3415.0479
Iteration 550: energy = 3414.8918
Iteration 560: energy = 3414.2925
Iteration 570: energy = 3413.8921
Iteration 580: energy = 3408.2356
Iteration 590: energy = 3405.7324
Iteration 600: energy = 3402.6577
Iteration 610: energy = 3401.5776
Iteration 620: energy = 3400.1580
Iteration 630: energy = 3399.9966
Iteration 640: energy = 3399.1226
Iteration 10: energy = 2536.1716
Iteration 20: energy = 2395.7639
Iteration 30: energy = 2369.9165
Iteration 40: energy = 2328.0088
Iteration 50: energy = 2305.2747
Iteration 60: energy = 2257.4924
Iteration 70: energy = 2212.7285
Iteration 80: energy = 2172.6770
Iteration 90: energy = 2136.4651
Iteration 100: energy = 2113.6877
Iteration 110: energy = 2096.9014
Iteration 120: energy = 2071.4292
Iteration 130: energy = 2052.2141
Iteration 140: energy = 2014.7928
Iteration 150: energy = 1976.7388
Iteration 160: energy = 1931.2275
Iteration 170: energy = 1902.2537
Iteration 180: energy = 1841.2756
Iteration 190: energy = 1780.7593
Iteration 200: energy = 1741.9613
Iteration 210: energy = 1729.8801
Iteration 220: energy = 1713.7319
Iteration 230: energy = 1709.1959
Iteration 240: energy = 1705.2290
Iteration 250: energy = 1703.9738
Iteration 260: energy = 1703.6261
Iteration 270: energy = 1703.5522
Iteration 280: energy = 1702.9844
Iteration 290: energy = 1702.7964
Iteration 300: energy = 1702.7546
Iteration 310: energy = 1702.5818
Iteration 320: energy = 1702.5807
Iteration 330: energy = 1702.3396
Iteration 10: energy = 2147.0261
Iteration 20: energy = 2138.6260
Iteration 30: energy = 2132.8306
Iteration 40: energy = 2130.9221
Iteration 50: energy = 2129.7986
Iteration 60: energy = 2127.8464
Iteration 70: energy = 2125.6724
Iteration 80: energy = 2125.0669
Iteration 90: energy = 2123.9849
Iteration 100: energy = 2121.6558
Iteration 110: energy = 2119.4561
Iteration 120: energy = 2116.1025
Iteration 130: energy = 2113.0708
Iteration 140: energy = 2106.4695
Iteration 150: energy = 2103.7419
Iteration 160: energy = 2099.4207
Iteration 170: energy = 2096.2947
Iteration 180: energy = 2093.5750
Iteration 190: energy = 2092.5149
Iteration 200: energy = 2091.2930
Iteration 210: energy = 2090.0962
Iteration 220: energy = 2089.5713
Iteration 230: energy = 2089.1902
Iteration 240: energy = 2089.0410
Iteration 250: energy = 2088.7500
Iteration 260: energy = 2088.5542
Iteration 10: energy = 2949.4131
Iteration 20: energy = 2914.5459
Iteration 30: energy = 2854.5215
Iteration 40: energy = 2815.1172
Iteration 50: energy = 2762.0259
Iteration 60: energy = 2733.1794
Iteration 70: energy = 2660.1787
Iteration 80: energy = 2590.5286
Iteration 90: energy = 2495.1951
Iteration 100: energy = 2379.3938
Iteration 110: energy = 2307.9707
Iteration 120: energy = 2277.8022
Iteration 130: energy = 2256.6282
Iteration 140: energy = 2249.3396
Iteration 150: energy = 2240.9971
Iteration 160: energy = 2237.3557
Iteration 170: energy = 2231.2051
Iteration 180: energy = 2223.6829
Iteration 190: energy = 2213.7456
Iteration 200: energy = 2180.8677
Iteration 210: energy = 2154.4541
Iteration 220: energy = 2129.7783
Iteration 230: energy = 2122.1414
Iteration 240: energy = 2116.9944
Iteration 250: energy = 2114.0801
Iteration 260: energy = 2112.0798
Iteration 270: energy = 2111.0078
Iteration 280: energy = 2108.5747
Iteration 290: energy = 2106.5078
Iteration 300: energy = 2104.0366
Iteration 310: energy = 2102.4414
Iteration 320: energy = 2100.6143
Iteration 330: energy = 2098.6106
Iteration 340: energy = 2096.1204
Iteration 350: energy = 2094.7271
Iteration 360: energy = 2092.4080
Iteration 370: energy = 2089.8872
Iteration 380: energy = 2089.2561
Iteration 390: energy = 2087.1987
Iteration 400: energy = 2086.1147
Iteration 410: energy = 2085.4048
Iteration 420: energy = 2084.2231
Iteration 430: energy = 2083.6482
Iteration 440: energy = 2082.5635
Iteration 450: energy = 2082.0447
Iteration 460: energy = 2081.8264
Iteration 470: energy = 2081.2620
Iteration 480: energy = 2080.7209
Iteration 490: energy = 2080.4963
Iteration 500: energy = 2080.2659
Iteration 510: energy = 2079.8679
Iteration 520: energy = 2079.6313
Iteration 530: energy = 2079.4839
Iteration 540: energy = 2079.4133
Iteration 10: energy = 4375.5293
Iteration 20: energy = 4290.5317
Iteration 30: energy = 4142.8125
Iteration 40: energy = 4124.2817
Iteration 50: energy = 4063.3911
Iteration 60: energy = 4024.5415
Iteration 70: energy = 3998.1411
Iteration 80: energy = 3971.5718
Iteration 90: energy = 3961.5032
Iteration 100: energy = 3942.5864
Iteration 110: energy = 3928.5518
Iteration 120: energy = 3917.2673
Iteration 130: energy = 3909.1138
Iteration 140: energy = 3895.9648
Iteration 150: energy = 3889.8250
Iteration 160: energy = 3870.9568
Iteration 170: energy = 3855.5042
Iteration 180: energy = 3843.6497
Iteration 190: energy = 3833.7104
Iteration 200: energy = 3823.7156
Iteration 210: energy = 3819.2612
Iteration 220: energy = 3813.9824
Iteration 230: energy = 3810.6912
Iteration 240: energy = 3808.8921
Iteration 250: energy = 3806.5437
Iteration 260: energy = 3805.8792
Iteration 270: energy = 3804.9519
Iteration 280: energy = 3804.7500
Iteration 290: energy = 3804.6365
Iteration 300: energy = 3804.0786
Iteration 310: energy = 3804.0745
Iteration 320: energy = 3803.9951
Iteration 330: energy = 3803.8413
Iteration 340: energy = 3803.5000
Iteration 350: energy = 3803.4978
Iteration 10: energy = 2711.4878
Iteration 20: energy = 2647.9680
Iteration 30: energy = 2639.7375
Iteration 40: energy = 2624.7512
Iteration 50: energy = 2619.9316
Iteration 60: energy = 2614.0154
Iteration 70: energy = 2603.6506
Iteration 80: energy = 2595.3479
Iteration 90: energy = 2589.3086
Iteration 100: energy = 2580.3821
Iteration 110: energy = 2576.3293
Iteration 120: energy = 2574.2285
Iteration 130: energy = 2572.5308
Iteration 140: energy = 2571.3452
Iteration 150: energy = 2570.5664
Iteration 160: energy = 2570.4854
Iteration 170: energy = 2570.0723
Iteration 180: energy = 2569.8972
Iteration 190: energy = 2569.6511
Iteration 200: energy = 2569.5056
Iteration 210: energy = 2569.3367
Iteration 220: energy = 2569.3225
Iteration 230: energy = 2569.2432
Iteration 10: energy = 3798.6125
Iteration 20: energy = 3712.5576
Iteration 30: energy = 3541.3845
Iteration 40: energy = 3471.0068
Iteration 50: energy = 3335.2893
Iteration 60: energy = 3252.7793
Iteration 70: energy = 3133.9646
Iteration 80: energy = 3087.1821
Iteration 90: energy = 3063.4316
Iteration 100: energy = 3052.0725
Iteration 110: energy = 3040.7517
Iteration 120: energy = 3034.4575
Iteration 130: energy = 3023.9202
Iteration 140: energy = 3019.5120
Iteration 150: energy = 3006.7285
Iteration 160: energy = 2994.4177
Iteration 170: energy = 2980.5173
Iteration 180: energy = 2965.4292
Iteration 190: energy = 2956.6482
Iteration 200: energy = 2938.4148
Iteration 210: energy = 2924.8428
Iteration 220: energy = 2906.0676
Iteration 230: energy = 2896.9521
Iteration 240: energy = 2883.6326
Iteration 250: energy = 2871.4622
Iteration 260: energy = 2865.5535
Iteration 270: energy = 2856.5889
Iteration 280: energy = 2849.2048
Iteration 290: energy = 2839.4333
Iteration 300: energy = 2831.5962
Iteration 310: energy = 2819.6357
Iteration 320: energy = 2807.0151
Iteration 330: energy = 2796.8118
Iteration 340: energy = 2786.7180
Iteration 350: energy = 2767.3486
Iteration 360: energy = 2749.9656
Iteration 370: energy = 2712.3701
Iteration 380: energy = 2702.8496
Iteration 390: energy = 2677.1016
Iteration 400: energy = 2660.3284
Iteration 410: energy = 2649.2646
Iteration 420: energy = 2637.5415
Iteration 430: energy = 2625.2761
Iteration 440: energy = 2618.6155
Iteration 450: energy = 2613.2561
Iteration 460: energy = 2609.8350
Iteration 470: energy = 2607.2363
Iteration 480: energy = 2606.7803
Iteration 490: energy = 2606.1934
Iteration 500: energy = 2605.8835
Iteration 510: energy = 2605.4810
Iteration 520: energy = 2605.0522
Iteration 530: energy = 2604.8418
Iteration 540: energy = 2604.6143
Iteration 550: energy = 2604.1006
Iteration 560: energy = 2603.9556
Iteration 10: energy = 3920.2087
Iteration 20: energy = 3873.7935
Iteration 30: energy = 3811.3235
Iteration 40: energy = 3789.4890
Iteration 50: energy = 3766.5391
Iteration 60: energy = 3744.1436
Iteration 70: energy = 3711.6958
Iteration 80: energy = 3695.9443
Iteration 90: energy = 3679.2168
Iteration 100: energy = 3652.4814
Iteration 110: energy = 3642.9543
Iteration 120: energy = 3629.8135
Iteration 130: energy = 3627.5151
Iteration 140: energy = 3624.8442
Iteration 150: energy = 3623.1528
Iteration 160: energy = 3621.9504
Iteration 170: energy = 3619.9768
Iteration 180: energy = 3618.8984
Iteration 190: energy = 3618.0100
Iteration 200: energy = 3617.6040
Iteration 210: energy = 3616.5542
Iteration 220: energy = 3616.2048
Iteration 230: energy = 3616.0850
Iteration 240: energy = 3615.9492
Iteration 250: energy = 3615.9329
Iteration 260: energy = 3615.6934
Iteration 270: energy = 3615.3618
Iteration 10: energy = 4321.5498
Iteration 20: energy = 4255.8008
Iteration 30: energy = 4200.0347
Iteration 40: energy = 4177.6348
Iteration 50: energy = 4143.6460
Iteration 60: energy = 4136.2192
Iteration 70: energy = 4124.3921
Iteration 80: energy = 4105.0562
Iteration 90: energy = 4097.7603
Iteration 100: energy = 4076.0735
Iteration 110: energy = 4069.3875
Iteration 120: energy = 4055.1040
Iteration 130: energy = 4040.8711
Iteration 140: energy = 4025.3921
Iteration 150: energy = 4007.1995
Iteration 160: energy = 3993.9143
Iteration 170: energy = 3986.3076
Iteration 180: energy = 3984.5000
Iteration 190: energy = 3979.3564
Iteration 200: energy = 3975.1599
Iteration 210: energy = 3968.4434
Iteration 220: energy = 3964.0979
Iteration 230: energy = 3959.4604
Iteration 240: energy = 3953.7983
Iteration 250: energy = 3942.8486
Iteration 260: energy = 3936.8096
Iteration 270: energy = 3930.6843
Iteration 280: energy = 3914.4902
Iteration 290: energy = 3895.9258
Iteration 300: energy = 3863.3320
Iteration 310: energy = 3835.4707
Iteration 320: energy = 3787.4524
Iteration 330: energy = 3776.7021
Iteration 340: energy = 3749.2234
Iteration 350: energy = 3731.3374
Iteration 360: energy = 3726.9573
Iteration 370: energy = 3722.7668
Iteration 380: energy = 3715.4771
Iteration 390: energy = 3709.1851
Iteration 400: energy = 3706.3987
Iteration 410: energy = 3702.6274
Iteration 420: energy = 3696.4905
Iteration 430: energy = 3692.7678
Iteration 440: energy = 3690.4250
Iteration 450: energy = 3687.5957
Iteration 460: energy = 3683.4302
Iteration 470: energy = 3681.5669
Iteration 480: energy = 3680.5623
Iteration 490: energy = 3679.0359
Iteration 500: energy = 3676.2507
Iteration 510: energy = 3674.7520
Iteration 520: energy = 3674.7275
Iteration 530: energy = 3674.0256
Iteration 540: energy = 3673.4023
Iteration 550: energy = 3673.0625
Iteration 560: energy = 3671.9387
Iteration 570: energy = 3671.0176
Iteration 580: energy = 3670.4800
Iteration 590: energy = 3669.7246
Iteration 600: energy = 3669.7075
Iteration 610: energy = 3668.7336
Iteration 620: energy = 3668.1328
Iteration 630: energy = 3667.7537
Iteration 640: energy = 3666.2786
Iteration 650: energy = 3665.8706
Iteration 660: energy = 3665.6765
Iteration 670: energy = 3665.2522
Iteration 680: energy = 3664.8433
Iteration 690: energy = 3664.5293
Iteration 700: energy = 3663.7676
Iteration 10: energy = 2179.1111
Iteration 20: energy = 2165.3682
Iteration 30: energy = 2156.4648
Iteration 40: energy = 2149.6777
Iteration 50: energy = 2145.2832
Iteration 60: energy = 2139.8276
Iteration 70: energy = 2135.1506
Iteration 80: energy = 2129.3486
Iteration 90: energy = 2126.3650
Iteration 100: energy = 2121.5244
Iteration 110: energy = 2117.9524
Iteration 120: energy = 2114.9822
Iteration 130: energy = 2110.7068
Iteration 140: energy = 2108.4702
Iteration 150: energy = 2105.3076
Iteration 160: energy = 2104.1096
Iteration 170: energy = 2101.4468
Iteration 180: energy = 2099.9890
Iteration 190: energy = 2097.1565
Iteration 200: energy = 2096.2783
Iteration 210: energy = 2094.6467
Iteration 220: energy = 2094.3481
Iteration 230: energy = 2093.5503
Iteration 240: energy = 2092.9248
Iteration 250: energy = 2092.4524
Iteration 260: energy = 2092.0513
Iteration 270: energy = 2092.0493
Iteration 280: energy = 2091.8306
Iteration 290: energy = 2091.1340
Iteration 300: energy = 2090.9993
Iteration 310: energy = 2090.9326
Iteration 320: energy = 2090.6411
Iteration 330: energy = 2090.1631
Iteration 340: energy = 2089.8074
Iteration 350: energy = 2089.4077
Iteration 360: energy = 2089.0042
Iteration 370: energy = 2088.4226
Iteration 380: energy = 2088.3838
Iteration 390: energy = 2088.0491
Iteration 400: energy = 2087.8484
Iteration 410: energy = 2087.8054
Iteration 420: energy = 2087.6790
Iteration 430: energy = 2087.5215
Iteration 440: energy = 2087.4194
Iteration 450: energy = 2087.3975
Iteration 460: energy = 2087.3091
Iteration 470: energy = 2087.3071
Iteration 480: energy = 2087.2546
Iteration 490: energy = 2087.2529
Iteration 500: energy = 2087.2512
Iteration 510: energy = 2087.1445
Iteration 520: energy = 2087.0332
Iteration 530: energy = 2087.0322
Iteration 10: energy = 1183.3334
Iteration 20: energy = 1101.3223
Iteration 30: energy = 1097.8340
Iteration 40: energy = 1092.1660
Iteration 50: energy = 1089.0709
Iteration 60: energy = 1085.2571
Iteration 70: energy = 1082.0090
Iteration 80: energy = 1078.5847
Iteration 90: energy = 1074.5494
Iteration 100: energy = 1032.3846
Iteration 110: energy = 1004.6446
Iteration 120: energy = 965.6279
Iteration 130: energy = 952.9529
Iteration 140: energy = 941.9526
Iteration 150: energy = 938.3793
Iteration 160: energy = 935.6261
Iteration 170: energy = 933.4395
Iteration 180: energy = 932.3219
Iteration 190: energy = 931.2249
Iteration 200: energy = 930.4172
Iteration 210: energy = 929.5446
Iteration 220: energy = 929.3678
Iteration 230: energy = 929.0881
Iteration 240: energy = 929.0425
Iteration 250: energy = 928.9686
Iteration 260: energy = 928.8169
Iteration 270: energy = 928.7930
Iteration 280: energy = 928.7696
Iteration 290: energy = 928.7695
Iteration 300: energy = 928.7626
Iteration 310: energy = 928.7489
Iteration 10: energy = 2445.3557
Iteration 20: energy = 2402.0205
Iteration 30: energy = 2371.5964
Iteration 40: energy = 2300.6423
Iteration 50: energy = 2276.5164
Iteration 60: energy = 2242.1855
Iteration 70: energy = 2233.3223
Iteration 80: energy = 2218.1824
Iteration 90: energy = 2211.5686
Iteration 100: energy = 2207.4038
Iteration 110: energy = 2198.1780
Iteration 120: energy = 2195.1802
Iteration 130: energy = 2193.8530
Iteration 140: energy = 2192.3606
Iteration 150: energy = 2191.0320
Iteration 160: energy = 2190.1992
Iteration 170: energy = 2189.3716
Iteration 180: energy = 2187.7676
Iteration 190: energy = 2185.6909
Iteration 200: energy = 2180.9153
Iteration 210: energy = 2178.3987
Iteration 220: energy = 2173.4109
Iteration 230: energy = 2170.3577
Iteration 240: energy = 2166.7783
Iteration 250: energy = 2166.5239
Iteration 260: energy = 2166.1323
Iteration 270: energy = 2165.8035
Iteration 280: energy = 2165.4512
Iteration 290: energy = 2165.4141
Iteration 300: energy = 2165.3701
Iteration 310: energy = 2165.2986
Iteration 320: energy = 2165.2043
Iteration 330: energy = 2165.2043
Initial geodesic lengths: [tensor(45.4657, device='cuda:0'), tensor(39.8987, device='cuda:0'), tensor(56.3301, device='cuda:0'), tensor(60.3023, device='cuda:0'), tensor(61.5660, device='cuda:0'), tensor(41.0523, device='cuda:0'), tensor(59.8313, device='cuda:0'), tensor(56.7813, device='cuda:0'), tensor(58.5918, device='cuda:0'), tensor(27.3057, device='cuda:0'), tensor(29.5718, device='cuda:0'), tensor(39.3311, device='cuda:0'), tensor(55.9058, device='cuda:0'), tensor(58.7979, device='cuda:0'), tensor(46.0671, device='cuda:0'), tensor(40.3489, device='cuda:0'), tensor(49.0465, device='cuda:0'), tensor(62.4852, device='cuda:0'), tensor(47.5403, device='cuda:0'), tensor(57.2457, device='cuda:0'), tensor(59.1234, device='cuda:0'), tensor(61.8432, device='cuda:0'), tensor(40.9480, device='cuda:0'), tensor(28.9516, device='cuda:0'), tensor(43.6957, device='cuda:0')]
Optimized geodesic lengths: [tensor(39.5868, device='cuda:0'), tensor(39.7494, device='cuda:0'), tensor(48.4137, device='cuda:0'), tensor(54.4913, device='cuda:0'), tensor(55.8461, device='cuda:0'), tensor(40.4832, device='cuda:0'), tensor(54.8039, device='cuda:0'), tensor(52.5467, device='cuda:0'), tensor(56.1638, device='cuda:0'), tensor(26.5323, device='cuda:0'), tensor(27.5272, device='cuda:0'), tensor(38.8187, device='cuda:0'), tensor(53.1569, device='cuda:0'), tensor(52.6746, device='cuda:0'), tensor(37.7415, device='cuda:0'), tensor(40.1129, device='cuda:0'), tensor(39.0150, device='cuda:0'), tensor(58.5897, device='cuda:0'), tensor(45.6414, device='cuda:0'), tensor(44.1689, device='cuda:0'), tensor(55.0232, device='cuda:0'), tensor(57.6698, device='cuda:0'), tensor(40.2735, device='cuda:0'), tensor(26.3584, device='cuda:0'), tensor(41.1010, device='cuda:0')]

------------------------------------------------------------
Sender: LSF System <lsfadmin@hpc.dtu.dk>
Subject: Job 24552811: <ensemble_3_v6> in cluster <dcc> Done

Job <ensemble_3_v6> was submitted from host <n-62-12-19> by user <s185927> in cluster <dcc> at Tue Apr  1 13:01:04 2025
Job was executed on host(s) <4*n-62-20-6>, in queue <gpuv100>, as user <s185927> in cluster <dcc> at Tue Apr  1 13:39:49 2025
</zhome/e3/3/139772> was used as the home directory.
</zhome/e3/3/139772/Desktop/AML/AML/github-project-2/AML-Project-2/src> was used as the working directory.
Started at Tue Apr  1 13:39:49 2025
Terminated at Tue Apr  1 14:14:35 2025
Results reported at Tue Apr  1 14:14:35 2025

Your job looked like:

------------------------------------------------------------
# LSBATCH: User input
#!/bin/bash
#BSUB -J ensemble_3_v6
#BSUB -q gpuv100
#BSUB -n 4
#BSUB -gpu "num=1:mode=exclusive_process"
#BSUB -W 5:00
#BSUB -R "rusage[mem=5GB]"
#BSUB -u lassesofus@gmail.com
#BSUB -o %J.out
#BSUB -e %J.err

module load cuda/11.8

source /zhome/e3/3/139772/Desktop/AML/aml_new/bin/activate

python ensemble_vae.py --mode train --device cuda --experiment-folder ../experiment/ensemble_3_v6 --num-decoders 3 --num-t 50 --num-curves 25
python ensemble_vae.py --mode geodesics --device cuda --experiment-folder ../experiment/ensemble_3_v6 --num-decoders 3 --num-t 50 --num-curves 25
------------------------------------------------------------

Successfully completed.

Resource usage summary:

    CPU time :                                   2061.52 sec.
    Max Memory :                                 702 MB
    Average Memory :                             681.29 MB
    Total Requested Memory :                     20480.00 MB
    Delta Memory :                               19778.00 MB
    Max Swap :                                   -
    Max Processes :                              4
    Max Threads :                                9
    Run time :                                   1898 sec.
    Turnaround time :                            4411 sec.

The output (if any) is above this job summary.



PS:

Read file <24552811.err> for stderr output of this job.

