# Options
batch_size = 32
device = cuda
epochs_per_decoder = 200
experiment_folder = ../experiment/ensemble_3_v4
latent_dim = 2
mode = train
num_curves = 25
num_decoders = 3
num_reruns = 10
num_t = 50
samples = samples.png
# Options
batch_size = 32
device = cuda
epochs_per_decoder = 200
experiment_folder = ../experiment/ensemble_3_v4
latent_dim = 2
mode = geodesics
num_curves = 25
num_decoders = 3
num_reruns = 10
num_t = 50
samples = samples.png
Iteration 10: energy = 2738.3367
Iteration 20: energy = 2686.3467
Iteration 30: energy = 2654.3906
Iteration 40: energy = 2626.4678
Iteration 50: energy = 2542.8315
Iteration 60: energy = 2505.5586
Iteration 70: energy = 2472.4927
Iteration 80: energy = 2459.5842
Iteration 90: energy = 2430.8171
Iteration 100: energy = 2413.8130
Iteration 110: energy = 2403.5366
Iteration 120: energy = 2374.9810
Iteration 130: energy = 2362.7131
Iteration 140: energy = 2339.1484
Iteration 150: energy = 2329.2019
Iteration 160: energy = 2320.6646
Iteration 170: energy = 2305.0610
Iteration 180: energy = 2297.9932
Iteration 190: energy = 2275.9614
Iteration 200: energy = 2263.2673
Iteration 210: energy = 2243.6858
Iteration 220: energy = 2217.8870
Iteration 230: energy = 2191.2708
Iteration 240: energy = 2178.7627
Iteration 250: energy = 2147.2073
Iteration 260: energy = 2126.5403
Iteration 270: energy = 2106.1897
Iteration 280: energy = 2095.7451
Iteration 290: energy = 2080.7480
Iteration 300: energy = 2075.1318
Iteration 310: energy = 2073.4031
Iteration 320: energy = 2071.1292
Iteration 330: energy = 2068.6616
Iteration 340: energy = 2067.2070
Iteration 350: energy = 2066.3723
Iteration 360: energy = 2065.7727
Iteration 370: energy = 2065.2754
Iteration 380: energy = 2065.1289
Iteration 390: energy = 2064.9624
Iteration 400: energy = 2064.8694
Iteration 410: energy = 2064.8687
Iteration 420: energy = 2064.8164
Iteration 430: energy = 2064.8159
Iteration 440: energy = 2064.8079
Iteration 450: energy = 2064.5793
Iteration 10: energy = 1601.6086
Iteration 20: energy = 1597.7692
Iteration 30: energy = 1594.0822
Iteration 40: energy = 1591.9598
Iteration 50: energy = 1588.5504
Iteration 60: energy = 1583.9048
Iteration 70: energy = 1578.9187
Iteration 80: energy = 1574.9882
Iteration 90: energy = 1568.4149
Iteration 100: energy = 1567.1182
Iteration 110: energy = 1565.3452
Iteration 120: energy = 1562.8704
Iteration 130: energy = 1560.5270
Iteration 140: energy = 1559.3278
Iteration 150: energy = 1555.8435
Iteration 160: energy = 1553.9493
Iteration 170: energy = 1551.0765
Iteration 180: energy = 1550.0126
Iteration 190: energy = 1548.4916
Iteration 200: energy = 1545.8531
Iteration 210: energy = 1543.1699
Iteration 220: energy = 1538.1198
Iteration 230: energy = 1535.4121
Iteration 240: energy = 1528.1669
Iteration 250: energy = 1525.1462
Iteration 260: energy = 1514.6051
Iteration 270: energy = 1511.9082
Iteration 280: energy = 1501.6630
Iteration 290: energy = 1500.2948
Iteration 300: energy = 1498.3479
Iteration 310: energy = 1497.5551
Iteration 320: energy = 1497.2440
Iteration 330: energy = 1496.4502
Iteration 340: energy = 1496.0887
Iteration 350: energy = 1495.7432
Iteration 360: energy = 1495.0817
Iteration 370: energy = 1494.8486
Iteration 380: energy = 1494.6936
Iteration 390: energy = 1494.6880
Iteration 400: energy = 1494.5824
Iteration 410: energy = 1494.4255
Iteration 10: energy = 3739.4316
Iteration 20: energy = 3659.6760
Iteration 30: energy = 3607.5532
Iteration 40: energy = 3563.5049
Iteration 50: energy = 3540.3877
Iteration 60: energy = 3504.6748
Iteration 70: energy = 3485.4290
Iteration 80: energy = 3473.6714
Iteration 90: energy = 3467.6099
Iteration 100: energy = 3464.5154
Iteration 110: energy = 3459.1240
Iteration 120: energy = 3456.5286
Iteration 130: energy = 3452.9155
Iteration 140: energy = 3449.4407
Iteration 150: energy = 3447.5774
Iteration 160: energy = 3444.8213
Iteration 170: energy = 3443.3967
Iteration 180: energy = 3439.9109
Iteration 190: energy = 3437.5396
Iteration 200: energy = 3434.2244
Iteration 210: energy = 3428.6777
Iteration 220: energy = 3423.1880
Iteration 230: energy = 3414.8572
Iteration 240: energy = 3406.0933
Iteration 250: energy = 3395.3594
Iteration 260: energy = 3385.3611
Iteration 270: energy = 3373.0569
Iteration 280: energy = 3368.3948
Iteration 290: energy = 3357.7949
Iteration 300: energy = 3349.8020
Iteration 310: energy = 3343.2781
Iteration 320: energy = 3333.5891
Iteration 330: energy = 3327.4448
Iteration 340: energy = 3322.7913
Iteration 350: energy = 3316.0718
Iteration 360: energy = 3312.2422
Iteration 370: energy = 3300.6199
Iteration 380: energy = 3297.6975
Iteration 390: energy = 3293.2366
Iteration 400: energy = 3291.4844
Iteration 410: energy = 3289.4570
Iteration 420: energy = 3289.1785
Iteration 430: energy = 3287.7258
Iteration 440: energy = 3287.6851
Iteration 450: energy = 3286.8496
Iteration 460: energy = 3285.5049
Iteration 470: energy = 3285.4993
Iteration 480: energy = 3285.4919
Iteration 490: energy = 3284.9446
Iteration 500: energy = 3284.8442
Iteration 510: energy = 3284.6814
Iteration 520: energy = 3284.4272
Iteration 10: energy = 3951.3767
Iteration 20: energy = 3877.1418
Iteration 30: energy = 3769.7034
Iteration 40: energy = 3685.0208
Iteration 50: energy = 3634.7034
Iteration 60: energy = 3598.4963
Iteration 70: energy = 3550.3301
Iteration 80: energy = 3543.7996
Iteration 90: energy = 3528.5605
Iteration 100: energy = 3523.3909
Iteration 110: energy = 3522.5730
Iteration 120: energy = 3520.9343
Iteration 130: energy = 3520.0786
Iteration 140: energy = 3519.4243
Iteration 150: energy = 3518.4658
Iteration 160: energy = 3518.0049
Iteration 170: energy = 3516.9976
Iteration 180: energy = 3516.0649
Iteration 190: energy = 3515.3706
Iteration 200: energy = 3514.4805
Iteration 210: energy = 3513.8699
Iteration 220: energy = 3513.6870
Iteration 230: energy = 3512.7437
Iteration 240: energy = 3511.6531
Iteration 250: energy = 3511.3391
Iteration 260: energy = 3511.2175
Iteration 270: energy = 3510.8501
Iteration 280: energy = 3510.2043
Iteration 290: energy = 3509.8076
Iteration 300: energy = 3509.8010
Iteration 310: energy = 3509.6721
Iteration 320: energy = 3509.5920
Iteration 10: energy = 3891.5088
Iteration 20: energy = 3826.0310
Iteration 30: energy = 3673.1377
Iteration 40: energy = 3642.3264
Iteration 50: energy = 3573.9106
Iteration 60: energy = 3553.0303
Iteration 70: energy = 3539.0938
Iteration 80: energy = 3533.4946
Iteration 90: energy = 3527.2407
Iteration 100: energy = 3524.4702
Iteration 110: energy = 3520.0554
Iteration 120: energy = 3517.6162
Iteration 130: energy = 3515.5938
Iteration 140: energy = 3514.1270
Iteration 150: energy = 3512.7454
Iteration 160: energy = 3510.4729
Iteration 170: energy = 3507.5583
Iteration 180: energy = 3503.6904
Iteration 190: energy = 3502.5979
Iteration 200: energy = 3501.2629
Iteration 210: energy = 3500.3345
Iteration 220: energy = 3500.1948
Iteration 230: energy = 3499.7795
Iteration 240: energy = 3499.2683
Iteration 250: energy = 3499.0989
Iteration 260: energy = 3498.6943
Iteration 10: energy = 1615.7755
Iteration 20: energy = 1612.7587
Iteration 30: energy = 1611.3929
Iteration 40: energy = 1609.7246
Iteration 50: energy = 1606.5178
Iteration 60: energy = 1601.9386
Iteration 70: energy = 1594.4838
Iteration 80: energy = 1591.1249
Iteration 90: energy = 1584.1101
Iteration 100: energy = 1575.7996
Iteration 110: energy = 1568.7258
Iteration 120: energy = 1564.8512
Iteration 130: energy = 1555.1755
Iteration 140: energy = 1552.2344
Iteration 150: energy = 1548.7068
Iteration 160: energy = 1544.0017
Iteration 170: energy = 1541.3314
Iteration 180: energy = 1537.9309
Iteration 190: energy = 1536.1530
Iteration 200: energy = 1534.7085
Iteration 210: energy = 1531.8623
Iteration 220: energy = 1531.5205
Iteration 230: energy = 1531.0331
Iteration 240: energy = 1530.5051
Iteration 250: energy = 1530.0264
Iteration 260: energy = 1529.5231
Iteration 270: energy = 1529.1273
Iteration 280: energy = 1528.6752
Iteration 290: energy = 1528.6007
Iteration 300: energy = 1528.1594
Iteration 310: energy = 1528.0458
Iteration 320: energy = 1527.7218
Iteration 330: energy = 1527.5856
Iteration 340: energy = 1527.4866
Iteration 10: energy = 4123.0947
Iteration 20: energy = 4074.4136
Iteration 30: energy = 4028.3442
Iteration 40: energy = 3991.3848
Iteration 50: energy = 3974.9490
Iteration 60: energy = 3965.2573
Iteration 70: energy = 3952.0535
Iteration 80: energy = 3948.5188
Iteration 90: energy = 3941.3108
Iteration 100: energy = 3937.7380
Iteration 110: energy = 3935.0557
Iteration 120: energy = 3933.6753
Iteration 130: energy = 3930.9055
Iteration 140: energy = 3929.0737
Iteration 150: energy = 3927.3167
Iteration 160: energy = 3925.8831
Iteration 170: energy = 3923.9314
Iteration 180: energy = 3921.8154
Iteration 190: energy = 3918.7627
Iteration 200: energy = 3915.6501
Iteration 210: energy = 3912.0522
Iteration 220: energy = 3909.3491
Iteration 230: energy = 3905.9897
Iteration 240: energy = 3901.1531
Iteration 250: energy = 3898.1416
Iteration 260: energy = 3889.8296
Iteration 270: energy = 3883.3806
Iteration 280: energy = 3876.5159
Iteration 290: energy = 3874.2627
Iteration 300: energy = 3869.1833
Iteration 310: energy = 3866.5156
Iteration 320: energy = 3863.4189
Iteration 330: energy = 3860.8452
Iteration 340: energy = 3858.2097
Iteration 350: energy = 3856.2419
Iteration 360: energy = 3854.5466
Iteration 370: energy = 3851.7810
Iteration 380: energy = 3849.6831
Iteration 390: energy = 3847.2759
Iteration 400: energy = 3845.4868
Iteration 410: energy = 3843.5310
Iteration 420: energy = 3842.2234
Iteration 430: energy = 3840.5381
Iteration 440: energy = 3839.4028
Iteration 450: energy = 3837.5432
Iteration 460: energy = 3837.4482
Iteration 470: energy = 3836.3999
Iteration 480: energy = 3835.9756
Iteration 490: energy = 3834.7261
Iteration 500: energy = 3834.7229
Iteration 510: energy = 3834.1282
Iteration 520: energy = 3833.5713
Iteration 530: energy = 3833.5601
Iteration 540: energy = 3833.3916
Iteration 550: energy = 3833.0803
Iteration 560: energy = 3832.9727
Iteration 570: energy = 3832.6594
Iteration 580: energy = 3832.6553
Iteration 590: energy = 3832.6545
Iteration 10: energy = 3926.9326
Iteration 20: energy = 3873.1023
Iteration 30: energy = 3734.8003
Iteration 40: energy = 3643.1086
Iteration 50: energy = 3565.9648
Iteration 60: energy = 3541.8113
Iteration 70: energy = 3490.0105
Iteration 80: energy = 3472.6387
Iteration 90: energy = 3452.6714
Iteration 100: energy = 3438.2546
Iteration 110: energy = 3425.8855
Iteration 120: energy = 3416.2471
Iteration 130: energy = 3409.6821
Iteration 140: energy = 3403.3623
Iteration 150: energy = 3400.9761
Iteration 160: energy = 3398.2266
Iteration 170: energy = 3397.7192
Iteration 180: energy = 3397.0037
Iteration 190: energy = 3395.8604
Iteration 200: energy = 3395.0237
Iteration 210: energy = 3394.0972
Iteration 220: energy = 3393.8098
Iteration 230: energy = 3392.7468
Iteration 240: energy = 3392.3318
Iteration 250: energy = 3391.6743
Iteration 260: energy = 3390.1729
Iteration 10: energy = 3798.9846
Iteration 20: energy = 3739.9575
Iteration 30: energy = 3710.6553
Iteration 40: energy = 3670.2744
Iteration 50: energy = 3653.7715
Iteration 60: energy = 3633.8750
Iteration 70: energy = 3611.3491
Iteration 80: energy = 3598.8872
Iteration 90: energy = 3589.0667
Iteration 100: energy = 3578.0728
Iteration 110: energy = 3565.0037
Iteration 120: energy = 3559.9480
Iteration 130: energy = 3548.3621
Iteration 140: energy = 3540.8875
Iteration 150: energy = 3536.9634
Iteration 160: energy = 3532.2769
Iteration 170: energy = 3529.8530
Iteration 180: energy = 3525.9006
Iteration 190: energy = 3521.3787
Iteration 200: energy = 3519.5725
Iteration 210: energy = 3516.5588
Iteration 220: energy = 3514.1973
Iteration 230: energy = 3513.8691
Iteration 240: energy = 3513.4331
Iteration 250: energy = 3513.4133
Iteration 260: energy = 3512.4768
Iteration 270: energy = 3511.6665
Iteration 280: energy = 3511.2319
Iteration 290: energy = 3510.6975
Iteration 300: energy = 3510.4099
Iteration 310: energy = 3509.4983
Iteration 320: energy = 3508.9009
Iteration 330: energy = 3508.0815
Iteration 340: energy = 3507.6396
Iteration 350: energy = 3506.6426
Iteration 360: energy = 3506.0430
Iteration 370: energy = 3505.7769
Iteration 380: energy = 3504.9819
Iteration 390: energy = 3504.3335
Iteration 400: energy = 3503.9631
Iteration 410: energy = 3503.9180
Iteration 420: energy = 3503.6650
Iteration 430: energy = 3503.4883
Iteration 10: energy = 723.0288
Iteration 20: energy = 713.6501
Iteration 30: energy = 700.5894
Iteration 40: energy = 697.8479
Iteration 50: energy = 694.5107
Iteration 60: energy = 693.4241
Iteration 70: energy = 692.9841
Iteration 80: energy = 692.8192
Iteration 90: energy = 692.6301
Iteration 100: energy = 692.4640
Iteration 110: energy = 692.4097
Iteration 120: energy = 692.4072
Iteration 130: energy = 692.3157
Iteration 140: energy = 692.2596
Iteration 150: energy = 692.2164
Iteration 160: energy = 692.2048
Iteration 170: energy = 692.1882
Iteration 180: energy = 692.1459
Iteration 10: energy = 829.4413
Iteration 20: energy = 816.5374
Iteration 30: energy = 802.0738
Iteration 40: energy = 796.4409
Iteration 50: energy = 791.5778
Iteration 60: energy = 788.3834
Iteration 70: energy = 785.3788
Iteration 80: energy = 783.1391
Iteration 90: energy = 779.8178
Iteration 100: energy = 776.8553
Iteration 110: energy = 773.1902
Iteration 120: energy = 770.4208
Iteration 130: energy = 766.3453
Iteration 140: energy = 764.5508
Iteration 150: energy = 762.3850
Iteration 160: energy = 759.8702
Iteration 170: energy = 757.6927
Iteration 180: energy = 755.4025
Iteration 190: energy = 753.7810
Iteration 200: energy = 751.8411
Iteration 210: energy = 750.6414
Iteration 220: energy = 749.3762
Iteration 230: energy = 749.1067
Iteration 240: energy = 748.7748
Iteration 250: energy = 748.4119
Iteration 260: energy = 748.1290
Iteration 270: energy = 747.9036
Iteration 10: energy = 1253.0027
Iteration 20: energy = 1252.3008
Iteration 30: energy = 1252.0416
Iteration 40: energy = 1251.8618
Iteration 50: energy = 1251.7789
Iteration 60: energy = 1251.6133
Iteration 70: energy = 1251.4948
Iteration 10: energy = 3352.5688
Iteration 20: energy = 3309.5811
Iteration 30: energy = 3282.5317
Iteration 40: energy = 3272.9453
Iteration 50: energy = 3255.2749
Iteration 60: energy = 3241.0305
Iteration 70: energy = 3229.3445
Iteration 80: energy = 3218.3833
Iteration 90: energy = 3212.6155
Iteration 100: energy = 3201.0090
Iteration 110: energy = 3186.5281
Iteration 120: energy = 3177.3240
Iteration 130: energy = 3169.5276
Iteration 140: energy = 3159.8606
Iteration 150: energy = 3155.3438
Iteration 160: energy = 3137.6450
Iteration 170: energy = 3131.4077
Iteration 180: energy = 3112.8008
Iteration 190: energy = 3103.8804
Iteration 200: energy = 3089.5178
Iteration 210: energy = 3082.5818
Iteration 220: energy = 3077.3442
Iteration 230: energy = 3075.6003
Iteration 240: energy = 3073.2141
Iteration 250: energy = 3071.4631
Iteration 260: energy = 3070.0461
Iteration 270: energy = 3069.2910
Iteration 280: energy = 3068.6108
Iteration 290: energy = 3067.6411
Iteration 300: energy = 3067.2615
Iteration 310: energy = 3066.6475
Iteration 320: energy = 3066.2993
Iteration 330: energy = 3066.2175
Iteration 340: energy = 3065.9971
Iteration 350: energy = 3065.7227
Iteration 360: energy = 3065.4338
Iteration 370: energy = 3064.8564
Iteration 380: energy = 3064.8364
Iteration 390: energy = 3063.5615
Iteration 400: energy = 3061.7280
Iteration 410: energy = 3057.4695
Iteration 420: energy = 3047.1418
Iteration 430: energy = 3040.7588
Iteration 440: energy = 3036.7815
Iteration 450: energy = 3033.0762
Iteration 460: energy = 3030.3940
Iteration 470: energy = 3028.9543
Iteration 480: energy = 3026.9675
Iteration 490: energy = 3025.4983
Iteration 500: energy = 3023.3411
Iteration 510: energy = 3022.1685
Iteration 520: energy = 3021.2085
Iteration 530: energy = 3020.5439
Iteration 540: energy = 3020.2344
Iteration 550: energy = 3019.4023
Iteration 560: energy = 3018.0269
Iteration 570: energy = 3016.9507
Iteration 580: energy = 3016.5483
Iteration 590: energy = 3015.3254
Iteration 600: energy = 3013.0234
Iteration 610: energy = 3011.8125
Iteration 620: energy = 3009.6895
Iteration 630: energy = 3008.3428
Iteration 640: energy = 3006.6680
Iteration 650: energy = 3005.3020
Iteration 660: energy = 3003.5239
Iteration 670: energy = 3000.3867
Iteration 680: energy = 2998.6602
Iteration 690: energy = 2992.5977
Iteration 700: energy = 2989.2100
Iteration 710: energy = 2987.5410
Iteration 720: energy = 2983.8713
Iteration 730: energy = 2982.0190
Iteration 740: energy = 2980.2173
Iteration 750: energy = 2979.3274
Iteration 760: energy = 2977.4465
Iteration 770: energy = 2976.0637
Iteration 780: energy = 2974.6145
Iteration 790: energy = 2973.6272
Iteration 800: energy = 2972.4397
Iteration 810: energy = 2971.3716
Iteration 820: energy = 2970.5681
Iteration 830: energy = 2970.0171
Iteration 840: energy = 2969.7454
Iteration 850: energy = 2969.6086
Iteration 860: energy = 2969.5195
Iteration 870: energy = 2969.0801
Iteration 880: energy = 2968.8062
Iteration 890: energy = 2968.7920
Iteration 900: energy = 2968.6309
Iteration 910: energy = 2968.4443
Iteration 920: energy = 2968.2751
Iteration 930: energy = 2967.8438
Iteration 940: energy = 2967.8423
Iteration 950: energy = 2967.7329
Iteration 10: energy = 4088.1511
Iteration 20: energy = 4043.5132
Iteration 30: energy = 3957.1162
Iteration 40: energy = 3903.6575
Iteration 50: energy = 3870.1680
Iteration 60: energy = 3839.8811
Iteration 70: energy = 3834.1641
Iteration 80: energy = 3828.2424
Iteration 90: energy = 3819.6023
Iteration 100: energy = 3814.6873
Iteration 110: energy = 3811.6157
Iteration 120: energy = 3809.6519
Iteration 130: energy = 3807.6008
Iteration 140: energy = 3807.1372
Iteration 150: energy = 3807.1316
Iteration 160: energy = 3806.7341
Iteration 170: energy = 3806.3384
Iteration 10: energy = 2971.1860
Iteration 20: energy = 2888.5562
Iteration 30: energy = 2841.6577
Iteration 40: energy = 2828.5715
Iteration 50: energy = 2813.6609
Iteration 60: energy = 2802.5024
Iteration 70: energy = 2788.7412
Iteration 80: energy = 2774.8379
Iteration 90: energy = 2756.8899
Iteration 100: energy = 2746.6731
Iteration 110: energy = 2738.8579
Iteration 120: energy = 2732.1174
Iteration 130: energy = 2726.1445
Iteration 140: energy = 2722.9060
Iteration 150: energy = 2714.1667
Iteration 160: energy = 2706.8472
Iteration 170: energy = 2698.9783
Iteration 180: energy = 2689.2922
Iteration 190: energy = 2675.4165
Iteration 200: energy = 2666.7859
Iteration 210: energy = 2650.9141
Iteration 220: energy = 2639.1558
Iteration 230: energy = 2631.2732
Iteration 240: energy = 2606.3882
Iteration 250: energy = 2598.7546
Iteration 260: energy = 2583.8137
Iteration 270: energy = 2568.4077
Iteration 280: energy = 2555.6519
Iteration 290: energy = 2534.9280
Iteration 300: energy = 2522.9470
Iteration 310: energy = 2500.0576
Iteration 320: energy = 2493.9116
Iteration 330: energy = 2474.6655
Iteration 340: energy = 2468.0969
Iteration 350: energy = 2451.2083
Iteration 360: energy = 2446.3645
Iteration 370: energy = 2434.8254
Iteration 380: energy = 2430.4375
Iteration 390: energy = 2426.1411
Iteration 400: energy = 2424.5850
Iteration 410: energy = 2423.3682
Iteration 420: energy = 2422.1816
Iteration 430: energy = 2421.7480
Iteration 440: energy = 2421.0149
Iteration 450: energy = 2420.2568
Iteration 460: energy = 2419.8054
Iteration 470: energy = 2419.3330
Iteration 480: energy = 2419.3306
Iteration 490: energy = 2418.5874
Iteration 500: energy = 2418.5857
Iteration 510: energy = 2418.2964
Iteration 520: energy = 2418.1304
Iteration 530: energy = 2418.1262
Iteration 540: energy = 2417.9341
Iteration 550: energy = 2417.8147
Iteration 560: energy = 2417.7095
Iteration 570: energy = 2417.7004
Iteration 580: energy = 2417.5867
Iteration 590: energy = 2417.4675
Iteration 600: energy = 2417.4185
Iteration 610: energy = 2417.3354
Iteration 10: energy = 1669.4651
Iteration 20: energy = 1661.3479
Iteration 30: energy = 1654.8076
Iteration 40: energy = 1651.5112
Iteration 50: energy = 1648.2906
Iteration 60: energy = 1642.1189
Iteration 70: energy = 1636.8510
Iteration 80: energy = 1630.9965
Iteration 90: energy = 1620.1877
Iteration 100: energy = 1617.2665
Iteration 110: energy = 1615.1785
Iteration 120: energy = 1613.0709
Iteration 130: energy = 1611.5071
Iteration 140: energy = 1610.6724
Iteration 150: energy = 1609.1315
Iteration 160: energy = 1608.2706
Iteration 170: energy = 1607.6941
Iteration 180: energy = 1607.1646
Iteration 190: energy = 1606.9683
Iteration 10: energy = 3237.6636
Iteration 20: energy = 2941.8096
Iteration 30: energy = 2831.2393
Iteration 40: energy = 2751.8779
Iteration 50: energy = 2680.7651
Iteration 60: energy = 2645.0073
Iteration 70: energy = 2575.2808
Iteration 80: energy = 2542.1099
Iteration 90: energy = 2469.3823
Iteration 100: energy = 2446.6697
Iteration 110: energy = 2395.5518
Iteration 120: energy = 2354.8152
Iteration 130: energy = 2303.0203
Iteration 140: energy = 2274.9561
Iteration 150: energy = 2258.8105
Iteration 160: energy = 2253.1355
Iteration 170: energy = 2249.8157
Iteration 180: energy = 2247.7954
Iteration 190: energy = 2244.3479
Iteration 200: energy = 2241.2131
Iteration 210: energy = 2239.5808
Iteration 220: energy = 2237.0220
Iteration 230: energy = 2234.4841
Iteration 240: energy = 2232.8977
Iteration 250: energy = 2232.1055
Iteration 260: energy = 2230.4351
Iteration 270: energy = 2229.3528
Iteration 280: energy = 2228.6382
Iteration 290: energy = 2228.0857
Iteration 300: energy = 2227.9519
Iteration 310: energy = 2227.3704
Iteration 320: energy = 2227.0391
Iteration 330: energy = 2226.3245
Iteration 340: energy = 2226.2605
Iteration 350: energy = 2225.9219
Iteration 360: energy = 2225.4114
Iteration 370: energy = 2225.3562
Iteration 380: energy = 2224.7754
Iteration 390: energy = 2224.6030
Iteration 400: energy = 2224.3364
Iteration 410: energy = 2224.1304
Iteration 420: energy = 2223.9307
Iteration 430: energy = 2223.8340
Iteration 440: energy = 2223.7266
Iteration 450: energy = 2223.4795
Iteration 460: energy = 2223.3711
Iteration 470: energy = 2223.3696
Iteration 480: energy = 2223.2764
Iteration 10: energy = 3688.8599
Iteration 20: energy = 3633.5349
Iteration 30: energy = 3608.0269
Iteration 40: energy = 3557.0212
Iteration 50: energy = 3538.3035
Iteration 60: energy = 3491.0930
Iteration 70: energy = 3463.3845
Iteration 80: energy = 3410.2935
Iteration 90: energy = 3402.9934
Iteration 100: energy = 3392.8140
Iteration 110: energy = 3388.2161
Iteration 120: energy = 3384.8970
Iteration 130: energy = 3381.3960
Iteration 140: energy = 3379.7803
Iteration 150: energy = 3377.3491
Iteration 160: energy = 3375.3813
Iteration 170: energy = 3373.6462
Iteration 180: energy = 3372.8928
Iteration 190: energy = 3371.9258
Iteration 200: energy = 3371.2869
Iteration 210: energy = 3370.8367
Iteration 220: energy = 3370.8345
Iteration 230: energy = 3370.6958
Iteration 240: energy = 3370.5613
Iteration 250: energy = 3370.3521
Iteration 260: energy = 3370.2502
Iteration 270: energy = 3370.0310
Iteration 280: energy = 3369.9753
Iteration 290: energy = 3369.9326
Iteration 300: energy = 3369.8887
Iteration 310: energy = 3369.7402
Iteration 320: energy = 3369.7400
Iteration 330: energy = 3369.7373
Iteration 10: energy = 2834.2302
Iteration 20: energy = 2781.0554
Iteration 30: energy = 2756.8330
Iteration 40: energy = 2738.9119
Iteration 50: energy = 2713.1694
Iteration 60: energy = 2702.9143
Iteration 70: energy = 2692.0818
Iteration 80: energy = 2681.5239
Iteration 90: energy = 2674.4353
Iteration 100: energy = 2669.0090
Iteration 110: energy = 2664.8704
Iteration 120: energy = 2661.8816
Iteration 130: energy = 2658.4875
Iteration 140: energy = 2657.9861
Iteration 150: energy = 2656.5425
Iteration 160: energy = 2654.5222
Iteration 170: energy = 2653.0261
Iteration 180: energy = 2650.1399
Iteration 190: energy = 2648.0452
Iteration 200: energy = 2646.5010
Iteration 210: energy = 2645.3762
Iteration 220: energy = 2644.2212
Iteration 230: energy = 2643.6885
Iteration 240: energy = 2642.5403
Iteration 250: energy = 2641.3992
Iteration 260: energy = 2640.2039
Iteration 270: energy = 2637.3401
Iteration 280: energy = 2636.0996
Iteration 290: energy = 2633.4287
Iteration 300: energy = 2631.9846
Iteration 310: energy = 2629.9016
Iteration 320: energy = 2628.8875
Iteration 330: energy = 2627.3447
Iteration 340: energy = 2627.1262
Iteration 350: energy = 2626.7664
Iteration 360: energy = 2626.3359
Iteration 370: energy = 2626.3108
Iteration 380: energy = 2626.1724
Iteration 10: energy = 4304.8418
Iteration 20: energy = 4143.1094
Iteration 30: energy = 4007.2871
Iteration 40: energy = 3940.8406
Iteration 50: energy = 3843.3533
Iteration 60: energy = 3797.9878
Iteration 70: energy = 3709.7732
Iteration 80: energy = 3591.6936
Iteration 90: energy = 3455.8098
Iteration 100: energy = 3356.3848
Iteration 110: energy = 3335.3101
Iteration 120: energy = 3300.8003
Iteration 130: energy = 3292.7227
Iteration 140: energy = 3268.0366
Iteration 150: energy = 3252.2026
Iteration 160: energy = 3231.1274
Iteration 170: energy = 3214.6199
Iteration 180: energy = 3204.6453
Iteration 190: energy = 3192.0854
Iteration 200: energy = 3178.3489
Iteration 210: energy = 3163.2800
Iteration 220: energy = 3148.8484
Iteration 230: energy = 3122.4204
Iteration 240: energy = 3114.1921
Iteration 250: energy = 3096.0601
Iteration 260: energy = 3072.8027
Iteration 270: energy = 3046.8752
Iteration 280: energy = 3030.3066
Iteration 290: energy = 3008.7288
Iteration 300: energy = 2983.2869
Iteration 310: energy = 2959.8933
Iteration 320: energy = 2941.1511
Iteration 330: energy = 2918.0015
Iteration 340: energy = 2886.6965
Iteration 350: energy = 2853.5762
Iteration 360: energy = 2806.0122
Iteration 370: energy = 2761.8528
Iteration 380: energy = 2754.3589
Iteration 390: energy = 2731.3760
Iteration 400: energy = 2724.2175
Iteration 410: energy = 2708.7883
Iteration 420: energy = 2702.5371
Iteration 430: energy = 2696.0217
Iteration 440: energy = 2693.9551
Iteration 450: energy = 2688.3486
Iteration 460: energy = 2684.9133
Iteration 470: energy = 2682.6851
Iteration 480: energy = 2680.6348
Iteration 490: energy = 2678.2146
Iteration 500: energy = 2676.8215
Iteration 510: energy = 2676.2158
Iteration 520: energy = 2675.7148
Iteration 530: energy = 2675.2864
Iteration 540: energy = 2675.0422
Iteration 550: energy = 2675.0388
Iteration 560: energy = 2674.7112
Iteration 570: energy = 2674.5820
Iteration 580: energy = 2674.5706
Iteration 590: energy = 2674.5234
Iteration 10: energy = 4051.2588
Iteration 20: energy = 3997.8088
Iteration 30: energy = 3945.9534
Iteration 40: energy = 3930.1414
Iteration 50: energy = 3894.3977
Iteration 60: energy = 3887.1392
Iteration 70: energy = 3876.9680
Iteration 80: energy = 3867.0063
Iteration 90: energy = 3860.4819
Iteration 100: energy = 3857.3955
Iteration 110: energy = 3851.7471
Iteration 120: energy = 3848.8918
Iteration 130: energy = 3847.7668
Iteration 140: energy = 3846.2329
Iteration 150: energy = 3844.8464
Iteration 160: energy = 3843.7844
Iteration 170: energy = 3841.8979
Iteration 180: energy = 3840.3931
Iteration 190: energy = 3837.7664
Iteration 200: energy = 3833.6262
Iteration 210: energy = 3830.6558
Iteration 220: energy = 3826.2471
Iteration 230: energy = 3819.3948
Iteration 240: energy = 3816.2190
Iteration 250: energy = 3813.6021
Iteration 260: energy = 3810.9668
Iteration 270: energy = 3809.7637
Iteration 280: energy = 3809.4617
Iteration 290: energy = 3808.9036
Iteration 10: energy = 3743.7688
Iteration 20: energy = 3697.3774
Iteration 30: energy = 3663.5540
Iteration 40: energy = 3619.6118
Iteration 50: energy = 3601.6418
Iteration 60: energy = 3574.6602
Iteration 70: energy = 3554.7986
Iteration 80: energy = 3551.4583
Iteration 90: energy = 3544.7991
Iteration 100: energy = 3536.0679
Iteration 110: energy = 3529.1509
Iteration 120: energy = 3525.7458
Iteration 130: energy = 3523.1030
Iteration 140: energy = 3520.1267
Iteration 150: energy = 3517.9116
Iteration 160: energy = 3511.6699
Iteration 170: energy = 3506.4705
Iteration 180: energy = 3493.3762
Iteration 190: energy = 3475.7991
Iteration 200: energy = 3458.2756
Iteration 210: energy = 3451.9937
Iteration 220: energy = 3443.5657
Iteration 230: energy = 3438.4639
Iteration 240: energy = 3433.6514
Iteration 250: energy = 3430.9924
Iteration 260: energy = 3429.2893
Iteration 270: energy = 3426.1956
Iteration 280: energy = 3424.5095
Iteration 290: energy = 3421.8086
Iteration 300: energy = 3415.7844
Iteration 310: energy = 3402.6841
Iteration 320: energy = 3394.7083
Iteration 330: energy = 3386.0974
Iteration 340: energy = 3382.3586
Iteration 350: energy = 3377.1794
Iteration 360: energy = 3374.8330
Iteration 370: energy = 3371.7202
Iteration 380: energy = 3369.2627
Iteration 390: energy = 3367.8799
Iteration 400: energy = 3366.3953
Iteration 410: energy = 3365.9153
Iteration 420: energy = 3365.6208
Iteration 430: energy = 3365.3367
Iteration 440: energy = 3364.8643
Iteration 450: energy = 3364.8293
Iteration 460: energy = 3363.8096
Iteration 470: energy = 3363.7056
Iteration 480: energy = 3363.2988
Iteration 490: energy = 3362.7837
Iteration 500: energy = 3362.7361
Iteration 510: energy = 3362.1750
Iteration 520: energy = 3361.9102
Iteration 530: energy = 3360.9788
Iteration 540: energy = 3359.8049
Iteration 550: energy = 3358.2898
Iteration 560: energy = 3355.9375
Iteration 570: energy = 3354.7046
Iteration 580: energy = 3352.0642
Iteration 590: energy = 3350.5027
Iteration 600: energy = 3349.8250
Iteration 610: energy = 3348.9651
Iteration 620: energy = 3348.3899
Iteration 630: energy = 3347.2893
Iteration 640: energy = 3346.4707
Iteration 650: energy = 3346.0693
Iteration 660: energy = 3344.2783
Iteration 670: energy = 3343.1267
Iteration 680: energy = 3342.3572
Iteration 690: energy = 3340.4885
Iteration 700: energy = 3339.4348
Iteration 710: energy = 3337.1711
Iteration 720: energy = 3335.8323
Iteration 730: energy = 3333.3928
Iteration 740: energy = 3332.4448
Iteration 750: energy = 3330.0964
Iteration 760: energy = 3328.5286
Iteration 770: energy = 3326.8977
Iteration 780: energy = 3325.0850
Iteration 790: energy = 3324.4441
Iteration 800: energy = 3323.1453
Iteration 810: energy = 3322.4143
Iteration 820: energy = 3321.7251
Iteration 830: energy = 3320.5837
Iteration 840: energy = 3319.3242
Iteration 850: energy = 3317.5593
Iteration 860: energy = 3315.9980
Iteration 870: energy = 3315.1660
Iteration 880: energy = 3314.3052
Iteration 890: energy = 3312.6506
Iteration 900: energy = 3312.0625
Iteration 910: energy = 3310.5671
Iteration 920: energy = 3309.8254
Iteration 930: energy = 3308.5552
Iteration 940: energy = 3307.6489
Iteration 950: energy = 3307.1582
Iteration 960: energy = 3305.7327
Iteration 970: energy = 3304.8904
Iteration 980: energy = 3303.4045
Iteration 990: energy = 3303.0315
Iteration 1000: energy = 3302.9385
Iteration 1010: energy = 3301.8933
Iteration 1020: energy = 3301.5151
Iteration 1030: energy = 3301.0635
Iteration 1040: energy = 3300.9465
Iteration 1050: energy = 3299.8975
Iteration 1060: energy = 3299.1562
Iteration 1070: energy = 3298.7642
Iteration 1080: energy = 3298.7549
Iteration 1090: energy = 3298.3269
Iteration 1100: energy = 3297.9602
Iteration 1110: energy = 3297.9585
Iteration 10: energy = 2135.6406
Iteration 20: energy = 2094.1885
Iteration 30: energy = 2057.5486
Iteration 40: energy = 2030.5889
Iteration 50: energy = 1999.6311
Iteration 60: energy = 1970.3153
Iteration 70: energy = 1962.4121
Iteration 80: energy = 1948.8104
Iteration 90: energy = 1937.6421
Iteration 100: energy = 1933.8083
Iteration 110: energy = 1927.1271
Iteration 120: energy = 1925.0076
Iteration 130: energy = 1923.9878
Iteration 140: energy = 1923.6115
Iteration 150: energy = 1923.3757
Iteration 160: energy = 1923.2059
Iteration 10: energy = 1396.0609
Iteration 20: energy = 1380.8217
Iteration 30: energy = 1370.5289
Iteration 40: energy = 1367.5560
Iteration 50: energy = 1366.1350
Iteration 60: energy = 1365.2393
Iteration 70: energy = 1364.2269
Iteration 80: energy = 1363.3202
Iteration 90: energy = 1362.8534
Iteration 100: energy = 1359.5115
Iteration 110: energy = 1348.8420
Iteration 120: energy = 1317.0072
Iteration 130: energy = 1243.7048
Iteration 140: energy = 1209.8883
Iteration 150: energy = 1189.1183
Iteration 160: energy = 1185.6024
Iteration 170: energy = 1175.3064
Iteration 180: energy = 1169.2424
Iteration 190: energy = 1167.1499
Iteration 200: energy = 1163.5038
Iteration 210: energy = 1162.4548
Iteration 220: energy = 1160.8413
Iteration 230: energy = 1160.4893
Iteration 240: energy = 1160.2008
Iteration 250: energy = 1160.0250
Iteration 260: energy = 1159.8188
Iteration 270: energy = 1159.8169
Iteration 280: energy = 1159.8151
Iteration 290: energy = 1159.7633
Iteration 300: energy = 1159.6270
Iteration 310: energy = 1159.6259
Iteration 320: energy = 1159.5856
Iteration 330: energy = 1159.5853
Iteration 10: energy = 2421.1636
Iteration 20: energy = 2416.0769
Iteration 30: energy = 2412.5488
Iteration 40: energy = 2408.9072
Iteration 50: energy = 2405.1931
Iteration 60: energy = 2400.2781
Iteration 70: energy = 2399.3875
Iteration 80: energy = 2396.3750
Iteration 90: energy = 2392.2600
Iteration 100: energy = 2386.6582
Iteration 110: energy = 2378.0576
Iteration 120: energy = 2364.9976
Iteration 130: energy = 2355.0220
Iteration 140: energy = 2343.9604
Iteration 150: energy = 2337.2449
Iteration 160: energy = 2320.3381
Iteration 170: energy = 2312.0344
Iteration 180: energy = 2289.5630
Iteration 190: energy = 2281.6465
Iteration 200: energy = 2275.5154
Iteration 210: energy = 2263.4570
Iteration 220: energy = 2259.7620
Iteration 230: energy = 2254.7673
Iteration 240: energy = 2252.6804
Iteration 250: energy = 2249.5002
Iteration 260: energy = 2248.9670
Iteration 270: energy = 2248.2710
Iteration 280: energy = 2247.5996
Iteration 290: energy = 2247.3589
Iteration 300: energy = 2247.0698
Iteration 310: energy = 2246.5928
Iteration 320: energy = 2246.5881
Iteration 330: energy = 2246.5710
Iteration 340: energy = 2246.0376
Iteration 350: energy = 2246.0356
Iteration 360: energy = 2245.7358
Iteration 370: energy = 2245.6567
Iteration 380: energy = 2245.6182
Initial geodesic lengths: [tensor(47.1897, device='cuda:0'), tensor(34.9872, device='cuda:0'), tensor(56.0232, device='cuda:0'), tensor(59.3560, device='cuda:0'), tensor(59.0448, device='cuda:0'), tensor(35.6366, device='cuda:0'), tensor(60.1565, device='cuda:0'), tensor(59.1002, device='cuda:0'), tensor(56.7665, device='cuda:0'), tensor(24.2567, device='cuda:0'), tensor(25.8599, device='cuda:0'), tensor(28.9730, device='cuda:0'), tensor(55.2763, device='cuda:0'), tensor(59.6126, device='cuda:0'), tensor(50.6631, device='cuda:0'), tensor(35.7913, device='cuda:0'), tensor(50.6025, device='cuda:0'), tensor(57.2707, device='cuda:0'), tensor(49.8153, device='cuda:0'), tensor(62.0667, device='cuda:0'), tensor(59.4343, device='cuda:0'), tensor(57.7785, device='cuda:0'), tensor(41.6578, device='cuda:0'), tensor(33.3516, device='cuda:0'), tensor(42.2257, device='cuda:0')]
Optimized geodesic lengths: [tensor(37.8623, device='cuda:0'), tensor(34.3198, device='cuda:0'), tensor(51.3349, device='cuda:0'), tensor(55.3304, device='cuda:0'), tensor(54.5901, device='cuda:0'), tensor(35.0308, device='cuda:0'), tensor(58.6905, device='cuda:0'), tensor(53.8972, device='cuda:0'), tensor(52.6125, device='cuda:0'), tensor(22.8868, device='cuda:0'), tensor(24.2884, device='cuda:0'), tensor(28.9829, device='cuda:0'), tensor(48.4725, device='cuda:0'), tensor(55.7686, device='cuda:0'), tensor(43.2022, device='cuda:0'), tensor(34.7704, device='cuda:0'), tensor(38.1030, device='cuda:0'), tensor(54.7232, device='cuda:0'), tensor(47.8361, device='cuda:0'), tensor(43.1314, device='cuda:0'), tensor(57.3041, device='cuda:0'), tensor(52.9013, device='cuda:0'), tensor(39.3668, device='cuda:0'), tensor(30.1319, device='cuda:0'), tensor(41.4261, device='cuda:0')]

------------------------------------------------------------
Sender: LSF System <lsfadmin@hpc.dtu.dk>
Subject: Job 24552807: <ensemble_3_v4> in cluster <dcc> Done

Job <ensemble_3_v4> was submitted from host <n-62-12-19> by user <s185927> in cluster <dcc> at Tue Apr  1 13:00:40 2025
Job was executed on host(s) <4*n-62-20-2>, in queue <gpuv100>, as user <s185927> in cluster <dcc> at Tue Apr  1 13:12:54 2025
</zhome/e3/3/139772> was used as the home directory.
</zhome/e3/3/139772/Desktop/AML/AML/github-project-2/AML-Project-2/src> was used as the working directory.
Started at Tue Apr  1 13:12:54 2025
Terminated at Tue Apr  1 13:47:16 2025
Results reported at Tue Apr  1 13:47:16 2025

Your job looked like:

------------------------------------------------------------
# LSBATCH: User input
#!/bin/bash
#BSUB -J ensemble_3_v4
#BSUB -q gpuv100
#BSUB -n 4
#BSUB -gpu "num=1:mode=exclusive_process"
#BSUB -W 5:00
#BSUB -R "rusage[mem=5GB]"
#BSUB -u lassesofus@gmail.com
#BSUB -o %J.out
#BSUB -e %J.err

module load cuda/11.8

source /zhome/e3/3/139772/Desktop/AML/aml_new/bin/activate

python ensemble_vae.py --mode train --device cuda --experiment-folder ../experiment/ensemble_3_v4 --num-decoders 3 --num-t 50 --num-curves 25
python ensemble_vae.py --mode geodesics --device cuda --experiment-folder ../experiment/ensemble_3_v4 --num-decoders 3 --num-t 50 --num-curves 25
------------------------------------------------------------

Successfully completed.

Resource usage summary:

    CPU time :                                   2045.11 sec.
    Max Memory :                                 692 MB
    Average Memory :                             655.25 MB
    Total Requested Memory :                     20480.00 MB
    Delta Memory :                               19788.00 MB
    Max Swap :                                   -
    Max Processes :                              4
    Max Threads :                                9
    Run time :                                   2063 sec.
    Turnaround time :                            2796 sec.

The output (if any) is above this job summary.



PS:

Read file <24552807.err> for stderr output of this job.

