# Options
batch_size = 32
device = cuda
epochs_per_decoder = 200
experiment_folder = ../experiment/ensemble_3_v2
latent_dim = 2
mode = train
num_curves = 25
num_decoders = 3
num_reruns = 10
num_t = 50
samples = samples.png
# Options
batch_size = 32
device = cuda
epochs_per_decoder = 200
experiment_folder = ../experiment/ensemble_3_v2
latent_dim = 2
mode = geodesics
num_curves = 25
num_decoders = 3
num_reruns = 10
num_t = 50
samples = samples.png
Iteration 10: energy = 2330.4832
Iteration 20: energy = 2173.4570
Iteration 30: energy = 2143.5576
Iteration 40: energy = 2105.4185
Iteration 50: energy = 2055.6440
Iteration 60: energy = 2043.3120
Iteration 70: energy = 2019.0992
Iteration 80: energy = 1997.0737
Iteration 90: energy = 1988.4594
Iteration 100: energy = 1984.7531
Iteration 110: energy = 1979.0957
Iteration 120: energy = 1971.5660
Iteration 130: energy = 1965.9927
Iteration 140: energy = 1949.0658
Iteration 150: energy = 1938.0975
Iteration 160: energy = 1922.3037
Iteration 170: energy = 1910.4812
Iteration 180: energy = 1900.4398
Iteration 190: energy = 1891.7300
Iteration 200: energy = 1882.3429
Iteration 210: energy = 1877.0983
Iteration 220: energy = 1871.0219
Iteration 230: energy = 1868.2476
Iteration 240: energy = 1863.5994
Iteration 250: energy = 1861.8143
Iteration 260: energy = 1859.8253
Iteration 270: energy = 1857.3506
Iteration 280: energy = 1855.9614
Iteration 290: energy = 1854.1595
Iteration 300: energy = 1852.1949
Iteration 310: energy = 1849.9111
Iteration 320: energy = 1848.8898
Iteration 330: energy = 1848.6036
Iteration 340: energy = 1848.0576
Iteration 350: energy = 1847.3524
Iteration 360: energy = 1847.0880
Iteration 370: energy = 1846.5479
Iteration 380: energy = 1845.8134
Iteration 390: energy = 1845.6654
Iteration 400: energy = 1844.9415
Iteration 410: energy = 1844.5825
Iteration 420: energy = 1843.6033
Iteration 430: energy = 1841.6986
Iteration 440: energy = 1839.2656
Iteration 450: energy = 1829.0647
Iteration 460: energy = 1820.7802
Iteration 470: energy = 1815.6935
Iteration 480: energy = 1812.9771
Iteration 490: energy = 1811.5435
Iteration 500: energy = 1810.6469
Iteration 510: energy = 1809.7168
Iteration 520: energy = 1808.9614
Iteration 530: energy = 1808.8263
Iteration 540: energy = 1808.3577
Iteration 550: energy = 1807.8270
Iteration 560: energy = 1807.6508
Iteration 570: energy = 1807.1187
Iteration 580: energy = 1807.1169
Iteration 590: energy = 1806.9369
Iteration 600: energy = 1806.6648
Iteration 610: energy = 1806.6068
Iteration 620: energy = 1806.5317
Iteration 630: energy = 1806.3802
Iteration 640: energy = 1806.1378
Iteration 650: energy = 1806.0079
Iteration 660: energy = 1805.8579
Iteration 670: energy = 1805.5935
Iteration 680: energy = 1805.3622
Iteration 690: energy = 1805.3208
Iteration 700: energy = 1805.1788
Iteration 710: energy = 1805.1399
Iteration 10: energy = 1608.8154
Iteration 20: energy = 1607.7570
Iteration 30: energy = 1604.8843
Iteration 40: energy = 1600.1041
Iteration 50: energy = 1596.4988
Iteration 60: energy = 1591.8741
Iteration 70: energy = 1588.6141
Iteration 80: energy = 1585.9575
Iteration 90: energy = 1584.1233
Iteration 100: energy = 1583.1747
Iteration 110: energy = 1582.2102
Iteration 120: energy = 1581.1177
Iteration 130: energy = 1580.3024
Iteration 140: energy = 1579.8789
Iteration 150: energy = 1579.4370
Iteration 160: energy = 1579.0973
Iteration 170: energy = 1578.8909
Iteration 180: energy = 1578.6636
Iteration 190: energy = 1578.6349
Iteration 200: energy = 1578.5525
Iteration 10: energy = 3573.3757
Iteration 20: energy = 3486.6135
Iteration 30: energy = 3397.0115
Iteration 40: energy = 3302.9656
Iteration 50: energy = 3261.8721
Iteration 60: energy = 3251.5068
Iteration 70: energy = 3242.9580
Iteration 80: energy = 3232.1514
Iteration 90: energy = 3225.3914
Iteration 100: energy = 3221.1482
Iteration 110: energy = 3216.3757
Iteration 120: energy = 3213.8660
Iteration 130: energy = 3206.9429
Iteration 140: energy = 3199.0703
Iteration 150: energy = 3195.1558
Iteration 160: energy = 3187.2229
Iteration 170: energy = 3179.2068
Iteration 180: energy = 3174.5037
Iteration 190: energy = 3157.3213
Iteration 200: energy = 3147.2695
Iteration 210: energy = 3136.7288
Iteration 220: energy = 3131.2166
Iteration 230: energy = 3124.7031
Iteration 240: energy = 3117.5574
Iteration 250: energy = 3111.8799
Iteration 260: energy = 3108.0581
Iteration 270: energy = 3100.1904
Iteration 280: energy = 3093.9998
Iteration 290: energy = 3090.0105
Iteration 300: energy = 3086.3127
Iteration 310: energy = 3083.9258
Iteration 320: energy = 3083.9062
Iteration 330: energy = 3082.4932
Iteration 340: energy = 3081.5225
Iteration 350: energy = 3081.1162
Iteration 360: energy = 3081.1128
Iteration 370: energy = 3080.3071
Iteration 380: energy = 3079.4736
Iteration 390: energy = 3079.3086
Iteration 400: energy = 3079.0693
Iteration 410: energy = 3078.9312
Iteration 420: energy = 3078.7988
Iteration 430: energy = 3078.7148
Iteration 440: energy = 3078.6187
Iteration 10: energy = 4160.5938
Iteration 20: energy = 4126.6870
Iteration 30: energy = 4086.6074
Iteration 40: energy = 4011.8447
Iteration 50: energy = 3986.6672
Iteration 60: energy = 3952.0974
Iteration 70: energy = 3908.8408
Iteration 80: energy = 3875.3406
Iteration 90: energy = 3869.9326
Iteration 100: energy = 3862.4199
Iteration 110: energy = 3856.2324
Iteration 120: energy = 3847.5205
Iteration 130: energy = 3815.0691
Iteration 140: energy = 3787.5632
Iteration 150: energy = 3730.0645
Iteration 160: energy = 3648.7705
Iteration 170: energy = 3602.7576
Iteration 180: energy = 3498.4458
Iteration 190: energy = 3428.2170
Iteration 200: energy = 3341.6824
Iteration 210: energy = 3296.4314
Iteration 220: energy = 3283.3833
Iteration 230: energy = 3268.2976
Iteration 240: energy = 3259.0920
Iteration 250: energy = 3251.3843
Iteration 260: energy = 3248.3926
Iteration 270: energy = 3244.3696
Iteration 280: energy = 3240.1216
Iteration 290: energy = 3238.0759
Iteration 300: energy = 3235.5786
Iteration 310: energy = 3231.4954
Iteration 320: energy = 3229.3159
Iteration 330: energy = 3225.8320
Iteration 340: energy = 3223.4878
Iteration 350: energy = 3222.3237
Iteration 360: energy = 3219.7820
Iteration 370: energy = 3217.7302
Iteration 380: energy = 3215.6895
Iteration 390: energy = 3214.6611
Iteration 400: energy = 3211.2263
Iteration 410: energy = 3208.4731
Iteration 420: energy = 3207.1101
Iteration 430: energy = 3205.1418
Iteration 440: energy = 3203.6594
Iteration 450: energy = 3201.1211
Iteration 460: energy = 3199.6511
Iteration 470: energy = 3197.0186
Iteration 480: energy = 3196.2546
Iteration 490: energy = 3195.0662
Iteration 500: energy = 3194.5098
Iteration 510: energy = 3192.6230
Iteration 520: energy = 3192.1052
Iteration 530: energy = 3191.4285
Iteration 540: energy = 3191.1716
Iteration 550: energy = 3190.9204
Iteration 560: energy = 3190.9177
Iteration 570: energy = 3190.7200
Iteration 580: energy = 3190.6567
Iteration 590: energy = 3190.5195
Iteration 600: energy = 3190.5149
Iteration 610: energy = 3190.3181
Iteration 10: energy = 4052.5674
Iteration 20: energy = 3986.3010
Iteration 30: energy = 3917.2446
Iteration 40: energy = 3858.4102
Iteration 50: energy = 3768.3777
Iteration 60: energy = 3721.5520
Iteration 70: energy = 3684.0886
Iteration 80: energy = 3647.4087
Iteration 90: energy = 3616.4634
Iteration 100: energy = 3597.4419
Iteration 110: energy = 3572.2332
Iteration 120: energy = 3559.1838
Iteration 130: energy = 3529.6123
Iteration 140: energy = 3507.7520
Iteration 150: energy = 3499.0596
Iteration 160: energy = 3492.8130
Iteration 170: energy = 3482.6030
Iteration 180: energy = 3474.2344
Iteration 190: energy = 3472.7412
Iteration 200: energy = 3470.2405
Iteration 210: energy = 3467.5544
Iteration 220: energy = 3465.7134
Iteration 230: energy = 3464.0552
Iteration 240: energy = 3462.6328
Iteration 250: energy = 3459.6177
Iteration 260: energy = 3457.3826
Iteration 270: energy = 3456.1042
Iteration 280: energy = 3455.5520
Iteration 290: energy = 3454.5701
Iteration 300: energy = 3454.1816
Iteration 310: energy = 3453.9238
Iteration 320: energy = 3453.8936
Iteration 330: energy = 3453.4500
Iteration 340: energy = 3453.1650
Iteration 10: energy = 1671.1917
Iteration 20: energy = 1667.4711
Iteration 30: energy = 1658.9237
Iteration 40: energy = 1654.2070
Iteration 50: energy = 1645.1301
Iteration 60: energy = 1639.5815
Iteration 70: energy = 1635.2772
Iteration 80: energy = 1627.2756
Iteration 90: energy = 1620.8851
Iteration 100: energy = 1614.2517
Iteration 110: energy = 1612.2120
Iteration 120: energy = 1610.5793
Iteration 130: energy = 1607.9357
Iteration 140: energy = 1607.6405
Iteration 150: energy = 1607.1587
Iteration 160: energy = 1606.8762
Iteration 170: energy = 1606.7003
Iteration 180: energy = 1606.0997
Iteration 190: energy = 1605.7972
Iteration 200: energy = 1605.1760
Iteration 210: energy = 1604.7535
Iteration 220: energy = 1604.2091
Iteration 230: energy = 1603.3179
Iteration 240: energy = 1602.5197
Iteration 250: energy = 1602.1080
Iteration 260: energy = 1601.3618
Iteration 270: energy = 1600.6350
Iteration 280: energy = 1599.9899
Iteration 290: energy = 1599.3402
Iteration 300: energy = 1599.2722
Iteration 310: energy = 1598.9110
Iteration 320: energy = 1598.6670
Iteration 330: energy = 1598.1814
Iteration 340: energy = 1598.0431
Iteration 350: energy = 1597.9443
Iteration 360: energy = 1597.6753
Iteration 370: energy = 1597.5488
Iteration 380: energy = 1597.3706
Iteration 390: energy = 1597.3070
Iteration 400: energy = 1597.2784
Iteration 410: energy = 1597.2253
Iteration 420: energy = 1597.0100
Iteration 430: energy = 1597.0083
Iteration 440: energy = 1597.0074
Iteration 10: energy = 4115.5039
Iteration 20: energy = 4084.6169
Iteration 30: energy = 4038.2737
Iteration 40: energy = 4022.5981
Iteration 50: energy = 4003.4851
Iteration 60: energy = 3989.7405
Iteration 70: energy = 3982.3311
Iteration 80: energy = 3973.0850
Iteration 90: energy = 3970.5635
Iteration 100: energy = 3965.5498
Iteration 110: energy = 3959.2244
Iteration 120: energy = 3956.1646
Iteration 130: energy = 3952.3479
Iteration 140: energy = 3950.0005
Iteration 150: energy = 3946.3235
Iteration 160: energy = 3940.5007
Iteration 170: energy = 3939.2952
Iteration 180: energy = 3936.0989
Iteration 190: energy = 3934.1296
Iteration 200: energy = 3932.2598
Iteration 210: energy = 3931.9080
Iteration 220: energy = 3930.8564
Iteration 230: energy = 3929.5735
Iteration 240: energy = 3927.7095
Iteration 250: energy = 3925.5425
Iteration 260: energy = 3923.8572
Iteration 270: energy = 3923.6958
Iteration 280: energy = 3923.0842
Iteration 290: energy = 3922.5103
Iteration 300: energy = 3921.4104
Iteration 310: energy = 3921.3711
Iteration 320: energy = 3920.7524
Iteration 330: energy = 3920.0591
Iteration 340: energy = 3919.8398
Iteration 350: energy = 3919.3459
Iteration 360: energy = 3918.4355
Iteration 370: energy = 3918.3066
Iteration 380: energy = 3916.8105
Iteration 390: energy = 3915.8652
Iteration 400: energy = 3914.6167
Iteration 410: energy = 3913.2900
Iteration 420: energy = 3912.4639
Iteration 430: energy = 3912.0193
Iteration 440: energy = 3911.2922
Iteration 450: energy = 3910.4141
Iteration 460: energy = 3910.3516
Iteration 470: energy = 3909.7546
Iteration 480: energy = 3909.7522
Iteration 490: energy = 3909.4182
Iteration 500: energy = 3908.9402
Iteration 510: energy = 3908.9214
Iteration 520: energy = 3908.2690
Iteration 530: energy = 3908.0337
Iteration 10: energy = 3970.3845
Iteration 20: energy = 3949.5125
Iteration 30: energy = 3911.9473
Iteration 40: energy = 3880.2146
Iteration 50: energy = 3848.2129
Iteration 60: energy = 3816.2114
Iteration 70: energy = 3789.4692
Iteration 80: energy = 3782.4048
Iteration 90: energy = 3770.3975
Iteration 100: energy = 3755.0400
Iteration 110: energy = 3748.4050
Iteration 120: energy = 3725.8953
Iteration 130: energy = 3708.5835
Iteration 140: energy = 3691.0308
Iteration 150: energy = 3678.1169
Iteration 160: energy = 3660.6514
Iteration 170: energy = 3645.4395
Iteration 180: energy = 3631.5781
Iteration 190: energy = 3621.4395
Iteration 200: energy = 3589.8635
Iteration 210: energy = 3570.4487
Iteration 220: energy = 3554.5410
Iteration 230: energy = 3515.5308
Iteration 240: energy = 3366.5947
Iteration 250: energy = 3249.1687
Iteration 260: energy = 3179.2073
Iteration 270: energy = 3162.0552
Iteration 280: energy = 3154.7517
Iteration 290: energy = 3147.1140
Iteration 300: energy = 3144.6416
Iteration 310: energy = 3139.5164
Iteration 320: energy = 3137.4907
Iteration 330: energy = 3136.0217
Iteration 340: energy = 3134.6697
Iteration 350: energy = 3133.5864
Iteration 360: energy = 3132.1392
Iteration 370: energy = 3130.7285
Iteration 380: energy = 3128.1523
Iteration 390: energy = 3125.7747
Iteration 400: energy = 3123.3511
Iteration 410: energy = 3119.9519
Iteration 420: energy = 3117.7834
Iteration 430: energy = 3116.5923
Iteration 440: energy = 3115.2334
Iteration 450: energy = 3113.9805
Iteration 460: energy = 3112.9651
Iteration 470: energy = 3111.6621
Iteration 480: energy = 3111.6196
Iteration 490: energy = 3110.2324
Iteration 500: energy = 3110.2239
Iteration 510: energy = 3109.9338
Iteration 520: energy = 3109.1450
Iteration 530: energy = 3108.4678
Iteration 540: energy = 3108.4048
Iteration 550: energy = 3108.0251
Iteration 560: energy = 3107.5137
Iteration 570: energy = 3107.0759
Iteration 580: energy = 3106.7756
Iteration 590: energy = 3106.0640
Iteration 600: energy = 3106.0002
Iteration 610: energy = 3105.2617
Iteration 620: energy = 3105.1541
Iteration 630: energy = 3104.4019
Iteration 640: energy = 3104.3279
Iteration 650: energy = 3104.1458
Iteration 660: energy = 3104.0393
Iteration 670: energy = 3103.4443
Iteration 680: energy = 3103.2114
Iteration 690: energy = 3103.1960
Iteration 700: energy = 3102.8987
Iteration 710: energy = 3102.7446
Iteration 720: energy = 3102.7429
Iteration 730: energy = 3102.5198
Iteration 740: energy = 3102.4277
Iteration 10: energy = 3888.2668
Iteration 20: energy = 3844.3225
Iteration 30: energy = 3763.6602
Iteration 40: energy = 3717.4961
Iteration 50: energy = 3693.8652
Iteration 60: energy = 3683.5444
Iteration 70: energy = 3660.7429
Iteration 80: energy = 3654.1238
Iteration 90: energy = 3647.8081
Iteration 100: energy = 3637.6045
Iteration 110: energy = 3629.8740
Iteration 120: energy = 3624.6880
Iteration 130: energy = 3621.9536
Iteration 140: energy = 3618.9980
Iteration 150: energy = 3617.3760
Iteration 160: energy = 3614.4749
Iteration 170: energy = 3613.4041
Iteration 180: energy = 3610.9883
Iteration 190: energy = 3610.7441
Iteration 200: energy = 3610.3721
Iteration 210: energy = 3609.5771
Iteration 220: energy = 3608.7825
Iteration 230: energy = 3608.3918
Iteration 240: energy = 3608.0039
Iteration 250: energy = 3607.9990
Iteration 260: energy = 3607.7629
Iteration 270: energy = 3607.7598
Iteration 280: energy = 3607.4985
Iteration 290: energy = 3607.4075
Iteration 300: energy = 3607.3052
Iteration 310: energy = 3607.2422
Iteration 320: energy = 3607.2402
Iteration 330: energy = 3607.1797
Iteration 340: energy = 3607.0605
Iteration 350: energy = 3607.0103
Iteration 10: energy = 837.1232
Iteration 20: energy = 818.8710
Iteration 30: energy = 799.2220
Iteration 40: energy = 791.3093
Iteration 50: energy = 786.0765
Iteration 60: energy = 775.4598
Iteration 70: energy = 770.8331
Iteration 80: energy = 764.6028
Iteration 90: energy = 758.5247
Iteration 100: energy = 753.6380
Iteration 110: energy = 750.1968
Iteration 120: energy = 747.4919
Iteration 130: energy = 745.0292
Iteration 140: energy = 743.1622
Iteration 150: energy = 741.0107
Iteration 160: energy = 739.9880
Iteration 170: energy = 737.8207
Iteration 180: energy = 737.0345
Iteration 190: energy = 736.1142
Iteration 200: energy = 735.1919
Iteration 210: energy = 734.8890
Iteration 220: energy = 734.5543
Iteration 230: energy = 734.2333
Iteration 240: energy = 734.2197
Iteration 250: energy = 734.0595
Iteration 260: energy = 734.0305
Iteration 10: energy = 936.3915
Iteration 20: energy = 931.8527
Iteration 30: energy = 927.4258
Iteration 40: energy = 924.8639
Iteration 50: energy = 922.6649
Iteration 60: energy = 921.4069
Iteration 70: energy = 920.4108
Iteration 80: energy = 919.6730
Iteration 90: energy = 919.3640
Iteration 100: energy = 919.0962
Iteration 110: energy = 918.9430
Iteration 120: energy = 918.8802
Iteration 130: energy = 918.7465
Iteration 140: energy = 918.7464
Iteration 10: energy = 1518.1477
Iteration 20: energy = 1485.8298
Iteration 30: energy = 1475.8962
Iteration 40: energy = 1471.0605
Iteration 50: energy = 1466.3766
Iteration 60: energy = 1465.4811
Iteration 70: energy = 1464.9250
Iteration 80: energy = 1464.4376
Iteration 90: energy = 1464.2413
Iteration 100: energy = 1464.1378
Iteration 110: energy = 1464.0215
Iteration 120: energy = 1463.8792
Iteration 130: energy = 1463.8540
Iteration 140: energy = 1463.8014
Iteration 10: energy = 3906.4690
Iteration 20: energy = 3784.2224
Iteration 30: energy = 3660.7529
Iteration 40: energy = 3609.9229
Iteration 50: energy = 3551.6536
Iteration 60: energy = 3538.2156
Iteration 70: energy = 3517.7422
Iteration 80: energy = 3500.6987
Iteration 90: energy = 3494.6221
Iteration 100: energy = 3490.1382
Iteration 110: energy = 3486.2310
Iteration 120: energy = 3484.6172
Iteration 130: energy = 3483.2493
Iteration 140: energy = 3479.3376
Iteration 150: energy = 3475.1775
Iteration 160: energy = 3466.7603
Iteration 170: energy = 3462.2478
Iteration 180: energy = 3452.5920
Iteration 190: energy = 3436.4026
Iteration 200: energy = 3423.6274
Iteration 210: energy = 3404.3235
Iteration 220: energy = 3391.3269
Iteration 230: energy = 3367.4209
Iteration 240: energy = 3358.2412
Iteration 250: energy = 3346.8804
Iteration 260: energy = 3340.7722
Iteration 270: energy = 3323.2937
Iteration 280: energy = 3316.0859
Iteration 290: energy = 3310.9492
Iteration 300: energy = 3306.1260
Iteration 310: energy = 3299.4519
Iteration 320: energy = 3294.8440
Iteration 330: energy = 3288.0242
Iteration 340: energy = 3285.4888
Iteration 350: energy = 3281.6006
Iteration 360: energy = 3276.0667
Iteration 370: energy = 3271.4595
Iteration 380: energy = 3264.6707
Iteration 390: energy = 3260.9160
Iteration 400: energy = 3257.5847
Iteration 410: energy = 3256.0203
Iteration 420: energy = 3253.6479
Iteration 430: energy = 3246.5286
Iteration 440: energy = 3243.5073
Iteration 450: energy = 3237.5461
Iteration 460: energy = 3229.4377
Iteration 470: energy = 3223.1362
Iteration 480: energy = 3218.7290
Iteration 490: energy = 3213.9268
Iteration 500: energy = 3210.6729
Iteration 510: energy = 3207.4014
Iteration 520: energy = 3205.1899
Iteration 530: energy = 3202.4429
Iteration 540: energy = 3200.6157
Iteration 550: energy = 3198.0095
Iteration 560: energy = 3195.7537
Iteration 570: energy = 3194.3589
Iteration 580: energy = 3193.0461
Iteration 590: energy = 3190.7676
Iteration 600: energy = 3190.6709
Iteration 610: energy = 3189.1619
Iteration 620: energy = 3189.0925
Iteration 630: energy = 3188.7607
Iteration 640: energy = 3188.2302
Iteration 650: energy = 3187.9211
Iteration 660: energy = 3187.7869
Iteration 670: energy = 3187.5254
Iteration 680: energy = 3187.1565
Iteration 690: energy = 3186.9277
Iteration 700: energy = 3186.6748
Iteration 10: energy = 3652.0635
Iteration 20: energy = 3614.1628
Iteration 30: energy = 3569.7061
Iteration 40: energy = 3532.7698
Iteration 50: energy = 3521.1943
Iteration 60: energy = 3510.2207
Iteration 70: energy = 3498.7595
Iteration 80: energy = 3489.7761
Iteration 90: energy = 3486.3408
Iteration 100: energy = 3479.7751
Iteration 110: energy = 3476.9233
Iteration 120: energy = 3475.8523
Iteration 130: energy = 3474.8086
Iteration 140: energy = 3472.5120
Iteration 150: energy = 3470.1777
Iteration 160: energy = 3468.8652
Iteration 170: energy = 3467.1631
Iteration 180: energy = 3466.1284
Iteration 190: energy = 3465.3665
Iteration 200: energy = 3465.1504
Iteration 210: energy = 3464.6416
Iteration 220: energy = 3464.1509
Iteration 230: energy = 3463.6414
Iteration 10: energy = 2222.6299
Iteration 20: energy = 2139.2864
Iteration 30: energy = 2034.1099
Iteration 40: energy = 1960.2573
Iteration 50: energy = 1932.0398
Iteration 60: energy = 1910.1362
Iteration 70: energy = 1871.8916
Iteration 80: energy = 1850.0377
Iteration 90: energy = 1826.8074
Iteration 100: energy = 1801.5021
Iteration 110: energy = 1771.9855
Iteration 120: energy = 1758.0372
Iteration 130: energy = 1721.5929
Iteration 140: energy = 1707.5087
Iteration 150: energy = 1682.1299
Iteration 160: energy = 1656.0524
Iteration 170: energy = 1628.2410
Iteration 180: energy = 1614.2216
Iteration 190: energy = 1603.7560
Iteration 200: energy = 1600.6708
Iteration 210: energy = 1590.8005
Iteration 220: energy = 1589.2218
Iteration 230: energy = 1586.3605
Iteration 240: energy = 1580.0717
Iteration 250: energy = 1573.3127
Iteration 260: energy = 1568.5034
Iteration 270: energy = 1562.4779
Iteration 280: energy = 1559.4568
Iteration 290: energy = 1557.2345
Iteration 300: energy = 1554.6925
Iteration 310: energy = 1551.9994
Iteration 320: energy = 1545.8092
Iteration 330: energy = 1542.2091
Iteration 340: energy = 1540.9199
Iteration 350: energy = 1540.4434
Iteration 360: energy = 1539.9797
Iteration 370: energy = 1539.9286
Iteration 380: energy = 1539.6130
Iteration 390: energy = 1539.4636
Iteration 10: energy = 1698.1924
Iteration 20: energy = 1695.1050
Iteration 30: energy = 1693.4402
Iteration 40: energy = 1691.7902
Iteration 50: energy = 1690.4581
Iteration 60: energy = 1688.7302
Iteration 70: energy = 1686.8866
Iteration 80: energy = 1684.7070
Iteration 90: energy = 1682.1886
Iteration 100: energy = 1680.3396
Iteration 110: energy = 1676.8862
Iteration 120: energy = 1675.6727
Iteration 130: energy = 1675.4858
Iteration 140: energy = 1675.2395
Iteration 150: energy = 1675.1376
Iteration 160: energy = 1675.0570
Iteration 170: energy = 1674.8447
Iteration 180: energy = 1674.8438
Iteration 190: energy = 1674.7297
Iteration 200: energy = 1674.7291
Iteration 210: energy = 1674.6000
Iteration 220: energy = 1674.4945
Iteration 10: energy = 2124.3506
Iteration 20: energy = 2040.1530
Iteration 30: energy = 1993.2570
Iteration 40: energy = 1938.6444
Iteration 50: energy = 1884.8074
Iteration 60: energy = 1847.7163
Iteration 70: energy = 1784.3922
Iteration 80: energy = 1759.5867
Iteration 90: energy = 1734.3076
Iteration 100: energy = 1716.1479
Iteration 110: energy = 1711.6326
Iteration 120: energy = 1705.2415
Iteration 130: energy = 1703.5312
Iteration 140: energy = 1701.5541
Iteration 150: energy = 1696.7363
Iteration 160: energy = 1690.7526
Iteration 170: energy = 1679.4403
Iteration 180: energy = 1666.4426
Iteration 190: energy = 1661.1382
Iteration 200: energy = 1655.5039
Iteration 210: energy = 1652.9514
Iteration 220: energy = 1650.7290
Iteration 230: energy = 1648.4348
Iteration 240: energy = 1646.2915
Iteration 250: energy = 1643.0149
Iteration 260: energy = 1640.8831
Iteration 270: energy = 1638.3979
Iteration 280: energy = 1634.5171
Iteration 290: energy = 1632.2239
Iteration 300: energy = 1629.7749
Iteration 310: energy = 1628.6614
Iteration 320: energy = 1625.8293
Iteration 330: energy = 1624.4364
Iteration 340: energy = 1622.9275
Iteration 350: energy = 1622.2334
Iteration 360: energy = 1621.0544
Iteration 370: energy = 1620.0555
Iteration 380: energy = 1619.2194
Iteration 390: energy = 1619.0376
Iteration 400: energy = 1618.7883
Iteration 410: energy = 1618.6777
Iteration 420: energy = 1618.5797
Iteration 430: energy = 1618.5187
Iteration 440: energy = 1618.4784
Iteration 450: energy = 1618.4176
Iteration 460: energy = 1618.3716
Iteration 470: energy = 1618.3336
Iteration 480: energy = 1618.3065
Iteration 10: energy = 3271.0815
Iteration 20: energy = 3254.0986
Iteration 30: energy = 3216.3357
Iteration 40: energy = 3201.2898
Iteration 50: energy = 3187.0083
Iteration 60: energy = 3179.3118
Iteration 70: energy = 3167.5659
Iteration 80: energy = 3163.8833
Iteration 90: energy = 3162.1599
Iteration 100: energy = 3160.1208
Iteration 110: energy = 3159.2520
Iteration 120: energy = 3157.6121
Iteration 130: energy = 3154.8994
Iteration 140: energy = 3152.6145
Iteration 150: energy = 3151.1157
Iteration 160: energy = 3150.3552
Iteration 170: energy = 3148.9895
Iteration 180: energy = 3148.0972
Iteration 190: energy = 3147.8196
Iteration 200: energy = 3146.8594
Iteration 210: energy = 3146.1152
Iteration 220: energy = 3144.5725
Iteration 230: energy = 3144.1267
Iteration 240: energy = 3141.8218
Iteration 250: energy = 3140.8086
Iteration 260: energy = 3139.1267
Iteration 270: energy = 3137.5989
Iteration 280: energy = 3136.2024
Iteration 290: energy = 3135.3835
Iteration 300: energy = 3134.7505
Iteration 310: energy = 3134.2688
Iteration 320: energy = 3133.4546
Iteration 330: energy = 3133.0376
Iteration 340: energy = 3132.5784
Iteration 350: energy = 3132.5334
Iteration 360: energy = 3132.2083
Iteration 370: energy = 3132.1614
Iteration 10: energy = 3330.2451
Iteration 20: energy = 3281.9167
Iteration 30: energy = 3192.1670
Iteration 40: energy = 3133.6370
Iteration 50: energy = 3079.4941
Iteration 60: energy = 3056.0596
Iteration 70: energy = 3024.6301
Iteration 80: energy = 3008.6484
Iteration 90: energy = 2992.9485
Iteration 100: energy = 2984.3203
Iteration 110: energy = 2975.8845
Iteration 120: energy = 2971.3254
Iteration 130: energy = 2967.7451
Iteration 140: energy = 2964.3757
Iteration 150: energy = 2961.6033
Iteration 160: energy = 2959.3208
Iteration 170: energy = 2957.8818
Iteration 180: energy = 2955.9111
Iteration 190: energy = 2955.7117
Iteration 200: energy = 2955.0222
Iteration 210: energy = 2954.2161
Iteration 220: energy = 2953.8188
Iteration 230: energy = 2953.1567
Iteration 240: energy = 2953.1367
Iteration 250: energy = 2952.5588
Iteration 260: energy = 2952.0078
Iteration 270: energy = 2950.3513
Iteration 280: energy = 2947.0847
Iteration 290: energy = 2942.9761
Iteration 300: energy = 2931.7510
Iteration 310: energy = 2923.8689
Iteration 320: energy = 2908.6169
Iteration 330: energy = 2898.5605
Iteration 340: energy = 2881.5281
Iteration 350: energy = 2869.7915
Iteration 360: energy = 2859.7219
Iteration 370: energy = 2849.4270
Iteration 380: energy = 2841.0996
Iteration 390: energy = 2832.4436
Iteration 400: energy = 2826.6501
Iteration 410: energy = 2825.3315
Iteration 420: energy = 2822.3713
Iteration 430: energy = 2821.0869
Iteration 440: energy = 2820.0269
Iteration 450: energy = 2819.2886
Iteration 460: energy = 2819.0669
Iteration 470: energy = 2818.7419
Iteration 480: energy = 2818.2361
Iteration 490: energy = 2818.2354
Iteration 10: energy = 4572.8306
Iteration 20: energy = 4310.6675
Iteration 30: energy = 4186.6699
Iteration 40: energy = 4077.5718
Iteration 50: energy = 3968.5596
Iteration 60: energy = 3902.8484
Iteration 70: energy = 3755.9983
Iteration 80: energy = 3628.4646
Iteration 90: energy = 3539.8674
Iteration 100: energy = 3503.9651
Iteration 110: energy = 3442.2935
Iteration 120: energy = 3391.6313
Iteration 130: energy = 3326.8577
Iteration 140: energy = 3301.8860
Iteration 150: energy = 3262.5703
Iteration 160: energy = 3245.8745
Iteration 170: energy = 3227.5920
Iteration 180: energy = 3218.4651
Iteration 190: energy = 3211.6626
Iteration 200: energy = 3205.5005
Iteration 210: energy = 3200.7720
Iteration 220: energy = 3193.6108
Iteration 230: energy = 3190.8738
Iteration 240: energy = 3186.7419
Iteration 250: energy = 3183.4021
Iteration 260: energy = 3177.3669
Iteration 270: energy = 3173.3872
Iteration 280: energy = 3168.7722
Iteration 290: energy = 3162.3540
Iteration 300: energy = 3150.2244
Iteration 310: energy = 3126.3633
Iteration 320: energy = 3088.4272
Iteration 330: energy = 3061.2817
Iteration 340: energy = 3030.2991
Iteration 350: energy = 3006.5200
Iteration 360: energy = 2999.0139
Iteration 370: energy = 2977.5403
Iteration 380: energy = 2972.9260
Iteration 390: energy = 2949.3125
Iteration 400: energy = 2943.4373
Iteration 410: energy = 2936.9470
Iteration 420: energy = 2933.0840
Iteration 430: energy = 2930.9368
Iteration 440: energy = 2929.5093
Iteration 450: energy = 2928.3650
Iteration 460: energy = 2926.9189
Iteration 470: energy = 2925.0850
Iteration 480: energy = 2923.5381
Iteration 490: energy = 2922.4214
Iteration 500: energy = 2921.3130
Iteration 510: energy = 2919.1528
Iteration 520: energy = 2915.5049
Iteration 530: energy = 2908.2920
Iteration 540: energy = 2905.0359
Iteration 550: energy = 2900.6196
Iteration 560: energy = 2898.3293
Iteration 570: energy = 2897.6099
Iteration 10: energy = 3954.8801
Iteration 20: energy = 3908.1326
Iteration 30: energy = 3842.6055
Iteration 40: energy = 3799.8081
Iteration 50: energy = 3721.0002
Iteration 60: energy = 3652.0073
Iteration 70: energy = 3615.1885
Iteration 80: energy = 3548.8232
Iteration 90: energy = 3504.4683
Iteration 100: energy = 3484.6230
Iteration 110: energy = 3475.7712
Iteration 120: energy = 3471.0793
Iteration 130: energy = 3460.6694
Iteration 140: energy = 3452.9927
Iteration 150: energy = 3450.9778
Iteration 160: energy = 3445.2598
Iteration 170: energy = 3438.0669
Iteration 180: energy = 3430.3792
Iteration 190: energy = 3428.3149
Iteration 200: energy = 3425.1240
Iteration 210: energy = 3424.2324
Iteration 220: energy = 3424.0422
Iteration 230: energy = 3423.6919
Iteration 240: energy = 3423.5520
Iteration 250: energy = 3423.3445
Iteration 260: energy = 3422.9363
Iteration 270: energy = 3422.9341
Iteration 280: energy = 3422.5659
Iteration 290: energy = 3422.2656
Iteration 300: energy = 3422.2603
Iteration 310: energy = 3422.0894
Iteration 320: energy = 3421.8650
Iteration 330: energy = 3421.4126
Iteration 340: energy = 3420.8394
Iteration 350: energy = 3420.8362
Iteration 360: energy = 3420.2449
Iteration 370: energy = 3419.9985
Iteration 380: energy = 3419.5576
Iteration 390: energy = 3419.1033
Iteration 400: energy = 3418.7114
Iteration 410: energy = 3418.4109
Iteration 420: energy = 3418.2922
Iteration 430: energy = 3417.4927
Iteration 440: energy = 3417.1799
Iteration 450: energy = 3417.0552
Iteration 460: energy = 3416.9243
Iteration 470: energy = 3416.2341
Iteration 480: energy = 3415.6624
Iteration 490: energy = 3415.5679
Iteration 500: energy = 3415.0105
Iteration 510: energy = 3413.4507
Iteration 520: energy = 3413.2034
Iteration 530: energy = 3412.4795
Iteration 540: energy = 3412.4761
Iteration 550: energy = 3411.8179
Iteration 560: energy = 3411.5974
Iteration 570: energy = 3411.2432
Iteration 580: energy = 3411.1428
Iteration 590: energy = 3410.9661
Iteration 600: energy = 3410.8574
Iteration 610: energy = 3410.6377
Iteration 10: energy = 4068.5620
Iteration 20: energy = 4014.5347
Iteration 30: energy = 3959.8042
Iteration 40: energy = 3824.2593
Iteration 50: energy = 3766.1235
Iteration 60: energy = 3694.3643
Iteration 70: energy = 3637.0557
Iteration 80: energy = 3549.8569
Iteration 90: energy = 3482.0134
Iteration 100: energy = 3446.5693
Iteration 110: energy = 3426.6011
Iteration 120: energy = 3413.7173
Iteration 130: energy = 3398.0144
Iteration 140: energy = 3381.5078
Iteration 150: energy = 3360.0166
Iteration 160: energy = 3335.6301
Iteration 170: energy = 3296.2329
Iteration 180: energy = 3266.9102
Iteration 190: energy = 3241.8843
Iteration 200: energy = 3227.7104
Iteration 210: energy = 3215.2400
Iteration 220: energy = 3210.4084
Iteration 230: energy = 3199.3979
Iteration 240: energy = 3199.1321
Iteration 250: energy = 3196.2852
Iteration 260: energy = 3193.2729
Iteration 270: energy = 3190.1130
Iteration 280: energy = 3187.4258
Iteration 290: energy = 3184.0764
Iteration 300: energy = 3182.2776
Iteration 310: energy = 3179.0779
Iteration 320: energy = 3174.5386
Iteration 330: energy = 3173.8267
Iteration 340: energy = 3170.1953
Iteration 350: energy = 3168.7686
Iteration 360: energy = 3164.1824
Iteration 370: energy = 3163.0061
Iteration 380: energy = 3160.6711
Iteration 390: energy = 3159.6580
Iteration 400: energy = 3158.9392
Iteration 410: energy = 3157.2620
Iteration 420: energy = 3157.1418
Iteration 430: energy = 3155.5422
Iteration 440: energy = 3155.0400
Iteration 450: energy = 3154.3445
Iteration 460: energy = 3152.0339
Iteration 470: energy = 3151.4285
Iteration 480: energy = 3150.6267
Iteration 490: energy = 3148.4021
Iteration 500: energy = 3146.5515
Iteration 510: energy = 3143.1799
Iteration 520: energy = 3141.5447
Iteration 530: energy = 3137.5940
Iteration 540: energy = 3135.9917
Iteration 550: energy = 3135.9514
Iteration 560: energy = 3134.4561
Iteration 570: energy = 3133.5283
Iteration 580: energy = 3132.2500
Iteration 590: energy = 3131.2244
Iteration 600: energy = 3130.3909
Iteration 610: energy = 3128.8105
Iteration 620: energy = 3128.5085
Iteration 630: energy = 3126.6653
Iteration 640: energy = 3125.3765
Iteration 650: energy = 3124.7241
Iteration 660: energy = 3124.6296
Iteration 670: energy = 3124.2830
Iteration 680: energy = 3123.7954
Iteration 690: energy = 3123.1755
Iteration 10: energy = 3539.9685
Iteration 20: energy = 3467.0364
Iteration 30: energy = 3435.7131
Iteration 40: energy = 3401.3467
Iteration 50: energy = 3282.7759
Iteration 60: energy = 3225.4346
Iteration 70: energy = 3166.3875
Iteration 80: energy = 3144.2466
Iteration 90: energy = 3082.7935
Iteration 100: energy = 3049.6797
Iteration 110: energy = 3017.3535
Iteration 120: energy = 2965.7253
Iteration 130: energy = 2942.9966
Iteration 140: energy = 2928.5085
Iteration 150: energy = 2907.5234
Iteration 160: energy = 2898.0139
Iteration 170: energy = 2885.0415
Iteration 180: energy = 2876.8782
Iteration 190: energy = 2867.1887
Iteration 200: energy = 2860.6333
Iteration 210: energy = 2859.1985
Iteration 220: energy = 2858.0493
Iteration 230: energy = 2857.2705
Iteration 240: energy = 2856.7554
Iteration 250: energy = 2856.2505
Iteration 260: energy = 2856.0315
Iteration 270: energy = 2855.8198
Iteration 280: energy = 2855.5825
Iteration 290: energy = 2855.3936
Iteration 10: energy = 885.8362
Iteration 20: energy = 716.9839
Iteration 30: energy = 700.0345
Iteration 40: energy = 689.4550
Iteration 50: energy = 688.1971
Iteration 60: energy = 685.7129
Iteration 70: energy = 685.4321
Iteration 80: energy = 684.7638
Iteration 90: energy = 684.5370
Iteration 100: energy = 684.2559
Iteration 110: energy = 684.1025
Iteration 120: energy = 684.0572
Iteration 130: energy = 683.9594
Iteration 140: energy = 683.9363
Iteration 150: energy = 683.8730
Iteration 160: energy = 683.8171
Iteration 170: energy = 683.7875
Iteration 180: energy = 683.7290
Iteration 190: energy = 683.6648
Iteration 200: energy = 683.6487
Iteration 210: energy = 683.5211
Iteration 10: energy = 2278.4478
Iteration 20: energy = 2262.8135
Iteration 30: energy = 2227.6704
Iteration 40: energy = 2220.5935
Iteration 50: energy = 2213.9407
Iteration 60: energy = 2195.6487
Iteration 70: energy = 2183.6833
Iteration 80: energy = 2173.0244
Iteration 90: energy = 2167.9148
Iteration 100: energy = 2157.7649
Iteration 110: energy = 2153.5894
Iteration 120: energy = 2148.1689
Iteration 130: energy = 2144.3516
Iteration 140: energy = 2142.1626
Iteration 150: energy = 2138.0757
Iteration 160: energy = 2134.9414
Iteration 170: energy = 2129.2756
Iteration 180: energy = 2125.9414
Iteration 190: energy = 2121.6077
Iteration 200: energy = 2119.6162
Iteration 210: energy = 2116.1301
Iteration 220: energy = 2112.9519
Iteration 230: energy = 2108.2109
Iteration 240: energy = 2104.7488
Iteration 250: energy = 2096.8115
Iteration 260: energy = 2087.2974
Iteration 270: energy = 2081.8467
Iteration 280: energy = 2078.5657
Iteration 290: energy = 2070.1599
Iteration 300: energy = 2067.2407
Iteration 310: energy = 2060.3555
Iteration 320: energy = 2055.7551
Iteration 330: energy = 2046.7823
Iteration 340: energy = 2042.4080
Iteration 350: energy = 2031.8193
Iteration 360: energy = 2027.8900
Iteration 370: energy = 2023.8781
Iteration 380: energy = 2019.2491
Iteration 390: energy = 2017.6954
Iteration 400: energy = 2013.8395
Iteration 410: energy = 2011.8669
Initial geodesic lengths: [tensor(43.3818, device='cuda:0'), tensor(34.3076, device='cuda:0'), tensor(55.6873, device='cuda:0'), tensor(59.7682, device='cuda:0'), tensor(59.7384, device='cuda:0'), tensor(35.4176, device='cuda:0'), tensor(61.1377, device='cuda:0'), tensor(57.9094, device='cuda:0'), tensor(58.8424, device='cuda:0'), tensor(25.5802, device='cuda:0'), tensor(26.9282, device='cuda:0'), tensor(32.9833, device='cuda:0'), tensor(59.1457, device='cuda:0'), tensor(57.1880, device='cuda:0'), tensor(43.8424, device='cuda:0'), tensor(35.8434, device='cuda:0'), tensor(42.3561, device='cuda:0'), tensor(53.4959, device='cuda:0'), tensor(54.6625, device='cuda:0'), tensor(62.3022, device='cuda:0'), tensor(58.6536, device='cuda:0'), tensor(59.5097, device='cuda:0'), tensor(53.5695, device='cuda:0'), tensor(26.1239, device='cuda:0'), tensor(41.8661, device='cuda:0')]
Optimized geodesic lengths: [tensor(35.9428, device='cuda:0'), tensor(34.1952, device='cuda:0'), tensor(49.2725, device='cuda:0'), tensor(44.9005, device='cuda:0'), tensor(54.0659, device='cuda:0'), tensor(35.0739, device='cuda:0'), tensor(58.7322, device='cuda:0'), tensor(49.5771, device='cuda:0'), tensor(55.9427, device='cuda:0'), tensor(23.4857, device='cuda:0'), tensor(26.7540, device='cuda:0'), tensor(32.3435, device='cuda:0'), tensor(51.8358, device='cuda:0'), tensor(54.5765, device='cuda:0'), tensor(33.3762, device='cuda:0'), tensor(35.6328, device='cuda:0'), tensor(34.3996, device='cuda:0'), tensor(51.9982, device='cuda:0'), tensor(50.0081, device='cuda:0'), tensor(42.1465, device='cuda:0'), tensor(53.4944, device='cuda:0'), tensor(51.7865, device='cuda:0'), tensor(46.0044, device='cuda:0'), tensor(22.2457, device='cuda:0'), tensor(38.9997, device='cuda:0')]

------------------------------------------------------------
Sender: LSF System <lsfadmin@hpc.dtu.dk>
Subject: Job 24549364: <ensemblev100> in cluster <dcc> Done

Job <ensemblev100> was submitted from host <gbarlogin1> by user <s185927> in cluster <dcc> at Tue Apr  1 07:22:30 2025
Job was executed on host(s) <4*n-62-20-12>, in queue <gpuv100>, as user <s185927> in cluster <dcc> at Tue Apr  1 07:22:30 2025
</zhome/e3/3/139772> was used as the home directory.
</zhome/e3/3/139772/Desktop/AML/AML/github-project-2/AML-Project-2/src> was used as the working directory.
Started at Tue Apr  1 07:22:30 2025
Terminated at Tue Apr  1 07:58:50 2025
Results reported at Tue Apr  1 07:58:50 2025

Your job looked like:

------------------------------------------------------------
# LSBATCH: User input
#!/bin/bash
#BSUB -J ensemblev100
#BSUB -q gpuv100
#BSUB -n 4
#BSUB -gpu "num=1:mode=exclusive_process"
#BSUB -W 5:00
#BSUB -R "rusage[mem=5GB]"
#BSUB -u lassesofus@gmail.com
#BSUB -o %J.out
#BSUB -e %J.err

module load cuda/11.8

source /zhome/e3/3/139772/Desktop/AML/aml_new/bin/activate

python ensemble_vae.py --mode train --device cuda --experiment-folder ../experiment/ensemble_3_v2 --num-decoders 3 --num-t 50
python ensemble_vae.py --mode geodesics --device cuda --experiment-folder ../experiment/ensemble_3_v2 --num-decoders 3 --num-t 50
------------------------------------------------------------

Successfully completed.

Resource usage summary:

    CPU time :                                   2172.46 sec.
    Max Memory :                                 692 MB
    Average Memory :                             663.00 MB
    Total Requested Memory :                     20480.00 MB
    Delta Memory :                               19788.00 MB
    Max Swap :                                   -
    Max Processes :                              4
    Max Threads :                                9
    Run time :                                   2400 sec.
    Turnaround time :                            2180 sec.

The output (if any) is above this job summary.



PS:

Read file <24549364.err> for stderr output of this job.

