# Options
batch_size = 32
device = cuda
epochs_per_decoder = 200
experiment_folder = ../experiment/ensemble_3_v2
latent_dim = 2
mode = geodesics
num_curves = 25
num_decoders = 3
num_reruns = 10
num_t = 50
samples = samples.png
Iteration 10: energy = 2344.8799
Iteration 20: energy = 2225.5305
Iteration 30: energy = 2168.3423
Iteration 40: energy = 2079.1189
Iteration 50: energy = 2061.7219
Iteration 60: energy = 2025.0496
Iteration 70: energy = 2009.3862
Iteration 80: energy = 1992.4095
Iteration 90: energy = 1986.7861
Iteration 100: energy = 1982.6230
Iteration 110: energy = 1975.4330
Iteration 120: energy = 1963.2496
Iteration 130: energy = 1954.5250
Iteration 140: energy = 1943.2017
Iteration 150: energy = 1924.8325
Iteration 160: energy = 1917.7236
Iteration 170: energy = 1903.5631
Iteration 180: energy = 1894.4966
Iteration 190: energy = 1886.0077
Iteration 200: energy = 1882.5212
Iteration 210: energy = 1877.1841
Iteration 220: energy = 1872.5192
Iteration 230: energy = 1867.6823
Iteration 240: energy = 1862.9314
Iteration 250: energy = 1860.1185
Iteration 260: energy = 1857.6510
Iteration 270: energy = 1857.0197
Iteration 280: energy = 1855.9869
Iteration 290: energy = 1853.5303
Iteration 300: energy = 1851.7626
Iteration 310: energy = 1850.9510
Iteration 320: energy = 1849.6639
Iteration 330: energy = 1848.5809
Iteration 340: energy = 1847.9374
Iteration 350: energy = 1846.9838
Iteration 360: energy = 1846.3577
Iteration 370: energy = 1845.9214
Iteration 380: energy = 1845.7300
Iteration 390: energy = 1845.2177
Iteration 400: energy = 1844.8632
Iteration 410: energy = 1844.6418
Iteration 420: energy = 1843.7538
Iteration 430: energy = 1842.7517
Iteration 440: energy = 1839.2361
Iteration 450: energy = 1836.7129
Iteration 460: energy = 1831.5135
Iteration 470: energy = 1823.9556
Iteration 480: energy = 1815.9261
Iteration 490: energy = 1812.3281
Iteration 500: energy = 1811.8680
Iteration 510: energy = 1809.9651
Iteration 520: energy = 1808.8562
Iteration 530: energy = 1807.7328
Iteration 540: energy = 1807.7297
Iteration 550: energy = 1807.0988
Iteration 560: energy = 1806.8333
Iteration 570: energy = 1806.6610
Iteration 580: energy = 1806.5498
Iteration 590: energy = 1806.3406
Iteration 600: energy = 1806.2290
Iteration 610: energy = 1806.1489
Iteration 620: energy = 1806.1005
Iteration 630: energy = 1805.9658
Iteration 640: energy = 1805.8695
Iteration 650: energy = 1805.7894
Iteration 660: energy = 1805.5548
Iteration 10: energy = 1610.6455
Iteration 20: energy = 1607.4348
Iteration 30: energy = 1604.0079
Iteration 40: energy = 1601.0031
Iteration 50: energy = 1597.3959
Iteration 60: energy = 1594.1389
Iteration 70: energy = 1587.6923
Iteration 80: energy = 1586.2831
Iteration 90: energy = 1584.1509
Iteration 100: energy = 1583.3999
Iteration 110: energy = 1582.2649
Iteration 120: energy = 1581.4617
Iteration 130: energy = 1580.8710
Iteration 140: energy = 1580.2148
Iteration 150: energy = 1579.5870
Iteration 160: energy = 1579.2861
Iteration 170: energy = 1579.1562
Iteration 180: energy = 1578.9247
Iteration 190: energy = 1578.7303
Iteration 10: energy = 3573.3750
Iteration 20: energy = 3483.4919
Iteration 30: energy = 3378.9551
Iteration 40: energy = 3312.9353
Iteration 50: energy = 3291.5840
Iteration 60: energy = 3272.2690
Iteration 70: energy = 3253.1672
Iteration 80: energy = 3241.9800
Iteration 90: energy = 3237.1082
Iteration 100: energy = 3229.0203
Iteration 110: energy = 3222.2942
Iteration 120: energy = 3217.8047
Iteration 130: energy = 3216.2651
Iteration 140: energy = 3211.1443
Iteration 150: energy = 3208.2749
Iteration 160: energy = 3201.0708
Iteration 170: energy = 3194.1418
Iteration 180: energy = 3182.7356
Iteration 190: energy = 3173.6313
Iteration 200: energy = 3162.2954
Iteration 210: energy = 3146.6846
Iteration 220: energy = 3140.3613
Iteration 230: energy = 3126.2000
Iteration 240: energy = 3123.7429
Iteration 250: energy = 3117.1951
Iteration 260: energy = 3110.4585
Iteration 270: energy = 3101.3828
Iteration 280: energy = 3096.6262
Iteration 290: energy = 3092.4417
Iteration 300: energy = 3087.8972
Iteration 310: energy = 3085.5752
Iteration 320: energy = 3084.5630
Iteration 330: energy = 3083.3113
Iteration 340: energy = 3081.5696
Iteration 350: energy = 3081.4597
Iteration 360: energy = 3080.9360
Iteration 370: energy = 3080.2683
Iteration 380: energy = 3079.9355
Iteration 390: energy = 3079.8623
Iteration 400: energy = 3079.2227
Iteration 410: energy = 3079.0779
Iteration 420: energy = 3079.0415
Iteration 430: energy = 3078.7900
Iteration 440: energy = 3078.5940
Iteration 450: energy = 3078.5632
Iteration 460: energy = 3078.5623
Iteration 470: energy = 3078.4619
Iteration 480: energy = 3078.3384
Iteration 10: energy = 4147.3574
Iteration 20: energy = 4114.2617
Iteration 30: energy = 4092.4065
Iteration 40: energy = 4042.2100
Iteration 50: energy = 3981.3271
Iteration 60: energy = 3952.8672
Iteration 70: energy = 3916.3315
Iteration 80: energy = 3881.2427
Iteration 90: energy = 3873.9446
Iteration 100: energy = 3865.5374
Iteration 110: energy = 3854.6738
Iteration 120: energy = 3848.2490
Iteration 130: energy = 3824.3423
Iteration 140: energy = 3791.0984
Iteration 150: energy = 3729.4551
Iteration 160: energy = 3668.4722
Iteration 170: energy = 3608.0378
Iteration 180: energy = 3511.2407
Iteration 190: energy = 3443.9731
Iteration 200: energy = 3347.1436
Iteration 210: energy = 3307.6064
Iteration 220: energy = 3276.5874
Iteration 230: energy = 3265.5034
Iteration 240: energy = 3260.6738
Iteration 250: energy = 3253.7156
Iteration 260: energy = 3247.3594
Iteration 270: energy = 3245.2156
Iteration 280: energy = 3240.0208
Iteration 290: energy = 3235.3398
Iteration 300: energy = 3233.8650
Iteration 310: energy = 3230.7849
Iteration 320: energy = 3227.4507
Iteration 330: energy = 3221.4700
Iteration 340: energy = 3220.9817
Iteration 350: energy = 3218.7983
Iteration 360: energy = 3216.4631
Iteration 370: energy = 3214.8330
Iteration 380: energy = 3212.7068
Iteration 390: energy = 3210.2117
Iteration 400: energy = 3208.1016
Iteration 410: energy = 3204.9819
Iteration 420: energy = 3203.3013
Iteration 430: energy = 3199.9895
Iteration 440: energy = 3198.6692
Iteration 450: energy = 3196.7556
Iteration 460: energy = 3196.0859
Iteration 470: energy = 3195.9346
Iteration 480: energy = 3194.9824
Iteration 490: energy = 3194.0679
Iteration 500: energy = 3192.8784
Iteration 510: energy = 3192.4224
Iteration 520: energy = 3192.0842
Iteration 530: energy = 3191.7058
Iteration 540: energy = 3191.6248
Iteration 550: energy = 3191.1084
Iteration 560: energy = 3190.9253
Iteration 570: energy = 3190.9229
Iteration 580: energy = 3190.8420
Iteration 590: energy = 3190.6824
Iteration 600: energy = 3190.6438
Iteration 610: energy = 3190.5764
Iteration 620: energy = 3190.4929
Iteration 630: energy = 3190.4492
Iteration 640: energy = 3190.2688
Iteration 650: energy = 3190.2671
Iteration 660: energy = 3190.2666
Iteration 10: energy = 4038.8354
Iteration 20: energy = 3990.9355
Iteration 30: energy = 3913.6516
Iteration 40: energy = 3872.4819
Iteration 50: energy = 3775.1199
Iteration 60: energy = 3737.7969
Iteration 70: energy = 3681.7363
Iteration 80: energy = 3660.4392
Iteration 90: energy = 3620.9888
Iteration 100: energy = 3598.6763
Iteration 110: energy = 3576.9600
Iteration 120: energy = 3558.8677
Iteration 130: energy = 3531.0264
Iteration 140: energy = 3513.7383
Iteration 150: energy = 3506.4414
Iteration 160: energy = 3490.9551
Iteration 170: energy = 3487.7639
Iteration 180: energy = 3480.4924
Iteration 190: energy = 3476.0044
Iteration 200: energy = 3471.0205
Iteration 210: energy = 3468.6287
Iteration 220: energy = 3467.1250
Iteration 230: energy = 3465.4358
Iteration 240: energy = 3463.5564
Iteration 250: energy = 3461.7947
Iteration 260: energy = 3458.4729
Iteration 270: energy = 3457.0671
Iteration 280: energy = 3455.7788
Iteration 290: energy = 3455.2537
Iteration 300: energy = 3454.7195
Iteration 310: energy = 3454.7153
Iteration 320: energy = 3454.1306
Iteration 330: energy = 3453.5205
Iteration 340: energy = 3453.3000
Iteration 10: energy = 1671.5328
Iteration 20: energy = 1665.8119
Iteration 30: energy = 1661.0643
Iteration 40: energy = 1653.4447
Iteration 50: energy = 1645.4718
Iteration 60: energy = 1637.9061
Iteration 70: energy = 1630.7061
Iteration 80: energy = 1625.3761
Iteration 90: energy = 1616.6080
Iteration 100: energy = 1614.6376
Iteration 110: energy = 1610.7731
Iteration 120: energy = 1609.2854
Iteration 130: energy = 1608.3263
Iteration 140: energy = 1608.3141
Iteration 150: energy = 1607.7587
Iteration 160: energy = 1606.9603
Iteration 170: energy = 1606.7238
Iteration 180: energy = 1605.7645
Iteration 190: energy = 1605.7054
Iteration 200: energy = 1605.0052
Iteration 210: energy = 1604.5071
Iteration 220: energy = 1603.9951
Iteration 230: energy = 1603.1420
Iteration 240: energy = 1602.3326
Iteration 250: energy = 1601.1367
Iteration 260: energy = 1600.3157
Iteration 270: energy = 1599.6538
Iteration 280: energy = 1599.1699
Iteration 290: energy = 1598.9133
Iteration 300: energy = 1598.4022
Iteration 310: energy = 1598.2528
Iteration 320: energy = 1598.0170
Iteration 330: energy = 1597.7067
Iteration 340: energy = 1597.5397
Iteration 350: energy = 1597.4612
Iteration 360: energy = 1597.2927
Iteration 370: energy = 1597.2410
Iteration 380: energy = 1597.2217
Iteration 390: energy = 1597.1019
Iteration 400: energy = 1596.9380
Iteration 10: energy = 4111.5522
Iteration 20: energy = 4082.2686
Iteration 30: energy = 4026.9058
Iteration 40: energy = 4013.8496
Iteration 50: energy = 3998.8674
Iteration 60: energy = 3985.6545
Iteration 70: energy = 3977.7134
Iteration 80: energy = 3972.5103
Iteration 90: energy = 3963.9885
Iteration 100: energy = 3959.2678
Iteration 110: energy = 3953.3643
Iteration 120: energy = 3949.3115
Iteration 130: energy = 3946.4204
Iteration 140: energy = 3941.8865
Iteration 150: energy = 3939.5249
Iteration 160: energy = 3938.1023
Iteration 170: energy = 3935.5232
Iteration 180: energy = 3934.5474
Iteration 190: energy = 3932.7949
Iteration 200: energy = 3932.0820
Iteration 210: energy = 3931.2595
Iteration 220: energy = 3930.7698
Iteration 230: energy = 3929.9668
Iteration 240: energy = 3929.1855
Iteration 250: energy = 3929.1775
Iteration 260: energy = 3927.6162
Iteration 270: energy = 3926.0322
Iteration 280: energy = 3924.5063
Iteration 290: energy = 3923.2869
Iteration 300: energy = 3923.2292
Iteration 310: energy = 3921.6580
Iteration 320: energy = 3921.6409
Iteration 330: energy = 3920.7390
Iteration 340: energy = 3919.9248
Iteration 350: energy = 3919.6248
Iteration 360: energy = 3918.7932
Iteration 370: energy = 3918.6450
Iteration 380: energy = 3917.9131
Iteration 390: energy = 3917.0994
Iteration 400: energy = 3916.7786
Iteration 410: energy = 3916.2170
Iteration 420: energy = 3914.5459
Iteration 430: energy = 3913.7761
Iteration 440: energy = 3913.2385
Iteration 450: energy = 3911.2578
Iteration 460: energy = 3910.9563
Iteration 470: energy = 3910.5706
Iteration 480: energy = 3909.9861
Iteration 490: energy = 3909.5935
Iteration 500: energy = 3909.4680
Iteration 510: energy = 3908.9578
Iteration 520: energy = 3908.9470
Iteration 530: energy = 3908.6182
Iteration 540: energy = 3908.2532
Iteration 550: energy = 3907.7583
Iteration 560: energy = 3907.5276
Iteration 570: energy = 3907.5261
Iteration 580: energy = 3907.1528
Iteration 590: energy = 3907.1504
Iteration 600: energy = 3907.1487
Iteration 610: energy = 3906.9907
Iteration 620: energy = 3906.6951
Iteration 630: energy = 3906.6943
Iteration 640: energy = 3906.6414
Iteration 650: energy = 3906.6401
Iteration 10: energy = 3982.8838
Iteration 20: energy = 3958.8352
Iteration 30: energy = 3904.9634
Iteration 40: energy = 3872.8638
Iteration 50: energy = 3858.1650
Iteration 60: energy = 3830.8379
Iteration 70: energy = 3788.3945
Iteration 80: energy = 3776.1284
Iteration 90: energy = 3763.6711
Iteration 100: energy = 3753.9871
Iteration 110: energy = 3742.2812
Iteration 120: energy = 3725.4116
Iteration 130: energy = 3709.8044
Iteration 140: energy = 3691.9019
Iteration 150: energy = 3676.5579
Iteration 160: energy = 3657.3330
Iteration 170: energy = 3640.5396
Iteration 180: energy = 3630.4089
Iteration 190: energy = 3611.2183
Iteration 200: energy = 3594.6790
Iteration 210: energy = 3575.6321
Iteration 220: energy = 3565.0569
Iteration 230: energy = 3556.9358
Iteration 240: energy = 3515.9431
Iteration 250: energy = 3350.8525
Iteration 260: energy = 3229.4651
Iteration 270: energy = 3186.2717
Iteration 280: energy = 3165.9197
Iteration 290: energy = 3157.0122
Iteration 300: energy = 3146.7805
Iteration 310: energy = 3140.6426
Iteration 320: energy = 3139.1345
Iteration 330: energy = 3136.3645
Iteration 340: energy = 3135.2200
Iteration 350: energy = 3134.1201
Iteration 360: energy = 3132.6970
Iteration 370: energy = 3131.3894
Iteration 380: energy = 3130.4746
Iteration 390: energy = 3129.9395
Iteration 400: energy = 3128.1873
Iteration 410: energy = 3124.8481
Iteration 420: energy = 3123.6858
Iteration 430: energy = 3119.9600
Iteration 440: energy = 3117.7473
Iteration 450: energy = 3116.4443
Iteration 460: energy = 3115.5889
Iteration 470: energy = 3114.2576
Iteration 480: energy = 3113.3057
Iteration 490: energy = 3112.9609
Iteration 500: energy = 3112.5972
Iteration 510: energy = 3112.1428
Iteration 520: energy = 3111.4634
Iteration 530: energy = 3110.5061
Iteration 540: energy = 3110.0347
Iteration 550: energy = 3109.7954
Iteration 560: energy = 3108.8320
Iteration 570: energy = 3108.4590
Iteration 580: energy = 3107.7244
Iteration 590: energy = 3107.4563
Iteration 600: energy = 3107.4517
Iteration 610: energy = 3107.4304
Iteration 620: energy = 3106.5613
Iteration 630: energy = 3105.6523
Iteration 640: energy = 3105.6367
Iteration 650: energy = 3104.7112
Iteration 660: energy = 3104.1938
Iteration 670: energy = 3104.0105
Iteration 680: energy = 3103.7109
Iteration 690: energy = 3103.7036
Iteration 700: energy = 3103.5906
Iteration 710: energy = 3103.1340
Iteration 10: energy = 3888.2661
Iteration 20: energy = 3830.3887
Iteration 30: energy = 3755.4631
Iteration 40: energy = 3707.2964
Iteration 50: energy = 3694.4104
Iteration 60: energy = 3677.4055
Iteration 70: energy = 3665.6204
Iteration 80: energy = 3655.1208
Iteration 90: energy = 3648.5012
Iteration 100: energy = 3640.9004
Iteration 110: energy = 3634.3071
Iteration 120: energy = 3629.6047
Iteration 130: energy = 3624.6934
Iteration 140: energy = 3621.7637
Iteration 150: energy = 3618.9753
Iteration 160: energy = 3617.1392
Iteration 170: energy = 3614.9468
Iteration 180: energy = 3611.8701
Iteration 190: energy = 3610.6919
Iteration 200: energy = 3609.7539
Iteration 210: energy = 3609.6641
Iteration 220: energy = 3608.8936
Iteration 230: energy = 3608.2900
Iteration 240: energy = 3607.8748
Iteration 250: energy = 3607.7141
Iteration 10: energy = 826.7924
Iteration 20: energy = 813.6007
Iteration 30: energy = 801.9503
Iteration 40: energy = 797.2114
Iteration 50: energy = 787.9355
Iteration 60: energy = 782.8936
Iteration 70: energy = 774.7695
Iteration 80: energy = 770.9977
Iteration 90: energy = 764.5476
Iteration 100: energy = 759.3420
Iteration 110: energy = 755.3638
Iteration 120: energy = 751.7117
Iteration 130: energy = 747.7885
Iteration 140: energy = 745.9543
Iteration 150: energy = 744.3623
Iteration 160: energy = 742.7603
Iteration 170: energy = 739.8880
Iteration 180: energy = 738.0144
Iteration 190: energy = 737.2288
Iteration 200: energy = 736.4199
Iteration 210: energy = 735.7095
Iteration 220: energy = 735.0099
Iteration 230: energy = 734.4162
Iteration 10: energy = 937.9103
Iteration 20: energy = 928.5765
Iteration 30: energy = 927.0603
Iteration 40: energy = 924.6274
Iteration 50: energy = 923.5031
Iteration 60: energy = 921.7527
Iteration 70: energy = 920.6453
Iteration 80: energy = 919.6888
Iteration 90: energy = 919.3047
Iteration 100: energy = 919.0426
Iteration 110: energy = 918.9928
Iteration 120: energy = 918.8504
Iteration 130: energy = 918.7650
Iteration 140: energy = 918.7541
Iteration 150: energy = 918.6880
Iteration 160: energy = 918.6523
Iteration 170: energy = 918.6266
Iteration 180: energy = 918.5253
Iteration 190: energy = 918.4269
Iteration 200: energy = 918.4166
Iteration 210: energy = 918.2594
Iteration 220: energy = 918.0853
Iteration 230: energy = 917.8831
Iteration 240: energy = 917.8577
Iteration 250: energy = 917.6746
Iteration 260: energy = 917.4810
Iteration 270: energy = 917.4442
Iteration 280: energy = 917.3788
Iteration 290: energy = 917.2336
Iteration 300: energy = 917.2327
Iteration 310: energy = 917.2319
Iteration 320: energy = 917.0573
Iteration 330: energy = 916.9294
Iteration 340: energy = 916.8408
Iteration 10: energy = 1518.1478
Iteration 20: energy = 1485.3937
Iteration 30: energy = 1476.2312
Iteration 40: energy = 1472.2211
Iteration 50: energy = 1467.7135
Iteration 60: energy = 1466.1409
Iteration 70: energy = 1465.4006
Iteration 80: energy = 1464.8348
Iteration 90: energy = 1464.3942
Iteration 100: energy = 1464.2520
Iteration 110: energy = 1464.0588
Iteration 120: energy = 1464.0577
Iteration 130: energy = 1463.9404
Iteration 140: energy = 1463.9106
Iteration 150: energy = 1463.8147
Iteration 160: energy = 1463.8141
Iteration 10: energy = 3906.4758
Iteration 20: energy = 3798.8716
Iteration 30: energy = 3709.8359
Iteration 40: energy = 3642.7495
Iteration 50: energy = 3575.8286
Iteration 60: energy = 3548.5896
Iteration 70: energy = 3521.5203
Iteration 80: energy = 3515.4827
Iteration 90: energy = 3500.0842
Iteration 100: energy = 3494.6274
Iteration 110: energy = 3489.6892
Iteration 120: energy = 3486.4575
Iteration 130: energy = 3485.2349
Iteration 140: energy = 3483.2585
Iteration 150: energy = 3477.9834
Iteration 160: energy = 3475.9590
Iteration 170: energy = 3469.6777
Iteration 180: energy = 3459.2327
Iteration 190: energy = 3448.4348
Iteration 200: energy = 3432.4463
Iteration 210: energy = 3417.5210
Iteration 220: energy = 3395.9006
Iteration 230: energy = 3372.4983
Iteration 240: energy = 3356.4312
Iteration 250: energy = 3345.2014
Iteration 260: energy = 3330.0281
Iteration 270: energy = 3319.9673
Iteration 280: energy = 3314.6443
Iteration 290: energy = 3307.8057
Iteration 300: energy = 3300.3525
Iteration 310: energy = 3294.3718
Iteration 320: energy = 3289.1167
Iteration 330: energy = 3284.2866
Iteration 340: energy = 3280.7964
Iteration 350: energy = 3277.8037
Iteration 360: energy = 3271.3914
Iteration 370: energy = 3269.3110
Iteration 380: energy = 3265.3350
Iteration 390: energy = 3263.0654
Iteration 400: energy = 3259.2273
Iteration 410: energy = 3256.5696
Iteration 420: energy = 3251.1887
Iteration 430: energy = 3245.5010
Iteration 440: energy = 3238.4832
Iteration 450: energy = 3228.9707
Iteration 460: energy = 3224.4941
Iteration 470: energy = 3220.4827
Iteration 480: energy = 3214.6018
Iteration 490: energy = 3213.2222
Iteration 500: energy = 3208.3625
Iteration 510: energy = 3205.9443
Iteration 520: energy = 3204.0215
Iteration 530: energy = 3202.4060
Iteration 540: energy = 3198.4978
Iteration 550: energy = 3196.9329
Iteration 560: energy = 3195.4548
Iteration 570: energy = 3194.0137
Iteration 580: energy = 3192.3601
Iteration 590: energy = 3190.8267
Iteration 600: energy = 3190.5325
Iteration 610: energy = 3189.4553
Iteration 620: energy = 3188.9805
Iteration 630: energy = 3188.8145
Iteration 640: energy = 3188.2283
Iteration 650: energy = 3188.1150
Iteration 660: energy = 3188.1089
Iteration 670: energy = 3187.3943
Iteration 680: energy = 3187.2266
Iteration 690: energy = 3187.0801
Iteration 700: energy = 3186.7339
Iteration 710: energy = 3186.6943
Iteration 720: energy = 3186.5598
Iteration 730: energy = 3186.4116
Iteration 740: energy = 3186.3835
Iteration 750: energy = 3186.2246
Iteration 760: energy = 3186.1011
Iteration 10: energy = 3669.1646
Iteration 20: energy = 3624.3306
Iteration 30: energy = 3586.6448
Iteration 40: energy = 3551.2886
Iteration 50: energy = 3530.2009
Iteration 60: energy = 3510.6575
Iteration 70: energy = 3505.5327
Iteration 80: energy = 3497.0166
Iteration 90: energy = 3487.2781
Iteration 100: energy = 3484.1580
Iteration 110: energy = 3479.5981
Iteration 120: energy = 3476.9897
Iteration 130: energy = 3473.5427
Iteration 140: energy = 3472.1218
Iteration 150: energy = 3470.4563
Iteration 160: energy = 3469.7393
Iteration 170: energy = 3467.7095
Iteration 180: energy = 3466.6733
Iteration 190: energy = 3465.5964
Iteration 200: energy = 3465.1704
Iteration 210: energy = 3464.5420
Iteration 220: energy = 3464.1304
Iteration 230: energy = 3464.1277
Iteration 240: energy = 3464.0107
Iteration 250: energy = 3463.6814
Iteration 260: energy = 3463.5381
Iteration 270: energy = 3463.3062
Iteration 280: energy = 3463.1807
Iteration 290: energy = 3463.0027
Iteration 300: energy = 3462.8755
Iteration 310: energy = 3462.2471
Iteration 10: energy = 2251.8411
Iteration 20: energy = 2155.5732
Iteration 30: energy = 2047.8098
Iteration 40: energy = 1944.2848
Iteration 50: energy = 1925.3347
Iteration 60: energy = 1893.6561
Iteration 70: energy = 1882.4504
Iteration 80: energy = 1839.5117
Iteration 90: energy = 1825.7559
Iteration 100: energy = 1795.5682
Iteration 110: energy = 1778.2942
Iteration 120: energy = 1745.1246
Iteration 130: energy = 1712.4596
Iteration 140: energy = 1697.2416
Iteration 150: energy = 1670.7432
Iteration 160: energy = 1652.6835
Iteration 170: energy = 1619.4509
Iteration 180: energy = 1611.4594
Iteration 190: energy = 1600.4313
Iteration 200: energy = 1598.2429
Iteration 210: energy = 1592.7648
Iteration 220: energy = 1589.0000
Iteration 230: energy = 1584.3510
Iteration 240: energy = 1581.3445
Iteration 250: energy = 1577.1044
Iteration 260: energy = 1571.9133
Iteration 270: energy = 1568.3469
Iteration 280: energy = 1564.9138
Iteration 290: energy = 1560.0153
Iteration 300: energy = 1556.9291
Iteration 310: energy = 1551.2472
Iteration 320: energy = 1548.8058
Iteration 330: energy = 1545.0198
Iteration 340: energy = 1543.1658
Iteration 350: energy = 1541.5826
Iteration 360: energy = 1541.0239
Iteration 370: energy = 1540.2805
Iteration 380: energy = 1539.9888
Iteration 390: energy = 1539.9551
Iteration 400: energy = 1539.5562
Iteration 410: energy = 1539.4856
Iteration 10: energy = 1697.2872
Iteration 20: energy = 1693.8928
Iteration 30: energy = 1692.2491
Iteration 40: energy = 1692.0007
Iteration 50: energy = 1690.0371
Iteration 60: energy = 1688.8613
Iteration 70: energy = 1686.3644
Iteration 80: energy = 1685.1562
Iteration 90: energy = 1682.2769
Iteration 100: energy = 1680.6353
Iteration 110: energy = 1678.2112
Iteration 120: energy = 1676.2800
Iteration 130: energy = 1675.9674
Iteration 140: energy = 1675.4839
Iteration 150: energy = 1675.3934
Iteration 160: energy = 1675.1162
Iteration 170: energy = 1674.9386
Iteration 180: energy = 1674.7478
Iteration 190: energy = 1674.7471
Iteration 200: energy = 1674.6532
Iteration 210: energy = 1674.5409
Iteration 220: energy = 1674.5020
Iteration 230: energy = 1674.4718
Iteration 10: energy = 2117.7024
Iteration 20: energy = 2042.3252
Iteration 30: energy = 1990.0815
Iteration 40: energy = 1947.4857
Iteration 50: energy = 1889.9996
Iteration 60: energy = 1840.1409
Iteration 70: energy = 1782.4072
Iteration 80: energy = 1742.3451
Iteration 90: energy = 1725.7931
Iteration 100: energy = 1717.9324
Iteration 110: energy = 1706.5447
Iteration 120: energy = 1704.8414
Iteration 130: energy = 1702.6522
Iteration 140: energy = 1699.0919
Iteration 150: energy = 1691.7568
Iteration 160: energy = 1682.2659
Iteration 170: energy = 1675.0820
Iteration 180: energy = 1666.1920
Iteration 190: energy = 1661.6104
Iteration 200: energy = 1658.0220
Iteration 210: energy = 1655.1361
Iteration 220: energy = 1652.7015
Iteration 230: energy = 1649.5225
Iteration 240: energy = 1645.9240
Iteration 250: energy = 1642.9294
Iteration 260: energy = 1639.6918
Iteration 270: energy = 1636.5237
Iteration 280: energy = 1634.4249
Iteration 290: energy = 1632.1062
Iteration 300: energy = 1629.9724
Iteration 310: energy = 1628.0063
Iteration 320: energy = 1625.0477
Iteration 330: energy = 1623.3406
Iteration 340: energy = 1621.8334
Iteration 350: energy = 1620.6396
Iteration 360: energy = 1620.0697
Iteration 370: energy = 1618.9861
Iteration 380: energy = 1618.6808
Iteration 390: energy = 1618.4927
Iteration 400: energy = 1618.4341
Iteration 10: energy = 3271.0898
Iteration 20: energy = 3247.5544
Iteration 30: energy = 3222.1125
Iteration 40: energy = 3187.2854
Iteration 50: energy = 3177.6074
Iteration 60: energy = 3169.3225
Iteration 70: energy = 3164.4285
Iteration 80: energy = 3161.8945
Iteration 90: energy = 3159.9719
Iteration 100: energy = 3157.3899
Iteration 110: energy = 3155.0083
Iteration 120: energy = 3154.3340
Iteration 130: energy = 3152.1960
Iteration 140: energy = 3151.5876
Iteration 150: energy = 3150.8132
Iteration 160: energy = 3150.5474
Iteration 170: energy = 3149.7600
Iteration 180: energy = 3148.7932
Iteration 190: energy = 3148.1160
Iteration 200: energy = 3147.5818
Iteration 210: energy = 3146.8511
Iteration 220: energy = 3145.2466
Iteration 230: energy = 3143.5535
Iteration 240: energy = 3140.1106
Iteration 250: energy = 3139.2251
Iteration 260: energy = 3137.5486
Iteration 270: energy = 3136.2097
Iteration 280: energy = 3135.1113
Iteration 290: energy = 3134.4951
Iteration 300: energy = 3134.0725
Iteration 310: energy = 3133.5583
Iteration 320: energy = 3132.9829
Iteration 330: energy = 3132.7996
Iteration 340: energy = 3132.6201
Iteration 350: energy = 3132.4297
Iteration 360: energy = 3132.1953
Iteration 10: energy = 3320.7280
Iteration 20: energy = 3272.6658
Iteration 30: energy = 3184.0151
Iteration 40: energy = 3118.5645
Iteration 50: energy = 3072.6548
Iteration 60: energy = 3027.6641
Iteration 70: energy = 3010.2927
Iteration 80: energy = 2994.5742
Iteration 90: energy = 2985.5403
Iteration 100: energy = 2978.7700
Iteration 110: energy = 2972.5742
Iteration 120: energy = 2965.6758
Iteration 130: energy = 2963.6279
Iteration 140: energy = 2961.9028
Iteration 150: energy = 2960.2874
Iteration 160: energy = 2958.6760
Iteration 170: energy = 2957.2031
Iteration 180: energy = 2956.7776
Iteration 190: energy = 2956.1785
Iteration 200: energy = 2955.5476
Iteration 210: energy = 2954.8318
Iteration 220: energy = 2954.5200
Iteration 230: energy = 2954.1326
Iteration 240: energy = 2953.9011
Iteration 250: energy = 2953.5806
Iteration 260: energy = 2953.5784
Iteration 270: energy = 2953.5735
Iteration 280: energy = 2952.8813
Iteration 10: energy = 4572.8306
Iteration 20: energy = 4320.4541
Iteration 30: energy = 4187.7109
Iteration 40: energy = 4099.5039
Iteration 50: energy = 3982.1262
Iteration 60: energy = 3909.1675
Iteration 70: energy = 3774.0352
Iteration 80: energy = 3622.0310
Iteration 90: energy = 3579.1084
Iteration 100: energy = 3490.9417
Iteration 110: energy = 3455.5598
Iteration 120: energy = 3383.4751
Iteration 130: energy = 3328.9199
Iteration 140: energy = 3295.5200
Iteration 150: energy = 3279.3152
Iteration 160: energy = 3247.5947
Iteration 170: energy = 3234.0171
Iteration 180: energy = 3218.7466
Iteration 190: energy = 3211.7898
Iteration 200: energy = 3206.5396
Iteration 210: energy = 3201.9788
Iteration 220: energy = 3194.9785
Iteration 230: energy = 3192.6426
Iteration 240: energy = 3188.4695
Iteration 250: energy = 3183.6106
Iteration 260: energy = 3180.1516
Iteration 270: energy = 3172.9294
Iteration 280: energy = 3170.7334
Iteration 290: energy = 3163.2949
Iteration 300: energy = 3147.6904
Iteration 310: energy = 3139.4275
Iteration 320: energy = 3104.8821
Iteration 330: energy = 3073.2976
Iteration 340: energy = 3037.6704
Iteration 350: energy = 3018.2500
Iteration 360: energy = 3006.6084
Iteration 370: energy = 2993.7578
Iteration 380: energy = 2984.6943
Iteration 390: energy = 2972.9795
Iteration 400: energy = 2952.1611
Iteration 410: energy = 2943.4082
Iteration 420: energy = 2938.4067
Iteration 430: energy = 2932.5398
Iteration 440: energy = 2930.0247
Iteration 450: energy = 2928.1650
Iteration 460: energy = 2926.2297
Iteration 470: energy = 2924.9966
Iteration 480: energy = 2924.2195
Iteration 490: energy = 2922.5400
Iteration 500: energy = 2921.9458
Iteration 510: energy = 2921.2258
Iteration 520: energy = 2920.9175
Iteration 530: energy = 2918.7754
Iteration 540: energy = 2917.4590
Iteration 550: energy = 2914.8696
Iteration 560: energy = 2905.7327
Iteration 570: energy = 2902.0347
Iteration 580: energy = 2901.0754
Iteration 590: energy = 2899.7815
Iteration 600: energy = 2897.7336
Iteration 610: energy = 2897.0256
Iteration 620: energy = 2896.6785
Iteration 630: energy = 2896.6768
Iteration 640: energy = 2896.2749
Iteration 650: energy = 2896.1636
Iteration 660: energy = 2895.9678
Iteration 10: energy = 3956.8059
Iteration 20: energy = 3906.7322
Iteration 30: energy = 3833.0066
Iteration 40: energy = 3770.0798
Iteration 50: energy = 3680.2153
Iteration 60: energy = 3637.7415
Iteration 70: energy = 3565.9446
Iteration 80: energy = 3543.7434
Iteration 90: energy = 3508.5549
Iteration 100: energy = 3488.8625
Iteration 110: energy = 3479.0217
Iteration 120: energy = 3470.5718
Iteration 130: energy = 3464.4775
Iteration 140: energy = 3459.6912
Iteration 150: energy = 3450.2441
Iteration 160: energy = 3447.0166
Iteration 170: energy = 3442.9333
Iteration 180: energy = 3438.2217
Iteration 190: energy = 3431.1355
Iteration 200: energy = 3427.4277
Iteration 210: energy = 3426.1250
Iteration 220: energy = 3424.9700
Iteration 230: energy = 3424.3389
Iteration 240: energy = 3423.9653
Iteration 250: energy = 3423.5417
Iteration 260: energy = 3422.9521
Iteration 270: energy = 3422.8066
Iteration 280: energy = 3422.7473
Iteration 290: energy = 3422.4683
Iteration 300: energy = 3422.3159
Iteration 310: energy = 3422.0417
Iteration 320: energy = 3421.7190
Iteration 330: energy = 3421.3528
Iteration 340: energy = 3421.3467
Iteration 350: energy = 3420.6577
Iteration 360: energy = 3420.0520
Iteration 370: energy = 3419.8264
Iteration 380: energy = 3418.6519
Iteration 390: energy = 3418.0461
Iteration 400: energy = 3417.8936
Iteration 10: energy = 4050.5508
Iteration 20: energy = 3998.8503
Iteration 30: energy = 3953.4185
Iteration 40: energy = 3878.8528
Iteration 50: energy = 3774.1353
Iteration 60: energy = 3710.7124
Iteration 70: energy = 3640.9648
Iteration 80: energy = 3576.0391
Iteration 90: energy = 3499.4824
Iteration 100: energy = 3473.4028
Iteration 110: energy = 3436.4414
Iteration 120: energy = 3415.3123
Iteration 130: energy = 3409.4585
Iteration 140: energy = 3392.2322
Iteration 150: energy = 3372.6655
Iteration 160: energy = 3355.3682
Iteration 170: energy = 3320.9053
Iteration 180: energy = 3272.1082
Iteration 190: energy = 3247.5334
Iteration 200: energy = 3234.0508
Iteration 210: energy = 3217.2141
Iteration 220: energy = 3207.6565
Iteration 230: energy = 3202.0432
Iteration 240: energy = 3199.1731
Iteration 250: energy = 3193.9666
Iteration 260: energy = 3191.8518
Iteration 270: energy = 3189.5488
Iteration 280: energy = 3185.1260
Iteration 290: energy = 3181.8872
Iteration 300: energy = 3179.4690
Iteration 310: energy = 3177.5508
Iteration 320: energy = 3174.7764
Iteration 330: energy = 3173.3958
Iteration 340: energy = 3170.4875
Iteration 350: energy = 3168.1406
Iteration 360: energy = 3165.4021
Iteration 370: energy = 3162.3235
Iteration 380: energy = 3160.7546
Iteration 390: energy = 3159.2749
Iteration 400: energy = 3158.2595
Iteration 410: energy = 3157.3145
Iteration 420: energy = 3156.6907
Iteration 430: energy = 3155.9087
Iteration 440: energy = 3154.4236
Iteration 450: energy = 3153.0295
Iteration 460: energy = 3152.1580
Iteration 470: energy = 3150.8274
Iteration 480: energy = 3149.7004
Iteration 490: energy = 3148.3149
Iteration 500: energy = 3144.7744
Iteration 510: energy = 3142.7017
Iteration 520: energy = 3140.4199
Iteration 530: energy = 3136.4602
Iteration 540: energy = 3134.6719
Iteration 550: energy = 3133.1494
Iteration 560: energy = 3131.5698
Iteration 570: energy = 3130.5164
Iteration 580: energy = 3129.1865
Iteration 590: energy = 3128.8850
Iteration 600: energy = 3127.5222
Iteration 610: energy = 3126.4153
Iteration 620: energy = 3125.0598
Iteration 630: energy = 3124.5979
Iteration 640: energy = 3124.0823
Iteration 650: energy = 3123.9907
Iteration 660: energy = 3123.8589
Iteration 670: energy = 3123.2781
Iteration 680: energy = 3123.1135
Iteration 690: energy = 3122.8638
Iteration 700: energy = 3122.5730
Iteration 710: energy = 3122.4155
Iteration 10: energy = 3539.9700
Iteration 20: energy = 3480.8528
Iteration 30: energy = 3428.6167
Iteration 40: energy = 3392.5381
Iteration 50: energy = 3299.4268
Iteration 60: energy = 3234.7175
Iteration 70: energy = 3171.9382
Iteration 80: energy = 3133.2720
Iteration 90: energy = 3087.8091
Iteration 100: energy = 3047.3445
Iteration 110: energy = 2999.9993
Iteration 120: energy = 2973.3433
Iteration 130: energy = 2952.0640
Iteration 140: energy = 2931.0247
Iteration 150: energy = 2922.1389
Iteration 160: energy = 2902.4856
Iteration 170: energy = 2889.3923
Iteration 180: energy = 2881.5791
Iteration 190: energy = 2869.1248
Iteration 200: energy = 2865.2239
Iteration 210: energy = 2859.7676
Iteration 220: energy = 2857.9778
Iteration 230: energy = 2857.1545
Iteration 240: energy = 2856.6367
Iteration 250: energy = 2856.2583
Iteration 260: energy = 2855.8342
Iteration 270: energy = 2855.6206
Iteration 280: energy = 2855.4854
Iteration 290: energy = 2855.2444
Iteration 10: energy = 892.9382
Iteration 20: energy = 719.8096
Iteration 30: energy = 702.7925
Iteration 40: energy = 691.2961
Iteration 50: energy = 688.9319
Iteration 60: energy = 687.1003
Iteration 70: energy = 685.4615
Iteration 80: energy = 685.0997
Iteration 90: energy = 684.5178
Iteration 100: energy = 684.3170
Iteration 110: energy = 684.2249
Iteration 120: energy = 683.9475
Iteration 130: energy = 683.8322
Iteration 140: energy = 683.7941
Iteration 150: energy = 683.7126
Iteration 160: energy = 683.7115
Iteration 170: energy = 683.6372
Iteration 180: energy = 683.5928
Iteration 190: energy = 683.5087
Iteration 200: energy = 683.4402
Iteration 210: energy = 683.4398
Iteration 220: energy = 683.4380
Iteration 230: energy = 683.3978
Iteration 240: energy = 683.3700
Iteration 10: energy = 2278.4480
Iteration 20: energy = 2248.0481
Iteration 30: energy = 2228.3916
Iteration 40: energy = 2221.9478
Iteration 50: energy = 2206.1328
Iteration 60: energy = 2193.9768
Iteration 70: energy = 2188.9514
Iteration 80: energy = 2168.9084
Iteration 90: energy = 2162.8667
Iteration 100: energy = 2157.8367
Iteration 110: energy = 2149.9336
Iteration 120: energy = 2145.7568
Iteration 130: energy = 2143.0510
Iteration 140: energy = 2140.7629
Iteration 150: energy = 2138.5642
Iteration 160: energy = 2135.0884
Iteration 170: energy = 2131.3250
Iteration 180: energy = 2126.1873
Iteration 190: energy = 2122.9985
Iteration 200: energy = 2115.7974
Iteration 210: energy = 2111.1511
Iteration 220: energy = 2103.8979
Iteration 230: energy = 2098.6218
Iteration 240: energy = 2093.0642
Iteration 250: energy = 2083.7773
Iteration 260: energy = 2076.9231
Iteration 270: energy = 2072.0632
Iteration 280: energy = 2065.7292
Iteration 290: energy = 2057.1980
Iteration 300: energy = 2050.6736
Iteration 310: energy = 2045.0396
Iteration 320: energy = 2032.3782
Iteration 330: energy = 2030.3871
Iteration 340: energy = 2025.7443
Iteration 350: energy = 2022.3440
Iteration 360: energy = 2018.9663
Iteration 370: energy = 2015.5707
Iteration 380: energy = 2013.5424
Iteration 390: energy = 2011.7296
Initial geodesic lengths: [tensor(43.3818, device='cuda:0'), tensor(34.3076, device='cuda:0'), tensor(55.6873, device='cuda:0'), tensor(59.7682, device='cuda:0'), tensor(59.7384, device='cuda:0'), tensor(35.4176, device='cuda:0'), tensor(61.1377, device='cuda:0'), tensor(57.9094, device='cuda:0'), tensor(58.8424, device='cuda:0'), tensor(25.5802, device='cuda:0'), tensor(26.9282, device='cuda:0'), tensor(32.9833, device='cuda:0'), tensor(59.1457, device='cuda:0'), tensor(57.1880, device='cuda:0'), tensor(43.8424, device='cuda:0'), tensor(35.8434, device='cuda:0'), tensor(42.3561, device='cuda:0'), tensor(53.4959, device='cuda:0'), tensor(54.6625, device='cuda:0'), tensor(62.3022, device='cuda:0'), tensor(58.6536, device='cuda:0'), tensor(59.5097, device='cuda:0'), tensor(53.5695, device='cuda:0'), tensor(26.1239, device='cuda:0'), tensor(41.8661, device='cuda:0')]
Optimized geodesic lengths: [tensor(36.0346, device='cuda:0'), tensor(34.1972, device='cuda:0'), tensor(49.2555, device='cuda:0'), tensor(44.9112, device='cuda:0'), tensor(54.0606, device='cuda:0'), tensor(35.0723, device='cuda:0'), tensor(58.7023, device='cuda:0'), tensor(49.5238, device='cuda:0'), tensor(55.9443, device='cuda:0'), tensor(23.5072, device='cuda:0'), tensor(26.8537, device='cuda:0'), tensor(32.3418, device='cuda:0'), tensor(51.7896, device='cuda:0'), tensor(54.5446, device='cuda:0'), tensor(33.3179, device='cuda:0'), tensor(35.6344, device='cuda:0'), tensor(34.4039, device='cuda:0'), tensor(51.9966, device='cuda:0'), tensor(50.5559, device='cuda:0'), tensor(42.1067, device='cuda:0'), tensor(53.8219, device='cuda:0'), tensor(51.6895, device='cuda:0'), tensor(45.9952, device='cuda:0'), tensor(22.2303, device='cuda:0'), tensor(38.9801, device='cuda:0')]

------------------------------------------------------------
Sender: LSF System <lsfadmin@hpc.dtu.dk>
Subject: Job 24549559: <ensemblev100> in cluster <dcc> Done

Job <ensemblev100> was submitted from host <n-62-12-19> by user <s185927> in cluster <dcc> at Tue Apr  1 09:29:10 2025
Job was executed on host(s) <4*n-62-20-14>, in queue <gpuv100>, as user <s185927> in cluster <dcc> at Tue Apr  1 09:37:18 2025
</zhome/e3/3/139772> was used as the home directory.
</zhome/e3/3/139772/Desktop/AML/AML/github-project-2/AML-Project-2/src> was used as the working directory.
Started at Tue Apr  1 09:37:18 2025
Terminated at Tue Apr  1 10:10:24 2025
Results reported at Tue Apr  1 10:10:24 2025

Your job looked like:

------------------------------------------------------------
# LSBATCH: User input
#!/bin/bash
#BSUB -J ensemblev100
#BSUB -q gpuv100
#BSUB -n 4
#BSUB -gpu "num=1:mode=exclusive_process"
#BSUB -W 5:00
#BSUB -R "rusage[mem=5GB]"
#BSUB -u lassesofus@gmail.com
#BSUB -o %J.out
#BSUB -e %J.err

module load cuda/11.8

source /zhome/e3/3/139772/Desktop/AML/aml_new/bin/activate

#python ensemble_vae.py --mode train --device cuda --experiment-folder ../experiment/ensemble_3_v2 --num-decoders 3 --num-t 50
python ensemble_vae.py --mode geodesics --device cuda --experiment-folder ../experiment/ensemble_3_v2 --num-decoders 3 --num-t 50
------------------------------------------------------------

Successfully completed.

Resource usage summary:

    CPU time :                                   1970.84 sec.
    Max Memory :                                 613 MB
    Average Memory :                             594.18 MB
    Total Requested Memory :                     20480.00 MB
    Delta Memory :                               19867.00 MB
    Max Swap :                                   -
    Max Processes :                              4
    Max Threads :                                9
    Run time :                                   1987 sec.
    Turnaround time :                            2474 sec.

The output (if any) is above this job summary.



PS:

Read file <24549559.err> for stderr output of this job.

