# Options
batch_size = 32
device = cuda
epochs_per_decoder = 200
experiment_folder = ../experiment/run3
latent_dim = 2
mode = geodesics
num_curves = 25
num_decoders = 1
num_reruns = 10
num_t = 50
samples = samples.png
Iteration 10: energy = 211.5827
Iteration 20: energy = 206.0489
Iteration 30: energy = 203.3114
Iteration 40: energy = 201.6976
Iteration 50: energy = 200.6427
Iteration 60: energy = 199.9580
Iteration 70: energy = 199.1762
Iteration 80: energy = 198.5620
Iteration 90: energy = 197.9628
Iteration 100: energy = 197.3802
Iteration 110: energy = 196.9469
Iteration 120: energy = 196.7183
Iteration 130: energy = 196.1936
Iteration 140: energy = 195.9335
Iteration 150: energy = 195.2081
Iteration 160: energy = 194.9513
Iteration 170: energy = 194.7812
Iteration 180: energy = 194.6092
Iteration 190: energy = 194.4999
Iteration 200: energy = 194.3966
Iteration 210: energy = 194.3205
Iteration 220: energy = 194.2231
Iteration 230: energy = 194.0852
Iteration 240: energy = 194.0053
Iteration 250: energy = 193.8766
Iteration 260: energy = 193.8162
Iteration 270: energy = 193.7428
Iteration 280: energy = 193.6868
Iteration 290: energy = 193.6807
Iteration 300: energy = 193.6650
Iteration 310: energy = 193.6512
Iteration 320: energy = 193.6392
Iteration 330: energy = 193.6234
Iteration 340: energy = 193.6200
Iteration 10: energy = 34.7958
Iteration 20: energy = 34.7813
Iteration 30: energy = 34.7583
Iteration 40: energy = 34.7516
Iteration 50: energy = 34.7432
Iteration 60: energy = 34.7363
Iteration 70: energy = 34.7309
Iteration 80: energy = 34.7219
Iteration 90: energy = 34.7210
Iteration 100: energy = 34.7167
Iteration 110: energy = 34.7160
Iteration 120: energy = 34.7132
Iteration 130: energy = 34.7118
Iteration 140: energy = 34.7103
Iteration 10: energy = 891.9225
Iteration 20: energy = 887.3881
Iteration 30: energy = 880.5586
Iteration 40: energy = 875.8019
Iteration 50: energy = 872.7827
Iteration 60: energy = 868.4933
Iteration 70: energy = 866.5202
Iteration 80: energy = 863.2421
Iteration 90: energy = 861.2001
Iteration 100: energy = 858.0017
Iteration 110: energy = 851.2672
Iteration 120: energy = 847.4674
Iteration 130: energy = 843.3776
Iteration 140: energy = 837.5814
Iteration 150: energy = 835.2261
Iteration 160: energy = 830.5683
Iteration 170: energy = 828.9624
Iteration 180: energy = 826.1183
Iteration 190: energy = 824.9786
Iteration 200: energy = 823.0433
Iteration 210: energy = 821.5784
Iteration 220: energy = 818.5118
Iteration 230: energy = 816.7433
Iteration 240: energy = 815.3710
Iteration 250: energy = 814.3741
Iteration 260: energy = 813.6780
Iteration 270: energy = 813.1459
Iteration 280: energy = 812.4413
Iteration 290: energy = 812.0826
Iteration 300: energy = 811.5811
Iteration 310: energy = 810.9896
Iteration 320: energy = 810.6307
Iteration 330: energy = 809.8448
Iteration 340: energy = 808.8498
Iteration 350: energy = 808.5231
Iteration 360: energy = 808.0229
Iteration 370: energy = 807.6036
Iteration 380: energy = 807.1702
Iteration 390: energy = 806.8077
Iteration 400: energy = 806.5989
Iteration 410: energy = 806.2803
Iteration 420: energy = 805.9089
Iteration 430: energy = 805.4899
Iteration 440: energy = 805.2305
Iteration 450: energy = 805.0059
Iteration 460: energy = 804.8599
Iteration 470: energy = 804.6054
Iteration 480: energy = 804.5049
Iteration 490: energy = 804.3943
Iteration 500: energy = 804.3940
Iteration 510: energy = 804.3279
Iteration 520: energy = 804.2377
Iteration 530: energy = 804.1498
Iteration 540: energy = 804.0687
Iteration 550: energy = 804.0032
Iteration 560: energy = 803.9700
Iteration 570: energy = 803.9314
Iteration 580: energy = 803.9034
Iteration 590: energy = 803.7811
Iteration 600: energy = 803.7806
Iteration 610: energy = 803.7377
Iteration 620: energy = 803.6352
Iteration 630: energy = 803.6349
Iteration 640: energy = 803.5772
Iteration 650: energy = 803.5295
Iteration 660: energy = 803.5292
Iteration 670: energy = 803.5088
Iteration 680: energy = 803.4980
Iteration 690: energy = 803.4975
Iteration 700: energy = 803.4664
Iteration 710: energy = 803.4322
Iteration 720: energy = 803.4315
Iteration 730: energy = 803.3959
Iteration 740: energy = 803.3381
Iteration 750: energy = 803.3369
Iteration 760: energy = 803.2982
Iteration 10: energy = 1128.7214
Iteration 20: energy = 1104.7053
Iteration 30: energy = 1100.3967
Iteration 40: energy = 1097.3932
Iteration 50: energy = 1089.6573
Iteration 60: energy = 1086.3856
Iteration 70: energy = 1082.8970
Iteration 80: energy = 1079.9181
Iteration 90: energy = 1079.1211
Iteration 100: energy = 1077.6016
Iteration 110: energy = 1075.8258
Iteration 120: energy = 1074.6503
Iteration 130: energy = 1074.0505
Iteration 140: energy = 1072.5355
Iteration 150: energy = 1071.7711
Iteration 160: energy = 1071.1755
Iteration 170: energy = 1070.7982
Iteration 180: energy = 1070.5275
Iteration 190: energy = 1070.1212
Iteration 200: energy = 1069.9259
Iteration 210: energy = 1069.5894
Iteration 220: energy = 1069.5549
Iteration 230: energy = 1069.4309
Iteration 240: energy = 1069.2350
Iteration 250: energy = 1069.2224
Iteration 260: energy = 1069.1115
Iteration 270: energy = 1069.0762
Iteration 280: energy = 1069.0334
Iteration 290: energy = 1068.9089
Iteration 300: energy = 1068.8790
Iteration 310: energy = 1068.8784
Iteration 320: energy = 1068.7604
Iteration 10: energy = 743.1196
Iteration 20: energy = 735.5010
Iteration 30: energy = 730.2021
Iteration 40: energy = 723.4949
Iteration 50: energy = 715.2883
Iteration 60: energy = 708.2709
Iteration 70: energy = 704.6037
Iteration 80: energy = 698.9437
Iteration 90: energy = 694.9202
Iteration 100: energy = 693.1796
Iteration 110: energy = 691.1827
Iteration 120: energy = 690.6447
Iteration 130: energy = 690.1042
Iteration 140: energy = 689.8942
Iteration 150: energy = 689.7784
Iteration 160: energy = 689.7224
Iteration 170: energy = 689.5280
Iteration 180: energy = 689.3430
Iteration 190: energy = 689.3347
Iteration 200: energy = 689.0532
Iteration 210: energy = 689.0386
Iteration 220: energy = 688.5370
Iteration 230: energy = 688.2319
Iteration 240: energy = 687.9013
Iteration 250: energy = 687.4371
Iteration 260: energy = 686.7385
Iteration 270: energy = 686.4677
Iteration 280: energy = 685.8110
Iteration 290: energy = 685.2828
Iteration 300: energy = 684.8540
Iteration 310: energy = 684.4998
Iteration 320: energy = 684.2211
Iteration 330: energy = 683.5148
Iteration 340: energy = 682.9403
Iteration 350: energy = 682.3101
Iteration 360: energy = 681.9254
Iteration 370: energy = 681.2076
Iteration 380: energy = 680.7859
Iteration 390: energy = 680.0734
Iteration 400: energy = 679.4309
Iteration 410: energy = 678.8107
Iteration 420: energy = 678.1898
Iteration 430: energy = 677.7484
Iteration 440: energy = 677.0073
Iteration 450: energy = 676.4410
Iteration 460: energy = 676.1711
Iteration 470: energy = 675.5907
Iteration 480: energy = 675.4682
Iteration 490: energy = 675.3641
Iteration 500: energy = 675.2697
Iteration 510: energy = 675.1710
Iteration 520: energy = 675.1230
Iteration 530: energy = 675.0325
Iteration 540: energy = 675.0047
Iteration 550: energy = 674.9537
Iteration 560: energy = 674.8488
Iteration 570: energy = 674.8179
Iteration 580: energy = 674.7592
Iteration 590: energy = 674.6860
Iteration 600: energy = 674.6544
Iteration 610: energy = 674.6507
Iteration 620: energy = 674.6192
Iteration 10: energy = 51.9460
Iteration 20: energy = 51.9072
Iteration 30: energy = 51.8072
Iteration 40: energy = 51.7605
Iteration 50: energy = 51.7136
Iteration 60: energy = 51.6732
Iteration 70: energy = 51.6244
Iteration 80: energy = 51.5634
Iteration 90: energy = 51.5132
Iteration 100: energy = 51.4616
Iteration 110: energy = 51.4481
Iteration 120: energy = 51.4277
Iteration 130: energy = 51.4232
Iteration 140: energy = 51.4173
Iteration 150: energy = 51.4155
Iteration 160: energy = 51.4098
Iteration 10: energy = 1419.2522
Iteration 20: energy = 1406.5195
Iteration 30: energy = 1394.8833
Iteration 40: energy = 1385.5676
Iteration 50: energy = 1367.3615
Iteration 60: energy = 1353.7892
Iteration 70: energy = 1340.6575
Iteration 80: energy = 1328.1039
Iteration 90: energy = 1320.0128
Iteration 100: energy = 1315.1119
Iteration 110: energy = 1309.0989
Iteration 120: energy = 1304.5505
Iteration 130: energy = 1299.8763
Iteration 140: energy = 1294.5557
Iteration 150: energy = 1287.0880
Iteration 160: energy = 1282.3724
Iteration 170: energy = 1277.4530
Iteration 180: energy = 1275.3065
Iteration 190: energy = 1270.9900
Iteration 200: energy = 1267.3584
Iteration 210: energy = 1262.3213
Iteration 220: energy = 1255.8871
Iteration 230: energy = 1246.4319
Iteration 240: energy = 1238.8475
Iteration 250: energy = 1234.3190
Iteration 260: energy = 1230.1886
Iteration 270: energy = 1224.9340
Iteration 280: energy = 1217.4562
Iteration 290: energy = 1211.7751
Iteration 300: energy = 1206.0344
Iteration 310: energy = 1198.7177
Iteration 320: energy = 1195.4681
Iteration 330: energy = 1190.6487
Iteration 340: energy = 1189.0680
Iteration 350: energy = 1184.6117
Iteration 360: energy = 1181.5074
Iteration 370: energy = 1174.1090
Iteration 380: energy = 1164.9543
Iteration 390: energy = 1152.2830
Iteration 400: energy = 1129.4366
Iteration 410: energy = 1096.0298
Iteration 420: energy = 1069.2311
Iteration 430: energy = 1048.1094
Iteration 440: energy = 1035.2865
Iteration 450: energy = 1028.5631
Iteration 460: energy = 1021.1479
Iteration 470: energy = 1017.9464
Iteration 480: energy = 1016.0255
Iteration 490: energy = 1013.8884
Iteration 500: energy = 1013.2409
Iteration 510: energy = 1011.6348
Iteration 520: energy = 1010.4431
Iteration 530: energy = 1009.7677
Iteration 540: energy = 1009.0630
Iteration 550: energy = 1008.1179
Iteration 560: energy = 1007.2285
Iteration 570: energy = 1006.0735
Iteration 580: energy = 1004.8866
Iteration 590: energy = 1004.0860
Iteration 600: energy = 1003.3557
Iteration 610: energy = 1001.8555
Iteration 620: energy = 1001.3880
Iteration 630: energy = 1000.1818
Iteration 640: energy = 999.2941
Iteration 650: energy = 998.5638
Iteration 660: energy = 998.0564
Iteration 670: energy = 997.6293
Iteration 680: energy = 997.4102
Iteration 690: energy = 996.9706
Iteration 700: energy = 996.6733
Iteration 710: energy = 996.4891
Iteration 720: energy = 996.2225
Iteration 730: energy = 996.0344
Iteration 740: energy = 996.0339
Iteration 750: energy = 995.9676
Iteration 760: energy = 995.8437
Iteration 770: energy = 995.7943
Iteration 780: energy = 995.7397
Iteration 790: energy = 995.7008
Iteration 800: energy = 995.6135
Iteration 810: energy = 995.5495
Iteration 820: energy = 995.5190
Iteration 830: energy = 995.5153
Iteration 840: energy = 995.4147
Iteration 850: energy = 995.3196
Iteration 860: energy = 995.2694
Iteration 870: energy = 995.2455
Iteration 880: energy = 995.2076
Iteration 10: energy = 1000.8333
Iteration 20: energy = 975.2209
Iteration 30: energy = 970.4493
Iteration 40: energy = 963.1109
Iteration 50: energy = 952.0582
Iteration 60: energy = 945.0497
Iteration 70: energy = 939.7179
Iteration 80: energy = 936.3042
Iteration 90: energy = 933.8338
Iteration 100: energy = 931.3676
Iteration 110: energy = 928.5961
Iteration 120: energy = 926.8299
Iteration 130: energy = 925.6747
Iteration 140: energy = 923.4509
Iteration 150: energy = 919.3449
Iteration 160: energy = 917.7489
Iteration 170: energy = 916.6143
Iteration 180: energy = 915.0950
Iteration 190: energy = 914.5786
Iteration 200: energy = 914.1505
Iteration 210: energy = 913.5220
Iteration 220: energy = 913.1268
Iteration 230: energy = 912.4503
Iteration 240: energy = 912.0770
Iteration 250: energy = 911.0316
Iteration 260: energy = 910.5197
Iteration 270: energy = 909.4222
Iteration 280: energy = 908.2717
Iteration 290: energy = 906.6238
Iteration 300: energy = 905.6089
Iteration 310: energy = 904.8165
Iteration 320: energy = 904.3500
Iteration 330: energy = 903.7119
Iteration 340: energy = 903.0519
Iteration 350: energy = 902.1699
Iteration 360: energy = 901.8854
Iteration 370: energy = 901.1902
Iteration 380: energy = 900.9209
Iteration 390: energy = 900.7019
Iteration 400: energy = 899.8419
Iteration 410: energy = 899.6273
Iteration 420: energy = 898.9255
Iteration 430: energy = 898.1184
Iteration 440: energy = 897.7261
Iteration 450: energy = 896.6010
Iteration 460: energy = 895.8320
Iteration 470: energy = 894.7790
Iteration 480: energy = 893.8534
Iteration 490: energy = 892.8575
Iteration 500: energy = 892.1446
Iteration 510: energy = 891.3147
Iteration 520: energy = 890.8911
Iteration 530: energy = 890.4375
Iteration 540: energy = 890.3990
Iteration 550: energy = 890.2442
Iteration 560: energy = 890.1309
Iteration 570: energy = 890.0379
Iteration 580: energy = 889.9462
Iteration 590: energy = 889.8945
Iteration 600: energy = 889.8914
Iteration 610: energy = 889.7878
Iteration 620: energy = 889.7678
Iteration 630: energy = 889.7044
Iteration 640: energy = 889.6941
Iteration 10: energy = 988.1074
Iteration 20: energy = 966.4532
Iteration 30: energy = 962.5825
Iteration 40: energy = 956.6597
Iteration 50: energy = 951.8997
Iteration 60: energy = 941.9193
Iteration 70: energy = 930.6559
Iteration 80: energy = 916.7599
Iteration 90: energy = 910.0787
Iteration 100: energy = 905.9911
Iteration 110: energy = 903.5231
Iteration 120: energy = 900.6578
Iteration 130: energy = 898.7259
Iteration 140: energy = 895.8792
Iteration 150: energy = 894.3169
Iteration 160: energy = 890.5391
Iteration 170: energy = 888.6282
Iteration 180: energy = 884.7660
Iteration 190: energy = 877.6974
Iteration 200: energy = 874.6195
Iteration 210: energy = 872.6353
Iteration 220: energy = 866.3939
Iteration 230: energy = 864.6538
Iteration 240: energy = 864.1094
Iteration 250: energy = 862.9250
Iteration 260: energy = 862.5400
Iteration 270: energy = 862.2751
Iteration 280: energy = 862.0989
Iteration 290: energy = 861.9648
Iteration 300: energy = 861.7893
Iteration 310: energy = 861.6423
Iteration 320: energy = 861.3549
Iteration 330: energy = 861.2749
Iteration 340: energy = 861.1766
Iteration 350: energy = 861.1078
Iteration 360: energy = 861.1074
Iteration 370: energy = 861.0628
Iteration 380: energy = 861.0237
Iteration 390: energy = 861.0078
Iteration 400: energy = 860.9848
Iteration 10: energy = 35.4560
Iteration 20: energy = 35.3170
Iteration 30: energy = 35.2005
Iteration 40: energy = 35.1417
Iteration 50: energy = 35.1038
Iteration 60: energy = 35.0813
Iteration 70: energy = 35.0690
Iteration 80: energy = 35.0377
Iteration 90: energy = 35.0142
Iteration 100: energy = 34.9868
Iteration 110: energy = 34.9516
Iteration 120: energy = 34.9203
Iteration 130: energy = 34.8903
Iteration 140: energy = 34.8570
Iteration 150: energy = 34.8223
Iteration 160: energy = 34.7896
Iteration 170: energy = 34.7587
Iteration 180: energy = 34.7309
Iteration 190: energy = 34.7081
Iteration 200: energy = 34.7050
Iteration 210: energy = 34.7000
Iteration 220: energy = 34.6952
Iteration 230: energy = 34.6874
Iteration 240: energy = 34.6820
Iteration 250: energy = 34.6820
Iteration 260: energy = 34.6792
Iteration 270: energy = 34.6781
Iteration 280: energy = 34.6764
Iteration 290: energy = 34.6749
Iteration 10: energy = 34.8109
Iteration 20: energy = 34.7981
Iteration 30: energy = 34.7933
Iteration 40: energy = 34.7900
Iteration 50: energy = 34.7823
Iteration 60: energy = 34.7781
Iteration 70: energy = 34.7760
Iteration 80: energy = 34.7749
Iteration 90: energy = 34.7738
Iteration 100: energy = 34.7726
Iteration 110: energy = 34.7721
Iteration 120: energy = 34.7721
Iteration 10: energy = 3.1139
Iteration 20: energy = 3.1135
Iteration 30: energy = 3.1133
Iteration 40: energy = 3.1130
Iteration 50: energy = 3.1128
Iteration 60: energy = 3.1127
Iteration 70: energy = 3.1126
Iteration 80: energy = 3.1125
Iteration 90: energy = 3.1124
Iteration 100: energy = 3.1124
Iteration 110: energy = 3.1124
Iteration 120: energy = 3.1123
Iteration 130: energy = 3.1122
Iteration 10: energy = 535.8312
Iteration 20: energy = 532.5985
Iteration 30: energy = 530.7430
Iteration 40: energy = 529.0128
Iteration 50: energy = 527.5488
Iteration 60: energy = 526.6340
Iteration 70: energy = 525.6953
Iteration 80: energy = 525.0026
Iteration 90: energy = 524.5793
Iteration 100: energy = 524.2564
Iteration 110: energy = 523.9526
Iteration 120: energy = 523.7178
Iteration 130: energy = 523.5551
Iteration 140: energy = 523.3831
Iteration 150: energy = 523.2103
Iteration 160: energy = 523.2045
Iteration 170: energy = 523.0214
Iteration 180: energy = 522.9338
Iteration 190: energy = 522.7313
Iteration 200: energy = 522.6102
Iteration 210: energy = 522.4286
Iteration 220: energy = 522.3176
Iteration 230: energy = 522.0571
Iteration 240: energy = 521.9149
Iteration 250: energy = 521.8289
Iteration 260: energy = 521.7382
Iteration 270: energy = 521.6268
Iteration 280: energy = 521.5541
Iteration 290: energy = 521.4518
Iteration 300: energy = 521.3743
Iteration 310: energy = 521.2917
Iteration 320: energy = 521.2495
Iteration 330: energy = 521.1985
Iteration 340: energy = 521.0485
Iteration 350: energy = 520.9313
Iteration 360: energy = 520.8036
Iteration 370: energy = 520.5074
Iteration 380: energy = 520.0631
Iteration 390: energy = 519.7184
Iteration 400: energy = 519.2905
Iteration 410: energy = 518.9957
Iteration 420: energy = 518.5328
Iteration 430: energy = 518.2328
Iteration 440: energy = 517.7692
Iteration 450: energy = 517.4891
Iteration 460: energy = 517.4080
Iteration 470: energy = 517.2214
Iteration 480: energy = 516.9316
Iteration 490: energy = 516.6952
Iteration 500: energy = 516.5537
Iteration 510: energy = 516.3209
Iteration 520: energy = 516.2698
Iteration 530: energy = 516.1897
Iteration 540: energy = 516.1693
Iteration 550: energy = 516.0977
Iteration 560: energy = 516.0023
Iteration 570: energy = 515.9220
Iteration 580: energy = 515.9218
Iteration 590: energy = 515.8673
Iteration 600: energy = 515.8515
Iteration 610: energy = 515.8192
Iteration 620: energy = 515.7952
Iteration 10: energy = 1076.4330
Iteration 20: energy = 1070.1084
Iteration 30: energy = 1062.5348
Iteration 40: energy = 1054.2627
Iteration 50: energy = 1048.2323
Iteration 60: energy = 1038.4491
Iteration 70: energy = 1026.6216
Iteration 80: energy = 1019.1721
Iteration 90: energy = 1014.5387
Iteration 100: energy = 1009.2284
Iteration 110: energy = 1004.0173
Iteration 120: energy = 1000.2640
Iteration 130: energy = 994.2438
Iteration 140: energy = 988.1271
Iteration 150: energy = 982.0146
Iteration 160: energy = 979.4878
Iteration 170: energy = 975.4959
Iteration 180: energy = 972.8173
Iteration 190: energy = 971.6192
Iteration 200: energy = 968.9635
Iteration 210: energy = 966.4454
Iteration 220: energy = 964.2595
Iteration 230: energy = 962.2189
Iteration 240: energy = 960.2610
Iteration 250: energy = 958.6480
Iteration 260: energy = 957.0072
Iteration 270: energy = 956.1900
Iteration 280: energy = 954.9751
Iteration 290: energy = 954.2721
Iteration 300: energy = 954.0585
Iteration 310: energy = 953.7128
Iteration 320: energy = 953.5543
Iteration 330: energy = 953.3835
Iteration 340: energy = 953.3015
Iteration 350: energy = 953.2468
Iteration 360: energy = 953.2191
Iteration 370: energy = 953.1312
Iteration 380: energy = 953.1069
Iteration 390: energy = 953.0455
Iteration 400: energy = 953.0451
Iteration 410: energy = 952.9698
Iteration 10: energy = 175.5588
Iteration 20: energy = 173.7747
Iteration 30: energy = 173.0960
Iteration 40: energy = 172.1191
Iteration 50: energy = 171.6997
Iteration 60: energy = 171.1060
Iteration 70: energy = 170.6681
Iteration 80: energy = 170.3804
Iteration 90: energy = 170.1424
Iteration 100: energy = 169.9234
Iteration 110: energy = 169.6997
Iteration 120: energy = 169.5606
Iteration 130: energy = 169.4949
Iteration 140: energy = 169.4272
Iteration 150: energy = 169.3913
Iteration 160: energy = 169.3679
Iteration 170: energy = 169.3390
Iteration 180: energy = 169.3319
Iteration 190: energy = 169.3111
Iteration 200: energy = 169.2953
Iteration 210: energy = 169.2947
Iteration 220: energy = 169.2929
Iteration 230: energy = 169.2897
Iteration 240: energy = 169.2896
Iteration 250: energy = 169.2858
Iteration 260: energy = 169.2763
Iteration 270: energy = 169.2741
Iteration 280: energy = 169.2740
Iteration 290: energy = 169.2676
Iteration 300: energy = 169.2676
Iteration 10: energy = 82.8739
Iteration 20: energy = 82.7999
Iteration 30: energy = 82.7225
Iteration 40: energy = 82.6506
Iteration 50: energy = 82.5868
Iteration 60: energy = 82.4920
Iteration 70: energy = 82.3927
Iteration 80: energy = 82.2927
Iteration 90: energy = 82.2359
Iteration 100: energy = 82.1273
Iteration 110: energy = 82.0824
Iteration 120: energy = 82.0548
Iteration 130: energy = 82.0196
Iteration 140: energy = 81.9921
Iteration 150: energy = 81.9758
Iteration 160: energy = 81.9604
Iteration 170: energy = 81.9482
Iteration 180: energy = 81.9463
Iteration 190: energy = 81.9407
Iteration 200: energy = 81.9338
Iteration 210: energy = 81.9285
Iteration 220: energy = 81.9285
Iteration 230: energy = 81.9279
Iteration 240: energy = 81.9204
Iteration 250: energy = 81.9203
Iteration 260: energy = 81.9157
Iteration 10: energy = 231.3652
Iteration 20: energy = 230.5127
Iteration 30: energy = 229.8768
Iteration 40: energy = 229.7156
Iteration 50: energy = 229.3217
Iteration 60: energy = 228.9969
Iteration 70: energy = 228.8058
Iteration 80: energy = 228.6610
Iteration 90: energy = 228.5802
Iteration 100: energy = 228.4144
Iteration 110: energy = 228.2026
Iteration 120: energy = 228.1019
Iteration 130: energy = 227.7961
Iteration 140: energy = 227.7177
Iteration 150: energy = 227.4378
Iteration 160: energy = 227.2460
Iteration 170: energy = 227.1105
Iteration 180: energy = 227.0783
Iteration 190: energy = 226.9278
Iteration 200: energy = 226.8631
Iteration 210: energy = 226.7932
Iteration 220: energy = 226.7515
Iteration 230: energy = 226.7321
Iteration 240: energy = 226.7028
Iteration 250: energy = 226.6844
Iteration 260: energy = 226.6766
Iteration 270: energy = 226.6664
Iteration 280: energy = 226.6648
Iteration 290: energy = 226.6518
Iteration 10: energy = 933.7958
Iteration 20: energy = 927.0845
Iteration 30: energy = 918.1727
Iteration 40: energy = 912.2284
Iteration 50: energy = 907.7306
Iteration 60: energy = 899.9321
Iteration 70: energy = 897.5762
Iteration 80: energy = 893.9388
Iteration 90: energy = 889.9734
Iteration 100: energy = 887.0229
Iteration 110: energy = 884.0419
Iteration 120: energy = 879.1924
Iteration 130: energy = 874.2416
Iteration 140: energy = 870.1989
Iteration 150: energy = 866.8901
Iteration 160: energy = 863.6725
Iteration 170: energy = 860.3973
Iteration 180: energy = 858.3252
Iteration 190: energy = 857.0453
Iteration 200: energy = 854.5363
Iteration 210: energy = 851.2065
Iteration 220: energy = 847.8745
Iteration 230: energy = 846.7953
Iteration 240: energy = 846.0508
Iteration 250: energy = 845.7665
Iteration 260: energy = 845.1891
Iteration 270: energy = 844.8868
Iteration 280: energy = 844.6693
Iteration 290: energy = 844.0479
Iteration 300: energy = 843.8207
Iteration 310: energy = 843.5939
Iteration 320: energy = 843.1763
Iteration 330: energy = 842.3864
Iteration 340: energy = 841.8406
Iteration 350: energy = 841.0953
Iteration 360: energy = 840.8068
Iteration 370: energy = 840.6248
Iteration 380: energy = 840.1783
Iteration 390: energy = 839.7939
Iteration 400: energy = 839.6118
Iteration 410: energy = 838.9828
Iteration 420: energy = 838.7263
Iteration 430: energy = 838.5707
Iteration 440: energy = 838.2092
Iteration 450: energy = 838.1466
Iteration 460: energy = 837.9606
Iteration 470: energy = 837.6263
Iteration 480: energy = 837.4693
Iteration 490: energy = 837.4052
Iteration 500: energy = 837.2633
Iteration 510: energy = 837.2279
Iteration 520: energy = 837.0743
Iteration 530: energy = 837.0380
Iteration 540: energy = 837.0361
Iteration 550: energy = 836.9756
Iteration 560: energy = 836.9231
Iteration 570: energy = 836.9227
Iteration 10: energy = 479.1598
Iteration 20: energy = 475.6631
Iteration 30: energy = 469.1048
Iteration 40: energy = 464.2400
Iteration 50: energy = 456.8591
Iteration 60: energy = 447.6527
Iteration 70: energy = 444.8223
Iteration 80: energy = 439.5254
Iteration 90: energy = 438.1521
Iteration 100: energy = 436.6814
Iteration 110: energy = 435.0153
Iteration 120: energy = 434.1420
Iteration 130: energy = 433.4418
Iteration 140: energy = 432.4547
Iteration 150: energy = 431.2868
Iteration 160: energy = 430.6098
Iteration 170: energy = 429.5669
Iteration 180: energy = 429.1837
Iteration 190: energy = 428.7841
Iteration 200: energy = 428.0092
Iteration 210: energy = 427.5990
Iteration 220: energy = 426.8731
Iteration 230: energy = 426.2555
Iteration 240: energy = 425.6032
Iteration 250: energy = 424.7805
Iteration 260: energy = 423.9618
Iteration 270: energy = 423.5907
Iteration 280: energy = 423.3376
Iteration 290: energy = 422.7799
Iteration 300: energy = 422.5958
Iteration 310: energy = 422.2653
Iteration 320: energy = 422.0419
Iteration 330: energy = 421.9535
Iteration 340: energy = 421.8885
Iteration 350: energy = 421.8283
Iteration 360: energy = 421.8079
Iteration 370: energy = 421.7668
Iteration 380: energy = 421.7447
Iteration 10: energy = 545.7473
Iteration 20: energy = 541.8671
Iteration 30: energy = 537.5355
Iteration 40: energy = 530.8718
Iteration 50: energy = 526.0946
Iteration 60: energy = 519.2253
Iteration 70: energy = 512.0786
Iteration 80: energy = 507.8796
Iteration 90: energy = 504.2956
Iteration 100: energy = 502.3622
Iteration 110: energy = 500.8430
Iteration 120: energy = 499.8397
Iteration 130: energy = 498.1491
Iteration 140: energy = 496.3439
Iteration 150: energy = 494.5768
Iteration 160: energy = 492.7746
Iteration 170: energy = 491.4924
Iteration 180: energy = 489.5182
Iteration 190: energy = 488.4238
Iteration 200: energy = 487.2534
Iteration 210: energy = 485.9788
Iteration 220: energy = 484.8370
Iteration 230: energy = 483.4425
Iteration 240: energy = 481.6222
Iteration 250: energy = 480.7501
Iteration 260: energy = 480.3179
Iteration 270: energy = 479.6834
Iteration 280: energy = 479.5563
Iteration 290: energy = 479.2932
Iteration 300: energy = 479.2452
Iteration 310: energy = 479.1011
Iteration 320: energy = 479.0821
Iteration 330: energy = 479.0216
Iteration 340: energy = 478.9706
Iteration 350: energy = 478.9266
Iteration 360: energy = 478.9100
Iteration 370: energy = 478.8845
Iteration 380: energy = 478.8352
Iteration 390: energy = 478.7989
Iteration 400: energy = 478.7716
Iteration 410: energy = 478.7632
Iteration 420: energy = 478.7497
Iteration 430: energy = 478.7173
Iteration 440: energy = 478.6875
Iteration 450: energy = 478.6751
Iteration 460: energy = 478.6410
Iteration 470: energy = 478.6201
Iteration 480: energy = 478.5888
Iteration 490: energy = 478.5673
Iteration 500: energy = 478.5373
Iteration 510: energy = 478.5020
Iteration 520: energy = 478.4748
Iteration 530: energy = 478.4747
Iteration 540: energy = 478.4606
Iteration 550: energy = 478.4409
Iteration 10: energy = 1338.3346
Iteration 20: energy = 1325.1171
Iteration 30: energy = 1313.2972
Iteration 40: energy = 1301.4004
Iteration 50: energy = 1288.9315
Iteration 60: energy = 1271.0565
Iteration 70: energy = 1258.3925
Iteration 80: energy = 1238.2400
Iteration 90: energy = 1217.8456
Iteration 100: energy = 1204.9431
Iteration 110: energy = 1197.2155
Iteration 120: energy = 1182.5493
Iteration 130: energy = 1174.2197
Iteration 140: energy = 1152.4913
Iteration 150: energy = 1141.3433
Iteration 160: energy = 1134.0570
Iteration 170: energy = 1119.2268
Iteration 180: energy = 1106.1294
Iteration 190: energy = 1088.3185
Iteration 200: energy = 1044.8090
Iteration 210: energy = 1019.4388
Iteration 220: energy = 975.5576
Iteration 230: energy = 949.3502
Iteration 240: energy = 916.4754
Iteration 250: energy = 897.7295
Iteration 260: energy = 884.1624
Iteration 270: energy = 873.7155
Iteration 280: energy = 868.7047
Iteration 290: energy = 867.7178
Iteration 300: energy = 867.1048
Iteration 310: energy = 866.5493
Iteration 320: energy = 866.1079
Iteration 330: energy = 865.7783
Iteration 340: energy = 865.4844
Iteration 350: energy = 865.3539
Iteration 360: energy = 865.2402
Iteration 370: energy = 865.1177
Iteration 380: energy = 865.0423
Iteration 390: energy = 865.0385
Iteration 400: energy = 864.9317
Iteration 410: energy = 864.9310
Iteration 10: energy = 799.4642
Iteration 20: energy = 790.8752
Iteration 30: energy = 787.0007
Iteration 40: energy = 781.9243
Iteration 50: energy = 779.4758
Iteration 60: energy = 776.5439
Iteration 70: energy = 773.8814
Iteration 80: energy = 771.1778
Iteration 90: energy = 766.8572
Iteration 100: energy = 762.2903
Iteration 110: energy = 761.0485
Iteration 120: energy = 759.6895
Iteration 130: energy = 758.7145
Iteration 140: energy = 758.2017
Iteration 150: energy = 757.7632
Iteration 160: energy = 757.2969
Iteration 170: energy = 756.6396
Iteration 180: energy = 756.0214
Iteration 190: energy = 755.7139
Iteration 200: energy = 755.4425
Iteration 210: energy = 755.0770
Iteration 220: energy = 754.5847
Iteration 230: energy = 753.8656
Iteration 240: energy = 753.2568
Iteration 250: energy = 752.3743
Iteration 260: energy = 751.6927
Iteration 270: energy = 751.2657
Iteration 280: energy = 750.6890
Iteration 290: energy = 749.6718
Iteration 300: energy = 748.9178
Iteration 310: energy = 748.2014
Iteration 320: energy = 747.3113
Iteration 330: energy = 746.9377
Iteration 340: energy = 746.4264
Iteration 350: energy = 746.1329
Iteration 360: energy = 745.7045
Iteration 370: energy = 745.5472
Iteration 380: energy = 745.2381
Iteration 390: energy = 744.7507
Iteration 400: energy = 744.2632
Iteration 410: energy = 743.1231
Iteration 420: energy = 741.7195
Iteration 430: energy = 740.5388
Iteration 440: energy = 739.1178
Iteration 450: energy = 737.7523
Iteration 460: energy = 734.1677
Iteration 470: energy = 731.8240
Iteration 480: energy = 727.8265
Iteration 490: energy = 727.0184
Iteration 500: energy = 725.2110
Iteration 510: energy = 724.4041
Iteration 520: energy = 724.1516
Iteration 530: energy = 723.7542
Iteration 540: energy = 723.6690
Iteration 550: energy = 723.3983
Iteration 10: energy = 132.6413
Iteration 20: energy = 131.9834
Iteration 30: energy = 131.5806
Iteration 40: energy = 131.3318
Iteration 50: energy = 131.1068
Iteration 60: energy = 130.8284
Iteration 70: energy = 130.6706
Iteration 80: energy = 130.3389
Iteration 90: energy = 130.1799
Iteration 100: energy = 130.0100
Iteration 110: energy = 129.8472
Iteration 120: energy = 129.6703
Iteration 130: energy = 129.5238
Iteration 140: energy = 129.4085
Iteration 150: energy = 129.2218
Iteration 160: energy = 129.0572
Iteration 170: energy = 128.9439
Iteration 180: energy = 128.8262
Iteration 190: energy = 128.7254
Iteration 200: energy = 128.5901
Iteration 210: energy = 128.5217
Iteration 220: energy = 128.4333
Iteration 230: energy = 128.2867
Iteration 240: energy = 128.1707
Iteration 250: energy = 128.0640
Iteration 260: energy = 127.9564
Iteration 270: energy = 127.7954
Iteration 280: energy = 127.7489
Iteration 290: energy = 127.7060
Iteration 300: energy = 127.6257
Iteration 310: energy = 127.6000
Iteration 320: energy = 127.5396
Iteration 330: energy = 127.5034
Iteration 340: energy = 127.4466
Iteration 350: energy = 127.4277
Iteration 360: energy = 127.4019
Iteration 370: energy = 127.3963
Iteration 380: energy = 127.3657
Iteration 390: energy = 127.3574
Iteration 400: energy = 127.3356
Iteration 410: energy = 127.3103
Iteration 420: energy = 127.3083
Iteration 430: energy = 127.2949
Iteration 440: energy = 127.2930
Iteration 450: energy = 127.2874
Iteration 460: energy = 127.2804
Iteration 470: energy = 127.2764
Iteration 480: energy = 127.2740
Iteration 490: energy = 127.2700
Iteration 500: energy = 127.2700
Iteration 510: energy = 127.2682
Iteration 10: energy = 1.1931
Iteration 20: energy = 1.1929
Iteration 30: energy = 1.1926
Iteration 40: energy = 1.1924
Iteration 50: energy = 1.1922
Iteration 60: energy = 1.1920
Iteration 70: energy = 1.1920
Iteration 80: energy = 1.1919
Iteration 90: energy = 1.1919
Iteration 100: energy = 1.1918
Iteration 10: energy = 103.6983
Iteration 20: energy = 103.2741
Iteration 30: energy = 102.9242
Iteration 40: energy = 102.4972
Iteration 50: energy = 101.7882
Iteration 60: energy = 101.1508
Iteration 70: energy = 100.2542
Iteration 80: energy = 100.0335
Iteration 90: energy = 99.2626
Iteration 100: energy = 99.0491
Iteration 110: energy = 98.6970
Iteration 120: energy = 98.3829
Iteration 130: energy = 98.1712
Iteration 140: energy = 97.9099
Iteration 150: energy = 97.8486
Iteration 160: energy = 97.6579
Iteration 170: energy = 97.5431
Iteration 180: energy = 97.4825
Iteration 190: energy = 97.3923
Iteration 200: energy = 97.2693
Iteration 210: energy = 97.2427
Iteration 220: energy = 97.1772
Iteration 230: energy = 97.1477
Iteration 240: energy = 97.0860
Iteration 250: energy = 97.0489
Iteration 260: energy = 97.0314
Iteration 270: energy = 97.0137
Iteration 280: energy = 97.0090
Iteration 290: energy = 96.9993
Iteration 300: energy = 96.9959
Iteration 310: energy = 96.9932
Iteration 320: energy = 96.9881
Iteration 330: energy = 96.9880
Initial geodesic lengths: [14.314833641052246, 5.892739295959473, 28.96599006652832, 32.98260498046875, 27.134326934814453, 7.1696319580078125, 37.06109619140625, 30.888948440551758, 30.62660026550293, 5.913227081298828, 5.897622585296631, 1.7641065120697021, 23.012928009033203, 32.468711853027344, 13.200422286987305, 9.051189422607422, 15.162187576293945, 29.62363052368164, 21.853246688842773, 22.872976303100586, 35.211273193359375, 28.139596939086914, 11.496822357177734, 1.0923230648040771, 10.162246704101562]
Optimized geodesic lengths: [13.908946990966797, 5.8910722732543945, 28.34111785888672, 32.67889404296875, 25.97146224975586, 7.169541835784912, 31.544328689575195, 29.817947387695312, 29.339250564575195, 5.888392448425293, 5.896640777587891, 1.764024257659912, 22.697521209716797, 30.86492347717285, 13.008987426757812, 9.050540924072266, 15.053823471069336, 28.92699432373047, 20.52923583984375, 21.871095657348633, 29.383419036865234, 26.879133224487305, 11.281000137329102, 1.0916521549224854, 9.848021507263184]

------------------------------------------------------------
Sender: LSF System <lsfadmin@hpc.dtu.dk>
Subject: Job 24549703: <geodesics_run3> in cluster <dcc> Done

Job <geodesics_run3> was submitted from host <n-62-12-19> by user <s185927> in cluster <dcc> at Tue Apr  1 10:10:09 2025
Job was executed on host(s) <4*n-62-20-14>, in queue <gpuv100>, as user <s185927> in cluster <dcc> at Tue Apr  1 10:11:16 2025
</zhome/e3/3/139772> was used as the home directory.
</zhome/e3/3/139772/Desktop/AML/AML/github-project-2/AML-Project-2/src> was used as the working directory.
Started at Tue Apr  1 10:11:16 2025
Terminated at Tue Apr  1 10:12:10 2025
Results reported at Tue Apr  1 10:12:10 2025

Your job looked like:

------------------------------------------------------------
# LSBATCH: User input
#!/bin/bash
#BSUB -J geodesics_run3
#BSUB -q gpuv100
#BSUB -n 4
#BSUB -gpu "num=1:mode=exclusive_process"
#BSUB -W 5:00
#BSUB -R "rusage[mem=5GB]"
#BSUB -u lassesofus@gmail.com
#BSUB -o %J.out
#BSUB -e %J.err

module load cuda/11.8

source /zhome/e3/3/139772/Desktop/AML/aml_new/bin/activate

#python ensemble_vae.py --mode train --device cuda --experiment-folder ../experiment/ensemble_3_v2 --num-decoders 3 --num-t 50
python ensemble_vae.py --mode geodesics --device cuda --experiment-folder ../experiment/run3 --num-decoders 1 --num-t 50
------------------------------------------------------------

Successfully completed.

Resource usage summary:

    CPU time :                                   51.22 sec.
    Max Memory :                                 588 MB
    Average Memory :                             588.00 MB
    Total Requested Memory :                     20480.00 MB
    Delta Memory :                               19892.00 MB
    Max Swap :                                   -
    Max Processes :                              4
    Max Threads :                                9
    Run time :                                   54 sec.
    Turnaround time :                            121 sec.

The output (if any) is above this job summary.



PS:

Read file <24549703.err> for stderr output of this job.

