# Options
batch_size = 32
device = cuda
epochs_per_decoder = 200
experiment_folder = ../experiment/run5
latent_dim = 2
mode = geodesics
num_curves = 25
num_decoders = 1
num_reruns = 10
num_t = 50
samples = samples.png
Iteration 10: energy = 220.3410
Iteration 20: energy = 219.1015
Iteration 30: energy = 217.2859
Iteration 40: energy = 216.4115
Iteration 50: energy = 215.4751
Iteration 60: energy = 214.4650
Iteration 70: energy = 213.9498
Iteration 80: energy = 213.5436
Iteration 90: energy = 213.1738
Iteration 100: energy = 212.7978
Iteration 110: energy = 212.3480
Iteration 120: energy = 211.9629
Iteration 130: energy = 211.4330
Iteration 140: energy = 210.9601
Iteration 150: energy = 210.5603
Iteration 160: energy = 210.3530
Iteration 170: energy = 209.9620
Iteration 180: energy = 209.7370
Iteration 190: energy = 209.5325
Iteration 200: energy = 209.3491
Iteration 210: energy = 209.3066
Iteration 220: energy = 209.1947
Iteration 230: energy = 209.1107
Iteration 240: energy = 209.0573
Iteration 250: energy = 208.9791
Iteration 260: energy = 208.9634
Iteration 270: energy = 208.9546
Iteration 280: energy = 208.9131
Iteration 290: energy = 208.8993
Iteration 300: energy = 208.8592
Iteration 310: energy = 208.8394
Iteration 320: energy = 208.8094
Iteration 330: energy = 208.7720
Iteration 10: energy = 36.2395
Iteration 20: energy = 36.2305
Iteration 30: energy = 36.2147
Iteration 40: energy = 36.2030
Iteration 50: energy = 36.1843
Iteration 60: energy = 36.1650
Iteration 70: energy = 36.1378
Iteration 80: energy = 36.1199
Iteration 90: energy = 36.0838
Iteration 100: energy = 36.0675
Iteration 110: energy = 36.0641
Iteration 120: energy = 36.0574
Iteration 130: energy = 36.0518
Iteration 140: energy = 36.0452
Iteration 150: energy = 36.0417
Iteration 160: energy = 36.0368
Iteration 170: energy = 36.0305
Iteration 180: energy = 36.0283
Iteration 190: energy = 36.0268
Iteration 200: energy = 36.0240
Iteration 210: energy = 36.0238
Iteration 220: energy = 36.0222
Iteration 230: energy = 36.0215
Iteration 10: energy = 954.7877
Iteration 20: energy = 944.0782
Iteration 30: energy = 940.1979
Iteration 40: energy = 929.2348
Iteration 50: energy = 925.5649
Iteration 60: energy = 921.8688
Iteration 70: energy = 916.9777
Iteration 80: energy = 911.0851
Iteration 90: energy = 905.3837
Iteration 100: energy = 899.4182
Iteration 110: energy = 895.9702
Iteration 120: energy = 889.5405
Iteration 130: energy = 887.6305
Iteration 140: energy = 883.8630
Iteration 150: energy = 878.5406
Iteration 160: energy = 876.1844
Iteration 170: energy = 872.2902
Iteration 180: energy = 870.2847
Iteration 190: energy = 867.0146
Iteration 200: energy = 864.0162
Iteration 210: energy = 862.6921
Iteration 220: energy = 859.4171
Iteration 230: energy = 858.3855
Iteration 240: energy = 855.4525
Iteration 250: energy = 854.4479
Iteration 260: energy = 851.2681
Iteration 270: energy = 849.3032
Iteration 280: energy = 847.1798
Iteration 290: energy = 846.0688
Iteration 300: energy = 844.6677
Iteration 310: energy = 844.0618
Iteration 320: energy = 843.1597
Iteration 330: energy = 842.9640
Iteration 340: energy = 842.7799
Iteration 350: energy = 842.5469
Iteration 360: energy = 842.3702
Iteration 370: energy = 842.1797
Iteration 380: energy = 841.9722
Iteration 390: energy = 841.8940
Iteration 400: energy = 841.7805
Iteration 410: energy = 841.7536
Iteration 420: energy = 841.7076
Iteration 430: energy = 841.6914
Iteration 440: energy = 841.6910
Iteration 450: energy = 841.6191
Iteration 460: energy = 841.5901
Iteration 470: energy = 841.5497
Iteration 10: energy = 1040.3726
Iteration 20: energy = 1031.9886
Iteration 30: energy = 1022.1791
Iteration 40: energy = 1011.8984
Iteration 50: energy = 1007.6908
Iteration 60: energy = 1000.8389
Iteration 70: energy = 995.1481
Iteration 80: energy = 990.1416
Iteration 90: energy = 983.0615
Iteration 100: energy = 977.3853
Iteration 110: energy = 974.8619
Iteration 120: energy = 973.6138
Iteration 130: energy = 971.7397
Iteration 140: energy = 969.1707
Iteration 150: energy = 966.9758
Iteration 160: energy = 963.7617
Iteration 170: energy = 961.2551
Iteration 180: energy = 959.6276
Iteration 190: energy = 958.3374
Iteration 200: energy = 957.4314
Iteration 210: energy = 956.3417
Iteration 220: energy = 955.6807
Iteration 230: energy = 954.9806
Iteration 240: energy = 954.6619
Iteration 250: energy = 954.3539
Iteration 260: energy = 954.1686
Iteration 270: energy = 954.0544
Iteration 280: energy = 953.7274
Iteration 290: energy = 953.4427
Iteration 300: energy = 953.2631
Iteration 310: energy = 953.0325
Iteration 320: energy = 952.9024
Iteration 330: energy = 952.6906
Iteration 340: energy = 952.5499
Iteration 350: energy = 952.3318
Iteration 360: energy = 952.2122
Iteration 370: energy = 952.0165
Iteration 380: energy = 951.9572
Iteration 390: energy = 951.8592
Iteration 400: energy = 951.7925
Iteration 410: energy = 951.7231
Iteration 420: energy = 951.7226
Iteration 430: energy = 951.7225
Iteration 440: energy = 951.7200
Iteration 450: energy = 951.6542
Iteration 460: energy = 951.6143
Iteration 470: energy = 951.5978
Iteration 10: energy = 605.7698
Iteration 20: energy = 594.4559
Iteration 30: energy = 590.4511
Iteration 40: energy = 585.5180
Iteration 50: energy = 579.7480
Iteration 60: energy = 576.8071
Iteration 70: energy = 571.6635
Iteration 80: energy = 567.2896
Iteration 90: energy = 565.1783
Iteration 100: energy = 561.1422
Iteration 110: energy = 558.2080
Iteration 120: energy = 555.8912
Iteration 130: energy = 553.7082
Iteration 140: energy = 550.7954
Iteration 150: energy = 548.6270
Iteration 160: energy = 546.5440
Iteration 170: energy = 544.5030
Iteration 180: energy = 543.2913
Iteration 190: energy = 541.1338
Iteration 200: energy = 540.3008
Iteration 210: energy = 539.6629
Iteration 220: energy = 538.4849
Iteration 230: energy = 538.2101
Iteration 240: energy = 537.0890
Iteration 250: energy = 536.7647
Iteration 260: energy = 536.4509
Iteration 270: energy = 536.1402
Iteration 280: energy = 536.0343
Iteration 290: energy = 535.9714
Iteration 300: energy = 535.8844
Iteration 310: energy = 535.7707
Iteration 320: energy = 535.6877
Iteration 330: energy = 535.6198
Iteration 340: energy = 535.5494
Iteration 350: energy = 535.4335
Iteration 360: energy = 535.3778
Iteration 370: energy = 535.3061
Iteration 380: energy = 535.2784
Iteration 390: energy = 535.2643
Iteration 400: energy = 535.2093
Iteration 410: energy = 535.1989
Iteration 420: energy = 535.1601
Iteration 430: energy = 535.0901
Iteration 10: energy = 68.8371
Iteration 20: energy = 68.6701
Iteration 30: energy = 68.4728
Iteration 40: energy = 68.0973
Iteration 50: energy = 67.8382
Iteration 60: energy = 67.5906
Iteration 70: energy = 67.3157
Iteration 80: energy = 67.1286
Iteration 90: energy = 67.0163
Iteration 100: energy = 66.9332
Iteration 110: energy = 66.8829
Iteration 120: energy = 66.8168
Iteration 130: energy = 66.7449
Iteration 140: energy = 66.7290
Iteration 150: energy = 66.6923
Iteration 160: energy = 66.6710
Iteration 170: energy = 66.6550
Iteration 180: energy = 66.6360
Iteration 190: energy = 66.6191
Iteration 200: energy = 66.5682
Iteration 210: energy = 66.5525
Iteration 220: energy = 66.5235
Iteration 230: energy = 66.4646
Iteration 240: energy = 66.4490
Iteration 250: energy = 66.4272
Iteration 260: energy = 66.4006
Iteration 270: energy = 66.3773
Iteration 280: energy = 66.3623
Iteration 290: energy = 66.3571
Iteration 300: energy = 66.3531
Iteration 310: energy = 66.3513
Iteration 320: energy = 66.3450
Iteration 330: energy = 66.3421
Iteration 340: energy = 66.3382
Iteration 350: energy = 66.3334
Iteration 360: energy = 66.3325
Iteration 370: energy = 66.3239
Iteration 380: energy = 66.3228
Iteration 390: energy = 66.3162
Iteration 400: energy = 66.3116
Iteration 410: energy = 66.3069
Iteration 10: energy = 1577.6989
Iteration 20: energy = 1540.3619
Iteration 30: energy = 1518.5767
Iteration 40: energy = 1501.8884
Iteration 50: energy = 1499.2385
Iteration 60: energy = 1481.3613
Iteration 70: energy = 1477.8904
Iteration 80: energy = 1463.1167
Iteration 90: energy = 1460.3705
Iteration 100: energy = 1455.9576
Iteration 110: energy = 1452.5248
Iteration 120: energy = 1449.0045
Iteration 130: energy = 1446.4203
Iteration 140: energy = 1443.5543
Iteration 150: energy = 1440.3870
Iteration 160: energy = 1437.4200
Iteration 170: energy = 1434.4017
Iteration 180: energy = 1432.3289
Iteration 190: energy = 1430.8011
Iteration 200: energy = 1429.7169
Iteration 210: energy = 1428.1211
Iteration 220: energy = 1426.7755
Iteration 230: energy = 1425.9464
Iteration 240: energy = 1425.4185
Iteration 250: energy = 1424.9474
Iteration 260: energy = 1423.9880
Iteration 270: energy = 1423.2189
Iteration 280: energy = 1422.6426
Iteration 290: energy = 1422.2463
Iteration 300: energy = 1422.1605
Iteration 310: energy = 1421.9454
Iteration 320: energy = 1421.7852
Iteration 330: energy = 1421.5828
Iteration 340: energy = 1421.4689
Iteration 350: energy = 1421.2664
Iteration 360: energy = 1421.1952
Iteration 370: energy = 1421.0621
Iteration 380: energy = 1420.8655
Iteration 390: energy = 1420.8492
Iteration 400: energy = 1420.7639
Iteration 410: energy = 1420.7083
Iteration 420: energy = 1420.6442
Iteration 430: energy = 1420.5770
Iteration 440: energy = 1420.3331
Iteration 450: energy = 1420.3323
Iteration 460: energy = 1420.2307
Iteration 470: energy = 1420.1511
Iteration 10: energy = 987.6734
Iteration 20: energy = 972.6547
Iteration 30: energy = 966.6517
Iteration 40: energy = 957.6336
Iteration 50: energy = 953.2296
Iteration 60: energy = 950.0520
Iteration 70: energy = 946.0745
Iteration 80: energy = 941.6124
Iteration 90: energy = 938.4713
Iteration 100: energy = 936.3549
Iteration 110: energy = 931.9912
Iteration 120: energy = 930.9291
Iteration 130: energy = 929.6421
Iteration 140: energy = 927.7900
Iteration 150: energy = 927.0298
Iteration 160: energy = 924.8878
Iteration 170: energy = 923.7289
Iteration 180: energy = 922.0106
Iteration 190: energy = 920.7647
Iteration 200: energy = 919.7272
Iteration 210: energy = 919.1077
Iteration 220: energy = 918.5852
Iteration 230: energy = 918.0197
Iteration 240: energy = 917.4719
Iteration 250: energy = 916.5934
Iteration 260: energy = 916.2961
Iteration 270: energy = 915.8344
Iteration 280: energy = 915.4421
Iteration 290: energy = 914.9576
Iteration 300: energy = 914.7278
Iteration 310: energy = 914.4380
Iteration 320: energy = 914.2980
Iteration 330: energy = 914.1958
Iteration 340: energy = 914.0774
Iteration 350: energy = 913.9557
Iteration 360: energy = 913.9069
Iteration 370: energy = 913.8848
Iteration 380: energy = 913.8840
Iteration 390: energy = 913.8719
Iteration 400: energy = 913.8447
Iteration 410: energy = 913.8442
Iteration 420: energy = 913.8235
Iteration 430: energy = 913.8233
Iteration 10: energy = 885.2005
Iteration 20: energy = 872.8956
Iteration 30: energy = 859.4623
Iteration 40: energy = 852.8130
Iteration 50: energy = 847.9532
Iteration 60: energy = 843.9033
Iteration 70: energy = 836.2559
Iteration 80: energy = 831.0442
Iteration 90: energy = 827.2614
Iteration 100: energy = 823.8640
Iteration 110: energy = 822.3514
Iteration 120: energy = 819.0457
Iteration 130: energy = 817.9495
Iteration 140: energy = 814.3400
Iteration 150: energy = 811.1567
Iteration 160: energy = 807.8764
Iteration 170: energy = 806.7501
Iteration 180: energy = 805.7610
Iteration 190: energy = 804.5278
Iteration 200: energy = 803.5680
Iteration 210: energy = 802.5281
Iteration 220: energy = 800.8776
Iteration 230: energy = 799.0994
Iteration 240: energy = 796.5441
Iteration 250: energy = 795.5437
Iteration 260: energy = 793.7120
Iteration 270: energy = 792.3568
Iteration 280: energy = 789.3540
Iteration 290: energy = 787.0602
Iteration 300: energy = 785.4069
Iteration 310: energy = 784.8127
Iteration 320: energy = 783.8498
Iteration 330: energy = 783.3048
Iteration 340: energy = 782.4678
Iteration 350: energy = 781.9598
Iteration 360: energy = 781.0685
Iteration 370: energy = 780.6619
Iteration 380: energy = 780.1522
Iteration 390: energy = 779.4355
Iteration 400: energy = 779.3232
Iteration 410: energy = 779.1568
Iteration 420: energy = 778.9803
Iteration 430: energy = 778.8992
Iteration 440: energy = 778.8464
Iteration 450: energy = 778.6659
Iteration 460: energy = 778.5590
Iteration 470: energy = 778.4009
Iteration 480: energy = 778.1608
Iteration 490: energy = 778.0604
Iteration 500: energy = 777.8167
Iteration 510: energy = 777.5190
Iteration 520: energy = 777.4653
Iteration 530: energy = 777.2569
Iteration 540: energy = 777.1764
Iteration 550: energy = 777.0691
Iteration 560: energy = 776.8210
Iteration 570: energy = 776.6669
Iteration 580: energy = 776.5814
Iteration 590: energy = 776.4331
Iteration 600: energy = 776.2468
Iteration 610: energy = 776.2053
Iteration 620: energy = 776.1844
Iteration 630: energy = 776.0716
Iteration 640: energy = 776.0081
Iteration 650: energy = 776.0018
Iteration 660: energy = 775.9532
Iteration 670: energy = 775.9313
Iteration 680: energy = 775.9111
Iteration 690: energy = 775.9032
Iteration 700: energy = 775.8932
Iteration 710: energy = 775.8594
Iteration 720: energy = 775.8591
Iteration 10: energy = 24.6203
Iteration 20: energy = 24.6061
Iteration 30: energy = 24.5863
Iteration 40: energy = 24.5723
Iteration 50: energy = 24.5482
Iteration 60: energy = 24.5312
Iteration 70: energy = 24.5124
Iteration 80: energy = 24.4838
Iteration 90: energy = 24.4706
Iteration 100: energy = 24.4547
Iteration 110: energy = 24.4476
Iteration 120: energy = 24.4310
Iteration 130: energy = 24.4221
Iteration 140: energy = 24.4175
Iteration 150: energy = 24.4134
Iteration 160: energy = 24.4104
Iteration 170: energy = 24.4071
Iteration 180: energy = 24.4025
Iteration 190: energy = 24.4004
Iteration 200: energy = 24.3963
Iteration 210: energy = 24.3922
Iteration 220: energy = 24.3891
Iteration 230: energy = 24.3868
Iteration 240: energy = 24.3848
Iteration 250: energy = 24.3846
Iteration 260: energy = 24.3841
Iteration 270: energy = 24.3825
Iteration 280: energy = 24.3812
Iteration 290: energy = 24.3804
Iteration 300: energy = 24.3795
Iteration 310: energy = 24.3791
Iteration 320: energy = 24.3791
Iteration 330: energy = 24.3789
Iteration 340: energy = 24.3784
Iteration 10: energy = 28.9305
Iteration 20: energy = 28.9150
Iteration 30: energy = 28.9130
Iteration 40: energy = 28.9097
Iteration 50: energy = 28.9074
Iteration 60: energy = 28.9064
Iteration 70: energy = 28.9057
Iteration 80: energy = 28.9052
Iteration 90: energy = 28.9048
Iteration 10: energy = 1020.3165
Iteration 20: energy = 1006.8807
Iteration 30: energy = 1000.4706
Iteration 40: energy = 997.6318
Iteration 50: energy = 993.1132
Iteration 60: energy = 987.2812
Iteration 70: energy = 983.3223
Iteration 80: energy = 979.5378
Iteration 90: energy = 976.7456
Iteration 100: energy = 972.8044
Iteration 110: energy = 969.9283
Iteration 120: energy = 968.0617
Iteration 130: energy = 965.5862
Iteration 140: energy = 964.6457
Iteration 150: energy = 963.3274
Iteration 160: energy = 961.0554
Iteration 170: energy = 958.9344
Iteration 180: energy = 957.0243
Iteration 190: energy = 955.8985
Iteration 200: energy = 955.4084
Iteration 210: energy = 954.4993
Iteration 220: energy = 954.1689
Iteration 230: energy = 953.6835
Iteration 240: energy = 953.4373
Iteration 250: energy = 953.2402
Iteration 260: energy = 952.7021
Iteration 270: energy = 952.4831
Iteration 280: energy = 952.3003
Iteration 290: energy = 952.1686
Iteration 300: energy = 952.1111
Iteration 310: energy = 952.0125
Iteration 320: energy = 951.9680
Iteration 330: energy = 951.9319
Iteration 340: energy = 951.9009
Iteration 350: energy = 951.8346
Iteration 360: energy = 951.8234
Iteration 370: energy = 951.7900
Iteration 380: energy = 951.7897
Iteration 10: energy = 1210.8815
Iteration 20: energy = 1196.9119
Iteration 30: energy = 1188.4802
Iteration 40: energy = 1177.7346
Iteration 50: energy = 1167.8652
Iteration 60: energy = 1158.7749
Iteration 70: energy = 1144.8074
Iteration 80: energy = 1134.5259
Iteration 90: energy = 1129.3180
Iteration 100: energy = 1126.3031
Iteration 110: energy = 1121.7169
Iteration 120: energy = 1117.0992
Iteration 130: energy = 1115.6012
Iteration 140: energy = 1111.8953
Iteration 150: energy = 1110.5754
Iteration 160: energy = 1108.9471
Iteration 170: energy = 1108.3824
Iteration 180: energy = 1107.6575
Iteration 190: energy = 1107.4476
Iteration 200: energy = 1107.1783
Iteration 210: energy = 1107.0446
Iteration 220: energy = 1106.9370
Iteration 230: energy = 1106.8611
Iteration 240: energy = 1106.6636
Iteration 250: energy = 1106.5094
Iteration 260: energy = 1106.5087
Iteration 270: energy = 1106.3740
Iteration 280: energy = 1106.2836
Iteration 290: energy = 1106.1770
Iteration 300: energy = 1106.1152
Iteration 310: energy = 1106.0386
Iteration 320: energy = 1105.9333
Iteration 330: energy = 1105.9092
Iteration 340: energy = 1105.8397
Iteration 350: energy = 1105.7262
Iteration 10: energy = 280.6844
Iteration 20: energy = 276.9112
Iteration 30: energy = 274.5675
Iteration 40: energy = 272.9267
Iteration 50: energy = 270.9684
Iteration 60: energy = 269.0721
Iteration 70: energy = 267.2604
Iteration 80: energy = 265.5396
Iteration 90: energy = 264.5399
Iteration 100: energy = 263.4287
Iteration 110: energy = 262.6794
Iteration 120: energy = 262.2045
Iteration 130: energy = 261.8045
Iteration 140: energy = 261.4296
Iteration 150: energy = 261.2010
Iteration 160: energy = 261.0207
Iteration 170: energy = 260.7608
Iteration 180: energy = 260.6907
Iteration 190: energy = 260.6069
Iteration 200: energy = 260.5061
Iteration 210: energy = 260.2451
Iteration 220: energy = 260.0627
Iteration 230: energy = 259.8754
Iteration 240: energy = 259.6404
Iteration 250: energy = 259.3465
Iteration 260: energy = 259.1815
Iteration 270: energy = 258.9168
Iteration 280: energy = 258.7369
Iteration 290: energy = 258.4126
Iteration 300: energy = 258.0297
Iteration 310: energy = 257.8383
Iteration 320: energy = 257.7383
Iteration 330: energy = 257.6281
Iteration 340: energy = 257.5309
Iteration 350: energy = 257.4601
Iteration 360: energy = 257.3774
Iteration 370: energy = 257.2826
Iteration 380: energy = 257.2218
Iteration 390: energy = 257.1413
Iteration 400: energy = 257.0932
Iteration 410: energy = 257.0310
Iteration 420: energy = 257.0142
Iteration 430: energy = 256.9654
Iteration 440: energy = 256.9650
Iteration 450: energy = 256.9393
Iteration 460: energy = 256.9391
Iteration 470: energy = 256.9305
Iteration 480: energy = 256.9240
Iteration 490: energy = 256.8993
Iteration 500: energy = 256.8939
Iteration 510: energy = 256.8875
Iteration 520: energy = 256.8676
Iteration 530: energy = 256.8481
Iteration 540: energy = 256.8467
Iteration 550: energy = 256.8313
Iteration 10: energy = 77.9764
Iteration 20: energy = 77.5431
Iteration 30: energy = 77.4044
Iteration 40: energy = 77.3145
Iteration 50: energy = 77.2450
Iteration 60: energy = 77.1058
Iteration 70: energy = 77.0197
Iteration 80: energy = 76.9159
Iteration 90: energy = 76.7682
Iteration 100: energy = 76.6671
Iteration 110: energy = 76.4686
Iteration 120: energy = 76.4081
Iteration 130: energy = 76.3638
Iteration 140: energy = 76.3353
Iteration 150: energy = 76.3137
Iteration 160: energy = 76.2831
Iteration 170: energy = 76.2591
Iteration 180: energy = 76.2478
Iteration 190: energy = 76.2290
Iteration 200: energy = 76.2032
Iteration 210: energy = 76.1784
Iteration 220: energy = 76.1739
Iteration 230: energy = 76.1556
Iteration 240: energy = 76.1494
Iteration 250: energy = 76.1419
Iteration 260: energy = 76.1310
Iteration 270: energy = 76.1231
Iteration 280: energy = 76.1133
Iteration 290: energy = 76.1035
Iteration 300: energy = 76.1035
Iteration 310: energy = 76.0996
Iteration 320: energy = 76.0975
Iteration 330: energy = 76.0942
Iteration 340: energy = 76.0930
Iteration 350: energy = 76.0893
Iteration 360: energy = 76.0886
Iteration 10: energy = 118.8614
Iteration 20: energy = 118.5234
Iteration 30: energy = 118.1637
Iteration 40: energy = 118.0507
Iteration 50: energy = 117.6988
Iteration 60: energy = 117.4269
Iteration 70: energy = 117.1166
Iteration 80: energy = 116.6132
Iteration 90: energy = 116.0477
Iteration 100: energy = 115.8697
Iteration 110: energy = 115.4905
Iteration 120: energy = 115.0731
Iteration 130: energy = 114.7484
Iteration 140: energy = 114.5147
Iteration 150: energy = 114.4057
Iteration 160: energy = 114.2470
Iteration 170: energy = 114.1415
Iteration 180: energy = 113.8610
Iteration 190: energy = 113.5665
Iteration 200: energy = 113.2307
Iteration 210: energy = 112.8783
Iteration 220: energy = 112.6314
Iteration 230: energy = 112.4307
Iteration 240: energy = 112.2343
Iteration 250: energy = 112.1651
Iteration 260: energy = 112.0559
Iteration 270: energy = 111.9948
Iteration 280: energy = 111.9149
Iteration 290: energy = 111.8673
Iteration 300: energy = 111.8307
Iteration 310: energy = 111.7942
Iteration 320: energy = 111.7732
Iteration 10: energy = 1636.5944
Iteration 20: energy = 1628.4052
Iteration 30: energy = 1614.8667
Iteration 40: energy = 1606.2725
Iteration 50: energy = 1592.6825
Iteration 60: energy = 1581.3654
Iteration 70: energy = 1566.2634
Iteration 80: energy = 1556.6598
Iteration 90: energy = 1546.0222
Iteration 100: energy = 1536.2607
Iteration 110: energy = 1529.1952
Iteration 120: energy = 1515.4517
Iteration 130: energy = 1495.8767
Iteration 140: energy = 1487.1525
Iteration 150: energy = 1467.2770
Iteration 160: energy = 1457.7891
Iteration 170: energy = 1428.6259
Iteration 180: energy = 1422.7452
Iteration 190: energy = 1411.1100
Iteration 200: energy = 1405.5479
Iteration 210: energy = 1396.3318
Iteration 220: energy = 1385.4866
Iteration 230: energy = 1375.4237
Iteration 240: energy = 1373.0309
Iteration 250: energy = 1366.2291
Iteration 260: energy = 1359.7426
Iteration 270: energy = 1353.4857
Iteration 280: energy = 1348.5327
Iteration 290: energy = 1344.5510
Iteration 300: energy = 1338.9773
Iteration 310: energy = 1336.9015
Iteration 320: energy = 1326.4824
Iteration 330: energy = 1320.5288
Iteration 340: energy = 1304.9194
Iteration 350: energy = 1294.2301
Iteration 360: energy = 1277.2960
Iteration 370: energy = 1263.9231
Iteration 380: energy = 1234.1995
Iteration 390: energy = 1213.3634
Iteration 400: energy = 1203.3481
Iteration 410: energy = 1194.5507
Iteration 420: energy = 1182.9814
Iteration 430: energy = 1177.0515
Iteration 440: energy = 1168.5286
Iteration 450: energy = 1158.3859
Iteration 460: energy = 1147.3865
Iteration 470: energy = 1140.1038
Iteration 480: energy = 1135.2755
Iteration 490: energy = 1129.1842
Iteration 500: energy = 1124.8328
Iteration 510: energy = 1118.6798
Iteration 520: energy = 1116.0770
Iteration 530: energy = 1110.2515
Iteration 540: energy = 1108.0621
Iteration 550: energy = 1106.7064
Iteration 560: energy = 1104.9719
Iteration 570: energy = 1103.2379
Iteration 580: energy = 1102.0758
Iteration 590: energy = 1100.7815
Iteration 600: energy = 1100.0906
Iteration 610: energy = 1098.8330
Iteration 620: energy = 1097.6530
Iteration 630: energy = 1095.8965
Iteration 640: energy = 1094.5049
Iteration 650: energy = 1092.9333
Iteration 660: energy = 1092.0482
Iteration 670: energy = 1090.2314
Iteration 680: energy = 1088.3226
Iteration 690: energy = 1086.7151
Iteration 700: energy = 1085.5934
Iteration 710: energy = 1084.2291
Iteration 720: energy = 1083.5934
Iteration 730: energy = 1082.1252
Iteration 740: energy = 1081.5509
Iteration 750: energy = 1079.5927
Iteration 760: energy = 1078.6798
Iteration 770: energy = 1078.0315
Iteration 780: energy = 1077.0024
Iteration 790: energy = 1076.4363
Iteration 800: energy = 1075.6747
Iteration 810: energy = 1074.9745
Iteration 820: energy = 1074.9655
Iteration 830: energy = 1074.4984
Iteration 840: energy = 1074.0642
Iteration 850: energy = 1073.8062
Iteration 860: energy = 1073.7194
Iteration 870: energy = 1073.4102
Iteration 880: energy = 1073.2933
Iteration 890: energy = 1073.2559
Iteration 900: energy = 1073.0702
Iteration 10: energy = 78.7966
Iteration 20: energy = 78.6824
Iteration 30: energy = 78.6638
Iteration 40: energy = 78.6370
Iteration 50: energy = 78.6209
Iteration 60: energy = 78.6119
Iteration 70: energy = 78.5930
Iteration 80: energy = 78.5825
Iteration 90: energy = 78.5643
Iteration 100: energy = 78.5543
Iteration 110: energy = 78.5399
Iteration 120: energy = 78.5262
Iteration 130: energy = 78.5210
Iteration 140: energy = 78.5103
Iteration 150: energy = 78.5059
Iteration 160: energy = 78.4969
Iteration 170: energy = 78.4935
Iteration 180: energy = 78.4935
Iteration 190: energy = 78.4892
Iteration 200: energy = 78.4868
Iteration 210: energy = 78.4823
Iteration 10: energy = 727.3546
Iteration 20: energy = 721.8146
Iteration 30: energy = 716.8171
Iteration 40: energy = 712.5410
Iteration 50: energy = 710.5183
Iteration 60: energy = 706.9951
Iteration 70: energy = 704.8876
Iteration 80: energy = 702.2276
Iteration 90: energy = 699.2355
Iteration 100: energy = 697.1077
Iteration 110: energy = 694.4753
Iteration 120: energy = 692.6597
Iteration 130: energy = 691.5104
Iteration 140: energy = 689.9341
Iteration 150: energy = 688.0987
Iteration 160: energy = 687.0817
Iteration 170: energy = 685.7964
Iteration 180: energy = 685.0545
Iteration 190: energy = 684.0277
Iteration 200: energy = 683.2277
Iteration 210: energy = 682.0923
Iteration 220: energy = 681.4752
Iteration 230: energy = 681.0754
Iteration 240: energy = 680.6190
Iteration 250: energy = 679.6800
Iteration 260: energy = 679.5370
Iteration 270: energy = 679.0877
Iteration 280: energy = 678.7457
Iteration 290: energy = 678.0847
Iteration 300: energy = 677.8170
Iteration 310: energy = 677.4041
Iteration 320: energy = 677.1980
Iteration 330: energy = 676.9774
Iteration 340: energy = 676.7557
Iteration 350: energy = 676.5037
Iteration 360: energy = 676.4220
Iteration 370: energy = 676.2767
Iteration 380: energy = 676.2206
Iteration 390: energy = 676.2040
Iteration 400: energy = 676.1898
Iteration 410: energy = 676.1594
Iteration 420: energy = 676.1329
Iteration 10: energy = 1226.7004
Iteration 20: energy = 1191.2589
Iteration 30: energy = 1180.5245
Iteration 40: energy = 1168.2672
Iteration 50: energy = 1160.3116
Iteration 60: energy = 1157.0741
Iteration 70: energy = 1155.0817
Iteration 80: energy = 1149.0065
Iteration 90: energy = 1145.2772
Iteration 100: energy = 1138.8922
Iteration 110: energy = 1132.3584
Iteration 120: energy = 1129.0067
Iteration 130: energy = 1127.1199
Iteration 140: energy = 1123.8979
Iteration 150: energy = 1119.3091
Iteration 160: energy = 1116.7562
Iteration 170: energy = 1112.3669
Iteration 180: energy = 1108.8809
Iteration 190: energy = 1105.7037
Iteration 200: energy = 1102.4138
Iteration 210: energy = 1099.2972
Iteration 220: energy = 1095.8837
Iteration 230: energy = 1094.8643
Iteration 240: energy = 1091.1322
Iteration 250: energy = 1088.9015
Iteration 260: energy = 1086.5175
Iteration 270: energy = 1084.6047
Iteration 280: energy = 1083.6406
Iteration 290: energy = 1083.3263
Iteration 300: energy = 1082.9865
Iteration 310: energy = 1082.5978
Iteration 320: energy = 1082.4879
Iteration 330: energy = 1082.0040
Iteration 340: energy = 1081.9045
Iteration 350: energy = 1081.4650
Iteration 360: energy = 1081.1783
Iteration 370: energy = 1080.9329
Iteration 380: energy = 1080.8347
Iteration 390: energy = 1080.7766
Iteration 400: energy = 1080.7493
Iteration 410: energy = 1080.6138
Iteration 10: energy = 742.1553
Iteration 20: energy = 731.7552
Iteration 30: energy = 717.7829
Iteration 40: energy = 706.3096
Iteration 50: energy = 702.2298
Iteration 60: energy = 697.1464
Iteration 70: energy = 694.4428
Iteration 80: energy = 693.8231
Iteration 90: energy = 691.7633
Iteration 100: energy = 691.0969
Iteration 110: energy = 690.6080
Iteration 120: energy = 689.9766
Iteration 130: energy = 689.5737
Iteration 140: energy = 689.0707
Iteration 150: energy = 688.1532
Iteration 160: energy = 688.0037
Iteration 170: energy = 687.6459
Iteration 180: energy = 687.5104
Iteration 190: energy = 687.2553
Iteration 200: energy = 687.0577
Iteration 210: energy = 686.8060
Iteration 220: energy = 686.4985
Iteration 230: energy = 686.1780
Iteration 240: energy = 685.7121
Iteration 250: energy = 685.5112
Iteration 260: energy = 685.2974
Iteration 270: energy = 684.8859
Iteration 280: energy = 684.6545
Iteration 290: energy = 684.3063
Iteration 300: energy = 684.2224
Iteration 310: energy = 684.0436
Iteration 320: energy = 683.8314
Iteration 330: energy = 683.7676
Iteration 340: energy = 683.5173
Iteration 350: energy = 683.4150
Iteration 360: energy = 683.3724
Iteration 370: energy = 683.2907
Iteration 380: energy = 683.0939
Iteration 390: energy = 682.9265
Iteration 400: energy = 682.9064
Iteration 410: energy = 682.8235
Iteration 420: energy = 682.7559
Iteration 430: energy = 682.6445
Iteration 440: energy = 682.5364
Iteration 450: energy = 682.5345
Iteration 460: energy = 682.4263
Iteration 470: energy = 682.3654
Iteration 480: energy = 682.2816
Iteration 490: energy = 682.2725
Iteration 500: energy = 682.2228
Iteration 510: energy = 682.1779
Iteration 10: energy = 90.0893
Iteration 20: energy = 90.0413
Iteration 30: energy = 90.0033
Iteration 40: energy = 89.9261
Iteration 50: energy = 89.8837
Iteration 60: energy = 89.6651
Iteration 70: energy = 89.5566
Iteration 80: energy = 89.4642
Iteration 90: energy = 89.3635
Iteration 100: energy = 89.2521
Iteration 110: energy = 89.1658
Iteration 120: energy = 89.0604
Iteration 130: energy = 89.0238
Iteration 140: energy = 89.0037
Iteration 150: energy = 88.9694
Iteration 160: energy = 88.9401
Iteration 170: energy = 88.9150
Iteration 180: energy = 88.9085
Iteration 190: energy = 88.9050
Iteration 200: energy = 88.8989
Iteration 210: energy = 88.8951
Iteration 220: energy = 88.8885
Iteration 230: energy = 88.8840
Iteration 240: energy = 88.8772
Iteration 250: energy = 88.8743
Iteration 260: energy = 88.8654
Iteration 270: energy = 88.8602
Iteration 280: energy = 88.8571
Iteration 290: energy = 88.8513
Iteration 300: energy = 88.8465
Iteration 310: energy = 88.8449
Iteration 320: energy = 88.8420
Iteration 330: energy = 88.8395
Iteration 340: energy = 88.8394
Iteration 350: energy = 88.8376
Iteration 360: energy = 88.8336
Iteration 370: energy = 88.8335
Iteration 380: energy = 88.8280
Iteration 390: energy = 88.8213
Iteration 400: energy = 88.8199
Iteration 410: energy = 88.8167
Iteration 420: energy = 88.8166
Iteration 430: energy = 88.8069
Iteration 440: energy = 88.8033
Iteration 450: energy = 88.8000
Iteration 460: energy = 88.7999
Iteration 470: energy = 88.7978
Iteration 10: energy = 61.4736
Iteration 20: energy = 61.3507
Iteration 30: energy = 61.2918
Iteration 40: energy = 61.1828
Iteration 50: energy = 61.1707
Iteration 60: energy = 61.1492
Iteration 70: energy = 61.1345
Iteration 80: energy = 61.1137
Iteration 90: energy = 61.0962
Iteration 100: energy = 61.0869
Iteration 110: energy = 61.0743
Iteration 120: energy = 61.0615
Iteration 130: energy = 61.0593
Iteration 140: energy = 61.0536
Iteration 150: energy = 61.0509
Iteration 160: energy = 61.0448
Iteration 170: energy = 61.0386
Iteration 180: energy = 61.0351
Iteration 190: energy = 61.0326
Iteration 200: energy = 61.0265
Iteration 210: energy = 61.0218
Iteration 220: energy = 61.0178
Initial geodesic lengths: [14.51553726196289, 6.001152992248535, 30.028032302856445, 31.930538177490234, 24.430530548095703, 8.151344299316406, 38.268531799316406, 31.036176681518555, 29.003376007080078, 4.942010402679443, 5.376898765563965, 1.3107630014419556, 31.151899337768555, 34.16962814331055, 16.57895851135254, 8.725955963134766, 10.886112213134766, 39.04512023925781, 8.866451263427734, 26.181671142578125, 33.47675323486328, 26.696714401245117, 9.425615310668945, 0.8851916193962097, 7.821520805358887]
Optimized geodesic lengths: [14.44711685180664, 6.001575469970703, 29.007122039794922, 30.843734741210938, 23.129352569580078, 8.142019271850586, 37.67903137207031, 30.22859764099121, 27.85289192199707, 4.9374237060546875, 5.375946998596191, 1.3107612133026123, 30.85030746459961, 33.23809814453125, 16.02503776550293, 8.722578048706055, 10.57184886932373, 32.73570251464844, 8.858436584472656, 26.001022338867188, 32.868896484375, 26.114727020263672, 9.42300796508789, 0.8851914405822754, 7.810665130615234]

------------------------------------------------------------
Sender: LSF System <lsfadmin@hpc.dtu.dk>
Subject: Job 24549705: <geodesics_run5> in cluster <dcc> Done

Job <geodesics_run5> was submitted from host <n-62-12-19> by user <s185927> in cluster <dcc> at Tue Apr  1 10:10:32 2025
Job was executed on host(s) <4*n-62-20-14>, in queue <gpuv100>, as user <s185927> in cluster <dcc> at Tue Apr  1 10:12:10 2025
</zhome/e3/3/139772> was used as the home directory.
</zhome/e3/3/139772/Desktop/AML/AML/github-project-2/AML-Project-2/src> was used as the working directory.
Started at Tue Apr  1 10:12:10 2025
Terminated at Tue Apr  1 10:13:03 2025
Results reported at Tue Apr  1 10:13:03 2025

Your job looked like:

------------------------------------------------------------
# LSBATCH: User input
#!/bin/bash
#BSUB -J geodesics_run5
#BSUB -q gpuv100
#BSUB -n 4
#BSUB -gpu "num=1:mode=exclusive_process"
#BSUB -W 5:00
#BSUB -R "rusage[mem=5GB]"
#BSUB -u lassesofus@gmail.com
#BSUB -o %J.out
#BSUB -e %J.err

module load cuda/11.8

source /zhome/e3/3/139772/Desktop/AML/aml_new/bin/activate

#python ensemble_vae.py --mode train --device cuda --experiment-folder ../experiment/ensemble_3_v2 --num-decoders 3 --num-t 50
python ensemble_vae.py --mode geodesics --device cuda --experiment-folder ../experiment/run5 --num-decoders 1 --num-t 50
------------------------------------------------------------

Successfully completed.

Resource usage summary:

    CPU time :                                   49.53 sec.
    Max Memory :                                 588 MB
    Average Memory :                             588.00 MB
    Total Requested Memory :                     20480.00 MB
    Delta Memory :                               19892.00 MB
    Max Swap :                                   -
    Max Processes :                              4
    Max Threads :                                9
    Run time :                                   53 sec.
    Turnaround time :                            151 sec.

The output (if any) is above this job summary.



PS:

Read file <24549705.err> for stderr output of this job.

