# Options
batch_size = 32
device = cuda
epochs_per_decoder = 200
experiment_folder = ../experiment/ensemble_3_v5
latent_dim = 2
mode = train
num_curves = 25
num_decoders = 3
num_reruns = 10
num_t = 50
samples = samples.png
# Options
batch_size = 32
device = cuda
epochs_per_decoder = 200
experiment_folder = ../experiment/ensemble_3_v5
latent_dim = 2
mode = geodesics
num_curves = 25
num_decoders = 3
num_reruns = 10
num_t = 50
samples = samples.png
Iteration 10: energy = 2614.2339
Iteration 20: energy = 2581.2395
Iteration 30: energy = 2568.9614
Iteration 40: energy = 2553.2856
Iteration 50: energy = 2536.9680
Iteration 60: energy = 2505.1838
Iteration 70: energy = 2460.2517
Iteration 80: energy = 2391.5540
Iteration 90: energy = 2347.8328
Iteration 100: energy = 2310.4766
Iteration 110: energy = 2289.0417
Iteration 120: energy = 2248.9631
Iteration 130: energy = 2214.7739
Iteration 140: energy = 2172.3062
Iteration 150: energy = 2159.5928
Iteration 160: energy = 2140.4275
Iteration 170: energy = 2130.2024
Iteration 180: energy = 2119.6311
Iteration 190: energy = 2101.7109
Iteration 200: energy = 2087.5686
Iteration 210: energy = 2064.0154
Iteration 220: energy = 2046.3512
Iteration 230: energy = 2035.1970
Iteration 240: energy = 2031.1251
Iteration 250: energy = 2024.2252
Iteration 260: energy = 2019.9808
Iteration 270: energy = 2014.7367
Iteration 280: energy = 2012.6589
Iteration 290: energy = 2009.2350
Iteration 300: energy = 2006.1497
Iteration 310: energy = 2003.0179
Iteration 320: energy = 1999.8291
Iteration 330: energy = 1997.2578
Iteration 340: energy = 1995.3258
Iteration 350: energy = 1993.0763
Iteration 360: energy = 1990.6185
Iteration 370: energy = 1988.7878
Iteration 380: energy = 1987.6606
Iteration 390: energy = 1986.9639
Iteration 400: energy = 1986.1290
Iteration 410: energy = 1985.8707
Iteration 420: energy = 1985.6411
Iteration 430: energy = 1985.3085
Iteration 440: energy = 1985.1857
Iteration 450: energy = 1985.0422
Iteration 460: energy = 1984.9854
Iteration 470: energy = 1984.8091
Iteration 480: energy = 1984.7671
Iteration 490: energy = 1984.5840
Iteration 500: energy = 1984.5835
Iteration 10: energy = 2077.3862
Iteration 20: energy = 2053.5889
Iteration 30: energy = 2048.6965
Iteration 40: energy = 2043.1796
Iteration 50: energy = 2040.3353
Iteration 60: energy = 2038.1067
Iteration 70: energy = 2035.1908
Iteration 80: energy = 2032.9193
Iteration 90: energy = 2031.8522
Iteration 100: energy = 2029.3772
Iteration 110: energy = 2028.1979
Iteration 120: energy = 2026.1450
Iteration 130: energy = 2024.2587
Iteration 140: energy = 2020.8706
Iteration 150: energy = 2016.6484
Iteration 160: energy = 2012.6058
Iteration 170: energy = 2009.6859
Iteration 180: energy = 2007.9945
Iteration 190: energy = 2003.6163
Iteration 200: energy = 2000.1215
Iteration 210: energy = 1997.6644
Iteration 220: energy = 1994.4103
Iteration 230: energy = 1992.7706
Iteration 240: energy = 1990.6121
Iteration 250: energy = 1989.9656
Iteration 260: energy = 1989.2931
Iteration 270: energy = 1988.5155
Iteration 280: energy = 1988.2117
Iteration 290: energy = 1987.5046
Iteration 300: energy = 1987.0961
Iteration 310: energy = 1986.8809
Iteration 320: energy = 1986.4675
Iteration 330: energy = 1986.0782
Iteration 340: energy = 1985.7307
Iteration 350: energy = 1985.0536
Iteration 360: energy = 1984.6324
Iteration 370: energy = 1983.7362
Iteration 380: energy = 1983.0142
Iteration 390: energy = 1981.3889
Iteration 400: energy = 1979.9197
Iteration 410: energy = 1978.4626
Iteration 420: energy = 1976.5286
Iteration 430: energy = 1974.4995
Iteration 440: energy = 1973.1521
Iteration 450: energy = 1971.9263
Iteration 460: energy = 1969.0040
Iteration 470: energy = 1967.6438
Iteration 480: energy = 1964.9113
Iteration 490: energy = 1962.9984
Iteration 500: energy = 1962.2085
Iteration 510: energy = 1961.2539
Iteration 520: energy = 1959.7185
Iteration 530: energy = 1958.3021
Iteration 540: energy = 1956.4695
Iteration 550: energy = 1954.9042
Iteration 560: energy = 1952.7865
Iteration 570: energy = 1951.8875
Iteration 580: energy = 1950.1964
Iteration 590: energy = 1949.8253
Iteration 600: energy = 1949.3638
Iteration 610: energy = 1948.8003
Iteration 620: energy = 1948.1577
Iteration 630: energy = 1947.7535
Iteration 640: energy = 1947.5582
Iteration 650: energy = 1947.2445
Iteration 660: energy = 1947.0890
Iteration 670: energy = 1947.0255
Iteration 680: energy = 1946.9163
Iteration 690: energy = 1946.8468
Iteration 700: energy = 1946.6511
Iteration 10: energy = 2119.1094
Iteration 20: energy = 2104.6045
Iteration 30: energy = 2084.3955
Iteration 40: energy = 2068.6997
Iteration 50: energy = 2055.3699
Iteration 60: energy = 2043.4336
Iteration 70: energy = 2035.4954
Iteration 80: energy = 2024.8627
Iteration 90: energy = 2011.9976
Iteration 100: energy = 1996.8210
Iteration 110: energy = 1977.9575
Iteration 120: energy = 1965.1987
Iteration 130: energy = 1954.0599
Iteration 140: energy = 1936.3640
Iteration 150: energy = 1922.0446
Iteration 160: energy = 1907.6589
Iteration 170: energy = 1895.6692
Iteration 180: energy = 1874.5660
Iteration 190: energy = 1861.4794
Iteration 200: energy = 1845.0596
Iteration 210: energy = 1829.1378
Iteration 220: energy = 1815.5796
Iteration 230: energy = 1799.4747
Iteration 240: energy = 1784.0983
Iteration 250: energy = 1775.7250
Iteration 260: energy = 1761.0599
Iteration 270: energy = 1752.8654
Iteration 280: energy = 1742.4463
Iteration 290: energy = 1732.1744
Iteration 300: energy = 1722.7190
Iteration 310: energy = 1713.0876
Iteration 320: energy = 1708.0393
Iteration 330: energy = 1700.4070
Iteration 340: energy = 1692.2819
Iteration 350: energy = 1686.4142
Iteration 360: energy = 1677.7069
Iteration 370: energy = 1672.2185
Iteration 380: energy = 1668.8646
Iteration 390: energy = 1661.0789
Iteration 400: energy = 1659.5710
Iteration 410: energy = 1656.0812
Iteration 420: energy = 1654.5338
Iteration 430: energy = 1652.5492
Iteration 440: energy = 1651.0696
Iteration 450: energy = 1650.1896
Iteration 460: energy = 1649.5503
Iteration 470: energy = 1649.4553
Iteration 480: energy = 1649.0486
Iteration 490: energy = 1648.5884
Iteration 500: energy = 1648.5790
Iteration 510: energy = 1648.3448
Iteration 520: energy = 1648.2513
Iteration 530: energy = 1648.0709
Iteration 540: energy = 1647.8035
Iteration 550: energy = 1647.7532
Iteration 560: energy = 1647.7305
Iteration 570: energy = 1647.4308
Iteration 580: energy = 1647.3972
Iteration 590: energy = 1647.3177
Iteration 600: energy = 1647.1718
Iteration 610: energy = 1647.0923
Iteration 10: energy = 2186.0837
Iteration 20: energy = 2172.2996
Iteration 30: energy = 2157.9004
Iteration 40: energy = 2146.1248
Iteration 50: energy = 2136.6604
Iteration 60: energy = 2129.1909
Iteration 70: energy = 2120.4888
Iteration 80: energy = 2116.0276
Iteration 90: energy = 2105.5525
Iteration 100: energy = 2099.2632
Iteration 110: energy = 2090.0476
Iteration 120: energy = 2084.9539
Iteration 130: energy = 2079.1526
Iteration 140: energy = 2072.8823
Iteration 150: energy = 2066.5676
Iteration 160: energy = 2060.0557
Iteration 170: energy = 2050.9360
Iteration 180: energy = 2047.1321
Iteration 190: energy = 2038.9095
Iteration 200: energy = 2034.7188
Iteration 210: energy = 2026.6134
Iteration 220: energy = 2013.6956
Iteration 230: energy = 2005.5471
Iteration 240: energy = 1999.0847
Iteration 250: energy = 1992.4391
Iteration 260: energy = 1988.6184
Iteration 270: energy = 1983.9205
Iteration 280: energy = 1978.6675
Iteration 290: energy = 1973.5977
Iteration 300: energy = 1967.8325
Iteration 310: energy = 1965.3845
Iteration 320: energy = 1962.1393
Iteration 330: energy = 1960.1616
Iteration 340: energy = 1959.1851
Iteration 350: energy = 1958.1088
Iteration 360: energy = 1957.5653
Iteration 370: energy = 1957.0730
Iteration 380: energy = 1956.7057
Iteration 390: energy = 1956.5328
Iteration 400: energy = 1956.2229
Iteration 410: energy = 1956.1470
Iteration 420: energy = 1956.1466
Iteration 10: energy = 2523.1313
Iteration 20: energy = 2508.3577
Iteration 30: energy = 2479.4414
Iteration 40: energy = 2469.1794
Iteration 50: energy = 2461.1333
Iteration 60: energy = 2450.0029
Iteration 70: energy = 2446.9155
Iteration 80: energy = 2444.9653
Iteration 90: energy = 2441.2803
Iteration 100: energy = 2439.3533
Iteration 110: energy = 2439.0012
Iteration 120: energy = 2436.4087
Iteration 130: energy = 2435.5200
Iteration 140: energy = 2432.8789
Iteration 150: energy = 2431.0620
Iteration 160: energy = 2428.6528
Iteration 170: energy = 2425.5088
Iteration 180: energy = 2422.2012
Iteration 190: energy = 2417.1533
Iteration 200: energy = 2410.3711
Iteration 210: energy = 2409.2839
Iteration 220: energy = 2406.8259
Iteration 230: energy = 2403.7715
Iteration 240: energy = 2401.3870
Iteration 250: energy = 2395.9531
Iteration 260: energy = 2392.4133
Iteration 270: energy = 2389.3252
Iteration 280: energy = 2387.8337
Iteration 290: energy = 2384.2612
Iteration 300: energy = 2380.4663
Iteration 310: energy = 2375.3574
Iteration 320: energy = 2370.8906
Iteration 330: energy = 2366.1428
Iteration 340: energy = 2362.4021
Iteration 350: energy = 2357.9578
Iteration 360: energy = 2353.1445
Iteration 370: energy = 2347.0789
Iteration 380: energy = 2342.1426
Iteration 390: energy = 2333.9255
Iteration 400: energy = 2330.2007
Iteration 410: energy = 2323.6904
Iteration 420: energy = 2319.2095
Iteration 430: energy = 2313.7227
Iteration 440: energy = 2311.7622
Iteration 450: energy = 2307.9014
Iteration 460: energy = 2303.4219
Iteration 470: energy = 2298.2686
Iteration 480: energy = 2296.5437
Iteration 490: energy = 2294.6650
Iteration 500: energy = 2291.3860
Iteration 510: energy = 2288.2480
Iteration 520: energy = 2286.8105
Iteration 530: energy = 2285.1028
Iteration 540: energy = 2284.5452
Iteration 550: energy = 2283.2014
Iteration 560: energy = 2282.7756
Iteration 570: energy = 2282.3259
Iteration 580: energy = 2282.1582
Iteration 590: energy = 2282.0525
Iteration 600: energy = 2281.8313
Iteration 610: energy = 2281.7495
Iteration 620: energy = 2281.7478
Iteration 630: energy = 2281.5618
Iteration 10: energy = 2180.5464
Iteration 20: energy = 2169.7410
Iteration 30: energy = 2161.9915
Iteration 40: energy = 2156.5039
Iteration 50: energy = 2154.6782
Iteration 60: energy = 2152.2708
Iteration 70: energy = 2150.6306
Iteration 80: energy = 2148.6204
Iteration 90: energy = 2147.3801
Iteration 100: energy = 2146.0688
Iteration 110: energy = 2145.1367
Iteration 120: energy = 2143.0452
Iteration 130: energy = 2141.3540
Iteration 140: energy = 2140.2688
Iteration 150: energy = 2137.1907
Iteration 160: energy = 2134.5820
Iteration 170: energy = 2129.4094
Iteration 180: energy = 2127.5583
Iteration 190: energy = 2125.1921
Iteration 200: energy = 2121.4558
Iteration 210: energy = 2120.2505
Iteration 220: energy = 2117.6169
Iteration 230: energy = 2114.8264
Iteration 240: energy = 2108.5254
Iteration 250: energy = 2106.9758
Iteration 260: energy = 2100.0293
Iteration 270: energy = 2097.3733
Iteration 280: energy = 2095.5112
Iteration 290: energy = 2092.2781
Iteration 300: energy = 2091.1797
Iteration 310: energy = 2089.8921
Iteration 320: energy = 2088.6863
Iteration 330: energy = 2088.3862
Iteration 340: energy = 2087.4478
Iteration 350: energy = 2086.9373
Iteration 360: energy = 2086.4829
Iteration 10: energy = 3037.8789
Iteration 20: energy = 3025.0964
Iteration 30: energy = 2999.2349
Iteration 40: energy = 2992.0947
Iteration 50: energy = 2968.5186
Iteration 60: energy = 2960.6431
Iteration 70: energy = 2933.3972
Iteration 80: energy = 2918.1506
Iteration 90: energy = 2899.4468
Iteration 100: energy = 2889.9851
Iteration 110: energy = 2876.0076
Iteration 120: energy = 2868.4539
Iteration 130: energy = 2863.0793
Iteration 140: energy = 2848.3765
Iteration 150: energy = 2841.6953
Iteration 160: energy = 2835.6230
Iteration 170: energy = 2828.5613
Iteration 180: energy = 2824.7180
Iteration 190: energy = 2819.9478
Iteration 200: energy = 2813.9851
Iteration 210: energy = 2810.9763
Iteration 220: energy = 2805.2842
Iteration 230: energy = 2801.1851
Iteration 240: energy = 2796.5396
Iteration 250: energy = 2790.8064
Iteration 260: energy = 2785.2239
Iteration 270: energy = 2780.8669
Iteration 280: energy = 2771.7507
Iteration 290: energy = 2767.8767
Iteration 300: energy = 2760.0220
Iteration 310: energy = 2751.8743
Iteration 320: energy = 2744.0459
Iteration 330: energy = 2735.9434
Iteration 340: energy = 2725.8455
Iteration 350: energy = 2722.1240
Iteration 360: energy = 2720.5459
Iteration 370: energy = 2716.6743
Iteration 380: energy = 2715.3357
Iteration 390: energy = 2713.2114
Iteration 400: energy = 2710.4658
Iteration 410: energy = 2708.6084
Iteration 420: energy = 2706.8765
Iteration 430: energy = 2705.3682
Iteration 440: energy = 2704.6914
Iteration 450: energy = 2703.9207
Iteration 460: energy = 2702.7576
Iteration 470: energy = 2702.4939
Iteration 480: energy = 2702.0151
Iteration 490: energy = 2701.6641
Iteration 500: energy = 2701.4390
Iteration 510: energy = 2701.2615
Iteration 520: energy = 2701.2585
Iteration 530: energy = 2701.2563
Iteration 10: energy = 1954.4933
Iteration 20: energy = 1941.8922
Iteration 30: energy = 1919.0345
Iteration 40: energy = 1905.5527
Iteration 50: energy = 1884.6921
Iteration 60: energy = 1877.2520
Iteration 70: energy = 1862.7744
Iteration 80: energy = 1851.3315
Iteration 90: energy = 1841.9301
Iteration 100: energy = 1818.8945
Iteration 110: energy = 1799.2935
Iteration 120: energy = 1784.4802
Iteration 130: energy = 1763.4579
Iteration 140: energy = 1754.2454
Iteration 150: energy = 1738.8289
Iteration 160: energy = 1719.0074
Iteration 170: energy = 1707.5710
Iteration 180: energy = 1697.6626
Iteration 190: energy = 1688.9913
Iteration 200: energy = 1677.5179
Iteration 210: energy = 1671.2806
Iteration 220: energy = 1663.3644
Iteration 230: energy = 1660.7520
Iteration 240: energy = 1656.1174
Iteration 250: energy = 1650.1503
Iteration 260: energy = 1644.3226
Iteration 270: energy = 1634.1206
Iteration 280: energy = 1628.0359
Iteration 290: energy = 1621.4003
Iteration 300: energy = 1618.2650
Iteration 310: energy = 1613.7543
Iteration 320: energy = 1612.9977
Iteration 330: energy = 1611.3418
Iteration 340: energy = 1609.7480
Iteration 350: energy = 1608.3405
Iteration 360: energy = 1607.4474
Iteration 370: energy = 1606.5677
Iteration 380: energy = 1605.8163
Iteration 390: energy = 1605.5312
Iteration 400: energy = 1605.0198
Iteration 10: energy = 3275.9094
Iteration 20: energy = 3239.8337
Iteration 30: energy = 3208.0154
Iteration 40: energy = 3168.2024
Iteration 50: energy = 3101.9668
Iteration 60: energy = 3029.2913
Iteration 70: energy = 2973.0603
Iteration 80: energy = 2930.4856
Iteration 90: energy = 2917.2881
Iteration 100: energy = 2894.5039
Iteration 110: energy = 2883.2212
Iteration 120: energy = 2870.6453
Iteration 130: energy = 2861.9614
Iteration 140: energy = 2856.2437
Iteration 150: energy = 2852.5928
Iteration 160: energy = 2848.3672
Iteration 170: energy = 2845.4780
Iteration 180: energy = 2843.3486
Iteration 190: energy = 2840.1685
Iteration 200: energy = 2838.8867
Iteration 210: energy = 2838.1846
Iteration 220: energy = 2836.8579
Iteration 230: energy = 2836.3276
Iteration 240: energy = 2836.2195
Iteration 250: energy = 2835.3645
Iteration 260: energy = 2834.7444
Iteration 270: energy = 2834.0039
Iteration 280: energy = 2833.5857
Iteration 290: energy = 2831.3528
Iteration 300: energy = 2830.8730
Iteration 310: energy = 2828.6194
Iteration 320: energy = 2826.8455
Iteration 330: energy = 2826.1174
Iteration 340: energy = 2824.1836
Iteration 350: energy = 2822.8621
Iteration 360: energy = 2820.9785
Iteration 370: energy = 2818.7297
Iteration 380: energy = 2817.5996
Iteration 390: energy = 2815.8677
Iteration 400: energy = 2814.3926
Iteration 410: energy = 2812.9800
Iteration 420: energy = 2811.4253
Iteration 430: energy = 2810.1897
Iteration 440: energy = 2808.8738
Iteration 450: energy = 2808.2332
Iteration 460: energy = 2807.3889
Iteration 470: energy = 2806.5017
Iteration 480: energy = 2805.7859
Iteration 490: energy = 2805.5430
Iteration 500: energy = 2804.7944
Iteration 510: energy = 2804.4971
Iteration 520: energy = 2803.8555
Iteration 530: energy = 2803.5457
Iteration 540: energy = 2803.1895
Iteration 550: energy = 2802.9314
Iteration 10: energy = 573.1867
Iteration 20: energy = 560.2490
Iteration 30: energy = 545.9709
Iteration 40: energy = 544.7202
Iteration 50: energy = 544.2865
Iteration 60: energy = 543.4985
Iteration 70: energy = 542.2462
Iteration 80: energy = 541.8373
Iteration 90: energy = 541.6107
Iteration 100: energy = 541.3946
Iteration 110: energy = 541.1051
Iteration 120: energy = 540.7031
Iteration 130: energy = 540.5873
Iteration 140: energy = 540.5189
Iteration 150: energy = 540.2518
Iteration 160: energy = 540.2051
Iteration 170: energy = 540.1888
Iteration 180: energy = 540.0866
Iteration 190: energy = 540.0159
Iteration 10: energy = 777.1125
Iteration 20: energy = 741.5732
Iteration 30: energy = 730.9662
Iteration 40: energy = 724.0916
Iteration 50: energy = 720.8334
Iteration 60: energy = 718.5204
Iteration 70: energy = 716.9730
Iteration 80: energy = 715.0325
Iteration 90: energy = 713.6915
Iteration 100: energy = 712.6074
Iteration 110: energy = 710.2170
Iteration 120: energy = 709.1469
Iteration 130: energy = 707.2740
Iteration 140: energy = 706.3796
Iteration 150: energy = 704.6967
Iteration 160: energy = 703.7972
Iteration 170: energy = 702.4970
Iteration 180: energy = 700.8542
Iteration 190: energy = 698.6410
Iteration 200: energy = 696.5615
Iteration 210: energy = 694.4078
Iteration 220: energy = 692.8549
Iteration 230: energy = 691.0613
Iteration 240: energy = 689.2111
Iteration 250: energy = 686.1882
Iteration 260: energy = 684.7935
Iteration 270: energy = 682.9020
Iteration 280: energy = 682.1002
Iteration 290: energy = 681.4260
Iteration 300: energy = 680.4109
Iteration 310: energy = 679.6678
Iteration 320: energy = 679.3672
Iteration 330: energy = 678.9171
Iteration 340: energy = 678.3833
Iteration 350: energy = 678.2619
Iteration 360: energy = 678.2344
Iteration 370: energy = 678.1124
Iteration 380: energy = 678.0421
Iteration 390: energy = 677.9858
Iteration 400: energy = 677.9449
Iteration 10: energy = 1887.1497
Iteration 20: energy = 1842.4270
Iteration 30: energy = 1815.8417
Iteration 40: energy = 1798.3585
Iteration 50: energy = 1768.3953
Iteration 60: energy = 1755.1246
Iteration 70: energy = 1744.4180
Iteration 80: energy = 1734.8818
Iteration 90: energy = 1728.9387
Iteration 100: energy = 1721.6040
Iteration 110: energy = 1718.3895
Iteration 120: energy = 1714.9370
Iteration 130: energy = 1712.8798
Iteration 140: energy = 1709.8215
Iteration 150: energy = 1709.7924
Iteration 160: energy = 1708.9119
Iteration 170: energy = 1708.5159
Iteration 180: energy = 1708.1127
Iteration 190: energy = 1707.9840
Iteration 200: energy = 1707.9003
Iteration 210: energy = 1707.7090
Iteration 220: energy = 1707.6639
Iteration 230: energy = 1707.6620
Iteration 240: energy = 1707.6130
Iteration 250: energy = 1707.6096
Iteration 260: energy = 1707.6091
Iteration 270: energy = 1707.5620
Iteration 10: energy = 2857.7124
Iteration 20: energy = 2809.6018
Iteration 30: energy = 2748.0894
Iteration 40: energy = 2706.5967
Iteration 50: energy = 2651.8679
Iteration 60: energy = 2626.9226
Iteration 70: energy = 2602.9700
Iteration 80: energy = 2581.3765
Iteration 90: energy = 2564.6338
Iteration 100: energy = 2555.2312
Iteration 110: energy = 2537.1665
Iteration 120: energy = 2523.0723
Iteration 130: energy = 2514.1270
Iteration 140: energy = 2503.5925
Iteration 150: energy = 2491.2446
Iteration 160: energy = 2482.8855
Iteration 170: energy = 2468.4333
Iteration 180: energy = 2454.9172
Iteration 190: energy = 2440.3716
Iteration 200: energy = 2432.8035
Iteration 210: energy = 2425.9556
Iteration 220: energy = 2414.8860
Iteration 230: energy = 2409.7776
Iteration 240: energy = 2399.8696
Iteration 250: energy = 2391.0664
Iteration 260: energy = 2381.2231
Iteration 270: energy = 2369.1956
Iteration 280: energy = 2367.2490
Iteration 290: energy = 2363.7568
Iteration 300: energy = 2357.0771
Iteration 310: energy = 2353.3586
Iteration 320: energy = 2349.8411
Iteration 330: energy = 2346.4958
Iteration 340: energy = 2343.3481
Iteration 350: energy = 2342.1926
Iteration 360: energy = 2341.0161
Iteration 370: energy = 2340.7327
Iteration 380: energy = 2340.3530
Iteration 390: energy = 2340.0916
Iteration 400: energy = 2339.6868
Iteration 410: energy = 2339.6841
Iteration 420: energy = 2339.1628
Iteration 430: energy = 2338.7334
Iteration 440: energy = 2338.1418
Iteration 450: energy = 2338.0862
Iteration 460: energy = 2337.7412
Iteration 470: energy = 2337.2903
Iteration 480: energy = 2336.6687
Iteration 490: energy = 2336.3169
Iteration 500: energy = 2335.9146
Iteration 510: energy = 2335.5627
Iteration 520: energy = 2335.3486
Iteration 530: energy = 2335.1978
Iteration 540: energy = 2334.5940
Iteration 550: energy = 2334.2207
Iteration 560: energy = 2332.1799
Iteration 570: energy = 2327.3999
Iteration 580: energy = 2322.6558
Iteration 590: energy = 2305.5464
Iteration 600: energy = 2290.2900
Iteration 610: energy = 2283.7307
Iteration 620: energy = 2280.3381
Iteration 630: energy = 2276.8779
Iteration 640: energy = 2275.0649
Iteration 650: energy = 2274.8083
Iteration 660: energy = 2274.7703
Iteration 670: energy = 2273.9651
Iteration 680: energy = 2273.4622
Iteration 690: energy = 2272.9595
Iteration 700: energy = 2272.2039
Iteration 710: energy = 2271.7090
Iteration 720: energy = 2271.3320
Iteration 730: energy = 2271.1958
Iteration 740: energy = 2270.8623
Iteration 750: energy = 2270.8491
Iteration 760: energy = 2270.4758
Iteration 770: energy = 2270.4751
Iteration 780: energy = 2270.3049
Iteration 790: energy = 2270.2551
Iteration 800: energy = 2270.0588
Iteration 810: energy = 2269.9180
Iteration 820: energy = 2269.9170
Iteration 10: energy = 2362.4333
Iteration 20: energy = 2354.1633
Iteration 30: energy = 2337.6206
Iteration 40: energy = 2318.6064
Iteration 50: energy = 2304.7380
Iteration 60: energy = 2295.4258
Iteration 70: energy = 2288.4099
Iteration 80: energy = 2274.9514
Iteration 90: energy = 2262.4429
Iteration 100: energy = 2256.4326
Iteration 110: energy = 2248.0930
Iteration 120: energy = 2241.6074
Iteration 130: energy = 2238.2952
Iteration 140: energy = 2229.6445
Iteration 150: energy = 2226.6760
Iteration 160: energy = 2223.3787
Iteration 170: energy = 2212.6470
Iteration 180: energy = 2206.1421
Iteration 190: energy = 2202.0139
Iteration 200: energy = 2194.5198
Iteration 210: energy = 2191.1106
Iteration 220: energy = 2186.3020
Iteration 230: energy = 2183.2261
Iteration 240: energy = 2178.7937
Iteration 250: energy = 2173.4194
Iteration 260: energy = 2168.1982
Iteration 270: energy = 2166.6838
Iteration 280: energy = 2160.9221
Iteration 290: energy = 2157.3638
Iteration 300: energy = 2152.2495
Iteration 310: energy = 2149.5698
Iteration 320: energy = 2145.1902
Iteration 330: energy = 2142.1121
Iteration 340: energy = 2139.2263
Iteration 350: energy = 2136.7705
Iteration 360: energy = 2134.3469
Iteration 370: energy = 2132.5269
Iteration 380: energy = 2131.7720
Iteration 390: energy = 2130.9387
Iteration 400: energy = 2130.5276
Iteration 410: energy = 2130.0056
Iteration 420: energy = 2130.0044
Iteration 430: energy = 2129.8823
Iteration 440: energy = 2129.7629
Iteration 10: energy = 1712.5916
Iteration 20: energy = 1613.0760
Iteration 30: energy = 1604.6354
Iteration 40: energy = 1589.9521
Iteration 50: energy = 1580.8828
Iteration 60: energy = 1558.4807
Iteration 70: energy = 1517.2893
Iteration 80: energy = 1502.3594
Iteration 90: energy = 1477.2772
Iteration 100: energy = 1473.1100
Iteration 110: energy = 1468.7078
Iteration 120: energy = 1464.8138
Iteration 130: energy = 1464.0531
Iteration 140: energy = 1462.6232
Iteration 150: energy = 1461.1156
Iteration 160: energy = 1459.6526
Iteration 170: energy = 1459.1525
Iteration 180: energy = 1458.7789
Iteration 190: energy = 1458.4113
Iteration 200: energy = 1457.9786
Iteration 210: energy = 1457.8275
Iteration 220: energy = 1457.7360
Iteration 230: energy = 1457.4695
Iteration 240: energy = 1457.4680
Iteration 250: energy = 1457.4672
Iteration 260: energy = 1457.3190
Iteration 270: energy = 1457.2264
Iteration 280: energy = 1457.1946
Iteration 290: energy = 1457.1106
Iteration 300: energy = 1457.0686
Iteration 310: energy = 1457.0403
Iteration 320: energy = 1456.9391
Iteration 10: energy = 2063.9253
Iteration 20: energy = 2051.7212
Iteration 30: energy = 2046.2656
Iteration 40: energy = 2042.2495
Iteration 50: energy = 2036.0223
Iteration 60: energy = 2032.8787
Iteration 70: energy = 2030.7295
Iteration 80: energy = 2028.3658
Iteration 90: energy = 2026.1019
Iteration 100: energy = 2023.9550
Iteration 110: energy = 2021.9232
Iteration 120: energy = 2020.1464
Iteration 130: energy = 2018.8273
Iteration 140: energy = 2016.6667
Iteration 150: energy = 2015.9567
Iteration 160: energy = 2014.0778
Iteration 170: energy = 2013.9167
Iteration 180: energy = 2012.4636
Iteration 190: energy = 2011.5607
Iteration 200: energy = 2010.6497
Iteration 210: energy = 2010.3818
Iteration 220: energy = 2010.0773
Iteration 230: energy = 2009.8057
Iteration 240: energy = 2009.7175
Iteration 250: energy = 2009.6848
Iteration 260: energy = 2009.5652
Iteration 270: energy = 2009.3533
Iteration 280: energy = 2009.2518
Iteration 290: energy = 2008.9749
Iteration 300: energy = 2008.8969
Iteration 310: energy = 2008.7209
Iteration 320: energy = 2008.5552
Iteration 10: energy = 1141.5236
Iteration 20: energy = 1040.7959
Iteration 30: energy = 1008.2126
Iteration 40: energy = 971.8224
Iteration 50: energy = 957.8107
Iteration 60: energy = 932.2071
Iteration 70: energy = 915.0706
Iteration 80: energy = 912.0812
Iteration 90: energy = 907.9485
Iteration 100: energy = 905.4247
Iteration 110: energy = 903.4086
Iteration 120: energy = 902.3400
Iteration 130: energy = 902.1071
Iteration 140: energy = 901.7859
Iteration 150: energy = 901.4813
Iteration 160: energy = 901.3975
Iteration 170: energy = 901.3972
Iteration 180: energy = 901.3065
Iteration 190: energy = 901.0859
Iteration 200: energy = 901.0834
Iteration 210: energy = 900.9661
Iteration 220: energy = 900.8546
Iteration 230: energy = 900.8538
Iteration 240: energy = 900.6553
Iteration 250: energy = 900.4881
Iteration 260: energy = 900.0031
Iteration 270: energy = 898.0265
Iteration 280: energy = 897.1424
Iteration 290: energy = 894.4371
Iteration 300: energy = 891.0059
Iteration 310: energy = 888.6088
Iteration 320: energy = 887.7120
Iteration 330: energy = 885.6567
Iteration 340: energy = 884.1604
Iteration 350: energy = 882.8541
Iteration 360: energy = 881.3378
Iteration 370: energy = 879.3488
Iteration 380: energy = 876.2410
Iteration 390: energy = 871.9201
Iteration 400: energy = 864.2754
Iteration 410: energy = 860.0877
Iteration 420: energy = 851.8112
Iteration 430: energy = 848.6824
Iteration 440: energy = 846.8696
Iteration 450: energy = 844.9041
Iteration 460: energy = 844.1047
Iteration 470: energy = 843.0927
Iteration 480: energy = 842.7549
Iteration 490: energy = 842.5851
Iteration 500: energy = 842.3586
Iteration 510: energy = 842.0782
Iteration 520: energy = 842.0051
Iteration 530: energy = 841.9521
Iteration 540: energy = 841.9518
Iteration 550: energy = 841.9513
Iteration 560: energy = 841.8957
Iteration 570: energy = 841.8879
Iteration 10: energy = 2936.8867
Iteration 20: energy = 2884.0427
Iteration 30: energy = 2816.2231
Iteration 40: energy = 2786.4692
Iteration 50: energy = 2750.0527
Iteration 60: energy = 2730.5952
Iteration 70: energy = 2718.3337
Iteration 80: energy = 2712.9395
Iteration 90: energy = 2702.4507
Iteration 100: energy = 2689.0063
Iteration 110: energy = 2680.0640
Iteration 120: energy = 2671.3486
Iteration 130: energy = 2653.6848
Iteration 140: energy = 2648.6050
Iteration 150: energy = 2639.7029
Iteration 160: energy = 2634.0862
Iteration 170: energy = 2629.7808
Iteration 180: energy = 2622.5635
Iteration 190: energy = 2616.6787
Iteration 200: energy = 2612.4197
Iteration 210: energy = 2608.3984
Iteration 220: energy = 2607.1406
Iteration 230: energy = 2605.2729
Iteration 240: energy = 2603.7209
Iteration 250: energy = 2603.5779
Iteration 260: energy = 2603.3496
Iteration 270: energy = 2602.8950
Iteration 280: energy = 2602.3733
Iteration 290: energy = 2602.1304
Iteration 300: energy = 2602.0396
Iteration 310: energy = 2601.8489
Iteration 320: energy = 2601.7224
Iteration 330: energy = 2601.7212
Iteration 10: energy = 2938.2114
Iteration 20: energy = 2930.4907
Iteration 30: energy = 2913.6846
Iteration 40: energy = 2904.7446
Iteration 50: energy = 2887.1465
Iteration 60: energy = 2870.6294
Iteration 70: energy = 2863.5518
Iteration 80: energy = 2852.7134
Iteration 90: energy = 2846.5833
Iteration 100: energy = 2841.1570
Iteration 110: energy = 2837.2476
Iteration 120: energy = 2832.6655
Iteration 130: energy = 2828.7749
Iteration 140: energy = 2827.8989
Iteration 150: energy = 2824.6130
Iteration 160: energy = 2823.6050
Iteration 170: energy = 2823.0813
Iteration 180: energy = 2821.6331
Iteration 190: energy = 2819.2939
Iteration 200: energy = 2816.7407
Iteration 210: energy = 2814.6829
Iteration 220: energy = 2809.6157
Iteration 230: energy = 2803.6453
Iteration 240: energy = 2798.2671
Iteration 250: energy = 2796.7524
Iteration 260: energy = 2793.1233
Iteration 270: energy = 2791.4744
Iteration 280: energy = 2791.0930
Iteration 290: energy = 2789.4436
Iteration 300: energy = 2788.2783
Iteration 310: energy = 2786.6006
Iteration 320: energy = 2785.5437
Iteration 330: energy = 2784.2031
Iteration 340: energy = 2783.7170
Iteration 350: energy = 2783.4417
Iteration 360: energy = 2782.2483
Iteration 370: energy = 2781.6875
Iteration 380: energy = 2781.2219
Iteration 390: energy = 2780.5093
Iteration 400: energy = 2779.8162
Iteration 410: energy = 2779.1899
Iteration 420: energy = 2778.5491
Iteration 430: energy = 2777.7881
Iteration 440: energy = 2777.5498
Iteration 450: energy = 2775.9128
Iteration 460: energy = 2774.9751
Iteration 470: energy = 2772.6670
Iteration 480: energy = 2769.7749
Iteration 490: energy = 2764.1279
Iteration 500: energy = 2756.6487
Iteration 510: energy = 2753.4744
Iteration 520: energy = 2747.9746
Iteration 530: energy = 2746.3359
Iteration 540: energy = 2744.7285
Iteration 550: energy = 2742.4348
Iteration 560: energy = 2739.6191
Iteration 570: energy = 2738.0698
Iteration 580: energy = 2736.6099
Iteration 590: energy = 2735.7070
Iteration 600: energy = 2734.6536
Iteration 610: energy = 2733.8252
Iteration 620: energy = 2733.5139
Iteration 630: energy = 2733.0823
Iteration 640: energy = 2732.6050
Iteration 650: energy = 2731.7954
Iteration 660: energy = 2731.3455
Iteration 10: energy = 3309.9622
Iteration 20: energy = 3296.9722
Iteration 30: energy = 3259.6741
Iteration 40: energy = 3232.2539
Iteration 50: energy = 3185.7295
Iteration 60: energy = 3137.7751
Iteration 70: energy = 3094.9282
Iteration 80: energy = 3061.3408
Iteration 90: energy = 3037.1235
Iteration 100: energy = 2988.9673
Iteration 110: energy = 2954.1150
Iteration 120: energy = 2917.4431
Iteration 130: energy = 2883.2898
Iteration 140: energy = 2853.6167
Iteration 150: energy = 2836.5789
Iteration 160: energy = 2827.5891
Iteration 170: energy = 2821.0864
Iteration 180: energy = 2811.4084
Iteration 190: energy = 2800.0112
Iteration 200: energy = 2782.8579
Iteration 210: energy = 2764.5720
Iteration 220: energy = 2751.1023
Iteration 230: energy = 2723.5173
Iteration 240: energy = 2702.4629
Iteration 250: energy = 2669.2354
Iteration 260: energy = 2641.2061
Iteration 270: energy = 2609.5989
Iteration 280: energy = 2579.6985
Iteration 290: energy = 2549.0239
Iteration 300: energy = 2521.4910
Iteration 310: energy = 2502.8525
Iteration 320: energy = 2481.7317
Iteration 330: energy = 2466.2795
Iteration 340: energy = 2446.7605
Iteration 350: energy = 2442.6936
Iteration 360: energy = 2429.9290
Iteration 370: energy = 2423.9631
Iteration 380: energy = 2415.1006
Iteration 390: energy = 2408.7368
Iteration 400: energy = 2399.1841
Iteration 410: energy = 2395.2859
Iteration 420: energy = 2391.6462
Iteration 430: energy = 2382.5278
Iteration 440: energy = 2379.1169
Iteration 450: energy = 2373.9661
Iteration 460: energy = 2372.0364
Iteration 470: energy = 2369.7642
Iteration 480: energy = 2365.3513
Iteration 490: energy = 2363.3320
Iteration 500: energy = 2362.3347
Iteration 510: energy = 2360.9404
Iteration 520: energy = 2359.0520
Iteration 530: energy = 2357.4868
Iteration 540: energy = 2356.6223
Iteration 550: energy = 2356.1277
Iteration 560: energy = 2355.8982
Iteration 570: energy = 2355.3262
Iteration 580: energy = 2355.0903
Iteration 590: energy = 2354.8657
Iteration 600: energy = 2354.4019
Iteration 610: energy = 2354.0183
Iteration 620: energy = 2353.8958
Iteration 630: energy = 2353.7334
Iteration 640: energy = 2353.6248
Iteration 650: energy = 2353.6238
Iteration 660: energy = 2353.5767
Iteration 10: energy = 2334.7803
Iteration 20: energy = 2315.8835
Iteration 30: energy = 2298.8015
Iteration 40: energy = 2295.4968
Iteration 50: energy = 2290.8015
Iteration 60: energy = 2285.6909
Iteration 70: energy = 2280.5903
Iteration 80: energy = 2269.1929
Iteration 90: energy = 2260.9719
Iteration 100: energy = 2255.3137
Iteration 110: energy = 2248.6377
Iteration 120: energy = 2236.5229
Iteration 130: energy = 2228.0544
Iteration 140: energy = 2221.7400
Iteration 150: energy = 2216.8145
Iteration 160: energy = 2211.0618
Iteration 170: energy = 2208.9490
Iteration 180: energy = 2204.5569
Iteration 190: energy = 2199.5715
Iteration 200: energy = 2192.0234
Iteration 210: energy = 2187.7356
Iteration 220: energy = 2184.5132
Iteration 230: energy = 2180.7283
Iteration 240: energy = 2174.2236
Iteration 250: energy = 2168.4990
Iteration 260: energy = 2162.7437
Iteration 270: energy = 2156.7083
Iteration 280: energy = 2148.7065
Iteration 290: energy = 2143.5769
Iteration 300: energy = 2135.7239
Iteration 310: energy = 2130.2744
Iteration 320: energy = 2121.2344
Iteration 330: energy = 2116.1982
Iteration 340: energy = 2107.2454
Iteration 350: energy = 2098.2993
Iteration 360: energy = 2088.0376
Iteration 370: energy = 2084.8962
Iteration 380: energy = 2074.6826
Iteration 390: energy = 2064.9626
Iteration 400: energy = 2062.8535
Iteration 410: energy = 2059.9390
Iteration 420: energy = 2054.9309
Iteration 430: energy = 2049.7727
Iteration 440: energy = 2046.3979
Iteration 450: energy = 2042.3276
Iteration 460: energy = 2039.1300
Iteration 470: energy = 2034.0437
Iteration 480: energy = 2032.0364
Iteration 490: energy = 2026.3777
Iteration 500: energy = 2024.6104
Iteration 510: energy = 2022.0551
Iteration 520: energy = 2020.6625
Iteration 530: energy = 2019.3162
Iteration 540: energy = 2018.3033
Iteration 550: energy = 2017.4594
Iteration 560: energy = 2017.0874
Iteration 570: energy = 2016.9445
Iteration 580: energy = 2016.5721
Iteration 590: energy = 2016.3873
Iteration 600: energy = 2016.1025
Iteration 610: energy = 2016.0298
Iteration 620: energy = 2015.9705
Iteration 630: energy = 2015.8112
Iteration 640: energy = 2015.7570
Iteration 650: energy = 2015.7081
Iteration 660: energy = 2015.7078
Iteration 10: energy = 2384.0332
Iteration 20: energy = 2374.8438
Iteration 30: energy = 2354.5029
Iteration 40: energy = 2341.1514
Iteration 50: energy = 2325.5769
Iteration 60: energy = 2314.7771
Iteration 70: energy = 2305.8809
Iteration 80: energy = 2296.4592
Iteration 90: energy = 2290.4463
Iteration 100: energy = 2282.9412
Iteration 110: energy = 2271.7537
Iteration 120: energy = 2257.7646
Iteration 130: energy = 2247.8948
Iteration 140: energy = 2241.3186
Iteration 150: energy = 2235.5054
Iteration 160: energy = 2227.3401
Iteration 170: energy = 2222.5647
Iteration 180: energy = 2219.6304
Iteration 190: energy = 2212.4854
Iteration 200: energy = 2209.6858
Iteration 210: energy = 2206.9631
Iteration 220: energy = 2204.2900
Iteration 230: energy = 2199.8274
Iteration 240: energy = 2199.4324
Iteration 250: energy = 2196.7583
Iteration 260: energy = 2193.8850
Iteration 270: energy = 2192.1731
Iteration 280: energy = 2188.5906
Iteration 290: energy = 2184.6125
Iteration 300: energy = 2182.6846
Iteration 310: energy = 2178.8477
Iteration 320: energy = 2175.3643
Iteration 330: energy = 2171.2495
Iteration 340: energy = 2168.5352
Iteration 350: energy = 2164.8308
Iteration 360: energy = 2161.4934
Iteration 370: energy = 2160.3616
Iteration 380: energy = 2158.5664
Iteration 390: energy = 2157.6882
Iteration 400: energy = 2155.9636
Iteration 410: energy = 2154.9077
Iteration 420: energy = 2153.7803
Iteration 430: energy = 2152.4592
Iteration 440: energy = 2151.5002
Iteration 450: energy = 2151.0098
Iteration 460: energy = 2150.7166
Iteration 470: energy = 2150.3894
Iteration 480: energy = 2150.2837
Iteration 490: energy = 2150.1428
Iteration 500: energy = 2149.5994
Iteration 510: energy = 2149.4536
Iteration 520: energy = 2149.3096
Iteration 530: energy = 2149.1809
Iteration 540: energy = 2149.1772
Iteration 550: energy = 2148.8459
Iteration 560: energy = 2148.7197
Iteration 570: energy = 2148.6455
Iteration 10: energy = 2260.2056
Iteration 20: energy = 2225.2034
Iteration 30: energy = 2211.8010
Iteration 40: energy = 2208.3230
Iteration 50: energy = 2201.7480
Iteration 60: energy = 2199.0735
Iteration 70: energy = 2197.3821
Iteration 80: energy = 2195.1960
Iteration 90: energy = 2192.1667
Iteration 100: energy = 2190.2307
Iteration 110: energy = 2186.9429
Iteration 120: energy = 2184.5752
Iteration 130: energy = 2182.9834
Iteration 140: energy = 2181.2329
Iteration 150: energy = 2179.5625
Iteration 160: energy = 2178.2539
Iteration 170: energy = 2177.5273
Iteration 180: energy = 2174.6768
Iteration 190: energy = 2171.3003
Iteration 200: energy = 2169.2791
Iteration 210: energy = 2166.8594
Iteration 220: energy = 2162.6531
Iteration 230: energy = 2159.1748
Iteration 240: energy = 2156.8474
Iteration 250: energy = 2152.1562
Iteration 260: energy = 2148.6594
Iteration 270: energy = 2144.4968
Iteration 280: energy = 2142.1365
Iteration 290: energy = 2140.5261
Iteration 300: energy = 2138.6260
Iteration 310: energy = 2137.4932
Iteration 320: energy = 2136.6028
Iteration 330: energy = 2135.9812
Iteration 340: energy = 2135.6741
Iteration 350: energy = 2135.0984
Iteration 360: energy = 2134.6851
Iteration 370: energy = 2134.0940
Iteration 380: energy = 2133.5334
Iteration 390: energy = 2132.7043
Iteration 400: energy = 2132.4045
Iteration 410: energy = 2131.5564
Iteration 420: energy = 2129.6208
Iteration 430: energy = 2128.6873
Iteration 440: energy = 2127.4375
Iteration 450: energy = 2126.1667
Iteration 460: energy = 2125.5942
Iteration 10: energy = 1477.7531
Iteration 20: energy = 1300.2279
Iteration 30: energy = 1170.4393
Iteration 40: energy = 1121.7455
Iteration 50: energy = 1006.6439
Iteration 60: energy = 955.9280
Iteration 70: energy = 943.9280
Iteration 80: energy = 932.5256
Iteration 90: energy = 927.5135
Iteration 100: energy = 919.8888
Iteration 110: energy = 917.3347
Iteration 120: energy = 915.0352
Iteration 130: energy = 913.0433
Iteration 140: energy = 912.7162
Iteration 150: energy = 911.5620
Iteration 160: energy = 910.9675
Iteration 170: energy = 910.6466
Iteration 180: energy = 910.4796
Iteration 190: energy = 910.4061
Iteration 200: energy = 910.3018
Iteration 210: energy = 910.1827
Iteration 220: energy = 910.1577
Iteration 230: energy = 910.1073
Iteration 240: energy = 910.1069
Iteration 10: energy = 2320.6880
Iteration 20: energy = 2307.8252
Iteration 30: energy = 2297.4534
Iteration 40: energy = 2292.8911
Iteration 50: energy = 2286.0173
Iteration 60: energy = 2283.4939
Iteration 70: energy = 2281.2966
Iteration 80: energy = 2279.8345
Iteration 90: energy = 2277.7688
Iteration 100: energy = 2276.2795
Iteration 110: energy = 2274.1533
Iteration 120: energy = 2272.2744
Iteration 130: energy = 2271.3584
Iteration 140: energy = 2270.3877
Iteration 150: energy = 2269.8618
Iteration 160: energy = 2269.5134
Iteration 170: energy = 2268.4800
Iteration 180: energy = 2267.5769
Iteration 190: energy = 2266.6064
Iteration 200: energy = 2265.7112
Iteration 210: energy = 2263.4910
Iteration 220: energy = 2262.5339
Iteration 230: energy = 2261.3896
Iteration 240: energy = 2261.0122
Iteration 250: energy = 2260.0439
Iteration 260: energy = 2259.2422
Iteration 270: energy = 2258.3323
Iteration 280: energy = 2257.2810
Iteration 290: energy = 2256.3967
Iteration 300: energy = 2255.7036
Iteration 310: energy = 2255.5923
Iteration 320: energy = 2254.8779
Iteration 330: energy = 2254.4985
Iteration 340: energy = 2254.3132
Initial geodesic lengths: [tensor(47.3898, device='cuda:0'), tensor(39.7788, device='cuda:0'), tensor(42.3888, device='cuda:0'), tensor(43.6782, device='cuda:0'), tensor(46.7928, device='cuda:0'), tensor(41.3764, device='cuda:0'), tensor(51.6934, device='cuda:0'), tensor(41.2593, device='cuda:0'), tensor(54.5980, device='cuda:0'), tensor(21.1111, device='cuda:0'), tensor(25.2963, device='cuda:0'), tensor(36.3196, device='cuda:0'), tensor(51.0272, device='cuda:0'), tensor(45.3173, device='cuda:0'), tensor(38.2570, device='cuda:0'), tensor(40.6095, device='cuda:0'), tensor(30.4086, device='cuda:0'), tensor(51.2204, device='cuda:0'), tensor(50.4331, device='cuda:0'), tensor(53.1400, device='cuda:0'), tensor(44.6207, device='cuda:0'), tensor(45.6044, device='cuda:0'), tensor(41.8025, device='cuda:0'), tensor(33.9066, device='cuda:0'), tensor(42.4983, device='cuda:0')]
Optimized geodesic lengths: [tensor(37.8306, device='cuda:0'), tensor(39.5533, device='cuda:0'), tensor(34.8348, device='cuda:0'), tensor(39.2596, device='cuda:0'), tensor(42.9677, device='cuda:0'), tensor(40.1678, device='cuda:0'), tensor(46.4865, device='cuda:0'), tensor(34.2041, device='cuda:0'), tensor(49.1558, device='cuda:0'), tensor(20.0178, device='cuda:0'), tensor(23.3620, device='cuda:0'), tensor(35.5564, device='cuda:0'), tensor(42.6807, device='cuda:0'), tensor(40.7658, device='cuda:0'), tensor(34.3326, device='cuda:0'), tensor(39.5582, device='cuda:0'), tensor(24.6383, device='cuda:0'), tensor(47.8360, device='cuda:0'), tensor(48.6793, device='cuda:0'), tensor(42.0571, device='cuda:0'), tensor(39.1983, device='cuda:0'), tensor(41.0355, device='cuda:0'), tensor(40.8326, device='cuda:0'), tensor(25.7119, device='cuda:0'), tensor(42.0295, device='cuda:0')]

------------------------------------------------------------
Sender: LSF System <lsfadmin@hpc.dtu.dk>
Subject: Job 24552808: <ensemble_3_v5> in cluster <dcc> Done

Job <ensemble_3_v5> was submitted from host <n-62-12-19> by user <s185927> in cluster <dcc> at Tue Apr  1 13:00:54 2025
Job was executed on host(s) <4*n-62-20-15>, in queue <gpuv100>, as user <s185927> in cluster <dcc> at Tue Apr  1 13:34:58 2025
</zhome/e3/3/139772> was used as the home directory.
</zhome/e3/3/139772/Desktop/AML/AML/github-project-2/AML-Project-2/src> was used as the working directory.
Started at Tue Apr  1 13:34:58 2025
Terminated at Tue Apr  1 14:16:19 2025
Results reported at Tue Apr  1 14:16:19 2025

Your job looked like:

------------------------------------------------------------
# LSBATCH: User input
#!/bin/bash
#BSUB -J ensemble_3_v5
#BSUB -q gpuv100
#BSUB -n 4
#BSUB -gpu "num=1:mode=exclusive_process"
#BSUB -W 5:00
#BSUB -R "rusage[mem=5GB]"
#BSUB -u lassesofus@gmail.com
#BSUB -o %J.out
#BSUB -e %J.err

module load cuda/11.8

source /zhome/e3/3/139772/Desktop/AML/aml_new/bin/activate

python ensemble_vae.py --mode train --device cuda --experiment-folder ../experiment/ensemble_3_v5 --num-decoders 3 --num-t 50 --num-curves 25
python ensemble_vae.py --mode geodesics --device cuda --experiment-folder ../experiment/ensemble_3_v5 --num-decoders 3 --num-t 50 --num-curves 25
------------------------------------------------------------

Successfully completed.

Resource usage summary:

    CPU time :                                   2477.18 sec.
    Max Memory :                                 815 MB
    Average Memory :                             690.06 MB
    Total Requested Memory :                     20480.00 MB
    Delta Memory :                               19665.00 MB
    Max Swap :                                   -
    Max Processes :                              4
    Max Threads :                                9
    Run time :                                   2481 sec.
    Turnaround time :                            4525 sec.

The output (if any) is above this job summary.



PS:

Read file <24552808.err> for stderr output of this job.

