# Options
batch_size = 32
device = cuda
epochs_per_decoder = 200
experiment_folder = ../experiment/run4
latent_dim = 2
mode = geodesics
num_curves = 25
num_decoders = 1
num_reruns = 10
num_t = 50
samples = samples.png
Iteration 10: energy = 284.3292
Iteration 20: energy = 281.8493
Iteration 30: energy = 280.2132
Iteration 40: energy = 277.9049
Iteration 50: energy = 276.0979
Iteration 60: energy = 275.0173
Iteration 70: energy = 274.2170
Iteration 80: energy = 273.5856
Iteration 90: energy = 272.4525
Iteration 100: energy = 272.1192
Iteration 110: energy = 271.2403
Iteration 120: energy = 270.7371
Iteration 130: energy = 270.4500
Iteration 140: energy = 270.2467
Iteration 150: energy = 270.1406
Iteration 160: energy = 269.8768
Iteration 170: energy = 269.6802
Iteration 180: energy = 269.6393
Iteration 190: energy = 269.5131
Iteration 200: energy = 269.3318
Iteration 210: energy = 269.2646
Iteration 220: energy = 269.0988
Iteration 230: energy = 268.9313
Iteration 240: energy = 268.8321
Iteration 250: energy = 268.6897
Iteration 260: energy = 268.6219
Iteration 270: energy = 268.5496
Iteration 280: energy = 268.5027
Iteration 290: energy = 268.4952
Iteration 300: energy = 268.4854
Iteration 310: energy = 268.4703
Iteration 320: energy = 268.4442
Iteration 330: energy = 268.4356
Iteration 340: energy = 268.4285
Iteration 350: energy = 268.4284
Iteration 360: energy = 268.4072
Iteration 370: energy = 268.3818
Iteration 380: energy = 268.3675
Iteration 390: energy = 268.3610
Iteration 400: energy = 268.3336
Iteration 410: energy = 268.3330
Iteration 420: energy = 268.3048
Iteration 430: energy = 268.2814
Iteration 440: energy = 268.2542
Iteration 450: energy = 268.2408
Iteration 460: energy = 268.2407
Iteration 470: energy = 268.2396
Iteration 480: energy = 268.2297
Iteration 490: energy = 268.2098
Iteration 10: energy = 45.2445
Iteration 20: energy = 45.1787
Iteration 30: energy = 45.1351
Iteration 40: energy = 45.0842
Iteration 50: energy = 45.0516
Iteration 60: energy = 45.0140
Iteration 70: energy = 44.9868
Iteration 80: energy = 44.9632
Iteration 90: energy = 44.9496
Iteration 100: energy = 44.9225
Iteration 110: energy = 44.9099
Iteration 120: energy = 44.8983
Iteration 130: energy = 44.8801
Iteration 140: energy = 44.8719
Iteration 150: energy = 44.8548
Iteration 160: energy = 44.8484
Iteration 170: energy = 44.8415
Iteration 180: energy = 44.8391
Iteration 190: energy = 44.8355
Iteration 200: energy = 44.8339
Iteration 210: energy = 44.8323
Iteration 220: energy = 44.8305
Iteration 230: energy = 44.8305
Iteration 240: energy = 44.8273
Iteration 250: energy = 44.8259
Iteration 260: energy = 44.8251
Iteration 10: energy = 915.7736
Iteration 20: energy = 908.9810
Iteration 30: energy = 904.6299
Iteration 40: energy = 895.4572
Iteration 50: energy = 891.9979
Iteration 60: energy = 887.3856
Iteration 70: energy = 884.1229
Iteration 80: energy = 881.1335
Iteration 90: energy = 878.4880
Iteration 100: energy = 878.0023
Iteration 110: energy = 876.5449
Iteration 120: energy = 875.0681
Iteration 130: energy = 874.0421
Iteration 140: energy = 873.4529
Iteration 150: energy = 873.1457
Iteration 160: energy = 872.6714
Iteration 170: energy = 872.3602
Iteration 180: energy = 871.9921
Iteration 190: energy = 871.6390
Iteration 200: energy = 871.4312
Iteration 210: energy = 871.2584
Iteration 220: energy = 871.0126
Iteration 230: energy = 870.9598
Iteration 240: energy = 870.7850
Iteration 250: energy = 870.7098
Iteration 260: energy = 870.5429
Iteration 270: energy = 870.4351
Iteration 280: energy = 870.2245
Iteration 290: energy = 870.0638
Iteration 300: energy = 870.0628
Iteration 310: energy = 870.0136
Iteration 320: energy = 869.8594
Iteration 330: energy = 869.7764
Iteration 340: energy = 869.7468
Iteration 350: energy = 869.5818
Iteration 360: energy = 869.4801
Iteration 370: energy = 869.3796
Iteration 380: energy = 869.2878
Iteration 390: energy = 869.2551
Iteration 400: energy = 869.2358
Iteration 10: energy = 1077.5105
Iteration 20: energy = 1061.4237
Iteration 30: energy = 1053.3938
Iteration 40: energy = 1042.8931
Iteration 50: energy = 1035.0320
Iteration 60: energy = 1030.2366
Iteration 70: energy = 1026.7384
Iteration 80: energy = 1022.7205
Iteration 90: energy = 1018.6883
Iteration 100: energy = 1013.3583
Iteration 110: energy = 1011.0438
Iteration 120: energy = 1009.2680
Iteration 130: energy = 1008.0886
Iteration 140: energy = 1006.1609
Iteration 150: energy = 1004.7610
Iteration 160: energy = 1003.7187
Iteration 170: energy = 1003.2700
Iteration 180: energy = 1002.7517
Iteration 190: energy = 1001.9068
Iteration 200: energy = 1001.4818
Iteration 210: energy = 1000.9247
Iteration 220: energy = 1000.4820
Iteration 230: energy = 999.7797
Iteration 240: energy = 999.6553
Iteration 250: energy = 999.3727
Iteration 260: energy = 999.2874
Iteration 270: energy = 999.1321
Iteration 280: energy = 999.1105
Iteration 290: energy = 999.0616
Iteration 300: energy = 999.0029
Iteration 310: energy = 998.9414
Iteration 10: energy = 919.9886
Iteration 20: energy = 905.5438
Iteration 30: energy = 902.1625
Iteration 40: energy = 895.0508
Iteration 50: energy = 890.6752
Iteration 60: energy = 888.2111
Iteration 70: energy = 885.1964
Iteration 80: energy = 883.4490
Iteration 90: energy = 882.0026
Iteration 100: energy = 880.8539
Iteration 110: energy = 879.4762
Iteration 120: energy = 877.5093
Iteration 130: energy = 876.5052
Iteration 140: energy = 875.8284
Iteration 150: energy = 875.5581
Iteration 160: energy = 875.3019
Iteration 170: energy = 875.0948
Iteration 180: energy = 874.9048
Iteration 190: energy = 874.7151
Iteration 200: energy = 874.6854
Iteration 10: energy = 72.6334
Iteration 20: energy = 72.4217
Iteration 30: energy = 72.2091
Iteration 40: energy = 71.9396
Iteration 50: energy = 71.5303
Iteration 60: energy = 71.0856
Iteration 70: energy = 70.8742
Iteration 80: energy = 70.5859
Iteration 90: energy = 70.3282
Iteration 100: energy = 70.1208
Iteration 110: energy = 70.0379
Iteration 120: energy = 69.9072
Iteration 130: energy = 69.8336
Iteration 140: energy = 69.7434
Iteration 150: energy = 69.6508
Iteration 160: energy = 69.5572
Iteration 170: energy = 69.5127
Iteration 180: energy = 69.4434
Iteration 190: energy = 69.3948
Iteration 200: energy = 69.3372
Iteration 210: energy = 69.3001
Iteration 220: energy = 69.2842
Iteration 230: energy = 69.2839
Iteration 240: energy = 69.2622
Iteration 250: energy = 69.2496
Iteration 260: energy = 69.2426
Iteration 270: energy = 69.2413
Iteration 10: energy = 1224.1786
Iteration 20: energy = 1200.2299
Iteration 30: energy = 1189.1993
Iteration 40: energy = 1176.7367
Iteration 50: energy = 1174.8101
Iteration 60: energy = 1165.2738
Iteration 70: energy = 1161.4414
Iteration 80: energy = 1156.2899
Iteration 90: energy = 1148.8153
Iteration 100: energy = 1144.9324
Iteration 110: energy = 1139.5740
Iteration 120: energy = 1134.9961
Iteration 130: energy = 1130.4521
Iteration 140: energy = 1126.2383
Iteration 150: energy = 1121.0399
Iteration 160: energy = 1116.5619
Iteration 170: energy = 1112.7598
Iteration 180: energy = 1105.3967
Iteration 190: energy = 1100.4938
Iteration 200: energy = 1094.3462
Iteration 210: energy = 1090.9102
Iteration 220: energy = 1086.0693
Iteration 230: energy = 1082.1139
Iteration 240: energy = 1080.4440
Iteration 250: energy = 1077.8268
Iteration 260: energy = 1075.4889
Iteration 270: energy = 1074.1046
Iteration 280: energy = 1070.0663
Iteration 290: energy = 1068.5039
Iteration 300: energy = 1067.4048
Iteration 310: energy = 1066.1610
Iteration 320: energy = 1065.3574
Iteration 330: energy = 1065.0171
Iteration 340: energy = 1064.7393
Iteration 350: energy = 1064.5392
Iteration 360: energy = 1064.3910
Iteration 370: energy = 1064.2903
Iteration 380: energy = 1064.1708
Iteration 390: energy = 1064.1703
Iteration 400: energy = 1064.0806
Iteration 410: energy = 1064.0339
Iteration 10: energy = 1064.5656
Iteration 20: energy = 1055.5509
Iteration 30: energy = 1035.7992
Iteration 40: energy = 1023.4429
Iteration 50: energy = 1008.6594
Iteration 60: energy = 1007.3227
Iteration 70: energy = 1000.8814
Iteration 80: energy = 998.4916
Iteration 90: energy = 994.7890
Iteration 100: energy = 990.8447
Iteration 110: energy = 989.4268
Iteration 120: energy = 986.7877
Iteration 130: energy = 984.9523
Iteration 140: energy = 981.7720
Iteration 150: energy = 980.8007
Iteration 160: energy = 977.5991
Iteration 170: energy = 976.6804
Iteration 180: energy = 974.4096
Iteration 190: energy = 973.8611
Iteration 200: energy = 972.3154
Iteration 210: energy = 971.4604
Iteration 220: energy = 970.6680
Iteration 230: energy = 970.2830
Iteration 240: energy = 969.3536
Iteration 250: energy = 968.2360
Iteration 260: energy = 967.7836
Iteration 270: energy = 966.7814
Iteration 280: energy = 966.2012
Iteration 290: energy = 965.6624
Iteration 300: energy = 965.3685
Iteration 310: energy = 965.0896
Iteration 320: energy = 964.8130
Iteration 330: energy = 964.7407
Iteration 340: energy = 964.6826
Iteration 350: energy = 964.5995
Iteration 360: energy = 964.4937
Iteration 370: energy = 964.4485
Iteration 380: energy = 964.4480
Iteration 390: energy = 964.3944
Iteration 400: energy = 964.3347
Iteration 410: energy = 964.3181
Iteration 420: energy = 964.3160
Iteration 430: energy = 964.2702
Iteration 10: energy = 956.7250
Iteration 20: energy = 942.3365
Iteration 30: energy = 937.9360
Iteration 40: energy = 934.8485
Iteration 50: energy = 932.0850
Iteration 60: energy = 929.3672
Iteration 70: energy = 926.7804
Iteration 80: energy = 924.3391
Iteration 90: energy = 923.3772
Iteration 100: energy = 921.4027
Iteration 110: energy = 918.8196
Iteration 120: energy = 915.2986
Iteration 130: energy = 912.0192
Iteration 140: energy = 908.2409
Iteration 150: energy = 905.8272
Iteration 160: energy = 904.5004
Iteration 170: energy = 900.6194
Iteration 180: energy = 899.0131
Iteration 190: energy = 896.2711
Iteration 200: energy = 892.5735
Iteration 210: energy = 886.4084
Iteration 220: energy = 880.9938
Iteration 230: energy = 875.4290
Iteration 240: energy = 871.7382
Iteration 250: energy = 869.0366
Iteration 260: energy = 866.5361
Iteration 270: energy = 865.4967
Iteration 280: energy = 864.1942
Iteration 290: energy = 862.4417
Iteration 300: energy = 861.9737
Iteration 310: energy = 861.7120
Iteration 320: energy = 861.2159
Iteration 330: energy = 860.6993
Iteration 340: energy = 860.3380
Iteration 350: energy = 859.7751
Iteration 360: energy = 859.5812
Iteration 370: energy = 859.5331
Iteration 380: energy = 859.3399
Iteration 390: energy = 859.2356
Iteration 400: energy = 859.1509
Iteration 410: energy = 859.1398
Iteration 420: energy = 859.0566
Iteration 430: energy = 859.0042
Iteration 440: energy = 858.9347
Iteration 450: energy = 858.8871
Iteration 460: energy = 858.8513
Iteration 470: energy = 858.8011
Iteration 480: energy = 858.7794
Iteration 490: energy = 858.7408
Iteration 500: energy = 858.7183
Iteration 510: energy = 858.5850
Iteration 520: energy = 858.5336
Iteration 530: energy = 858.5217
Iteration 540: energy = 858.5210
Iteration 550: energy = 858.4456
Iteration 560: energy = 858.4283
Iteration 10: energy = 27.2783
Iteration 20: energy = 27.2507
Iteration 30: energy = 27.2381
Iteration 40: energy = 27.2115
Iteration 50: energy = 27.1962
Iteration 60: energy = 27.1767
Iteration 70: energy = 27.1573
Iteration 80: energy = 27.1394
Iteration 90: energy = 27.1186
Iteration 100: energy = 27.1017
Iteration 110: energy = 27.0900
Iteration 120: energy = 27.0724
Iteration 130: energy = 27.0613
Iteration 140: energy = 27.0418
Iteration 150: energy = 27.0358
Iteration 160: energy = 27.0263
Iteration 170: energy = 27.0158
Iteration 180: energy = 27.0105
Iteration 190: energy = 27.0074
Iteration 200: energy = 27.0026
Iteration 210: energy = 26.9994
Iteration 220: energy = 26.9946
Iteration 230: energy = 26.9941
Iteration 240: energy = 26.9922
Iteration 250: energy = 26.9905
Iteration 260: energy = 26.9892
Iteration 270: energy = 26.9884
Iteration 280: energy = 26.9861
Iteration 290: energy = 26.9858
Iteration 300: energy = 26.9850
Iteration 310: energy = 26.9845
Iteration 10: energy = 39.9224
Iteration 20: energy = 39.9074
Iteration 30: energy = 39.8994
Iteration 40: energy = 39.8936
Iteration 50: energy = 39.8788
Iteration 60: energy = 39.8765
Iteration 70: energy = 39.8680
Iteration 80: energy = 39.8638
Iteration 90: energy = 39.8598
Iteration 100: energy = 39.8544
Iteration 110: energy = 39.8533
Iteration 120: energy = 39.8497
Iteration 130: energy = 39.8491
Iteration 140: energy = 39.8475
Iteration 150: energy = 39.8470
Iteration 160: energy = 39.8450
Iteration 170: energy = 39.8442
Iteration 180: energy = 39.8438
Iteration 190: energy = 39.8433
Iteration 200: energy = 39.8413
Iteration 210: energy = 39.8408
Iteration 10: energy = 416.0920
Iteration 20: energy = 415.6163
Iteration 30: energy = 414.9552
Iteration 40: energy = 414.6209
Iteration 50: energy = 414.4903
Iteration 60: energy = 414.1589
Iteration 70: energy = 413.8727
Iteration 80: energy = 413.8349
Iteration 90: energy = 413.6721
Iteration 100: energy = 413.4923
Iteration 110: energy = 413.3424
Iteration 120: energy = 413.2981
Iteration 130: energy = 413.2068
Iteration 140: energy = 413.0266
Iteration 150: energy = 412.9312
Iteration 160: energy = 412.8500
Iteration 170: energy = 412.6679
Iteration 180: energy = 412.4102
Iteration 190: energy = 412.3015
Iteration 200: energy = 412.0465
Iteration 210: energy = 412.0159
Iteration 220: energy = 411.9269
Iteration 230: energy = 411.8885
Iteration 240: energy = 411.8819
Iteration 250: energy = 411.8727
Iteration 260: energy = 411.8718
Iteration 270: energy = 411.8521
Iteration 280: energy = 411.8395
Iteration 290: energy = 411.8393
Iteration 300: energy = 411.8283
Iteration 310: energy = 411.8073
Iteration 320: energy = 411.8018
Iteration 330: energy = 411.7907
Iteration 340: energy = 411.7869
Iteration 350: energy = 411.7668
Iteration 360: energy = 411.7663
Iteration 370: energy = 411.7520
Iteration 380: energy = 411.7518
Iteration 10: energy = 1210.3890
Iteration 20: energy = 1190.7032
Iteration 30: energy = 1178.3177
Iteration 40: energy = 1173.0890
Iteration 50: energy = 1166.9519
Iteration 60: energy = 1162.3276
Iteration 70: energy = 1158.8623
Iteration 80: energy = 1154.0294
Iteration 90: energy = 1150.3398
Iteration 100: energy = 1148.2744
Iteration 110: energy = 1144.3724
Iteration 120: energy = 1142.3927
Iteration 130: energy = 1139.5237
Iteration 140: energy = 1135.6176
Iteration 150: energy = 1131.3602
Iteration 160: energy = 1128.7738
Iteration 170: energy = 1126.3589
Iteration 180: energy = 1121.1433
Iteration 190: energy = 1118.8541
Iteration 200: energy = 1116.8298
Iteration 210: energy = 1115.2828
Iteration 220: energy = 1113.7734
Iteration 230: energy = 1110.9640
Iteration 240: energy = 1109.2883
Iteration 250: energy = 1107.9443
Iteration 260: energy = 1106.6963
Iteration 270: energy = 1105.4995
Iteration 280: energy = 1104.2919
Iteration 290: energy = 1101.7078
Iteration 300: energy = 1099.4631
Iteration 310: energy = 1097.5378
Iteration 320: energy = 1095.8558
Iteration 330: energy = 1093.8125
Iteration 340: energy = 1091.7161
Iteration 350: energy = 1090.8772
Iteration 360: energy = 1089.2207
Iteration 370: energy = 1088.1823
Iteration 380: energy = 1084.6372
Iteration 390: energy = 1081.2560
Iteration 400: energy = 1078.5741
Iteration 410: energy = 1074.2245
Iteration 420: energy = 1070.5630
Iteration 430: energy = 1069.1254
Iteration 440: energy = 1066.7681
Iteration 450: energy = 1065.8937
Iteration 460: energy = 1064.8984
Iteration 470: energy = 1063.4954
Iteration 480: energy = 1062.6814
Iteration 490: energy = 1060.9543
Iteration 500: energy = 1059.5868
Iteration 510: energy = 1059.3813
Iteration 520: energy = 1058.8362
Iteration 530: energy = 1058.7727
Iteration 540: energy = 1058.6106
Iteration 550: energy = 1058.4371
Iteration 560: energy = 1058.1809
Iteration 570: energy = 1058.0566
Iteration 580: energy = 1057.8463
Iteration 590: energy = 1057.7175
Iteration 600: energy = 1057.5718
Iteration 610: energy = 1057.5063
Iteration 620: energy = 1057.4216
Iteration 630: energy = 1057.3719
Iteration 640: energy = 1057.2798
Iteration 650: energy = 1057.1824
Iteration 660: energy = 1057.1818
Iteration 670: energy = 1057.1157
Iteration 680: energy = 1057.0679
Iteration 690: energy = 1057.0065
Iteration 10: energy = 133.0521
Iteration 20: energy = 132.5356
Iteration 30: energy = 132.4557
Iteration 40: energy = 132.1892
Iteration 50: energy = 132.0614
Iteration 60: energy = 131.8936
Iteration 70: energy = 131.8443
Iteration 80: energy = 131.7984
Iteration 90: energy = 131.7480
Iteration 100: energy = 131.7300
Iteration 110: energy = 131.7138
Iteration 120: energy = 131.7097
Iteration 10: energy = 77.0715
Iteration 20: energy = 77.0565
Iteration 30: energy = 77.0336
Iteration 40: energy = 77.0021
Iteration 50: energy = 76.9720
Iteration 60: energy = 76.9612
Iteration 70: energy = 76.9457
Iteration 80: energy = 76.9345
Iteration 90: energy = 76.9209
Iteration 100: energy = 76.8985
Iteration 110: energy = 76.8816
Iteration 120: energy = 76.8501
Iteration 130: energy = 76.8224
Iteration 140: energy = 76.8051
Iteration 150: energy = 76.7886
Iteration 160: energy = 76.7775
Iteration 170: energy = 76.7658
Iteration 180: energy = 76.7505
Iteration 190: energy = 76.7467
Iteration 200: energy = 76.7433
Iteration 10: energy = 188.4468
Iteration 20: energy = 187.6792
Iteration 30: energy = 187.2349
Iteration 40: energy = 186.8171
Iteration 50: energy = 186.6624
Iteration 60: energy = 186.3623
Iteration 70: energy = 186.2858
Iteration 80: energy = 186.1166
Iteration 90: energy = 186.0219
Iteration 100: energy = 185.8336
Iteration 110: energy = 185.6837
Iteration 120: energy = 185.5961
Iteration 130: energy = 185.5139
Iteration 140: energy = 185.4004
Iteration 150: energy = 185.2990
Iteration 160: energy = 185.2279
Iteration 170: energy = 185.1641
Iteration 180: energy = 185.0851
Iteration 190: energy = 185.0157
Iteration 200: energy = 184.9458
Iteration 210: energy = 184.8737
Iteration 220: energy = 184.8288
Iteration 230: energy = 184.8013
Iteration 240: energy = 184.7502
Iteration 250: energy = 184.7475
Iteration 260: energy = 184.6971
Iteration 270: energy = 184.6909
Iteration 280: energy = 184.6695
Iteration 290: energy = 184.6563
Iteration 300: energy = 184.6474
Iteration 310: energy = 184.6446
Iteration 320: energy = 184.6337
Iteration 330: energy = 184.6239
Iteration 340: energy = 184.6209
Iteration 10: energy = 947.1545
Iteration 20: energy = 940.2111
Iteration 30: energy = 934.3855
Iteration 40: energy = 931.2427
Iteration 50: energy = 926.3321
Iteration 60: energy = 924.3828
Iteration 70: energy = 922.1920
Iteration 80: energy = 918.6034
Iteration 90: energy = 913.9000
Iteration 100: energy = 910.6201
Iteration 110: energy = 906.4033
Iteration 120: energy = 904.5232
Iteration 130: energy = 900.5323
Iteration 140: energy = 897.8140
Iteration 150: energy = 894.5935
Iteration 160: energy = 891.9515
Iteration 170: energy = 890.8134
Iteration 180: energy = 889.1581
Iteration 190: energy = 888.3106
Iteration 200: energy = 887.6542
Iteration 210: energy = 887.3785
Iteration 220: energy = 886.6451
Iteration 230: energy = 886.2667
Iteration 240: energy = 885.7959
Iteration 250: energy = 885.3767
Iteration 260: energy = 885.1244
Iteration 270: energy = 884.9882
Iteration 280: energy = 884.8914
Iteration 290: energy = 884.8719
Iteration 300: energy = 884.6873
Iteration 310: energy = 884.5896
Iteration 320: energy = 884.5704
Iteration 330: energy = 884.5007
Iteration 340: energy = 884.4633
Iteration 350: energy = 884.4248
Iteration 360: energy = 884.4231
Iteration 370: energy = 884.3840
Iteration 380: energy = 884.3732
Iteration 390: energy = 884.3553
Iteration 10: energy = 346.7653
Iteration 20: energy = 344.4960
Iteration 30: energy = 343.8695
Iteration 40: energy = 342.9172
Iteration 50: energy = 342.2831
Iteration 60: energy = 340.8682
Iteration 70: energy = 340.2057
Iteration 80: energy = 338.5541
Iteration 90: energy = 337.5309
Iteration 100: energy = 336.6309
Iteration 110: energy = 335.9545
Iteration 120: energy = 334.6900
Iteration 130: energy = 331.5232
Iteration 140: energy = 328.2347
Iteration 150: energy = 325.4926
Iteration 160: energy = 324.2869
Iteration 170: energy = 322.3118
Iteration 180: energy = 321.7716
Iteration 190: energy = 320.2660
Iteration 200: energy = 318.9500
Iteration 210: energy = 317.9932
Iteration 220: energy = 317.4124
Iteration 230: energy = 316.5307
Iteration 240: energy = 315.4878
Iteration 250: energy = 314.3266
Iteration 260: energy = 313.4099
Iteration 270: energy = 313.0498
Iteration 280: energy = 312.7940
Iteration 290: energy = 312.4158
Iteration 300: energy = 312.3349
Iteration 310: energy = 312.2632
Iteration 320: energy = 312.2162
Iteration 330: energy = 312.1768
Iteration 340: energy = 312.1279
Iteration 350: energy = 312.1170
Iteration 360: energy = 312.1062
Iteration 370: energy = 312.0520
Iteration 380: energy = 311.9759
Iteration 390: energy = 311.9317
Iteration 400: energy = 311.9056
Iteration 410: energy = 311.8450
Iteration 420: energy = 311.8050
Iteration 430: energy = 311.7746
Iteration 440: energy = 311.7428
Iteration 450: energy = 311.7374
Iteration 460: energy = 311.7205
Iteration 470: energy = 311.7145
Iteration 480: energy = 311.7065
Iteration 490: energy = 311.6940
Iteration 500: energy = 311.6916
Iteration 510: energy = 311.6854
Iteration 10: energy = 701.7980
Iteration 20: energy = 694.6284
Iteration 30: energy = 689.9587
Iteration 40: energy = 688.0157
Iteration 50: energy = 680.6533
Iteration 60: energy = 674.8722
Iteration 70: energy = 667.3069
Iteration 80: energy = 662.9760
Iteration 90: energy = 655.7986
Iteration 100: energy = 652.7852
Iteration 110: energy = 650.4053
Iteration 120: energy = 648.7425
Iteration 130: energy = 645.8110
Iteration 140: energy = 642.0248
Iteration 150: energy = 636.5386
Iteration 160: energy = 634.6509
Iteration 170: energy = 632.3771
Iteration 180: energy = 629.7420
Iteration 190: energy = 627.7165
Iteration 200: energy = 625.6297
Iteration 210: energy = 625.1614
Iteration 220: energy = 624.5715
Iteration 230: energy = 623.8708
Iteration 240: energy = 623.1287
Iteration 250: energy = 622.7810
Iteration 260: energy = 622.3892
Iteration 270: energy = 622.1537
Iteration 280: energy = 621.9700
Iteration 290: energy = 621.5605
Iteration 300: energy = 621.3095
Iteration 310: energy = 621.2136
Iteration 320: energy = 621.0905
Iteration 330: energy = 621.0117
Iteration 340: energy = 620.9329
Iteration 350: energy = 620.8912
Iteration 360: energy = 620.7686
Iteration 370: energy = 620.7366
Iteration 380: energy = 620.6517
Iteration 390: energy = 620.6354
Iteration 400: energy = 620.5817
Iteration 410: energy = 620.4695
Iteration 420: energy = 620.3659
Iteration 430: energy = 620.2227
Iteration 440: energy = 620.1633
Iteration 450: energy = 620.0854
Iteration 460: energy = 620.0059
Iteration 470: energy = 619.9066
Iteration 480: energy = 619.8693
Iteration 490: energy = 619.8148
Iteration 500: energy = 619.7798
Iteration 510: energy = 619.7568
Iteration 520: energy = 619.6752
Iteration 530: energy = 619.6378
Iteration 540: energy = 619.6368
Iteration 550: energy = 619.6085
Iteration 560: energy = 619.5620
Iteration 570: energy = 619.4980
Iteration 580: energy = 619.4731
Iteration 590: energy = 619.4387
Iteration 600: energy = 619.4003
Iteration 610: energy = 619.3829
Iteration 620: energy = 619.3829
Iteration 630: energy = 619.3702
Iteration 640: energy = 619.3702
Iteration 10: energy = 1338.6584
Iteration 20: energy = 1325.8182
Iteration 30: energy = 1318.8826
Iteration 40: energy = 1310.3121
Iteration 50: energy = 1305.7889
Iteration 60: energy = 1292.5446
Iteration 70: energy = 1283.6737
Iteration 80: energy = 1276.8782
Iteration 90: energy = 1270.0670
Iteration 100: energy = 1266.1633
Iteration 110: energy = 1263.6763
Iteration 120: energy = 1262.8085
Iteration 130: energy = 1262.0245
Iteration 140: energy = 1261.2307
Iteration 150: energy = 1260.7454
Iteration 160: energy = 1260.5127
Iteration 170: energy = 1260.1041
Iteration 180: energy = 1259.8568
Iteration 190: energy = 1259.6289
Iteration 200: energy = 1259.5359
Iteration 210: energy = 1259.4451
Iteration 220: energy = 1259.4019
Iteration 230: energy = 1259.2998
Iteration 240: energy = 1259.2904
Iteration 250: energy = 1259.2075
Iteration 260: energy = 1259.1384
Iteration 270: energy = 1259.1252
Iteration 280: energy = 1259.1093
Iteration 290: energy = 1259.0652
Iteration 300: energy = 1259.0096
Iteration 310: energy = 1258.9581
Iteration 320: energy = 1258.9576
Iteration 330: energy = 1258.9393
Iteration 10: energy = 923.0267
Iteration 20: energy = 909.3438
Iteration 30: energy = 900.1887
Iteration 40: energy = 890.4051
Iteration 50: energy = 886.7480
Iteration 60: energy = 884.7401
Iteration 70: energy = 882.6288
Iteration 80: energy = 877.3064
Iteration 90: energy = 871.9494
Iteration 100: energy = 866.7538
Iteration 110: energy = 863.7175
Iteration 120: energy = 858.7885
Iteration 130: energy = 856.0063
Iteration 140: energy = 852.5638
Iteration 150: energy = 851.1899
Iteration 160: energy = 849.1924
Iteration 170: energy = 846.0451
Iteration 180: energy = 843.1161
Iteration 190: energy = 840.1263
Iteration 200: energy = 838.7988
Iteration 210: energy = 835.8416
Iteration 220: energy = 832.4930
Iteration 230: energy = 829.1279
Iteration 240: energy = 825.6603
Iteration 250: energy = 820.3539
Iteration 260: energy = 818.9501
Iteration 270: energy = 814.8232
Iteration 280: energy = 812.3732
Iteration 290: energy = 809.2709
Iteration 300: energy = 803.6016
Iteration 310: energy = 802.6011
Iteration 320: energy = 801.3970
Iteration 330: energy = 800.3103
Iteration 340: energy = 799.3120
Iteration 350: energy = 799.0237
Iteration 360: energy = 798.2388
Iteration 370: energy = 797.5068
Iteration 380: energy = 796.8792
Iteration 390: energy = 796.5163
Iteration 400: energy = 796.1400
Iteration 410: energy = 795.7367
Iteration 420: energy = 795.6491
Iteration 430: energy = 795.5112
Iteration 440: energy = 795.4160
Iteration 450: energy = 795.2239
Iteration 460: energy = 795.1276
Iteration 470: energy = 795.0697
Iteration 480: energy = 795.0137
Iteration 490: energy = 795.0122
Iteration 500: energy = 794.9634
Iteration 510: energy = 794.9264
Iteration 520: energy = 794.8936
Iteration 530: energy = 794.8932
Iteration 540: energy = 794.8425
Iteration 550: energy = 794.8332
Iteration 560: energy = 794.8328
Iteration 570: energy = 794.7763
Iteration 580: energy = 794.7554
Iteration 590: energy = 794.7184
Iteration 600: energy = 794.7181
Iteration 610: energy = 794.6689
Iteration 10: energy = 136.4272
Iteration 20: energy = 136.0424
Iteration 30: energy = 135.9604
Iteration 40: energy = 135.7836
Iteration 50: energy = 135.7091
Iteration 60: energy = 135.5107
Iteration 70: energy = 135.3633
Iteration 80: energy = 135.2282
Iteration 90: energy = 135.0101
Iteration 100: energy = 134.7962
Iteration 110: energy = 134.6787
Iteration 120: energy = 134.5128
Iteration 130: energy = 134.3559
Iteration 140: energy = 134.2511
Iteration 150: energy = 134.1706
Iteration 160: energy = 134.1005
Iteration 170: energy = 134.0431
Iteration 180: energy = 134.0130
Iteration 190: energy = 133.9575
Iteration 200: energy = 133.8708
Iteration 210: energy = 133.8163
Iteration 220: energy = 133.7783
Iteration 230: energy = 133.7217
Iteration 240: energy = 133.6714
Iteration 250: energy = 133.6237
Iteration 260: energy = 133.5846
Iteration 270: energy = 133.5581
Iteration 280: energy = 133.5342
Iteration 290: energy = 133.5161
Iteration 300: energy = 133.5112
Iteration 310: energy = 133.5038
Iteration 320: energy = 133.4957
Iteration 330: energy = 133.4940
Iteration 340: energy = 133.4865
Iteration 350: energy = 133.4846
Iteration 360: energy = 133.4787
Iteration 370: energy = 133.4782
Iteration 10: energy = 2.4684
Iteration 20: energy = 2.4682
Iteration 30: energy = 2.4681
Iteration 40: energy = 2.4680
Iteration 50: energy = 2.4680
Iteration 60: energy = 2.4679
Iteration 10: energy = 36.7553
Iteration 20: energy = 36.6597
Iteration 30: energy = 36.5885
Iteration 40: energy = 36.4256
Iteration 50: energy = 36.3472
Iteration 60: energy = 36.2725
Iteration 70: energy = 36.2185
Iteration 80: energy = 36.2004
Iteration 90: energy = 36.1787
Iteration 100: energy = 36.1597
Iteration 110: energy = 36.1125
Iteration 120: energy = 36.0817
Iteration 130: energy = 36.0621
Iteration 140: energy = 36.0402
Iteration 150: energy = 36.0192
Iteration 160: energy = 35.9926
Iteration 170: energy = 35.9840
Iteration 180: energy = 35.9763
Iteration 190: energy = 35.9708
Iteration 200: energy = 35.9613
Iteration 210: energy = 35.9530
Iteration 220: energy = 35.9529
Iteration 230: energy = 35.9517
Iteration 240: energy = 35.9488
Iteration 250: energy = 35.9462
Iteration 260: energy = 35.9449
Iteration 270: energy = 35.9426
Iteration 280: energy = 35.9411
Iteration 290: energy = 35.9387
Iteration 300: energy = 35.9371
Iteration 310: energy = 35.9344
Iteration 320: energy = 35.9344
Iteration 330: energy = 35.9331
Iteration 340: energy = 35.9323
Initial geodesic lengths: [16.801868438720703, 6.698246955871582, 29.747501373291016, 32.37236022949219, 29.907625198364258, 8.328681945800781, 34.090213775634766, 32.30802536010742, 30.427265167236328, 5.206820487976074, 6.3112382888793945, 1.817421555519104, 20.317167282104492, 33.82185745239258, 11.513550758361816, 8.774479866027832, 13.632556915283203, 30.297819137573242, 18.59067153930664, 25.503870010375977, 35.55857849121094, 30.285938262939453, 11.641205787658691, 1.570973515510559, 6.023763656616211]
Optimized geodesic lengths: [16.37661361694336, 6.694934844970703, 29.480937957763672, 31.600601196289062, 29.573381423950195, 8.320602416992188, 32.60914611816406, 31.051132202148438, 29.2904052734375, 5.194597244262695, 6.3107008934021, 1.8174192905426025, 20.29125213623047, 32.50688934326172, 11.476106643676758, 8.7601318359375, 13.58662223815918, 29.7344970703125, 17.650894165039062, 24.885326385498047, 35.47645568847656, 28.185253143310547, 11.552294731140137, 1.570847749710083, 5.99392557144165]

------------------------------------------------------------
Sender: LSF System <lsfadmin@hpc.dtu.dk>
Subject: Job 24549699: <geodesics_run4> in cluster <dcc> Done

Job <geodesics_run4> was submitted from host <n-62-12-19> by user <s185927> in cluster <dcc> at Tue Apr  1 10:09:33 2025
Job was executed on host(s) <4*n-62-20-14>, in queue <gpuv100>, as user <s185927> in cluster <dcc> at Tue Apr  1 10:10:25 2025
</zhome/e3/3/139772> was used as the home directory.
</zhome/e3/3/139772/Desktop/AML/AML/github-project-2/AML-Project-2/src> was used as the working directory.
Started at Tue Apr  1 10:10:25 2025
Terminated at Tue Apr  1 10:11:16 2025
Results reported at Tue Apr  1 10:11:16 2025

Your job looked like:

------------------------------------------------------------
# LSBATCH: User input
#!/bin/bash
#BSUB -J geodesics_run4
#BSUB -q gpuv100
#BSUB -n 4
#BSUB -gpu "num=1:mode=exclusive_process"
#BSUB -W 5:00
#BSUB -R "rusage[mem=5GB]"
#BSUB -u lassesofus@gmail.com
#BSUB -o %J.out
#BSUB -e %J.err

module load cuda/11.8

source /zhome/e3/3/139772/Desktop/AML/aml_new/bin/activate

#python ensemble_vae.py --mode train --device cuda --experiment-folder ../experiment/ensemble_3_v2 --num-decoders 3 --num-t 50
python ensemble_vae.py --mode geodesics --device cuda --experiment-folder ../experiment/run4 --num-decoders 1 --num-t 50
------------------------------------------------------------

Successfully completed.

Resource usage summary:

    CPU time :                                   47.73 sec.
    Max Memory :                                 590 MB
    Average Memory :                             590.00 MB
    Total Requested Memory :                     20480.00 MB
    Delta Memory :                               19890.00 MB
    Max Swap :                                   -
    Max Processes :                              4
    Max Threads :                                9
    Run time :                                   51 sec.
    Turnaround time :                            103 sec.

The output (if any) is above this job summary.



PS:

Read file <24549699.err> for stderr output of this job.

