# Options
batch_size = 32
device = cuda
epochs_per_decoder = 200
experiment_folder = ../experiment/run2
latent_dim = 2
mode = geodesics
num_curves = 25
num_decoders = 1
num_reruns = 10
num_t = 50
samples = samples.png
Iteration 10: energy = 220.9137
Iteration 20: energy = 218.5852
Iteration 30: energy = 216.3781
Iteration 40: energy = 214.0623
Iteration 50: energy = 211.4606
Iteration 60: energy = 210.6331
Iteration 70: energy = 208.7312
Iteration 80: energy = 207.8987
Iteration 90: energy = 207.1944
Iteration 100: energy = 206.7433
Iteration 110: energy = 206.3153
Iteration 120: energy = 205.9552
Iteration 130: energy = 205.6154
Iteration 140: energy = 205.2675
Iteration 150: energy = 205.0247
Iteration 160: energy = 204.8208
Iteration 170: energy = 204.6566
Iteration 180: energy = 204.3854
Iteration 190: energy = 204.2877
Iteration 200: energy = 204.2153
Iteration 210: energy = 204.1530
Iteration 220: energy = 204.1128
Iteration 230: energy = 204.0590
Iteration 240: energy = 204.0136
Iteration 250: energy = 203.8878
Iteration 260: energy = 203.8417
Iteration 270: energy = 203.7355
Iteration 280: energy = 203.6313
Iteration 290: energy = 203.5548
Iteration 300: energy = 203.4907
Iteration 310: energy = 203.4437
Iteration 320: energy = 203.4091
Iteration 330: energy = 203.3851
Iteration 340: energy = 203.3559
Iteration 350: energy = 203.3474
Iteration 360: energy = 203.3450
Iteration 370: energy = 203.3277
Iteration 380: energy = 203.3215
Iteration 390: energy = 203.2919
Iteration 10: energy = 31.0505
Iteration 20: energy = 31.0281
Iteration 30: energy = 30.9877
Iteration 40: energy = 30.9720
Iteration 50: energy = 30.9625
Iteration 60: energy = 30.9487
Iteration 70: energy = 30.9360
Iteration 80: energy = 30.9310
Iteration 90: energy = 30.9233
Iteration 100: energy = 30.9115
Iteration 110: energy = 30.9062
Iteration 120: energy = 30.8940
Iteration 130: energy = 30.8863
Iteration 140: energy = 30.8810
Iteration 150: energy = 30.8782
Iteration 160: energy = 30.8726
Iteration 170: energy = 30.8714
Iteration 180: energy = 30.8672
Iteration 190: energy = 30.8662
Iteration 200: energy = 30.8632
Iteration 210: energy = 30.8601
Iteration 220: energy = 30.8601
Iteration 230: energy = 30.8587
Iteration 240: energy = 30.8579
Iteration 250: energy = 30.8565
Iteration 10: energy = 817.6871
Iteration 20: energy = 810.8256
Iteration 30: energy = 805.6732
Iteration 40: energy = 800.0438
Iteration 50: energy = 797.9537
Iteration 60: energy = 796.2228
Iteration 70: energy = 793.5058
Iteration 80: energy = 790.2656
Iteration 90: energy = 788.2830
Iteration 100: energy = 786.5137
Iteration 110: energy = 783.6454
Iteration 120: energy = 783.0350
Iteration 130: energy = 780.9042
Iteration 140: energy = 779.6837
Iteration 150: energy = 778.2231
Iteration 160: energy = 777.5712
Iteration 170: energy = 776.8853
Iteration 180: energy = 776.6313
Iteration 190: energy = 776.1152
Iteration 200: energy = 775.5023
Iteration 210: energy = 775.2318
Iteration 220: energy = 774.2132
Iteration 230: energy = 773.5253
Iteration 240: energy = 773.1597
Iteration 250: energy = 772.8878
Iteration 260: energy = 772.6444
Iteration 270: energy = 772.4364
Iteration 280: energy = 772.1130
Iteration 290: energy = 771.9184
Iteration 300: energy = 771.8267
Iteration 310: energy = 771.6978
Iteration 320: energy = 771.6380
Iteration 330: energy = 771.5237
Iteration 340: energy = 771.4712
Iteration 350: energy = 771.4136
Iteration 360: energy = 771.3917
Iteration 370: energy = 771.3669
Iteration 380: energy = 771.3544
Iteration 390: energy = 771.3483
Iteration 400: energy = 771.3380
Iteration 410: energy = 771.3376
Iteration 420: energy = 771.3182
Iteration 430: energy = 771.3080
Iteration 10: energy = 1054.8746
Iteration 20: energy = 1046.0542
Iteration 30: energy = 1037.3054
Iteration 40: energy = 1033.9253
Iteration 50: energy = 1028.1077
Iteration 60: energy = 1025.5846
Iteration 70: energy = 1023.5634
Iteration 80: energy = 1020.2200
Iteration 90: energy = 1019.0870
Iteration 100: energy = 1016.7393
Iteration 110: energy = 1015.2241
Iteration 120: energy = 1014.0366
Iteration 130: energy = 1013.4897
Iteration 140: energy = 1012.7827
Iteration 150: energy = 1012.4669
Iteration 160: energy = 1012.1473
Iteration 170: energy = 1011.8416
Iteration 180: energy = 1011.6932
Iteration 190: energy = 1011.5183
Iteration 200: energy = 1011.1793
Iteration 210: energy = 1011.0956
Iteration 220: energy = 1011.0087
Iteration 230: energy = 1010.8955
Iteration 240: energy = 1010.8265
Iteration 250: energy = 1010.7845
Iteration 260: energy = 1010.7588
Iteration 270: energy = 1010.6262
Iteration 280: energy = 1010.5901
Iteration 290: energy = 1010.5229
Iteration 300: energy = 1010.4199
Iteration 310: energy = 1010.4178
Iteration 320: energy = 1010.3447
Iteration 330: energy = 1010.3129
Iteration 340: energy = 1010.2756
Iteration 350: energy = 1010.2446
Iteration 360: energy = 1010.2360
Iteration 370: energy = 1010.2357
Iteration 380: energy = 1010.2092
Iteration 390: energy = 1010.1537
Iteration 400: energy = 1010.1218
Iteration 410: energy = 1010.1213
Iteration 420: energy = 1010.0869
Iteration 430: energy = 1010.0260
Iteration 440: energy = 1009.9394
Iteration 450: energy = 1009.9073
Iteration 460: energy = 1009.8956
Iteration 470: energy = 1009.8951
Iteration 10: energy = 699.5635
Iteration 20: energy = 695.2612
Iteration 30: energy = 685.8610
Iteration 40: energy = 682.6658
Iteration 50: energy = 677.5659
Iteration 60: energy = 674.7926
Iteration 70: energy = 671.7363
Iteration 80: energy = 668.4176
Iteration 90: energy = 667.3791
Iteration 100: energy = 665.6218
Iteration 110: energy = 664.4646
Iteration 120: energy = 663.4263
Iteration 130: energy = 661.3875
Iteration 140: energy = 660.9421
Iteration 150: energy = 660.7469
Iteration 160: energy = 660.4645
Iteration 170: energy = 660.2072
Iteration 180: energy = 659.7581
Iteration 190: energy = 659.2996
Iteration 200: energy = 658.9397
Iteration 210: energy = 658.6257
Iteration 220: energy = 658.3425
Iteration 230: energy = 658.2886
Iteration 240: energy = 658.2087
Iteration 250: energy = 658.1577
Iteration 260: energy = 658.0843
Iteration 270: energy = 657.9554
Iteration 280: energy = 657.8082
Iteration 290: energy = 657.6475
Iteration 300: energy = 657.5688
Iteration 310: energy = 657.4510
Iteration 320: energy = 657.4027
Iteration 330: energy = 657.3207
Iteration 340: energy = 657.2489
Iteration 350: energy = 657.1901
Iteration 360: energy = 657.1671
Iteration 370: energy = 657.1136
Iteration 380: energy = 657.1133
Iteration 390: energy = 657.0842
Iteration 400: energy = 657.0609
Iteration 10: energy = 73.4820
Iteration 20: energy = 73.1506
Iteration 30: energy = 72.7919
Iteration 40: energy = 72.5156
Iteration 50: energy = 72.0659
Iteration 60: energy = 71.9174
Iteration 70: energy = 71.8085
Iteration 80: energy = 71.6587
Iteration 90: energy = 71.5852
Iteration 100: energy = 71.4648
Iteration 110: energy = 71.3580
Iteration 120: energy = 71.2773
Iteration 130: energy = 71.1092
Iteration 140: energy = 71.0369
Iteration 150: energy = 70.9051
Iteration 160: energy = 70.8474
Iteration 170: energy = 70.8158
Iteration 180: energy = 70.7766
Iteration 190: energy = 70.7624
Iteration 200: energy = 70.7456
Iteration 210: energy = 70.7120
Iteration 220: energy = 70.6996
Iteration 230: energy = 70.6903
Iteration 240: energy = 70.6870
Iteration 250: energy = 70.6823
Iteration 260: energy = 70.6811
Iteration 270: energy = 70.6809
Iteration 280: energy = 70.6786
Iteration 290: energy = 70.6761
Iteration 300: energy = 70.6761
Iteration 310: energy = 70.6761
Iteration 10: energy = 1339.4865
Iteration 20: energy = 1313.5883
Iteration 30: energy = 1290.4274
Iteration 40: energy = 1272.7565
Iteration 50: energy = 1255.0945
Iteration 60: energy = 1240.2211
Iteration 70: energy = 1228.3816
Iteration 80: energy = 1218.6078
Iteration 90: energy = 1211.4021
Iteration 100: energy = 1203.2957
Iteration 110: energy = 1193.9590
Iteration 120: energy = 1186.9417
Iteration 130: energy = 1180.9767
Iteration 140: energy = 1178.8126
Iteration 150: energy = 1174.2793
Iteration 160: energy = 1170.6200
Iteration 170: energy = 1167.8940
Iteration 180: energy = 1165.8292
Iteration 190: energy = 1161.1487
Iteration 200: energy = 1159.1024
Iteration 210: energy = 1156.9916
Iteration 220: energy = 1155.7745
Iteration 230: energy = 1153.4939
Iteration 240: energy = 1151.8788
Iteration 250: energy = 1149.9861
Iteration 260: energy = 1146.9971
Iteration 270: energy = 1145.2573
Iteration 280: energy = 1142.1936
Iteration 290: energy = 1140.5660
Iteration 300: energy = 1137.2646
Iteration 310: energy = 1134.6019
Iteration 320: energy = 1133.1489
Iteration 330: energy = 1131.6101
Iteration 340: energy = 1130.1270
Iteration 350: energy = 1128.4336
Iteration 360: energy = 1127.8534
Iteration 370: energy = 1127.3289
Iteration 380: energy = 1126.8936
Iteration 390: energy = 1126.6124
Iteration 400: energy = 1125.8263
Iteration 410: energy = 1125.5770
Iteration 420: energy = 1125.2129
Iteration 430: energy = 1124.9716
Iteration 440: energy = 1124.7714
Iteration 450: energy = 1124.3676
Iteration 460: energy = 1124.0614
Iteration 470: energy = 1123.7319
Iteration 480: energy = 1123.4250
Iteration 490: energy = 1122.9431
Iteration 500: energy = 1122.7920
Iteration 510: energy = 1122.7821
Iteration 520: energy = 1122.5201
Iteration 530: energy = 1122.3937
Iteration 540: energy = 1122.1525
Iteration 550: energy = 1122.0269
Iteration 560: energy = 1121.8167
Iteration 570: energy = 1121.5204
Iteration 580: energy = 1121.3740
Iteration 590: energy = 1121.1521
Iteration 600: energy = 1121.0175
Iteration 610: energy = 1120.7775
Iteration 620: energy = 1120.6172
Iteration 630: energy = 1120.2413
Iteration 640: energy = 1120.0061
Iteration 650: energy = 1119.7585
Iteration 660: energy = 1119.4138
Iteration 670: energy = 1119.2468
Iteration 680: energy = 1119.1592
Iteration 690: energy = 1118.9436
Iteration 700: energy = 1118.8931
Iteration 710: energy = 1118.7412
Iteration 720: energy = 1118.6788
Iteration 730: energy = 1118.6348
Iteration 740: energy = 1118.5758
Iteration 750: energy = 1118.5646
Iteration 760: energy = 1118.4696
Iteration 770: energy = 1118.4255
Iteration 10: energy = 877.5245
Iteration 20: energy = 872.3168
Iteration 30: energy = 862.6131
Iteration 40: energy = 856.2659
Iteration 50: energy = 854.5735
Iteration 60: energy = 851.4309
Iteration 70: energy = 849.6605
Iteration 80: energy = 845.5781
Iteration 90: energy = 842.6842
Iteration 100: energy = 840.5298
Iteration 110: energy = 838.6007
Iteration 120: energy = 836.1058
Iteration 130: energy = 835.2764
Iteration 140: energy = 834.2926
Iteration 150: energy = 833.4768
Iteration 160: energy = 833.3467
Iteration 170: energy = 832.8308
Iteration 180: energy = 832.6378
Iteration 190: energy = 832.2890
Iteration 200: energy = 831.8558
Iteration 210: energy = 831.3068
Iteration 220: energy = 831.0287
Iteration 230: energy = 830.5907
Iteration 240: energy = 830.4009
Iteration 250: energy = 830.1441
Iteration 260: energy = 829.9818
Iteration 270: energy = 829.7543
Iteration 280: energy = 829.6207
Iteration 290: energy = 829.5025
Iteration 300: energy = 829.1473
Iteration 310: energy = 828.9866
Iteration 320: energy = 828.7549
Iteration 330: energy = 828.5659
Iteration 340: energy = 828.4142
Iteration 350: energy = 828.2552
Iteration 360: energy = 828.1540
Iteration 370: energy = 827.9209
Iteration 380: energy = 827.8436
Iteration 390: energy = 827.8052
Iteration 400: energy = 827.7565
Iteration 410: energy = 827.6499
Iteration 420: energy = 827.5112
Iteration 430: energy = 827.4740
Iteration 440: energy = 827.4267
Iteration 450: energy = 827.3007
Iteration 460: energy = 827.2823
Iteration 470: energy = 827.1303
Iteration 480: energy = 827.1296
Iteration 10: energy = 1012.0684
Iteration 20: energy = 1000.7654
Iteration 30: energy = 995.4237
Iteration 40: energy = 990.7691
Iteration 50: energy = 987.8299
Iteration 60: energy = 984.8732
Iteration 70: energy = 980.8290
Iteration 80: energy = 977.9448
Iteration 90: energy = 972.0610
Iteration 100: energy = 966.8949
Iteration 110: energy = 963.1887
Iteration 120: energy = 961.3450
Iteration 130: energy = 956.2126
Iteration 140: energy = 953.1660
Iteration 150: energy = 949.3940
Iteration 160: energy = 943.3179
Iteration 170: energy = 940.8156
Iteration 180: energy = 937.8730
Iteration 190: energy = 935.9097
Iteration 200: energy = 934.5579
Iteration 210: energy = 931.9504
Iteration 220: energy = 930.2025
Iteration 230: energy = 927.9556
Iteration 240: energy = 927.2354
Iteration 250: energy = 926.7272
Iteration 260: energy = 926.2697
Iteration 270: energy = 925.9571
Iteration 280: energy = 925.1937
Iteration 290: energy = 924.8245
Iteration 300: energy = 924.5422
Iteration 310: energy = 923.8398
Iteration 320: energy = 923.2386
Iteration 330: energy = 922.2429
Iteration 340: energy = 921.5006
Iteration 350: energy = 921.3339
Iteration 360: energy = 921.1241
Iteration 370: energy = 920.9759
Iteration 380: energy = 920.8301
Iteration 390: energy = 920.6437
Iteration 400: energy = 920.5300
Iteration 410: energy = 920.4410
Iteration 420: energy = 920.3210
Iteration 430: energy = 920.1730
Iteration 440: energy = 919.8732
Iteration 450: energy = 919.5331
Iteration 460: energy = 919.1135
Iteration 470: energy = 919.0432
Iteration 480: energy = 918.8383
Iteration 490: energy = 918.7101
Iteration 500: energy = 918.4410
Iteration 510: energy = 918.4214
Iteration 520: energy = 918.3521
Iteration 530: energy = 918.3231
Iteration 540: energy = 918.2889
Iteration 550: energy = 918.2576
Iteration 560: energy = 918.1890
Iteration 570: energy = 918.1761
Iteration 580: energy = 918.1038
Iteration 590: energy = 918.0649
Iteration 600: energy = 918.0018
Iteration 10: energy = 20.7799
Iteration 20: energy = 20.6633
Iteration 30: energy = 20.6230
Iteration 40: energy = 20.5387
Iteration 50: energy = 20.5040
Iteration 60: energy = 20.4676
Iteration 70: energy = 20.4356
Iteration 80: energy = 20.4075
Iteration 90: energy = 20.3815
Iteration 100: energy = 20.3744
Iteration 110: energy = 20.3591
Iteration 120: energy = 20.3445
Iteration 130: energy = 20.3372
Iteration 140: energy = 20.3299
Iteration 150: energy = 20.3293
Iteration 160: energy = 20.3281
Iteration 170: energy = 20.3249
Iteration 180: energy = 20.3238
Iteration 190: energy = 20.3215
Iteration 200: energy = 20.3205
Iteration 210: energy = 20.3181
Iteration 220: energy = 20.3167
Iteration 230: energy = 20.3149
Iteration 240: energy = 20.3137
Iteration 250: energy = 20.3132
Iteration 10: energy = 30.5109
Iteration 20: energy = 30.4592
Iteration 30: energy = 30.4312
Iteration 40: energy = 30.4176
Iteration 50: energy = 30.3962
Iteration 60: energy = 30.3669
Iteration 70: energy = 30.3445
Iteration 80: energy = 30.3074
Iteration 90: energy = 30.2794
Iteration 100: energy = 30.2502
Iteration 110: energy = 30.2362
Iteration 120: energy = 30.2082
Iteration 130: energy = 30.1880
Iteration 140: energy = 30.1492
Iteration 150: energy = 30.1243
Iteration 160: energy = 30.1093
Iteration 170: energy = 30.0953
Iteration 180: energy = 30.0863
Iteration 190: energy = 30.0809
Iteration 200: energy = 30.0727
Iteration 210: energy = 30.0688
Iteration 220: energy = 30.0674
Iteration 230: energy = 30.0673
Iteration 240: energy = 30.0662
Iteration 250: energy = 30.0650
Iteration 260: energy = 30.0636
Iteration 270: energy = 30.0629
Iteration 280: energy = 30.0622
Iteration 290: energy = 30.0610
Iteration 10: energy = 3.9695
Iteration 20: energy = 3.9587
Iteration 30: energy = 3.9535
Iteration 40: energy = 3.9486
Iteration 50: energy = 3.9412
Iteration 60: energy = 3.9360
Iteration 70: energy = 3.9320
Iteration 80: energy = 3.9302
Iteration 90: energy = 3.9286
Iteration 100: energy = 3.9281
Iteration 110: energy = 3.9265
Iteration 120: energy = 3.9257
Iteration 130: energy = 3.9248
Iteration 140: energy = 3.9244
Iteration 150: energy = 3.9240
Iteration 160: energy = 3.9239
Iteration 170: energy = 3.9236
Iteration 180: energy = 3.9234
Iteration 190: energy = 3.9233
Iteration 10: energy = 759.4549
Iteration 20: energy = 755.0283
Iteration 30: energy = 751.9106
Iteration 40: energy = 750.9658
Iteration 50: energy = 749.2144
Iteration 60: energy = 748.1185
Iteration 70: energy = 746.7631
Iteration 80: energy = 746.0147
Iteration 90: energy = 745.1228
Iteration 100: energy = 744.0865
Iteration 110: energy = 743.1143
Iteration 120: energy = 742.8732
Iteration 130: energy = 742.5272
Iteration 140: energy = 742.1769
Iteration 150: energy = 741.9646
Iteration 160: energy = 741.7109
Iteration 170: energy = 741.4588
Iteration 180: energy = 741.1014
Iteration 190: energy = 740.9023
Iteration 200: energy = 740.7525
Iteration 210: energy = 740.3934
Iteration 220: energy = 740.1423
Iteration 230: energy = 739.9646
Iteration 240: energy = 739.7851
Iteration 250: energy = 739.7775
Iteration 260: energy = 739.6782
Iteration 270: energy = 739.6074
Iteration 280: energy = 739.5452
Iteration 290: energy = 739.4429
Iteration 300: energy = 739.4142
Iteration 310: energy = 739.3628
Iteration 320: energy = 739.3300
Iteration 330: energy = 739.2938
Iteration 340: energy = 739.2935
Iteration 350: energy = 739.2704
Iteration 10: energy = 1148.4520
Iteration 20: energy = 1128.6681
Iteration 30: energy = 1119.2084
Iteration 40: energy = 1109.9773
Iteration 50: energy = 1103.6304
Iteration 60: energy = 1099.2422
Iteration 70: energy = 1094.0328
Iteration 80: energy = 1089.6354
Iteration 90: energy = 1086.4160
Iteration 100: energy = 1083.2212
Iteration 110: energy = 1082.1737
Iteration 120: energy = 1079.7527
Iteration 130: energy = 1078.6339
Iteration 140: energy = 1076.7737
Iteration 150: energy = 1075.9962
Iteration 160: energy = 1074.9670
Iteration 170: energy = 1074.3965
Iteration 180: energy = 1074.0820
Iteration 190: energy = 1073.5355
Iteration 200: energy = 1073.4009
Iteration 210: energy = 1072.9279
Iteration 220: energy = 1072.8417
Iteration 230: energy = 1072.5193
Iteration 240: energy = 1072.1215
Iteration 250: energy = 1072.0140
Iteration 260: energy = 1071.8815
Iteration 270: energy = 1071.7319
Iteration 280: energy = 1071.5879
Iteration 290: energy = 1071.5054
Iteration 300: energy = 1071.5042
Iteration 310: energy = 1071.3724
Iteration 320: energy = 1071.1731
Iteration 330: energy = 1071.0571
Iteration 340: energy = 1070.8229
Iteration 350: energy = 1070.4796
Iteration 360: energy = 1070.3546
Iteration 370: energy = 1069.8202
Iteration 380: energy = 1069.6521
Iteration 390: energy = 1069.4691
Iteration 400: energy = 1069.2394
Iteration 410: energy = 1069.1199
Iteration 420: energy = 1069.0802
Iteration 430: energy = 1068.9651
Iteration 440: energy = 1068.8921
Iteration 450: energy = 1068.7421
Iteration 460: energy = 1068.6439
Iteration 470: energy = 1068.5618
Iteration 480: energy = 1068.4490
Iteration 490: energy = 1068.3621
Iteration 500: energy = 1068.3336
Iteration 510: energy = 1068.3312
Iteration 520: energy = 1068.3048
Iteration 530: energy = 1068.2712
Iteration 10: energy = 205.5840
Iteration 20: energy = 204.3317
Iteration 30: energy = 203.4464
Iteration 40: energy = 202.1624
Iteration 50: energy = 200.3586
Iteration 60: energy = 198.7174
Iteration 70: energy = 197.6491
Iteration 80: energy = 197.0840
Iteration 90: energy = 196.1121
Iteration 100: energy = 195.3529
Iteration 110: energy = 195.0681
Iteration 120: energy = 194.5534
Iteration 130: energy = 194.3575
Iteration 140: energy = 194.1623
Iteration 150: energy = 194.0323
Iteration 160: energy = 193.7995
Iteration 170: energy = 193.5598
Iteration 180: energy = 193.4441
Iteration 190: energy = 193.2262
Iteration 200: energy = 193.1612
Iteration 210: energy = 193.1143
Iteration 220: energy = 193.0680
Iteration 230: energy = 193.0458
Iteration 240: energy = 193.0423
Iteration 250: energy = 193.0325
Iteration 260: energy = 192.9953
Iteration 270: energy = 192.9911
Iteration 280: energy = 192.9707
Iteration 290: energy = 192.9511
Iteration 300: energy = 192.9367
Iteration 310: energy = 192.9172
Iteration 320: energy = 192.9010
Iteration 330: energy = 192.8764
Iteration 340: energy = 192.8226
Iteration 350: energy = 192.7532
Iteration 360: energy = 192.7313
Iteration 370: energy = 192.7205
Iteration 380: energy = 192.7172
Iteration 390: energy = 192.7002
Iteration 400: energy = 192.6924
Iteration 410: energy = 192.6855
Iteration 420: energy = 192.6817
Iteration 10: energy = 69.8479
Iteration 20: energy = 69.8074
Iteration 30: energy = 69.7664
Iteration 40: energy = 69.7477
Iteration 50: energy = 69.7145
Iteration 60: energy = 69.6689
Iteration 70: energy = 69.6216
Iteration 80: energy = 69.5733
Iteration 90: energy = 69.5113
Iteration 100: energy = 69.4737
Iteration 110: energy = 69.4009
Iteration 120: energy = 69.3860
Iteration 130: energy = 69.3553
Iteration 140: energy = 69.3314
Iteration 150: energy = 69.3205
Iteration 160: energy = 69.3134
Iteration 170: energy = 69.3046
Iteration 180: energy = 69.3034
Iteration 10: energy = 152.2183
Iteration 20: energy = 151.9351
Iteration 30: energy = 151.7331
Iteration 40: energy = 150.9553
Iteration 50: energy = 150.3412
Iteration 60: energy = 150.1932
Iteration 70: energy = 149.7314
Iteration 80: energy = 148.8619
Iteration 90: energy = 147.8135
Iteration 100: energy = 147.2569
Iteration 110: energy = 146.2011
Iteration 120: energy = 145.6639
Iteration 130: energy = 145.2246
Iteration 140: energy = 144.9506
Iteration 150: energy = 144.6772
Iteration 160: energy = 144.4812
Iteration 170: energy = 144.3815
Iteration 180: energy = 144.1992
Iteration 190: energy = 144.0581
Iteration 200: energy = 144.0111
Iteration 210: energy = 143.8413
Iteration 220: energy = 143.7946
Iteration 230: energy = 143.7538
Iteration 240: energy = 143.7190
Iteration 250: energy = 143.6896
Iteration 260: energy = 143.6806
Iteration 270: energy = 143.6666
Iteration 280: energy = 143.6569
Iteration 290: energy = 143.6509
Iteration 300: energy = 143.6505
Iteration 310: energy = 143.6267
Iteration 320: energy = 143.6226
Iteration 330: energy = 143.6177
Iteration 340: energy = 143.6125
Iteration 350: energy = 143.6035
Iteration 360: energy = 143.5919
Iteration 370: energy = 143.5830
Iteration 380: energy = 143.5760
Iteration 390: energy = 143.5574
Iteration 400: energy = 143.5403
Iteration 410: energy = 143.5304
Iteration 420: energy = 143.5171
Iteration 430: energy = 143.5076
Iteration 440: energy = 143.5033
Iteration 450: energy = 143.4983
Iteration 460: energy = 143.4935
Iteration 470: energy = 143.4855
Iteration 480: energy = 143.4854
Iteration 490: energy = 143.4818
Iteration 500: energy = 143.4798
Iteration 510: energy = 143.4696
Iteration 520: energy = 143.4696
Iteration 530: energy = 143.4664
Iteration 10: energy = 1271.9883
Iteration 20: energy = 1265.8745
Iteration 30: energy = 1257.0192
Iteration 40: energy = 1251.7476
Iteration 50: energy = 1239.2026
Iteration 60: energy = 1233.6956
Iteration 70: energy = 1230.5577
Iteration 80: energy = 1228.2728
Iteration 90: energy = 1222.3470
Iteration 100: energy = 1217.2747
Iteration 110: energy = 1211.1112
Iteration 120: energy = 1208.4735
Iteration 130: energy = 1204.3385
Iteration 140: energy = 1202.2439
Iteration 150: energy = 1194.3573
Iteration 160: energy = 1184.6675
Iteration 170: energy = 1182.0532
Iteration 180: energy = 1178.8514
Iteration 190: energy = 1176.2588
Iteration 200: energy = 1172.9714
Iteration 210: energy = 1171.9156
Iteration 220: energy = 1170.7535
Iteration 230: energy = 1170.1151
Iteration 240: energy = 1169.9918
Iteration 250: energy = 1169.7454
Iteration 260: energy = 1169.5990
Iteration 270: energy = 1169.5515
Iteration 280: energy = 1169.3889
Iteration 290: energy = 1169.2585
Iteration 300: energy = 1169.1639
Iteration 310: energy = 1168.9796
Iteration 320: energy = 1168.9419
Iteration 330: energy = 1168.7938
Iteration 340: energy = 1168.6665
Iteration 350: energy = 1168.5475
Iteration 360: energy = 1168.2675
Iteration 370: energy = 1168.1393
Iteration 380: energy = 1167.9935
Iteration 390: energy = 1167.7128
Iteration 400: energy = 1167.4780
Iteration 410: energy = 1167.2396
Iteration 420: energy = 1166.9702
Iteration 430: energy = 1166.8549
Iteration 440: energy = 1166.7808
Iteration 450: energy = 1166.6552
Iteration 460: energy = 1166.6044
Iteration 10: energy = 35.9105
Iteration 20: energy = 35.8192
Iteration 30: energy = 35.7677
Iteration 40: energy = 35.7453
Iteration 50: energy = 35.6583
Iteration 60: energy = 35.6423
Iteration 70: energy = 35.5986
Iteration 80: energy = 35.5600
Iteration 90: energy = 35.5190
Iteration 100: energy = 35.5035
Iteration 110: energy = 35.4921
Iteration 120: energy = 35.4605
Iteration 130: energy = 35.4452
Iteration 140: energy = 35.4270
Iteration 150: energy = 35.4014
Iteration 160: energy = 35.3993
Iteration 170: energy = 35.3976
Iteration 180: energy = 35.3882
Iteration 190: energy = 35.3860
Iteration 200: energy = 35.3825
Iteration 210: energy = 35.3758
Iteration 220: energy = 35.3740
Iteration 230: energy = 35.3688
Iteration 240: energy = 35.3653
Iteration 250: energy = 35.3627
Iteration 260: energy = 35.3614
Iteration 270: energy = 35.3605
Iteration 280: energy = 35.3592
Iteration 290: energy = 35.3585
Iteration 10: energy = 655.9797
Iteration 20: energy = 651.8788
Iteration 30: energy = 643.9454
Iteration 40: energy = 637.4163
Iteration 50: energy = 630.4791
Iteration 60: energy = 628.0809
Iteration 70: energy = 624.9365
Iteration 80: energy = 623.5377
Iteration 90: energy = 622.5118
Iteration 100: energy = 621.5004
Iteration 110: energy = 620.7374
Iteration 120: energy = 620.0416
Iteration 130: energy = 619.3947
Iteration 140: energy = 618.9367
Iteration 150: energy = 618.5024
Iteration 160: energy = 618.1718
Iteration 170: energy = 617.8959
Iteration 180: energy = 617.7463
Iteration 190: energy = 617.4431
Iteration 200: energy = 617.2377
Iteration 210: energy = 616.9808
Iteration 220: energy = 616.8730
Iteration 230: energy = 616.7162
Iteration 240: energy = 616.5969
Iteration 250: energy = 616.5249
Iteration 260: energy = 616.4541
Iteration 270: energy = 616.3458
Iteration 280: energy = 616.2578
Iteration 290: energy = 616.2082
Iteration 300: energy = 616.1718
Iteration 310: energy = 616.1539
Iteration 320: energy = 616.1537
Iteration 330: energy = 616.1526
Iteration 340: energy = 616.1232
Iteration 350: energy = 616.1091
Iteration 10: energy = 1503.3041
Iteration 20: energy = 1483.0973
Iteration 30: energy = 1468.9020
Iteration 40: energy = 1459.0001
Iteration 50: energy = 1451.8602
Iteration 60: energy = 1439.1451
Iteration 70: energy = 1424.5181
Iteration 80: energy = 1415.4839
Iteration 90: energy = 1402.6980
Iteration 100: energy = 1396.7588
Iteration 110: energy = 1388.3320
Iteration 120: energy = 1385.3755
Iteration 130: energy = 1380.9379
Iteration 140: energy = 1378.4409
Iteration 150: energy = 1375.1306
Iteration 160: energy = 1372.6420
Iteration 170: energy = 1371.2117
Iteration 180: energy = 1370.5308
Iteration 190: energy = 1369.6187
Iteration 200: energy = 1369.3988
Iteration 210: energy = 1369.0715
Iteration 220: energy = 1368.7489
Iteration 230: energy = 1368.3199
Iteration 240: energy = 1367.9445
Iteration 250: energy = 1367.4940
Iteration 260: energy = 1367.0054
Iteration 270: energy = 1366.0538
Iteration 280: energy = 1365.0859
Iteration 290: energy = 1364.6053
Iteration 300: energy = 1364.4844
Iteration 310: energy = 1364.1326
Iteration 320: energy = 1364.0518
Iteration 330: energy = 1363.8273
Iteration 340: energy = 1363.5485
Iteration 350: energy = 1363.3929
Iteration 360: energy = 1362.9153
Iteration 370: energy = 1362.6991
Iteration 380: energy = 1362.3917
Iteration 390: energy = 1362.2465
Iteration 400: energy = 1362.0096
Iteration 410: energy = 1361.8530
Iteration 420: energy = 1361.6619
Iteration 430: energy = 1361.4800
Iteration 440: energy = 1361.3650
Iteration 450: energy = 1361.0243
Iteration 460: energy = 1360.8195
Iteration 470: energy = 1360.6853
Iteration 480: energy = 1360.4479
Iteration 490: energy = 1360.3300
Iteration 500: energy = 1360.0604
Iteration 510: energy = 1359.7126
Iteration 520: energy = 1357.3423
Iteration 530: energy = 1354.7850
Iteration 540: energy = 1344.5397
Iteration 550: energy = 1328.6698
Iteration 560: energy = 1316.6951
Iteration 570: energy = 1314.6222
Iteration 580: energy = 1305.8295
Iteration 590: energy = 1303.4521
Iteration 600: energy = 1298.2886
Iteration 610: energy = 1293.9969
Iteration 620: energy = 1290.4736
Iteration 630: energy = 1289.4656
Iteration 640: energy = 1288.0745
Iteration 650: energy = 1286.4713
Iteration 660: energy = 1284.8536
Iteration 670: energy = 1281.8943
Iteration 680: energy = 1280.6281
Iteration 690: energy = 1278.3845
Iteration 700: energy = 1276.8269
Iteration 710: energy = 1274.9640
Iteration 720: energy = 1273.5063
Iteration 730: energy = 1271.7875
Iteration 740: energy = 1269.0847
Iteration 750: energy = 1266.6125
Iteration 760: energy = 1264.8439
Iteration 770: energy = 1263.6581
Iteration 780: energy = 1262.5569
Iteration 790: energy = 1262.1545
Iteration 800: energy = 1262.1239
Iteration 810: energy = 1260.9684
Iteration 820: energy = 1260.2891
Iteration 830: energy = 1259.8501
Iteration 840: energy = 1258.8881
Iteration 850: energy = 1258.5217
Iteration 860: energy = 1258.0369
Iteration 870: energy = 1257.4408
Iteration 880: energy = 1256.7791
Iteration 890: energy = 1256.6365
Iteration 900: energy = 1256.3568
Iteration 910: energy = 1256.2158
Iteration 920: energy = 1256.0840
Iteration 930: energy = 1255.8644
Iteration 940: energy = 1255.7281
Iteration 950: energy = 1255.7271
Iteration 960: energy = 1255.6969
Iteration 970: energy = 1255.5330
Iteration 980: energy = 1255.4718
Iteration 990: energy = 1255.3979
Iteration 1000: energy = 1255.3206
Iteration 1010: energy = 1255.2728
Iteration 1020: energy = 1255.2341
Iteration 1030: energy = 1255.2205
Iteration 1040: energy = 1255.1682
Iteration 1050: energy = 1255.1272
Iteration 10: energy = 827.9780
Iteration 20: energy = 818.9960
Iteration 30: energy = 811.8571
Iteration 40: energy = 809.6783
Iteration 50: energy = 806.4260
Iteration 60: energy = 803.0218
Iteration 70: energy = 798.4987
Iteration 80: energy = 795.7136
Iteration 90: energy = 790.5125
Iteration 100: energy = 788.3741
Iteration 110: energy = 783.8913
Iteration 120: energy = 781.6874
Iteration 130: energy = 778.0225
Iteration 140: energy = 777.0267
Iteration 150: energy = 776.3972
Iteration 160: energy = 774.3893
Iteration 170: energy = 773.7411
Iteration 180: energy = 772.2682
Iteration 190: energy = 771.7468
Iteration 200: energy = 770.2263
Iteration 210: energy = 768.2886
Iteration 220: energy = 767.0847
Iteration 230: energy = 765.8743
Iteration 240: energy = 761.8911
Iteration 250: energy = 756.9512
Iteration 260: energy = 750.8168
Iteration 270: energy = 745.6642
Iteration 280: energy = 742.8334
Iteration 290: energy = 740.3253
Iteration 300: energy = 737.8250
Iteration 310: energy = 735.9955
Iteration 320: energy = 734.5160
Iteration 330: energy = 734.0944
Iteration 340: energy = 733.2173
Iteration 350: energy = 732.3779
Iteration 360: energy = 731.4313
Iteration 370: energy = 730.3745
Iteration 380: energy = 729.5413
Iteration 390: energy = 728.6015
Iteration 400: energy = 728.1190
Iteration 410: energy = 727.3802
Iteration 420: energy = 727.2009
Iteration 430: energy = 726.5673
Iteration 440: energy = 726.1628
Iteration 450: energy = 725.6008
Iteration 460: energy = 724.8796
Iteration 470: energy = 724.4325
Iteration 480: energy = 723.8367
Iteration 490: energy = 723.3571
Iteration 500: energy = 722.9016
Iteration 510: energy = 722.7244
Iteration 520: energy = 722.4764
Iteration 530: energy = 722.1470
Iteration 540: energy = 721.8560
Iteration 550: energy = 721.7850
Iteration 560: energy = 721.7614
Iteration 570: energy = 721.6168
Iteration 580: energy = 721.4473
Iteration 590: energy = 721.3839
Iteration 600: energy = 721.2770
Iteration 610: energy = 721.2559
Iteration 620: energy = 721.1827
Iteration 630: energy = 721.1229
Iteration 640: energy = 721.0706
Iteration 650: energy = 721.0416
Iteration 660: energy = 721.0089
Iteration 670: energy = 720.9993
Iteration 680: energy = 720.9724
Iteration 690: energy = 720.9278
Iteration 10: energy = 101.8739
Iteration 20: energy = 101.7948
Iteration 30: energy = 101.7260
Iteration 40: energy = 101.5921
Iteration 50: energy = 101.4262
Iteration 60: energy = 101.2962
Iteration 70: energy = 101.1340
Iteration 80: energy = 101.0689
Iteration 90: energy = 100.9621
Iteration 100: energy = 100.9127
Iteration 110: energy = 100.8362
Iteration 120: energy = 100.8164
Iteration 130: energy = 100.7963
Iteration 140: energy = 100.7956
Iteration 150: energy = 100.7795
Iteration 160: energy = 100.7702
Iteration 170: energy = 100.7582
Iteration 180: energy = 100.7362
Iteration 190: energy = 100.7293
Iteration 200: energy = 100.7244
Iteration 210: energy = 100.7139
Iteration 220: energy = 100.7073
Iteration 230: energy = 100.7028
Iteration 240: energy = 100.6987
Iteration 250: energy = 100.6927
Iteration 10: energy = 3.6356
Iteration 20: energy = 3.6344
Iteration 30: energy = 3.6338
Iteration 40: energy = 3.6332
Iteration 50: energy = 3.6330
Iteration 60: energy = 3.6327
Iteration 70: energy = 3.6327
Iteration 80: energy = 3.6322
Iteration 90: energy = 3.6321
Iteration 100: energy = 3.6318
Iteration 110: energy = 3.6317
Iteration 120: energy = 3.6316
Iteration 130: energy = 3.6315
Iteration 140: energy = 3.6311
Iteration 150: energy = 3.6307
Iteration 160: energy = 3.6305
Iteration 170: energy = 3.6300
Iteration 180: energy = 3.6297
Iteration 190: energy = 3.6293
Iteration 200: energy = 3.6290
Iteration 210: energy = 3.6289
Iteration 220: energy = 3.6288
Iteration 230: energy = 3.6282
Iteration 240: energy = 3.6282
Iteration 250: energy = 3.6281
Iteration 260: energy = 3.6279
Iteration 270: energy = 3.6278
Iteration 280: energy = 3.6276
Iteration 290: energy = 3.6275
Iteration 10: energy = 58.8129
Iteration 20: energy = 58.6786
Iteration 30: energy = 58.6396
Iteration 40: energy = 58.5672
Iteration 50: energy = 58.4869
Iteration 60: energy = 58.4157
Iteration 70: energy = 58.3042
Iteration 80: energy = 58.2811
Iteration 90: energy = 58.2658
Iteration 100: energy = 58.2400
Iteration 110: energy = 58.2342
Iteration 120: energy = 58.2253
Iteration 130: energy = 58.2190
Iteration 140: energy = 58.2077
Iteration 150: energy = 58.2066
Iteration 160: energy = 58.2022
Iteration 170: energy = 58.1946
Iteration 180: energy = 58.1825
Iteration 190: energy = 58.1629
Iteration 200: energy = 58.1390
Iteration 210: energy = 58.1293
Iteration 220: energy = 58.1145
Iteration 230: energy = 58.0952
Iteration 240: energy = 58.0788
Iteration 250: energy = 58.0731
Iteration 260: energy = 58.0730
Iteration 270: energy = 58.0730
Iteration 280: energy = 58.0690
Iteration 290: energy = 58.0684
Iteration 300: energy = 58.0663
Initial geodesic lengths: [14.702346801757812, 5.556020736694336, 28.026002883911133, 32.16804122924805, 25.824951171875, 8.4605712890625, 35.49021911621094, 29.35038185119629, 30.776100158691406, 4.511054992675781, 5.500093460083008, 1.981277346611023, 27.281373977661133, 33.35996627807617, 14.297357559204102, 8.326942443847656, 12.3139009475708, 34.431556701660156, 5.958376884460449, 25.3863468170166, 37.007102966308594, 28.089508056640625, 10.06059741973877, 1.9065088033676147, 7.638612270355225]
Optimized geodesic lengths: [14.257692337036133, 5.5546064376831055, 27.771652221679688, 31.775577545166016, 25.631385803222656, 8.406773567199707, 33.43818664550781, 28.751953125, 30.295995712280273, 4.506808280944824, 5.482213020324707, 1.9806694984436035, 27.188491821289062, 32.68186569213867, 13.877850532531738, 8.324647903442383, 11.976677894592285, 34.1544189453125, 5.9456682205200195, 24.82050895690918, 35.42141342163086, 26.843242645263672, 10.03386402130127, 1.9045487642288208, 7.619894027709961]

------------------------------------------------------------
Sender: LSF System <lsfadmin@hpc.dtu.dk>
Subject: Job 24555368: <geodesics_run2> in cluster <dcc> Done

Job <geodesics_run2> was submitted from host <n-62-12-19> by user <s185927> in cluster <dcc> at Tue Apr  1 21:47:40 2025
Job was executed on host(s) <4*n-62-20-3>, in queue <gpuv100>, as user <s185927> in cluster <dcc> at Tue Apr  1 21:47:40 2025
</zhome/e3/3/139772> was used as the home directory.
</zhome/e3/3/139772/Desktop/AML/AML/github-project-2/AML-Project-2/src> was used as the working directory.
Started at Tue Apr  1 21:47:40 2025
Terminated at Tue Apr  1 21:48:32 2025
Results reported at Tue Apr  1 21:48:32 2025

Your job looked like:

------------------------------------------------------------
# LSBATCH: User input
#!/bin/bash
#BSUB -J geodesics_run2
#BSUB -q gpuv100
#BSUB -n 4
#BSUB -gpu "num=1:mode=exclusive_process"
#BSUB -W 5:00
#BSUB -R "rusage[mem=5GB]"
#BSUB -u lassesofus@gmail.com
#BSUB -o %J.out
#BSUB -e %J.err

module load cuda/11.8

source /zhome/e3/3/139772/Desktop/AML/aml_new/bin/activate

#python ensemble_vae.py --mode train --device cuda --experiment-folder ../experiment/ensemble_3_v6 --num-decoders 3 --num-t 50 --num-curves 25
python ensemble_vae.py --mode geodesics --device cuda --experiment-folder ../experiment/run2 --num-decoders 1 --num-t 50 --num-curves 25
------------------------------------------------------------

Successfully completed.

Resource usage summary:

    CPU time :                                   48.45 sec.
    Max Memory :                                 591 MB
    Average Memory :                             591.00 MB
    Total Requested Memory :                     20480.00 MB
    Delta Memory :                               19889.00 MB
    Max Swap :                                   -
    Max Processes :                              4
    Max Threads :                                9
    Run time :                                   64 sec.
    Turnaround time :                            52 sec.

The output (if any) is above this job summary.



PS:

Read file <24555368.err> for stderr output of this job.

