# Options
batch_size = 32
device = cuda
epochs_per_decoder = 200
experiment_folder = ../experiment/ensemble_3_v2
latent_dim = 2
mode = geodesics
num_curves = 25
num_decoders = 3
num_reruns = 10
num_t = 50
samples = samples.png
Iteration 10: energy = 2330.4824
Iteration 20: energy = 2181.3457
Iteration 30: energy = 2159.3694
Iteration 40: energy = 2096.2739
Iteration 50: energy = 2070.3640
Iteration 60: energy = 2046.3070
Iteration 70: energy = 2026.7166
Iteration 80: energy = 2013.6116
Iteration 90: energy = 1996.4158
Iteration 100: energy = 1984.8740
Iteration 110: energy = 1979.4678
Iteration 120: energy = 1976.9341
Iteration 130: energy = 1966.2378
Iteration 140: energy = 1957.1841
Iteration 150: energy = 1939.5667
Iteration 160: energy = 1927.7222
Iteration 170: energy = 1916.5306
Iteration 180: energy = 1907.9867
Iteration 190: energy = 1895.1161
Iteration 200: energy = 1888.6978
Iteration 210: energy = 1880.9479
Iteration 220: energy = 1876.6595
Iteration 230: energy = 1873.2145
Iteration 240: energy = 1866.8982
Iteration 250: energy = 1862.7451
Iteration 260: energy = 1860.7626
Iteration 270: energy = 1858.1824
Iteration 280: energy = 1857.0393
Iteration 290: energy = 1855.6116
Iteration 300: energy = 1853.7800
Iteration 310: energy = 1851.5505
Iteration 320: energy = 1849.7871
Iteration 330: energy = 1849.3724
Iteration 340: energy = 1848.8575
Iteration 350: energy = 1847.8685
Iteration 360: energy = 1847.1704
Iteration 370: energy = 1846.6976
Iteration 380: energy = 1845.5991
Iteration 390: energy = 1844.6262
Iteration 400: energy = 1843.6656
Iteration 410: energy = 1840.7715
Iteration 420: energy = 1837.6238
Iteration 430: energy = 1820.7408
Iteration 440: energy = 1814.4318
Iteration 450: energy = 1812.3733
Iteration 460: energy = 1810.2791
Iteration 470: energy = 1807.8114
Iteration 480: energy = 1807.2177
Iteration 490: energy = 1807.0190
Iteration 500: energy = 1806.2653
Iteration 510: energy = 1806.0200
Iteration 520: energy = 1805.5575
Iteration 530: energy = 1805.4407
Iteration 540: energy = 1805.2147
Iteration 550: energy = 1805.1084
Iteration 560: energy = 1804.9771
Iteration 570: energy = 1804.9253
Iteration 580: energy = 1804.8656
Iteration 590: energy = 1804.8425
Iteration 10: energy = 1610.8910
Iteration 20: energy = 1606.5674
Iteration 30: energy = 1603.3311
Iteration 40: energy = 1600.7870
Iteration 50: energy = 1597.2350
Iteration 60: energy = 1593.1174
Iteration 70: energy = 1590.7260
Iteration 80: energy = 1588.4497
Iteration 90: energy = 1585.7133
Iteration 100: energy = 1584.8500
Iteration 110: energy = 1583.2062
Iteration 120: energy = 1582.8043
Iteration 130: energy = 1582.0204
Iteration 140: energy = 1581.1901
Iteration 150: energy = 1580.3732
Iteration 160: energy = 1579.8256
Iteration 170: energy = 1579.3737
Iteration 180: energy = 1579.2894
Iteration 190: energy = 1578.8789
Iteration 200: energy = 1578.7327
Iteration 210: energy = 1578.6436
Iteration 220: energy = 1578.6427
Iteration 230: energy = 1578.6409
Iteration 10: energy = 3555.6472
Iteration 20: energy = 3487.4141
Iteration 30: energy = 3350.2156
Iteration 40: energy = 3318.0461
Iteration 50: energy = 3285.6213
Iteration 60: energy = 3266.1172
Iteration 70: energy = 3250.3999
Iteration 80: energy = 3239.7861
Iteration 90: energy = 3227.1587
Iteration 100: energy = 3223.8613
Iteration 110: energy = 3218.7505
Iteration 120: energy = 3216.7969
Iteration 130: energy = 3209.2151
Iteration 140: energy = 3205.8040
Iteration 150: energy = 3197.3376
Iteration 160: energy = 3191.7341
Iteration 170: energy = 3183.2227
Iteration 180: energy = 3178.4077
Iteration 190: energy = 3163.2136
Iteration 200: energy = 3150.8013
Iteration 210: energy = 3139.7241
Iteration 220: energy = 3131.1982
Iteration 230: energy = 3125.3301
Iteration 240: energy = 3117.8855
Iteration 250: energy = 3111.1528
Iteration 260: energy = 3107.6975
Iteration 270: energy = 3097.3381
Iteration 280: energy = 3094.2075
Iteration 290: energy = 3088.5310
Iteration 300: energy = 3086.2427
Iteration 310: energy = 3084.6577
Iteration 320: energy = 3083.3774
Iteration 330: energy = 3082.6614
Iteration 340: energy = 3081.9236
Iteration 350: energy = 3081.2129
Iteration 360: energy = 3080.3777
Iteration 370: energy = 3079.9731
Iteration 380: energy = 3079.9692
Iteration 390: energy = 3079.8630
Iteration 400: energy = 3079.7307
Iteration 410: energy = 3079.3052
Iteration 420: energy = 3079.0552
Iteration 430: energy = 3079.0100
Iteration 440: energy = 3078.8137
Iteration 450: energy = 3078.8120
Iteration 460: energy = 3078.6895
Iteration 470: energy = 3078.6409
Iteration 480: energy = 3078.4153
Iteration 490: energy = 3078.4116
Iteration 500: energy = 3078.3242
Iteration 10: energy = 4161.6167
Iteration 20: energy = 4114.5371
Iteration 30: energy = 4089.5305
Iteration 40: energy = 4017.5461
Iteration 50: energy = 3986.8550
Iteration 60: energy = 3959.0720
Iteration 70: energy = 3912.4463
Iteration 80: energy = 3895.8706
Iteration 90: energy = 3874.2419
Iteration 100: energy = 3860.7849
Iteration 110: energy = 3845.5762
Iteration 120: energy = 3834.6177
Iteration 130: energy = 3802.4001
Iteration 140: energy = 3769.1819
Iteration 150: energy = 3695.8970
Iteration 160: energy = 3664.0793
Iteration 170: energy = 3554.3865
Iteration 180: energy = 3481.0500
Iteration 190: energy = 3371.1716
Iteration 200: energy = 3324.6270
Iteration 210: energy = 3290.9785
Iteration 220: energy = 3275.7554
Iteration 230: energy = 3267.1260
Iteration 240: energy = 3260.4634
Iteration 250: energy = 3254.6516
Iteration 260: energy = 3248.6274
Iteration 270: energy = 3241.9250
Iteration 280: energy = 3237.6460
Iteration 290: energy = 3234.0535
Iteration 300: energy = 3231.7810
Iteration 310: energy = 3226.1201
Iteration 320: energy = 3222.7004
Iteration 330: energy = 3221.6267
Iteration 340: energy = 3219.6575
Iteration 350: energy = 3218.5837
Iteration 360: energy = 3217.4194
Iteration 370: energy = 3215.7498
Iteration 380: energy = 3213.8057
Iteration 390: energy = 3212.4541
Iteration 400: energy = 3207.3066
Iteration 410: energy = 3203.6492
Iteration 420: energy = 3202.1069
Iteration 430: energy = 3200.7380
Iteration 440: energy = 3199.7598
Iteration 450: energy = 3197.7288
Iteration 460: energy = 3196.6938
Iteration 470: energy = 3195.9868
Iteration 480: energy = 3194.9612
Iteration 490: energy = 3193.9424
Iteration 500: energy = 3193.0740
Iteration 510: energy = 3192.3618
Iteration 520: energy = 3191.6245
Iteration 530: energy = 3191.3188
Iteration 540: energy = 3191.0391
Iteration 550: energy = 3190.7554
Iteration 560: energy = 3190.6489
Iteration 10: energy = 4061.6814
Iteration 20: energy = 3994.2920
Iteration 30: energy = 3928.8093
Iteration 40: energy = 3874.1914
Iteration 50: energy = 3793.2095
Iteration 60: energy = 3716.2891
Iteration 70: energy = 3654.8977
Iteration 80: energy = 3641.5786
Iteration 90: energy = 3607.4497
Iteration 100: energy = 3588.6123
Iteration 110: energy = 3569.2375
Iteration 120: energy = 3547.4778
Iteration 130: energy = 3526.7166
Iteration 140: energy = 3513.2217
Iteration 150: energy = 3501.6858
Iteration 160: energy = 3495.2134
Iteration 170: energy = 3487.9302
Iteration 180: energy = 3479.1882
Iteration 190: energy = 3475.5645
Iteration 200: energy = 3470.5505
Iteration 210: energy = 3469.0442
Iteration 220: energy = 3467.4587
Iteration 230: energy = 3465.5898
Iteration 240: energy = 3463.0559
Iteration 250: energy = 3461.3486
Iteration 260: energy = 3459.8662
Iteration 270: energy = 3458.2153
Iteration 280: energy = 3456.5559
Iteration 290: energy = 3455.8337
Iteration 300: energy = 3454.8801
Iteration 310: energy = 3454.3076
Iteration 320: energy = 3453.9373
Iteration 330: energy = 3453.8140
Iteration 340: energy = 3453.5225
Iteration 350: energy = 3453.1523
Iteration 360: energy = 3453.1487
Iteration 370: energy = 3452.7920
Iteration 380: energy = 3452.7512
Iteration 390: energy = 3452.6631
Iteration 400: energy = 3452.1675
Iteration 410: energy = 3451.8677
Iteration 420: energy = 3451.6216
Iteration 10: energy = 1671.3054
Iteration 20: energy = 1666.7501
Iteration 30: energy = 1661.1056
Iteration 40: energy = 1655.7440
Iteration 50: energy = 1646.9425
Iteration 60: energy = 1639.7885
Iteration 70: energy = 1633.9926
Iteration 80: energy = 1625.2302
Iteration 90: energy = 1618.0850
Iteration 100: energy = 1611.6285
Iteration 110: energy = 1609.9280
Iteration 120: energy = 1608.4415
Iteration 130: energy = 1607.4486
Iteration 140: energy = 1607.0685
Iteration 150: energy = 1606.3188
Iteration 160: energy = 1606.1188
Iteration 170: energy = 1606.0336
Iteration 180: energy = 1605.1761
Iteration 190: energy = 1604.5837
Iteration 200: energy = 1603.9440
Iteration 210: energy = 1603.6851
Iteration 220: energy = 1603.2762
Iteration 230: energy = 1602.1116
Iteration 240: energy = 1601.4677
Iteration 250: energy = 1600.7566
Iteration 260: energy = 1600.4144
Iteration 270: energy = 1599.7646
Iteration 280: energy = 1599.2764
Iteration 290: energy = 1598.5948
Iteration 300: energy = 1597.9750
Iteration 310: energy = 1597.9608
Iteration 320: energy = 1597.8239
Iteration 330: energy = 1597.7456
Iteration 340: energy = 1597.5026
Iteration 10: energy = 4119.9180
Iteration 20: energy = 4081.2434
Iteration 30: energy = 4049.5220
Iteration 40: energy = 4019.8413
Iteration 50: energy = 3999.6689
Iteration 60: energy = 3987.6616
Iteration 70: energy = 3982.4775
Iteration 80: energy = 3980.1431
Iteration 90: energy = 3971.8879
Iteration 100: energy = 3964.1997
Iteration 110: energy = 3959.8003
Iteration 120: energy = 3951.4839
Iteration 130: energy = 3947.8779
Iteration 140: energy = 3945.5886
Iteration 150: energy = 3941.9800
Iteration 160: energy = 3937.3872
Iteration 170: energy = 3936.4827
Iteration 180: energy = 3934.3708
Iteration 190: energy = 3933.2900
Iteration 200: energy = 3932.3909
Iteration 210: energy = 3932.1155
Iteration 220: energy = 3929.5342
Iteration 230: energy = 3928.7869
Iteration 240: energy = 3927.7854
Iteration 250: energy = 3925.9102
Iteration 260: energy = 3924.2732
Iteration 270: energy = 3923.3933
Iteration 280: energy = 3922.8250
Iteration 290: energy = 3921.8906
Iteration 300: energy = 3920.9873
Iteration 310: energy = 3920.6707
Iteration 320: energy = 3919.8315
Iteration 330: energy = 3918.9312
Iteration 340: energy = 3918.3452
Iteration 350: energy = 3917.8772
Iteration 360: energy = 3917.7241
Iteration 370: energy = 3916.4971
Iteration 380: energy = 3914.9121
Iteration 390: energy = 3913.7769
Iteration 400: energy = 3913.7463
Iteration 410: energy = 3912.3271
Iteration 420: energy = 3912.2180
Iteration 430: energy = 3911.8186
Iteration 440: energy = 3911.3887
Iteration 450: energy = 3910.9329
Iteration 460: energy = 3910.3333
Iteration 470: energy = 3910.1853
Iteration 480: energy = 3909.8933
Iteration 490: energy = 3909.4810
Iteration 500: energy = 3908.9287
Iteration 510: energy = 3908.7822
Iteration 520: energy = 3908.6624
Iteration 530: energy = 3908.3374
Iteration 10: energy = 3975.4714
Iteration 20: energy = 3952.1526
Iteration 30: energy = 3913.6799
Iteration 40: energy = 3890.0505
Iteration 50: energy = 3855.3914
Iteration 60: energy = 3820.9263
Iteration 70: energy = 3796.4585
Iteration 80: energy = 3783.6113
Iteration 90: energy = 3764.6321
Iteration 100: energy = 3754.5422
Iteration 110: energy = 3742.0566
Iteration 120: energy = 3734.6284
Iteration 130: energy = 3712.3730
Iteration 140: energy = 3697.3767
Iteration 150: energy = 3679.1558
Iteration 160: energy = 3667.1941
Iteration 170: energy = 3652.2996
Iteration 180: energy = 3639.5330
Iteration 190: energy = 3625.2136
Iteration 200: energy = 3589.6572
Iteration 210: energy = 3577.0835
Iteration 220: energy = 3563.6936
Iteration 230: energy = 3552.1768
Iteration 240: energy = 3490.5212
Iteration 250: energy = 3421.9578
Iteration 260: energy = 3304.2087
Iteration 270: energy = 3196.6038
Iteration 280: energy = 3168.5764
Iteration 290: energy = 3157.6426
Iteration 300: energy = 3150.5603
Iteration 310: energy = 3143.8701
Iteration 320: energy = 3141.0144
Iteration 330: energy = 3139.0020
Iteration 340: energy = 3136.8105
Iteration 350: energy = 3134.9717
Iteration 360: energy = 3132.9333
Iteration 370: energy = 3131.9868
Iteration 380: energy = 3131.1353
Iteration 390: energy = 3130.2375
Iteration 400: energy = 3129.3394
Iteration 410: energy = 3128.2893
Iteration 420: energy = 3127.5081
Iteration 430: energy = 3126.0320
Iteration 440: energy = 3124.4084
Iteration 450: energy = 3123.0605
Iteration 460: energy = 3118.3062
Iteration 470: energy = 3116.8806
Iteration 480: energy = 3115.6045
Iteration 490: energy = 3113.9287
Iteration 500: energy = 3113.0042
Iteration 510: energy = 3111.7654
Iteration 520: energy = 3111.3838
Iteration 530: energy = 3110.1575
Iteration 540: energy = 3109.8413
Iteration 550: energy = 3109.6355
Iteration 560: energy = 3109.0999
Iteration 570: energy = 3108.5237
Iteration 580: energy = 3107.9438
Iteration 590: energy = 3107.2539
Iteration 600: energy = 3106.6130
Iteration 610: energy = 3106.6069
Iteration 620: energy = 3106.2649
Iteration 630: energy = 3105.8479
Iteration 640: energy = 3105.2161
Iteration 650: energy = 3104.8796
Iteration 660: energy = 3104.8772
Iteration 670: energy = 3104.7319
Iteration 680: energy = 3104.0811
Iteration 690: energy = 3104.0806
Iteration 10: energy = 3891.3789
Iteration 20: energy = 3824.5999
Iteration 30: energy = 3787.0083
Iteration 40: energy = 3748.7300
Iteration 50: energy = 3695.4583
Iteration 60: energy = 3688.9644
Iteration 70: energy = 3667.3042
Iteration 80: energy = 3660.9783
Iteration 90: energy = 3652.6841
Iteration 100: energy = 3641.6274
Iteration 110: energy = 3637.0728
Iteration 120: energy = 3630.3005
Iteration 130: energy = 3625.5359
Iteration 140: energy = 3623.2776
Iteration 150: energy = 3620.6440
Iteration 160: energy = 3617.5244
Iteration 170: energy = 3615.1956
Iteration 180: energy = 3613.1509
Iteration 190: energy = 3611.3538
Iteration 200: energy = 3610.4670
Iteration 210: energy = 3609.4780
Iteration 220: energy = 3608.8340
Iteration 230: energy = 3608.4880
Iteration 240: energy = 3608.3108
Iteration 250: energy = 3607.8396
Iteration 260: energy = 3607.5962
Iteration 270: energy = 3607.5854
Iteration 280: energy = 3607.3914
Iteration 10: energy = 840.5616
Iteration 20: energy = 811.9951
Iteration 30: energy = 801.7089
Iteration 40: energy = 796.5870
Iteration 50: energy = 787.3594
Iteration 60: energy = 784.1910
Iteration 70: energy = 772.9965
Iteration 80: energy = 767.3180
Iteration 90: energy = 759.9109
Iteration 100: energy = 755.2109
Iteration 110: energy = 753.4650
Iteration 120: energy = 749.7985
Iteration 130: energy = 746.2935
Iteration 140: energy = 743.0906
Iteration 150: energy = 741.1450
Iteration 160: energy = 740.2216
Iteration 170: energy = 738.8636
Iteration 180: energy = 736.6525
Iteration 190: energy = 736.1586
Iteration 200: energy = 735.6479
Iteration 210: energy = 735.0397
Iteration 220: energy = 734.6965
Iteration 230: energy = 734.3474
Iteration 240: energy = 734.2507
Iteration 250: energy = 734.1552
Iteration 260: energy = 734.1037
Iteration 270: energy = 734.0668
Iteration 280: energy = 734.0665
Iteration 290: energy = 734.0535
Iteration 10: energy = 938.3302
Iteration 20: energy = 930.8480
Iteration 30: energy = 927.6469
Iteration 40: energy = 925.2526
Iteration 50: energy = 924.0281
Iteration 60: energy = 922.1258
Iteration 70: energy = 920.2982
Iteration 80: energy = 919.5465
Iteration 90: energy = 919.2678
Iteration 100: energy = 919.1649
Iteration 110: energy = 918.9947
Iteration 10: energy = 1518.1478
Iteration 20: energy = 1484.0306
Iteration 30: energy = 1477.0721
Iteration 40: energy = 1469.1786
Iteration 50: energy = 1467.0884
Iteration 60: energy = 1465.9636
Iteration 70: energy = 1465.2535
Iteration 80: energy = 1464.7405
Iteration 90: energy = 1464.4060
Iteration 100: energy = 1464.0510
Iteration 110: energy = 1464.0168
Iteration 120: energy = 1463.9812
Iteration 130: energy = 1463.9188
Iteration 10: energy = 4022.8955
Iteration 20: energy = 3757.1599
Iteration 30: energy = 3680.3521
Iteration 40: energy = 3583.6033
Iteration 50: energy = 3538.9888
Iteration 60: energy = 3526.0125
Iteration 70: energy = 3505.0583
Iteration 80: energy = 3498.9839
Iteration 90: energy = 3490.0813
Iteration 100: energy = 3486.6550
Iteration 110: energy = 3485.5781
Iteration 120: energy = 3482.4463
Iteration 130: energy = 3479.7126
Iteration 140: energy = 3474.5159
Iteration 150: energy = 3470.2937
Iteration 160: energy = 3466.1616
Iteration 170: energy = 3455.8335
Iteration 180: energy = 3446.6321
Iteration 190: energy = 3425.8865
Iteration 200: energy = 3412.7373
Iteration 210: energy = 3399.5400
Iteration 220: energy = 3383.2114
Iteration 230: energy = 3352.7302
Iteration 240: energy = 3342.5803
Iteration 250: energy = 3327.2456
Iteration 260: energy = 3320.8281
Iteration 270: energy = 3315.8955
Iteration 280: energy = 3304.8833
Iteration 290: energy = 3302.0393
Iteration 300: energy = 3298.0232
Iteration 310: energy = 3292.9028
Iteration 320: energy = 3286.7886
Iteration 330: energy = 3283.0952
Iteration 340: energy = 3277.2869
Iteration 350: energy = 3270.5132
Iteration 360: energy = 3268.0432
Iteration 370: energy = 3264.2510
Iteration 380: energy = 3261.7070
Iteration 390: energy = 3257.4824
Iteration 400: energy = 3253.4072
Iteration 410: energy = 3250.1365
Iteration 420: energy = 3243.4211
Iteration 430: energy = 3238.9221
Iteration 440: energy = 3231.8706
Iteration 450: energy = 3226.9980
Iteration 460: energy = 3223.8010
Iteration 470: energy = 3216.3875
Iteration 480: energy = 3213.8745
Iteration 490: energy = 3207.8374
Iteration 500: energy = 3205.2415
Iteration 510: energy = 3203.4756
Iteration 520: energy = 3200.0991
Iteration 530: energy = 3199.0432
Iteration 540: energy = 3196.4871
Iteration 550: energy = 3194.4446
Iteration 560: energy = 3193.4287
Iteration 570: energy = 3190.9412
Iteration 580: energy = 3189.8276
Iteration 590: energy = 3188.7197
Iteration 600: energy = 3188.1448
Iteration 610: energy = 3188.1292
Iteration 620: energy = 3187.8118
Iteration 630: energy = 3187.6614
Iteration 640: energy = 3187.5151
Iteration 650: energy = 3187.0339
Iteration 660: energy = 3186.7363
Iteration 670: energy = 3186.6643
Iteration 10: energy = 3661.0295
Iteration 20: energy = 3619.8330
Iteration 30: energy = 3565.1692
Iteration 40: energy = 3534.9468
Iteration 50: energy = 3517.1714
Iteration 60: energy = 3507.4614
Iteration 70: energy = 3502.6042
Iteration 80: energy = 3491.7241
Iteration 90: energy = 3487.1882
Iteration 100: energy = 3477.3674
Iteration 110: energy = 3475.3511
Iteration 120: energy = 3473.3813
Iteration 130: energy = 3473.0286
Iteration 140: energy = 3471.7935
Iteration 150: energy = 3469.6453
Iteration 160: energy = 3468.1663
Iteration 170: energy = 3467.6121
Iteration 180: energy = 3466.3975
Iteration 190: energy = 3465.6155
Iteration 200: energy = 3464.9697
Iteration 210: energy = 3464.1426
Iteration 220: energy = 3464.1399
Iteration 10: energy = 2222.7002
Iteration 20: energy = 2156.8184
Iteration 30: energy = 2045.2778
Iteration 40: energy = 1951.2057
Iteration 50: energy = 1929.5342
Iteration 60: energy = 1903.1447
Iteration 70: energy = 1886.5435
Iteration 80: energy = 1841.6637
Iteration 90: energy = 1815.7349
Iteration 100: energy = 1799.5442
Iteration 110: energy = 1778.2085
Iteration 120: energy = 1755.3514
Iteration 130: energy = 1740.0787
Iteration 140: energy = 1710.1942
Iteration 150: energy = 1676.0048
Iteration 160: energy = 1660.5876
Iteration 170: energy = 1628.7231
Iteration 180: energy = 1608.4500
Iteration 190: energy = 1601.6907
Iteration 200: energy = 1597.1677
Iteration 210: energy = 1591.9692
Iteration 220: energy = 1588.5837
Iteration 230: energy = 1584.2083
Iteration 240: energy = 1581.0298
Iteration 250: energy = 1575.0344
Iteration 260: energy = 1567.9039
Iteration 270: energy = 1565.5631
Iteration 280: energy = 1560.4973
Iteration 290: energy = 1558.8590
Iteration 300: energy = 1555.1987
Iteration 310: energy = 1548.9570
Iteration 320: energy = 1543.9349
Iteration 330: energy = 1542.9248
Iteration 340: energy = 1541.0833
Iteration 350: energy = 1539.9757
Iteration 360: energy = 1539.8652
Iteration 370: energy = 1539.6783
Iteration 380: energy = 1539.5870
Iteration 390: energy = 1539.4929
Iteration 400: energy = 1539.4215
Iteration 410: energy = 1539.3313
Iteration 420: energy = 1539.3038
Iteration 10: energy = 1696.3778
Iteration 20: energy = 1694.5350
Iteration 30: energy = 1692.9449
Iteration 40: energy = 1691.7053
Iteration 50: energy = 1690.5514
Iteration 60: energy = 1688.8431
Iteration 70: energy = 1686.1755
Iteration 80: energy = 1684.9989
Iteration 90: energy = 1683.3656
Iteration 100: energy = 1678.8760
Iteration 110: energy = 1677.5262
Iteration 120: energy = 1675.6660
Iteration 130: energy = 1675.6633
Iteration 140: energy = 1675.5247
Iteration 150: energy = 1675.3468
Iteration 160: energy = 1675.0214
Iteration 170: energy = 1674.9196
Iteration 180: energy = 1674.9182
Iteration 190: energy = 1674.7324
Iteration 200: energy = 1674.6304
Iteration 210: energy = 1674.6296
Iteration 220: energy = 1674.4557
Iteration 230: energy = 1674.3768
Iteration 240: energy = 1674.3204
Iteration 250: energy = 1674.2063
Iteration 260: energy = 1673.9401
Iteration 270: energy = 1673.8478
Iteration 280: energy = 1673.7091
Iteration 290: energy = 1673.6458
Iteration 300: energy = 1673.4098
Iteration 310: energy = 1673.2493
Iteration 320: energy = 1672.9791
Iteration 330: energy = 1672.8427
Iteration 340: energy = 1672.7339
Iteration 350: energy = 1672.4247
Iteration 360: energy = 1672.1647
Iteration 370: energy = 1671.6543
Iteration 380: energy = 1671.6520
Iteration 390: energy = 1671.2244
Iteration 400: energy = 1670.6797
Iteration 410: energy = 1670.5637
Iteration 420: energy = 1670.1141
Iteration 430: energy = 1669.7948
Iteration 440: energy = 1669.4679
Iteration 450: energy = 1669.4233
Iteration 460: energy = 1669.0439
Iteration 470: energy = 1668.9274
Iteration 480: energy = 1668.6809
Iteration 490: energy = 1668.5580
Iteration 500: energy = 1668.3696
Iteration 10: energy = 2107.4216
Iteration 20: energy = 2050.5671
Iteration 30: energy = 1997.8889
Iteration 40: energy = 1926.0322
Iteration 50: energy = 1865.7284
Iteration 60: energy = 1801.6174
Iteration 70: energy = 1774.5878
Iteration 80: energy = 1739.6085
Iteration 90: energy = 1730.3606
Iteration 100: energy = 1714.0269
Iteration 110: energy = 1704.2161
Iteration 120: energy = 1702.5272
Iteration 130: energy = 1699.8041
Iteration 140: energy = 1695.3013
Iteration 150: energy = 1690.7883
Iteration 160: energy = 1674.8167
Iteration 170: energy = 1667.2842
Iteration 180: energy = 1660.6129
Iteration 190: energy = 1657.5405
Iteration 200: energy = 1653.5807
Iteration 210: energy = 1652.1531
Iteration 220: energy = 1649.4913
Iteration 230: energy = 1648.2344
Iteration 240: energy = 1646.4668
Iteration 250: energy = 1642.8037
Iteration 260: energy = 1639.2399
Iteration 270: energy = 1636.8157
Iteration 280: energy = 1633.7955
Iteration 290: energy = 1631.7278
Iteration 300: energy = 1630.4115
Iteration 310: energy = 1628.0134
Iteration 320: energy = 1626.4062
Iteration 330: energy = 1625.3212
Iteration 340: energy = 1623.3348
Iteration 350: energy = 1622.0168
Iteration 360: energy = 1621.5800
Iteration 370: energy = 1620.8181
Iteration 380: energy = 1620.3302
Iteration 390: energy = 1619.6899
Iteration 400: energy = 1619.1385
Iteration 410: energy = 1618.9337
Iteration 420: energy = 1618.8177
Iteration 430: energy = 1618.7140
Iteration 440: energy = 1618.5310
Iteration 10: energy = 3275.8098
Iteration 20: energy = 3252.2046
Iteration 30: energy = 3218.8884
Iteration 40: energy = 3198.9001
Iteration 50: energy = 3185.7134
Iteration 60: energy = 3175.1792
Iteration 70: energy = 3166.5271
Iteration 80: energy = 3164.5176
Iteration 90: energy = 3162.3772
Iteration 100: energy = 3159.1689
Iteration 110: energy = 3157.2480
Iteration 120: energy = 3155.8467
Iteration 130: energy = 3154.6030
Iteration 140: energy = 3153.4480
Iteration 150: energy = 3151.9409
Iteration 160: energy = 3150.6108
Iteration 170: energy = 3149.4761
Iteration 180: energy = 3148.9690
Iteration 190: energy = 3148.3547
Iteration 200: energy = 3147.7493
Iteration 210: energy = 3147.4421
Iteration 220: energy = 3146.6746
Iteration 230: energy = 3145.5757
Iteration 240: energy = 3144.7476
Iteration 250: energy = 3143.7920
Iteration 260: energy = 3142.8123
Iteration 270: energy = 3141.4941
Iteration 280: energy = 3139.7717
Iteration 290: energy = 3137.3884
Iteration 300: energy = 3135.5220
Iteration 310: energy = 3134.5342
Iteration 320: energy = 3133.6482
Iteration 330: energy = 3132.9846
Iteration 10: energy = 3385.7239
Iteration 20: energy = 3301.5481
Iteration 30: energy = 3220.2485
Iteration 40: energy = 3137.5210
Iteration 50: energy = 3067.8054
Iteration 60: energy = 3034.2776
Iteration 70: energy = 3007.4590
Iteration 80: energy = 2989.6951
Iteration 90: energy = 2979.1943
Iteration 100: energy = 2973.9165
Iteration 110: energy = 2971.4429
Iteration 120: energy = 2966.2195
Iteration 130: energy = 2962.5701
Iteration 140: energy = 2960.5098
Iteration 150: energy = 2958.9902
Iteration 160: energy = 2957.5593
Iteration 170: energy = 2956.9204
Iteration 180: energy = 2956.2068
Iteration 190: energy = 2955.3472
Iteration 200: energy = 2954.7100
Iteration 210: energy = 2954.3777
Iteration 220: energy = 2954.1238
Iteration 230: energy = 2953.8030
Iteration 240: energy = 2953.6458
Iteration 250: energy = 2953.3757
Iteration 260: energy = 2953.0347
Iteration 270: energy = 2952.5144
Iteration 280: energy = 2952.3538
Iteration 290: energy = 2951.4590
Iteration 300: energy = 2950.9138
Iteration 310: energy = 2948.3740
Iteration 320: energy = 2944.5320
Iteration 330: energy = 2939.1851
Iteration 340: energy = 2931.9043
Iteration 350: energy = 2925.4651
Iteration 360: energy = 2920.6870
Iteration 370: energy = 2907.0142
Iteration 380: energy = 2890.5837
Iteration 390: energy = 2876.5950
Iteration 400: energy = 2863.1511
Iteration 410: energy = 2852.2515
Iteration 420: energy = 2841.1187
Iteration 430: energy = 2831.2942
Iteration 440: energy = 2828.2280
Iteration 450: energy = 2825.3552
Iteration 460: energy = 2824.3342
Iteration 470: energy = 2823.1975
Iteration 480: energy = 2822.6135
Iteration 490: energy = 2822.5906
Iteration 500: energy = 2821.8938
Iteration 510: energy = 2821.6338
Iteration 520: energy = 2821.2021
Iteration 530: energy = 2821.1196
Iteration 540: energy = 2820.6113
Iteration 550: energy = 2820.6052
Iteration 560: energy = 2820.1716
Iteration 570: energy = 2819.6926
Iteration 580: energy = 2819.5491
Iteration 590: energy = 2818.9397
Iteration 600: energy = 2818.2390
Iteration 610: energy = 2816.5378
Iteration 620: energy = 2816.1216
Iteration 630: energy = 2814.4902
Iteration 640: energy = 2813.7507
Iteration 650: energy = 2812.7068
Iteration 660: energy = 2812.2820
Iteration 670: energy = 2812.1440
Iteration 680: energy = 2811.6841
Iteration 690: energy = 2811.3267
Iteration 700: energy = 2811.1672
Iteration 710: energy = 2811.1633
Iteration 720: energy = 2810.7795
Iteration 730: energy = 2810.7783
Iteration 740: energy = 2810.7073
Iteration 750: energy = 2810.7048
Iteration 760: energy = 2810.6545
Iteration 770: energy = 2810.6362
Iteration 780: energy = 2810.4746
Iteration 790: energy = 2810.2717
Iteration 800: energy = 2810.2712
Iteration 810: energy = 2810.2710
Iteration 10: energy = 4572.8022
Iteration 20: energy = 4314.9673
Iteration 30: energy = 4179.0063
Iteration 40: energy = 4077.8870
Iteration 50: energy = 3951.4504
Iteration 60: energy = 3885.2607
Iteration 70: energy = 3708.4507
Iteration 80: energy = 3607.0088
Iteration 90: energy = 3519.1582
Iteration 100: energy = 3492.2717
Iteration 110: energy = 3423.6470
Iteration 120: energy = 3367.8020
Iteration 130: energy = 3313.4670
Iteration 140: energy = 3283.1260
Iteration 150: energy = 3265.3428
Iteration 160: energy = 3239.8057
Iteration 170: energy = 3224.9736
Iteration 180: energy = 3220.0120
Iteration 190: energy = 3210.6240
Iteration 200: energy = 3205.7983
Iteration 210: energy = 3199.7219
Iteration 220: energy = 3194.7454
Iteration 230: energy = 3191.8770
Iteration 240: energy = 3186.8779
Iteration 250: energy = 3183.7942
Iteration 260: energy = 3180.3201
Iteration 270: energy = 3175.8413
Iteration 280: energy = 3171.4255
Iteration 290: energy = 3166.3162
Iteration 300: energy = 3148.6165
Iteration 310: energy = 3128.8010
Iteration 320: energy = 3106.3083
Iteration 330: energy = 3067.7942
Iteration 340: energy = 3042.0994
Iteration 350: energy = 3021.0042
Iteration 360: energy = 3003.5461
Iteration 370: energy = 2990.1243
Iteration 380: energy = 2975.7212
Iteration 390: energy = 2964.4275
Iteration 400: energy = 2944.7522
Iteration 410: energy = 2938.9160
Iteration 420: energy = 2935.2917
Iteration 430: energy = 2933.1079
Iteration 440: energy = 2928.4551
Iteration 450: energy = 2924.1355
Iteration 460: energy = 2917.3296
Iteration 470: energy = 2908.6282
Iteration 480: energy = 2904.4578
Iteration 490: energy = 2901.6677
Iteration 500: energy = 2899.6082
Iteration 510: energy = 2898.8049
Iteration 520: energy = 2897.9653
Iteration 530: energy = 2897.4099
Iteration 540: energy = 2896.8799
Iteration 550: energy = 2896.6843
Iteration 560: energy = 2896.4082
Iteration 570: energy = 2896.1946
Iteration 580: energy = 2896.1682
Iteration 590: energy = 2895.8914
Iteration 600: energy = 2895.7542
Iteration 610: energy = 2895.7246
Iteration 10: energy = 3951.1211
Iteration 20: energy = 3893.7615
Iteration 30: energy = 3832.2686
Iteration 40: energy = 3787.5435
Iteration 50: energy = 3709.9285
Iteration 60: energy = 3665.5530
Iteration 70: energy = 3574.8440
Iteration 80: energy = 3549.1130
Iteration 90: energy = 3493.1763
Iteration 100: energy = 3484.1355
Iteration 110: energy = 3477.1946
Iteration 120: energy = 3468.9353
Iteration 130: energy = 3462.9773
Iteration 140: energy = 3458.0083
Iteration 150: energy = 3448.4844
Iteration 160: energy = 3445.4319
Iteration 170: energy = 3439.0925
Iteration 180: energy = 3433.8923
Iteration 190: energy = 3429.9275
Iteration 200: energy = 3426.7253
Iteration 210: energy = 3425.1348
Iteration 220: energy = 3424.5098
Iteration 230: energy = 3424.0154
Iteration 240: energy = 3423.5703
Iteration 250: energy = 3423.5671
Iteration 260: energy = 3423.1938
Iteration 270: energy = 3423.0339
Iteration 280: energy = 3422.6982
Iteration 290: energy = 3422.5137
Iteration 300: energy = 3422.4343
Iteration 310: energy = 3422.2961
Iteration 320: energy = 3421.9680
Iteration 330: energy = 3421.7097
Iteration 340: energy = 3421.3535
Iteration 350: energy = 3420.9011
Iteration 360: energy = 3420.7175
Iteration 370: energy = 3420.4778
Iteration 380: energy = 3420.0950
Iteration 390: energy = 3419.0151
Iteration 400: energy = 3418.2751
Iteration 10: energy = 4073.1221
Iteration 20: energy = 3996.4932
Iteration 30: energy = 3955.6064
Iteration 40: energy = 3819.4329
Iteration 50: energy = 3768.4387
Iteration 60: energy = 3671.6152
Iteration 70: energy = 3620.3118
Iteration 80: energy = 3541.4626
Iteration 90: energy = 3481.0566
Iteration 100: energy = 3436.5261
Iteration 110: energy = 3425.2263
Iteration 120: energy = 3404.9678
Iteration 130: energy = 3393.2109
Iteration 140: energy = 3377.8865
Iteration 150: energy = 3352.2065
Iteration 160: energy = 3312.5225
Iteration 170: energy = 3294.9714
Iteration 180: energy = 3255.0579
Iteration 190: energy = 3245.3804
Iteration 200: energy = 3221.7549
Iteration 210: energy = 3217.6033
Iteration 220: energy = 3210.1021
Iteration 230: energy = 3205.8804
Iteration 240: energy = 3200.8994
Iteration 250: energy = 3197.0520
Iteration 260: energy = 3191.5894
Iteration 270: energy = 3187.3242
Iteration 280: energy = 3185.6287
Iteration 290: energy = 3182.4514
Iteration 300: energy = 3180.4072
Iteration 310: energy = 3175.6038
Iteration 320: energy = 3173.9736
Iteration 330: energy = 3170.7034
Iteration 340: energy = 3168.0115
Iteration 350: energy = 3163.8428
Iteration 360: energy = 3161.9150
Iteration 370: energy = 3160.1204
Iteration 380: energy = 3158.8184
Iteration 390: energy = 3156.6074
Iteration 400: energy = 3155.7422
Iteration 410: energy = 3154.7461
Iteration 420: energy = 3153.9238
Iteration 430: energy = 3152.1506
Iteration 440: energy = 3150.0850
Iteration 450: energy = 3146.8738
Iteration 460: energy = 3145.7964
Iteration 470: energy = 3142.3765
Iteration 480: energy = 3139.0237
Iteration 490: energy = 3137.4106
Iteration 500: energy = 3134.5295
Iteration 510: energy = 3133.0210
Iteration 520: energy = 3132.2991
Iteration 530: energy = 3131.5618
Iteration 540: energy = 3130.5208
Iteration 550: energy = 3129.5474
Iteration 560: energy = 3129.1055
Iteration 570: energy = 3127.1619
Iteration 580: energy = 3125.7432
Iteration 590: energy = 3125.1350
Iteration 600: energy = 3124.1580
Iteration 610: energy = 3123.4143
Iteration 620: energy = 3123.3506
Iteration 630: energy = 3123.0525
Iteration 640: energy = 3123.0500
Iteration 650: energy = 3122.9785
Iteration 660: energy = 3122.7073
Iteration 670: energy = 3122.6968
Iteration 680: energy = 3122.5730
Iteration 690: energy = 3122.5684
Iteration 700: energy = 3122.3625
Iteration 10: energy = 3539.9700
Iteration 20: energy = 3467.7520
Iteration 30: energy = 3445.4805
Iteration 40: energy = 3401.0554
Iteration 50: energy = 3342.1252
Iteration 60: energy = 3252.0259
Iteration 70: energy = 3149.6680
Iteration 80: energy = 3128.0444
Iteration 90: energy = 3076.9719
Iteration 100: energy = 3025.2490
Iteration 110: energy = 2985.7278
Iteration 120: energy = 2962.1631
Iteration 130: energy = 2933.9604
Iteration 140: energy = 2917.4468
Iteration 150: energy = 2904.4968
Iteration 160: energy = 2887.0664
Iteration 170: energy = 2877.1155
Iteration 180: energy = 2866.0359
Iteration 190: energy = 2862.0361
Iteration 200: energy = 2859.8901
Iteration 210: energy = 2858.1660
Iteration 220: energy = 2857.8792
Iteration 230: energy = 2857.3364
Iteration 240: energy = 2856.6011
Iteration 10: energy = 909.4277
Iteration 20: energy = 714.5666
Iteration 30: energy = 698.4401
Iteration 40: energy = 694.6932
Iteration 50: energy = 688.4991
Iteration 60: energy = 686.8231
Iteration 70: energy = 685.2630
Iteration 80: energy = 684.7100
Iteration 90: energy = 684.4431
Iteration 100: energy = 684.1992
Iteration 110: energy = 684.1405
Iteration 120: energy = 684.1389
Iteration 130: energy = 683.9915
Iteration 140: energy = 683.8853
Iteration 150: energy = 683.8312
Iteration 160: energy = 683.7953
Iteration 170: energy = 683.6362
Iteration 180: energy = 683.6118
Iteration 190: energy = 683.5610
Iteration 200: energy = 683.5571
Iteration 210: energy = 683.4659
Iteration 220: energy = 683.4127
Iteration 230: energy = 683.4122
Iteration 240: energy = 683.3980
Iteration 250: energy = 683.3399
Iteration 10: energy = 2278.4473
Iteration 20: energy = 2258.0320
Iteration 30: energy = 2227.8606
Iteration 40: energy = 2223.2717
Iteration 50: energy = 2211.5581
Iteration 60: energy = 2195.7021
Iteration 70: energy = 2178.0806
Iteration 80: energy = 2171.7549
Iteration 90: energy = 2165.9260
Iteration 100: energy = 2153.6033
Iteration 110: energy = 2150.4956
Iteration 120: energy = 2145.6899
Iteration 130: energy = 2139.9006
Iteration 140: energy = 2135.7998
Iteration 150: energy = 2129.0842
Iteration 160: energy = 2124.9961
Iteration 170: energy = 2120.5325
Iteration 180: energy = 2118.2273
Iteration 190: energy = 2113.6716
Iteration 200: energy = 2106.0610
Iteration 210: energy = 2096.3713
Iteration 220: energy = 2084.6904
Iteration 230: energy = 2078.4460
Iteration 240: energy = 2070.0063
Iteration 250: energy = 2064.2495
Iteration 260: energy = 2055.7500
Iteration 270: energy = 2048.8157
Iteration 280: energy = 2041.8138
Iteration 290: energy = 2037.8368
Iteration 300: energy = 2031.7037
Iteration 310: energy = 2028.4640
Iteration 320: energy = 2021.2863
Iteration 330: energy = 2016.1381
Iteration 340: energy = 2014.3246
Iteration 350: energy = 2012.9072
Iteration 360: energy = 2011.7704
Iteration 370: energy = 2011.1000
Iteration 380: energy = 2010.9744
Iteration 390: energy = 2010.7144
Initial geodesic lengths: [tensor(43.3818, device='cuda:0'), tensor(34.3076, device='cuda:0'), tensor(55.6873, device='cuda:0'), tensor(59.7682, device='cuda:0'), tensor(59.7384, device='cuda:0'), tensor(35.4176, device='cuda:0'), tensor(61.1377, device='cuda:0'), tensor(57.9094, device='cuda:0'), tensor(58.8424, device='cuda:0'), tensor(25.5802, device='cuda:0'), tensor(26.9282, device='cuda:0'), tensor(32.9833, device='cuda:0'), tensor(59.1457, device='cuda:0'), tensor(57.1880, device='cuda:0'), tensor(43.8424, device='cuda:0'), tensor(35.8434, device='cuda:0'), tensor(42.3561, device='cuda:0'), tensor(53.4959, device='cuda:0'), tensor(54.6625, device='cuda:0'), tensor(62.3022, device='cuda:0'), tensor(58.6536, device='cuda:0'), tensor(59.5097, device='cuda:0'), tensor(53.5695, device='cuda:0'), tensor(26.1239, device='cuda:0'), tensor(41.8661, device='cuda:0')]
Optimized geodesic lengths: [tensor(35.8990, device='cuda:0'), tensor(34.1944, device='cuda:0'), tensor(49.2526, device='cuda:0'), tensor(44.9162, device='cuda:0'), tensor(54.1639, device='cuda:0'), tensor(35.0778, device='cuda:0'), tensor(58.7516, device='cuda:0'), tensor(49.4484, device='cuda:0'), tensor(55.9410, device='cuda:0'), tensor(23.4822, device='cuda:0'), tensor(26.7516, device='cuda:0'), tensor(32.3382, device='cuda:0'), tensor(51.8571, device='cuda:0'), tensor(54.5822, device='cuda:0'), tensor(33.3681, device='cuda:0'), tensor(35.5009, device='cuda:0'), tensor(34.4053, device='cuda:0'), tensor(52.0503, device='cuda:0'), tensor(49.9296, device='cuda:0'), tensor(42.0417, device='cuda:0'), tensor(53.7995, device='cuda:0'), tensor(51.7003, device='cuda:0'), tensor(46.0583, device='cuda:0'), tensor(22.2199, device='cuda:0'), tensor(38.9641, device='cuda:0')]

------------------------------------------------------------
Sender: LSF System <lsfadmin@hpc.dtu.dk>
Subject: Job 24555396: <ensemble_3_v2> in cluster <dcc> Done

Job <ensemble_3_v2> was submitted from host <n-62-12-19> by user <s185927> in cluster <dcc> at Tue Apr  1 21:49:54 2025
Job was executed on host(s) <4*n-62-20-3>, in queue <gpuv100>, as user <s185927> in cluster <dcc> at Tue Apr  1 21:49:56 2025
</zhome/e3/3/139772> was used as the home directory.
</zhome/e3/3/139772/Desktop/AML/AML/github-project-2/AML-Project-2/src> was used as the working directory.
Started at Tue Apr  1 21:49:56 2025
Terminated at Tue Apr  1 22:21:39 2025
Results reported at Tue Apr  1 22:21:39 2025

Your job looked like:

------------------------------------------------------------
# LSBATCH: User input
#!/bin/bash
#BSUB -J ensemble_3_v2
#BSUB -q gpuv100
#BSUB -n 4
#BSUB -gpu "num=1:mode=exclusive_process"
#BSUB -W 5:00
#BSUB -R "rusage[mem=5GB]"
#BSUB -u lassesofus@gmail.com
#BSUB -o %J.out
#BSUB -e %J.err

module load cuda/11.8

source /zhome/e3/3/139772/Desktop/AML/aml_new/bin/activate

#python ensemble_vae.py --mode train --device cuda --experiment-folder ../experiment/ensemble_3_v6 --num-decoders 3 --num-t 50 --num-curves 25
python ensemble_vae.py --mode geodesics --device cuda --experiment-folder ../experiment/ensemble_3_v2 --num-decoders 3 --num-t 50 --num-curves 25
------------------------------------------------------------

Successfully completed.

Resource usage summary:

    CPU time :                                   1901.23 sec.
    Max Memory :                                 606 MB
    Average Memory :                             605.29 MB
    Total Requested Memory :                     20480.00 MB
    Delta Memory :                               19874.00 MB
    Max Swap :                                   -
    Max Processes :                              4
    Max Threads :                                9
    Run time :                                   1975 sec.
    Turnaround time :                            1905 sec.

The output (if any) is above this job summary.



PS:

Read file <24555396.err> for stderr output of this job.

